[0.157s] DEBUG:colcon:Command line arguments: ['/usr/bin/colcon', 'build']
[0.157s] DEBUG:colcon:Parsed command line arguments: Namespace(log_base=None, log_level=None, verb_name='build', build_base='build', install_base='install', merge_install=False, symlink_install=False, test_result_base=None, continue_on_error=False, executor='parallel', parallel_workers=16, event_handlers=None, ignore_user_meta=False, metas=['./colcon.meta'], base_paths=['.'], packages_ignore=None, packages_ignore_regex=None, paths=None, packages_up_to=None, packages_up_to_regex=None, packages_above=None, packages_above_and_dependencies=None, packages_above_depth=None, packages_select_by_dep=None, packages_skip_by_dep=None, packages_skip_up_to=None, packages_select_build_failed=False, packages_skip_build_finished=False, packages_select_test_failures=False, packages_skip_test_passed=False, packages_select=None, packages_skip=None, packages_select_regex=None, packages_skip_regex=None, packages_start=None, packages_end=None, allow_overriding=[], cmake_args=None, cmake_target=None, cmake_target_skip_unavailable=False, cmake_clean_cache=False, cmake_clean_first=False, cmake_force_configure=False, ament_cmake_args=None, catkin_cmake_args=None, catkin_skip_building_tests=False, mixin_files=None, mixin=None, verb_parser=<colcon_mixin.mixin.mixin_argument.MixinArgumentDecorator object at 0x7dc76731b280>, verb_extension=<colcon_core.verb.build.BuildVerb object at 0x7dc7674c0c40>, main=<bound method BuildVerb.main of <colcon_core.verb.build.BuildVerb object at 0x7dc7674c0c40>>, mixin_verb=('build',))
[0.439s] Level 1:colcon.colcon_core.package_discovery:discover_packages(colcon_meta) check parameters
[0.439s] Level 1:colcon.colcon_core.package_discovery:discover_packages(recursive) check parameters
[0.439s] Level 1:colcon.colcon_core.package_discovery:discover_packages(ignore) check parameters
[0.439s] Level 1:colcon.colcon_core.package_discovery:discover_packages(path) check parameters
[0.439s] Level 1:colcon.colcon_core.package_discovery:discover_packages(colcon_meta) discover
[0.439s] Level 1:colcon.colcon_core.package_discovery:discover_packages(recursive) discover
[0.439s] INFO:colcon.colcon_core.package_discovery:Crawling recursively for packages in '/home/rajpurkar/Rahul/ur5_simulation'
[0.439s] Level 1:colcon.colcon_core.package_identification:_identify(.) by extensions ['ignore', 'ignore_ament_install']
[0.440s] Level 1:colcon.colcon_core.package_identification:_identify(.) by extension 'ignore'
[0.440s] Level 1:colcon.colcon_core.package_identification:_identify(.) by extension 'ignore_ament_install'
[0.440s] Level 1:colcon.colcon_core.package_identification:_identify(.) by extensions ['colcon_pkg']
[0.440s] Level 1:colcon.colcon_core.package_identification:_identify(.) by extension 'colcon_pkg'
[0.440s] Level 1:colcon.colcon_core.package_identification:_identify(.) by extensions ['colcon_meta']
[0.440s] Level 1:colcon.colcon_core.package_identification:_identify(.) by extension 'colcon_meta'
[0.440s] Level 1:colcon.colcon_core.package_identification:_identify(.) by extensions ['ros']
[0.440s] Level 1:colcon.colcon_core.package_identification:_identify(.) by extension 'ros'
[0.455s] Level 1:colcon.colcon_core.package_identification:_identify(.) by extensions ['cmake', 'python']
[0.456s] Level 1:colcon.colcon_core.package_identification:_identify(.) by extension 'cmake'
[0.456s] Level 1:colcon.colcon_core.package_identification:_identify(.) by extension 'python'
[0.456s] Level 1:colcon.colcon_core.package_identification:_identify(.) by extensions ['python_setup_py']
[0.456s] Level 1:colcon.colcon_core.package_identification:_identify(.) by extension 'python_setup_py'
[0.456s] Level 1:colcon.colcon_core.package_identification:_identify(build) by extensions ['ignore', 'ignore_ament_install']
[0.456s] Level 1:colcon.colcon_core.package_identification:_identify(build) by extension 'ignore'
[0.456s] Level 1:colcon.colcon_core.package_identification:_identify(build) ignored
[0.456s] Level 1:colcon.colcon_core.package_identification:_identify(configuration) by extensions ['ignore', 'ignore_ament_install']
[0.456s] Level 1:colcon.colcon_core.package_identification:_identify(configuration) by extension 'ignore'
[0.456s] Level 1:colcon.colcon_core.package_identification:_identify(configuration) by extension 'ignore_ament_install'
[0.456s] Level 1:colcon.colcon_core.package_identification:_identify(configuration) by extensions ['colcon_pkg']
[0.456s] Level 1:colcon.colcon_core.package_identification:_identify(configuration) by extension 'colcon_pkg'
[0.456s] Level 1:colcon.colcon_core.package_identification:_identify(configuration) by extensions ['colcon_meta']
[0.457s] Level 1:colcon.colcon_core.package_identification:_identify(configuration) by extension 'colcon_meta'
[0.457s] Level 1:colcon.colcon_core.package_identification:_identify(configuration) by extensions ['ros']
[0.457s] Level 1:colcon.colcon_core.package_identification:_identify(configuration) by extension 'ros'
[0.457s] Level 1:colcon.colcon_core.package_identification:_identify(configuration) by extensions ['cmake', 'python']
[0.457s] Level 1:colcon.colcon_core.package_identification:_identify(configuration) by extension 'cmake'
[0.457s] Level 1:colcon.colcon_core.package_identification:_identify(configuration) by extension 'python'
[0.457s] Level 1:colcon.colcon_core.package_identification:_identify(configuration) by extensions ['python_setup_py']
[0.457s] Level 1:colcon.colcon_core.package_identification:_identify(configuration) by extension 'python_setup_py'
[0.457s] Level 1:colcon.colcon_core.package_identification:_identify(images) by extensions ['ignore', 'ignore_ament_install']
[0.457s] Level 1:colcon.colcon_core.package_identification:_identify(images) by extension 'ignore'
[0.457s] Level 1:colcon.colcon_core.package_identification:_identify(images) by extension 'ignore_ament_install'
[0.457s] Level 1:colcon.colcon_core.package_identification:_identify(images) by extensions ['colcon_pkg']
[0.457s] Level 1:colcon.colcon_core.package_identification:_identify(images) by extension 'colcon_pkg'
[0.457s] Level 1:colcon.colcon_core.package_identification:_identify(images) by extensions ['colcon_meta']
[0.457s] Level 1:colcon.colcon_core.package_identification:_identify(images) by extension 'colcon_meta'
[0.457s] Level 1:colcon.colcon_core.package_identification:_identify(images) by extensions ['ros']
[0.458s] Level 1:colcon.colcon_core.package_identification:_identify(images) by extension 'ros'
[0.458s] Level 1:colcon.colcon_core.package_identification:_identify(images) by extensions ['cmake', 'python']
[0.458s] Level 1:colcon.colcon_core.package_identification:_identify(images) by extension 'cmake'
[0.458s] Level 1:colcon.colcon_core.package_identification:_identify(images) by extension 'python'
[0.458s] Level 1:colcon.colcon_core.package_identification:_identify(images) by extensions ['python_setup_py']
[0.458s] Level 1:colcon.colcon_core.package_identification:_identify(images) by extension 'python_setup_py'
[0.458s] Level 1:colcon.colcon_core.package_identification:_identify(install) by extensions ['ignore', 'ignore_ament_install']
[0.458s] Level 1:colcon.colcon_core.package_identification:_identify(install) by extension 'ignore'
[0.458s] Level 1:colcon.colcon_core.package_identification:_identify(install) ignored
[0.458s] Level 1:colcon.colcon_core.package_identification:_identify(lerobot_related) by extensions ['ignore', 'ignore_ament_install']
[0.458s] Level 1:colcon.colcon_core.package_identification:_identify(lerobot_related) by extension 'ignore'
[0.458s] Level 1:colcon.colcon_core.package_identification:_identify(lerobot_related) by extension 'ignore_ament_install'
[0.458s] Level 1:colcon.colcon_core.package_identification:_identify(lerobot_related) by extensions ['colcon_pkg']
[0.458s] Level 1:colcon.colcon_core.package_identification:_identify(lerobot_related) by extension 'colcon_pkg'
[0.458s] Level 1:colcon.colcon_core.package_identification:_identify(lerobot_related) by extensions ['colcon_meta']
[0.459s] Level 1:colcon.colcon_core.package_identification:_identify(lerobot_related) by extension 'colcon_meta'
[0.459s] Level 1:colcon.colcon_core.package_identification:_identify(lerobot_related) by extensions ['ros']
[0.459s] Level 1:colcon.colcon_core.package_identification:_identify(lerobot_related) by extension 'ros'
[0.459s] Level 1:colcon.colcon_core.package_identification:_identify(lerobot_related) by extensions ['cmake', 'python']
[0.459s] Level 1:colcon.colcon_core.package_identification:_identify(lerobot_related) by extension 'cmake'
[0.459s] Level 1:colcon.colcon_core.package_identification:_identify(lerobot_related) by extension 'python'
[0.459s] Level 1:colcon.colcon_core.package_identification:_identify(lerobot_related) by extensions ['python_setup_py']
[0.459s] Level 1:colcon.colcon_core.package_identification:_identify(lerobot_related) by extension 'python_setup_py'
[0.459s] Level 1:colcon.colcon_core.package_identification:_identify(log) by extensions ['ignore', 'ignore_ament_install']
[0.459s] Level 1:colcon.colcon_core.package_identification:_identify(log) by extension 'ignore'
[0.459s] Level 1:colcon.colcon_core.package_identification:_identify(log) ignored
[0.459s] Level 1:colcon.colcon_core.package_identification:_identify(simple_table) by extensions ['ignore', 'ignore_ament_install']
[0.459s] Level 1:colcon.colcon_core.package_identification:_identify(simple_table) by extension 'ignore'
[0.459s] Level 1:colcon.colcon_core.package_identification:_identify(simple_table) by extension 'ignore_ament_install'
[0.460s] Level 1:colcon.colcon_core.package_identification:_identify(simple_table) by extensions ['colcon_pkg']
[0.460s] Level 1:colcon.colcon_core.package_identification:_identify(simple_table) by extension 'colcon_pkg'
[0.460s] Level 1:colcon.colcon_core.package_identification:_identify(simple_table) by extensions ['colcon_meta']
[0.460s] Level 1:colcon.colcon_core.package_identification:_identify(simple_table) by extension 'colcon_meta'
[0.460s] Level 1:colcon.colcon_core.package_identification:_identify(simple_table) by extensions ['ros']
[0.460s] Level 1:colcon.colcon_core.package_identification:_identify(simple_table) by extension 'ros'
[0.460s] Level 1:colcon.colcon_core.package_identification:_identify(simple_table) by extensions ['cmake', 'python']
[0.460s] Level 1:colcon.colcon_core.package_identification:_identify(simple_table) by extension 'cmake'
[0.460s] Level 1:colcon.colcon_core.package_identification:_identify(simple_table) by extension 'python'
[0.460s] Level 1:colcon.colcon_core.package_identification:_identify(simple_table) by extensions ['python_setup_py']
[0.460s] Level 1:colcon.colcon_core.package_identification:_identify(simple_table) by extension 'python_setup_py'
[0.460s] Level 1:colcon.colcon_core.package_identification:_identify(simple_table/simple_table) by extensions ['ignore', 'ignore_ament_install']
[0.460s] Level 1:colcon.colcon_core.package_identification:_identify(simple_table/simple_table) by extension 'ignore'
[0.460s] Level 1:colcon.colcon_core.package_identification:_identify(simple_table/simple_table) by extension 'ignore_ament_install'
[0.460s] Level 1:colcon.colcon_core.package_identification:_identify(simple_table/simple_table) by extensions ['colcon_pkg']
[0.460s] Level 1:colcon.colcon_core.package_identification:_identify(simple_table/simple_table) by extension 'colcon_pkg'
[0.461s] Level 1:colcon.colcon_core.package_identification:_identify(simple_table/simple_table) by extensions ['colcon_meta']
[0.461s] Level 1:colcon.colcon_core.package_identification:_identify(simple_table/simple_table) by extension 'colcon_meta'
[0.461s] Level 1:colcon.colcon_core.package_identification:_identify(simple_table/simple_table) by extensions ['ros']
[0.461s] Level 1:colcon.colcon_core.package_identification:_identify(simple_table/simple_table) by extension 'ros'
[0.461s] Level 1:colcon.colcon_core.package_identification:_identify(simple_table/simple_table) by extensions ['cmake', 'python']
[0.461s] Level 1:colcon.colcon_core.package_identification:_identify(simple_table/simple_table) by extension 'cmake'
[0.461s] Level 1:colcon.colcon_core.package_identification:_identify(simple_table/simple_table) by extension 'python'
[0.461s] Level 1:colcon.colcon_core.package_identification:_identify(simple_table/simple_table) by extensions ['python_setup_py']
[0.461s] Level 1:colcon.colcon_core.package_identification:_identify(simple_table/simple_table) by extension 'python_setup_py'
[0.461s] Level 1:colcon.colcon_core.package_identification:_identify(simple_table/simple_table/configuration) by extensions ['ignore', 'ignore_ament_install']
[0.461s] Level 1:colcon.colcon_core.package_identification:_identify(simple_table/simple_table/configuration) by extension 'ignore'
[0.461s] Level 1:colcon.colcon_core.package_identification:_identify(simple_table/simple_table/configuration) by extension 'ignore_ament_install'
[0.461s] Level 1:colcon.colcon_core.package_identification:_identify(simple_table/simple_table/configuration) by extensions ['colcon_pkg']
[0.461s] Level 1:colcon.colcon_core.package_identification:_identify(simple_table/simple_table/configuration) by extension 'colcon_pkg'
[0.461s] Level 1:colcon.colcon_core.package_identification:_identify(simple_table/simple_table/configuration) by extensions ['colcon_meta']
[0.461s] Level 1:colcon.colcon_core.package_identification:_identify(simple_table/simple_table/configuration) by extension 'colcon_meta'
[0.462s] Level 1:colcon.colcon_core.package_identification:_identify(simple_table/simple_table/configuration) by extensions ['ros']
[0.462s] Level 1:colcon.colcon_core.package_identification:_identify(simple_table/simple_table/configuration) by extension 'ros'
[0.462s] Level 1:colcon.colcon_core.package_identification:_identify(simple_table/simple_table/configuration) by extensions ['cmake', 'python']
[0.462s] Level 1:colcon.colcon_core.package_identification:_identify(simple_table/simple_table/configuration) by extension 'cmake'
[0.462s] Level 1:colcon.colcon_core.package_identification:_identify(simple_table/simple_table/configuration) by extension 'python'
[0.462s] Level 1:colcon.colcon_core.package_identification:_identify(simple_table/simple_table/configuration) by extensions ['python_setup_py']
[0.462s] Level 1:colcon.colcon_core.package_identification:_identify(simple_table/simple_table/configuration) by extension 'python_setup_py'
[0.462s] Level 1:colcon.colcon_core.package_identification:_identify(simple_table/simple_table/configuration/materials) by extensions ['ignore', 'ignore_ament_install']
[0.462s] Level 1:colcon.colcon_core.package_identification:_identify(simple_table/simple_table/configuration/materials) by extension 'ignore'
[0.462s] Level 1:colcon.colcon_core.package_identification:_identify(simple_table/simple_table/configuration/materials) by extension 'ignore_ament_install'
[0.462s] Level 1:colcon.colcon_core.package_identification:_identify(simple_table/simple_table/configuration/materials) by extensions ['colcon_pkg']
[0.462s] Level 1:colcon.colcon_core.package_identification:_identify(simple_table/simple_table/configuration/materials) by extension 'colcon_pkg'
[0.462s] Level 1:colcon.colcon_core.package_identification:_identify(simple_table/simple_table/configuration/materials) by extensions ['colcon_meta']
[0.462s] Level 1:colcon.colcon_core.package_identification:_identify(simple_table/simple_table/configuration/materials) by extension 'colcon_meta'
[0.462s] Level 1:colcon.colcon_core.package_identification:_identify(simple_table/simple_table/configuration/materials) by extensions ['ros']
[0.463s] Level 1:colcon.colcon_core.package_identification:_identify(simple_table/simple_table/configuration/materials) by extension 'ros'
[0.463s] Level 1:colcon.colcon_core.package_identification:_identify(simple_table/simple_table/configuration/materials) by extensions ['cmake', 'python']
[0.463s] Level 1:colcon.colcon_core.package_identification:_identify(simple_table/simple_table/configuration/materials) by extension 'cmake'
[0.463s] Level 1:colcon.colcon_core.package_identification:_identify(simple_table/simple_table/configuration/materials) by extension 'python'
[0.463s] Level 1:colcon.colcon_core.package_identification:_identify(simple_table/simple_table/configuration/materials) by extensions ['python_setup_py']
[0.463s] Level 1:colcon.colcon_core.package_identification:_identify(simple_table/simple_table/configuration/materials) by extension 'python_setup_py'
[0.463s] Level 1:colcon.colcon_core.package_identification:_identify(simple_table/simple_table/configuration/materials/textures) by extensions ['ignore', 'ignore_ament_install']
[0.463s] Level 1:colcon.colcon_core.package_identification:_identify(simple_table/simple_table/configuration/materials/textures) by extension 'ignore'
[0.463s] Level 1:colcon.colcon_core.package_identification:_identify(simple_table/simple_table/configuration/materials/textures) by extension 'ignore_ament_install'
[0.463s] Level 1:colcon.colcon_core.package_identification:_identify(simple_table/simple_table/configuration/materials/textures) by extensions ['colcon_pkg']
[0.463s] Level 1:colcon.colcon_core.package_identification:_identify(simple_table/simple_table/configuration/materials/textures) by extension 'colcon_pkg'
[0.463s] Level 1:colcon.colcon_core.package_identification:_identify(simple_table/simple_table/configuration/materials/textures) by extensions ['colcon_meta']
[0.463s] Level 1:colcon.colcon_core.package_identification:_identify(simple_table/simple_table/configuration/materials/textures) by extension 'colcon_meta'
[0.463s] Level 1:colcon.colcon_core.package_identification:_identify(simple_table/simple_table/configuration/materials/textures) by extensions ['ros']
[0.463s] Level 1:colcon.colcon_core.package_identification:_identify(simple_table/simple_table/configuration/materials/textures) by extension 'ros'
[0.464s] Level 1:colcon.colcon_core.package_identification:_identify(simple_table/simple_table/configuration/materials/textures) by extensions ['cmake', 'python']
[0.464s] Level 1:colcon.colcon_core.package_identification:_identify(simple_table/simple_table/configuration/materials/textures) by extension 'cmake'
[0.464s] Level 1:colcon.colcon_core.package_identification:_identify(simple_table/simple_table/configuration/materials/textures) by extension 'python'
[0.464s] Level 1:colcon.colcon_core.package_identification:_identify(simple_table/simple_table/configuration/materials/textures) by extensions ['python_setup_py']
[0.464s] Level 1:colcon.colcon_core.package_identification:_identify(simple_table/simple_table/configuration/materials/textures) by extension 'python_setup_py'
[0.464s] Level 1:colcon.colcon_core.package_identification:_identify(src) by extensions ['ignore', 'ignore_ament_install']
[0.464s] Level 1:colcon.colcon_core.package_identification:_identify(src) by extension 'ignore'
[0.464s] Level 1:colcon.colcon_core.package_identification:_identify(src) by extension 'ignore_ament_install'
[0.464s] Level 1:colcon.colcon_core.package_identification:_identify(src) by extensions ['colcon_pkg']
[0.464s] Level 1:colcon.colcon_core.package_identification:_identify(src) by extension 'colcon_pkg'
[0.464s] Level 1:colcon.colcon_core.package_identification:_identify(src) by extensions ['colcon_meta']
[0.464s] Level 1:colcon.colcon_core.package_identification:_identify(src) by extension 'colcon_meta'
[0.465s] Level 1:colcon.colcon_core.package_identification:_identify(src) by extensions ['ros']
[0.465s] Level 1:colcon.colcon_core.package_identification:_identify(src) by extension 'ros'
[0.465s] Level 1:colcon.colcon_core.package_identification:_identify(src) by extensions ['cmake', 'python']
[0.465s] Level 1:colcon.colcon_core.package_identification:_identify(src) by extension 'cmake'
[0.465s] Level 1:colcon.colcon_core.package_identification:_identify(src) by extension 'python'
[0.465s] Level 1:colcon.colcon_core.package_identification:_identify(src) by extensions ['python_setup_py']
[0.465s] Level 1:colcon.colcon_core.package_identification:_identify(src) by extension 'python_setup_py'
[0.465s] Level 1:colcon.colcon_core.package_identification:_identify(src/data_collection) by extensions ['ignore', 'ignore_ament_install']
[0.465s] Level 1:colcon.colcon_core.package_identification:_identify(src/data_collection) by extension 'ignore'
[0.465s] Level 1:colcon.colcon_core.package_identification:_identify(src/data_collection) by extension 'ignore_ament_install'
[0.466s] Level 1:colcon.colcon_core.package_identification:_identify(src/data_collection) by extensions ['colcon_pkg']
[0.466s] Level 1:colcon.colcon_core.package_identification:_identify(src/data_collection) by extension 'colcon_pkg'
[0.466s] Level 1:colcon.colcon_core.package_identification:_identify(src/data_collection) by extensions ['colcon_meta']
[0.466s] Level 1:colcon.colcon_core.package_identification:_identify(src/data_collection) by extension 'colcon_meta'
[0.466s] Level 1:colcon.colcon_core.package_identification:_identify(src/data_collection) by extensions ['ros']
[0.466s] Level 1:colcon.colcon_core.package_identification:_identify(src/data_collection) by extension 'ros'
[0.480s] DEBUG:colcon.colcon_core.package_identification:Package 'src/data_collection' with type 'ros.ament_cmake' and name 'data_collection'
[0.481s] Level 1:colcon.colcon_core.package_identification:_identify(src/moveit_servo) by extensions ['ignore', 'ignore_ament_install']
[0.481s] Level 1:colcon.colcon_core.package_identification:_identify(src/moveit_servo) by extension 'ignore'
[0.481s] Level 1:colcon.colcon_core.package_identification:_identify(src/moveit_servo) by extension 'ignore_ament_install'
[0.481s] Level 1:colcon.colcon_core.package_identification:_identify(src/moveit_servo) by extensions ['colcon_pkg']
[0.481s] Level 1:colcon.colcon_core.package_identification:_identify(src/moveit_servo) by extension 'colcon_pkg'
[0.481s] Level 1:colcon.colcon_core.package_identification:_identify(src/moveit_servo) by extensions ['colcon_meta']
[0.481s] Level 1:colcon.colcon_core.package_identification:_identify(src/moveit_servo) by extension 'colcon_meta'
[0.481s] Level 1:colcon.colcon_core.package_identification:_identify(src/moveit_servo) by extensions ['ros']
[0.481s] Level 1:colcon.colcon_core.package_identification:_identify(src/moveit_servo) by extension 'ros'
[0.485s] DEBUG:colcon.colcon_core.package_identification:Package 'src/moveit_servo' with type 'ros.ament_cmake' and name 'moveit_servo'
[0.486s] Level 1:colcon.colcon_core.package_identification:_identify(src/ur5_description) by extensions ['ignore', 'ignore_ament_install']
[0.486s] Level 1:colcon.colcon_core.package_identification:_identify(src/ur5_description) by extension 'ignore'
[0.486s] Level 1:colcon.colcon_core.package_identification:_identify(src/ur5_description) by extension 'ignore_ament_install'
[0.486s] Level 1:colcon.colcon_core.package_identification:_identify(src/ur5_description) by extensions ['colcon_pkg']
[0.487s] Level 1:colcon.colcon_core.package_identification:_identify(src/ur5_description) by extension 'colcon_pkg'
[0.487s] Level 1:colcon.colcon_core.package_identification:_identify(src/ur5_description) by extensions ['colcon_meta']
[0.487s] Level 1:colcon.colcon_core.package_identification:_identify(src/ur5_description) by extension 'colcon_meta'
[0.487s] Level 1:colcon.colcon_core.package_identification:_identify(src/ur5_description) by extensions ['ros']
[0.488s] Level 1:colcon.colcon_core.package_identification:_identify(src/ur5_description) by extension 'ros'
[0.488s] DEBUG:colcon.colcon_core.package_identification:Package 'src/ur5_description' with type 'ros.ament_cmake' and name 'ur5_description'
[0.489s] Level 1:colcon.colcon_core.package_identification:_identify(src/ur5_moveit_config) by extensions ['ignore', 'ignore_ament_install']
[0.489s] Level 1:colcon.colcon_core.package_identification:_identify(src/ur5_moveit_config) by extension 'ignore'
[0.489s] Level 1:colcon.colcon_core.package_identification:_identify(src/ur5_moveit_config) by extension 'ignore_ament_install'
[0.489s] Level 1:colcon.colcon_core.package_identification:_identify(src/ur5_moveit_config) by extensions ['colcon_pkg']
[0.489s] Level 1:colcon.colcon_core.package_identification:_identify(src/ur5_moveit_config) by extension 'colcon_pkg'
[0.489s] Level 1:colcon.colcon_core.package_identification:_identify(src/ur5_moveit_config) by extensions ['colcon_meta']
[0.489s] Level 1:colcon.colcon_core.package_identification:_identify(src/ur5_moveit_config) by extension 'colcon_meta'
[0.489s] Level 1:colcon.colcon_core.package_identification:_identify(src/ur5_moveit_config) by extensions ['ros']
[0.489s] Level 1:colcon.colcon_core.package_identification:_identify(src/ur5_moveit_config) by extension 'ros'
[0.491s] DEBUG:colcon.colcon_core.package_identification:Package 'src/ur5_moveit_config' with type 'ros.ament_cmake' and name 'ur5_moveit_config'
[0.491s] Level 1:colcon.colcon_core.package_identification:_identify(tbar) by extensions ['ignore', 'ignore_ament_install']
[0.492s] Level 1:colcon.colcon_core.package_identification:_identify(tbar) by extension 'ignore'
[0.492s] Level 1:colcon.colcon_core.package_identification:_identify(tbar) by extension 'ignore_ament_install'
[0.492s] Level 1:colcon.colcon_core.package_identification:_identify(tbar) by extensions ['colcon_pkg']
[0.492s] Level 1:colcon.colcon_core.package_identification:_identify(tbar) by extension 'colcon_pkg'
[0.492s] Level 1:colcon.colcon_core.package_identification:_identify(tbar) by extensions ['colcon_meta']
[0.492s] Level 1:colcon.colcon_core.package_identification:_identify(tbar) by extension 'colcon_meta'
[0.492s] Level 1:colcon.colcon_core.package_identification:_identify(tbar) by extensions ['ros']
[0.492s] Level 1:colcon.colcon_core.package_identification:_identify(tbar) by extension 'ros'
[0.492s] Level 1:colcon.colcon_core.package_identification:_identify(tbar) by extensions ['cmake', 'python']
[0.492s] Level 1:colcon.colcon_core.package_identification:_identify(tbar) by extension 'cmake'
[0.492s] Level 1:colcon.colcon_core.package_identification:_identify(tbar) by extension 'python'
[0.492s] Level 1:colcon.colcon_core.package_identification:_identify(tbar) by extensions ['python_setup_py']
[0.493s] Level 1:colcon.colcon_core.package_identification:_identify(tbar) by extension 'python_setup_py'
[0.493s] Level 1:colcon.colcon_core.package_identification:_identify(tbar/tbar) by extensions ['ignore', 'ignore_ament_install']
[0.493s] Level 1:colcon.colcon_core.package_identification:_identify(tbar/tbar) by extension 'ignore'
[0.493s] Level 1:colcon.colcon_core.package_identification:_identify(tbar/tbar) by extension 'ignore_ament_install'
[0.493s] Level 1:colcon.colcon_core.package_identification:_identify(tbar/tbar) by extensions ['colcon_pkg']
[0.493s] Level 1:colcon.colcon_core.package_identification:_identify(tbar/tbar) by extension 'colcon_pkg'
[0.493s] Level 1:colcon.colcon_core.package_identification:_identify(tbar/tbar) by extensions ['colcon_meta']
[0.493s] Level 1:colcon.colcon_core.package_identification:_identify(tbar/tbar) by extension 'colcon_meta'
[0.493s] Level 1:colcon.colcon_core.package_identification:_identify(tbar/tbar) by extensions ['ros']
[0.493s] Level 1:colcon.colcon_core.package_identification:_identify(tbar/tbar) by extension 'ros'
[0.494s] Level 1:colcon.colcon_core.package_identification:_identify(tbar/tbar) by extensions ['cmake', 'python']
[0.494s] Level 1:colcon.colcon_core.package_identification:_identify(tbar/tbar) by extension 'cmake'
[0.494s] Level 1:colcon.colcon_core.package_identification:_identify(tbar/tbar) by extension 'python'
[0.494s] Level 1:colcon.colcon_core.package_identification:_identify(tbar/tbar) by extensions ['python_setup_py']
[0.494s] Level 1:colcon.colcon_core.package_identification:_identify(tbar/tbar) by extension 'python_setup_py'
[0.494s] Level 1:colcon.colcon_core.package_identification:_identify(tbar/tbar/configuration) by extensions ['ignore', 'ignore_ament_install']
[0.494s] Level 1:colcon.colcon_core.package_identification:_identify(tbar/tbar/configuration) by extension 'ignore'
[0.494s] Level 1:colcon.colcon_core.package_identification:_identify(tbar/tbar/configuration) by extension 'ignore_ament_install'
[0.494s] Level 1:colcon.colcon_core.package_identification:_identify(tbar/tbar/configuration) by extensions ['colcon_pkg']
[0.495s] Level 1:colcon.colcon_core.package_identification:_identify(tbar/tbar/configuration) by extension 'colcon_pkg'
[0.495s] Level 1:colcon.colcon_core.package_identification:_identify(tbar/tbar/configuration) by extensions ['colcon_meta']
[0.495s] Level 1:colcon.colcon_core.package_identification:_identify(tbar/tbar/configuration) by extension 'colcon_meta'
[0.495s] Level 1:colcon.colcon_core.package_identification:_identify(tbar/tbar/configuration) by extensions ['ros']
[0.495s] Level 1:colcon.colcon_core.package_identification:_identify(tbar/tbar/configuration) by extension 'ros'
[0.495s] Level 1:colcon.colcon_core.package_identification:_identify(tbar/tbar/configuration) by extensions ['cmake', 'python']
[0.496s] Level 1:colcon.colcon_core.package_identification:_identify(tbar/tbar/configuration) by extension 'cmake'
[0.496s] Level 1:colcon.colcon_core.package_identification:_identify(tbar/tbar/configuration) by extension 'python'
[0.496s] Level 1:colcon.colcon_core.package_identification:_identify(tbar/tbar/configuration) by extensions ['python_setup_py']
[0.496s] Level 1:colcon.colcon_core.package_identification:_identify(tbar/tbar/configuration) by extension 'python_setup_py'
[0.497s] Level 1:colcon.colcon_core.package_identification:_identify(training_data) by extensions ['ignore', 'ignore_ament_install']
[0.497s] Level 1:colcon.colcon_core.package_identification:_identify(training_data) by extension 'ignore'
[0.497s] Level 1:colcon.colcon_core.package_identification:_identify(training_data) by extension 'ignore_ament_install'
[0.497s] Level 1:colcon.colcon_core.package_identification:_identify(training_data) by extensions ['colcon_pkg']
[0.498s] Level 1:colcon.colcon_core.package_identification:_identify(training_data) by extension 'colcon_pkg'
[0.498s] Level 1:colcon.colcon_core.package_identification:_identify(training_data) by extensions ['colcon_meta']
[0.498s] Level 1:colcon.colcon_core.package_identification:_identify(training_data) by extension 'colcon_meta'
[0.498s] Level 1:colcon.colcon_core.package_identification:_identify(training_data) by extensions ['ros']
[0.498s] Level 1:colcon.colcon_core.package_identification:_identify(training_data) by extension 'ros'
[0.498s] Level 1:colcon.colcon_core.package_identification:_identify(training_data) by extensions ['cmake', 'python']
[0.498s] Level 1:colcon.colcon_core.package_identification:_identify(training_data) by extension 'cmake'
[0.498s] Level 1:colcon.colcon_core.package_identification:_identify(training_data) by extension 'python'
[0.498s] Level 1:colcon.colcon_core.package_identification:_identify(training_data) by extensions ['python_setup_py']
[0.498s] Level 1:colcon.colcon_core.package_identification:_identify(training_data) by extension 'python_setup_py'
[0.499s] Level 1:colcon.colcon_core.package_identification:_identify(training_data/lerobot) by extensions ['ignore', 'ignore_ament_install']
[0.499s] Level 1:colcon.colcon_core.package_identification:_identify(training_data/lerobot) by extension 'ignore'
[0.499s] Level 1:colcon.colcon_core.package_identification:_identify(training_data/lerobot) by extension 'ignore_ament_install'
[0.499s] Level 1:colcon.colcon_core.package_identification:_identify(training_data/lerobot) by extensions ['colcon_pkg']
[0.499s] Level 1:colcon.colcon_core.package_identification:_identify(training_data/lerobot) by extension 'colcon_pkg'
[0.499s] Level 1:colcon.colcon_core.package_identification:_identify(training_data/lerobot) by extensions ['colcon_meta']
[0.499s] Level 1:colcon.colcon_core.package_identification:_identify(training_data/lerobot) by extension 'colcon_meta'
[0.499s] Level 1:colcon.colcon_core.package_identification:_identify(training_data/lerobot) by extensions ['ros']
[0.499s] Level 1:colcon.colcon_core.package_identification:_identify(training_data/lerobot) by extension 'ros'
[0.499s] Level 1:colcon.colcon_core.package_identification:_identify(training_data/lerobot) by extensions ['cmake', 'python']
[0.499s] Level 1:colcon.colcon_core.package_identification:_identify(training_data/lerobot) by extension 'cmake'
[0.500s] Level 1:colcon.colcon_core.package_identification:_identify(training_data/lerobot) by extension 'python'
[0.500s] Level 1:colcon.colcon_core.package_identification:_identify(training_data/lerobot) by extensions ['python_setup_py']
[0.500s] Level 1:colcon.colcon_core.package_identification:_identify(training_data/lerobot) by extension 'python_setup_py'
[0.500s] Level 1:colcon.colcon_core.package_identification:_identify(training_data/lerobot/my_pusht) by extensions ['ignore', 'ignore_ament_install']
[0.500s] Level 1:colcon.colcon_core.package_identification:_identify(training_data/lerobot/my_pusht) by extension 'ignore'
[0.501s] Level 1:colcon.colcon_core.package_identification:_identify(training_data/lerobot/my_pusht) by extension 'ignore_ament_install'
[0.501s] Level 1:colcon.colcon_core.package_identification:_identify(training_data/lerobot/my_pusht) by extensions ['colcon_pkg']
[0.501s] Level 1:colcon.colcon_core.package_identification:_identify(training_data/lerobot/my_pusht) by extension 'colcon_pkg'
[0.501s] Level 1:colcon.colcon_core.package_identification:_identify(training_data/lerobot/my_pusht) by extensions ['colcon_meta']
[0.501s] Level 1:colcon.colcon_core.package_identification:_identify(training_data/lerobot/my_pusht) by extension 'colcon_meta'
[0.502s] Level 1:colcon.colcon_core.package_identification:_identify(training_data/lerobot/my_pusht) by extensions ['ros']
[0.502s] Level 1:colcon.colcon_core.package_identification:_identify(training_data/lerobot/my_pusht) by extension 'ros'
[0.502s] Level 1:colcon.colcon_core.package_identification:_identify(training_data/lerobot/my_pusht) by extensions ['cmake', 'python']
[0.502s] Level 1:colcon.colcon_core.package_identification:_identify(training_data/lerobot/my_pusht) by extension 'cmake'
[0.503s] Level 1:colcon.colcon_core.package_identification:_identify(training_data/lerobot/my_pusht) by extension 'python'
[0.503s] Level 1:colcon.colcon_core.package_identification:_identify(training_data/lerobot/my_pusht) by extensions ['python_setup_py']
[0.503s] Level 1:colcon.colcon_core.package_identification:_identify(training_data/lerobot/my_pusht) by extension 'python_setup_py'
[0.503s] Level 1:colcon.colcon_core.package_identification:_identify(training_data/lerobot/my_pusht/data) by extensions ['ignore', 'ignore_ament_install']
[0.504s] Level 1:colcon.colcon_core.package_identification:_identify(training_data/lerobot/my_pusht/data) by extension 'ignore'
[0.504s] Level 1:colcon.colcon_core.package_identification:_identify(training_data/lerobot/my_pusht/data) by extension 'ignore_ament_install'
[0.504s] Level 1:colcon.colcon_core.package_identification:_identify(training_data/lerobot/my_pusht/data) by extensions ['colcon_pkg']
[0.504s] Level 1:colcon.colcon_core.package_identification:_identify(training_data/lerobot/my_pusht/data) by extension 'colcon_pkg'
[0.504s] Level 1:colcon.colcon_core.package_identification:_identify(training_data/lerobot/my_pusht/data) by extensions ['colcon_meta']
[0.504s] Level 1:colcon.colcon_core.package_identification:_identify(training_data/lerobot/my_pusht/data) by extension 'colcon_meta'
[0.504s] Level 1:colcon.colcon_core.package_identification:_identify(training_data/lerobot/my_pusht/data) by extensions ['ros']
[0.504s] Level 1:colcon.colcon_core.package_identification:_identify(training_data/lerobot/my_pusht/data) by extension 'ros'
[0.505s] Level 1:colcon.colcon_core.package_identification:_identify(training_data/lerobot/my_pusht/data) by extensions ['cmake', 'python']
[0.505s] Level 1:colcon.colcon_core.package_identification:_identify(training_data/lerobot/my_pusht/data) by extension 'cmake'
[0.505s] Level 1:colcon.colcon_core.package_identification:_identify(training_data/lerobot/my_pusht/data) by extension 'python'
[0.505s] Level 1:colcon.colcon_core.package_identification:_identify(training_data/lerobot/my_pusht/data) by extensions ['python_setup_py']
[0.505s] Level 1:colcon.colcon_core.package_identification:_identify(training_data/lerobot/my_pusht/data) by extension 'python_setup_py'
[0.505s] Level 1:colcon.colcon_core.package_identification:_identify(training_data/lerobot/my_pusht/data/chunk-000) by extensions ['ignore', 'ignore_ament_install']
[0.505s] Level 1:colcon.colcon_core.package_identification:_identify(training_data/lerobot/my_pusht/data/chunk-000) by extension 'ignore'
[0.505s] Level 1:colcon.colcon_core.package_identification:_identify(training_data/lerobot/my_pusht/data/chunk-000) by extension 'ignore_ament_install'
[0.505s] Level 1:colcon.colcon_core.package_identification:_identify(training_data/lerobot/my_pusht/data/chunk-000) by extensions ['colcon_pkg']
[0.506s] Level 1:colcon.colcon_core.package_identification:_identify(training_data/lerobot/my_pusht/data/chunk-000) by extension 'colcon_pkg'
[0.506s] Level 1:colcon.colcon_core.package_identification:_identify(training_data/lerobot/my_pusht/data/chunk-000) by extensions ['colcon_meta']
[0.506s] Level 1:colcon.colcon_core.package_identification:_identify(training_data/lerobot/my_pusht/data/chunk-000) by extension 'colcon_meta'
[0.506s] Level 1:colcon.colcon_core.package_identification:_identify(training_data/lerobot/my_pusht/data/chunk-000) by extensions ['ros']
[0.506s] Level 1:colcon.colcon_core.package_identification:_identify(training_data/lerobot/my_pusht/data/chunk-000) by extension 'ros'
[0.506s] Level 1:colcon.colcon_core.package_identification:_identify(training_data/lerobot/my_pusht/data/chunk-000) by extensions ['cmake', 'python']
[0.506s] Level 1:colcon.colcon_core.package_identification:_identify(training_data/lerobot/my_pusht/data/chunk-000) by extension 'cmake'
[0.506s] Level 1:colcon.colcon_core.package_identification:_identify(training_data/lerobot/my_pusht/data/chunk-000) by extension 'python'
[0.506s] Level 1:colcon.colcon_core.package_identification:_identify(training_data/lerobot/my_pusht/data/chunk-000) by extensions ['python_setup_py']
[0.506s] Level 1:colcon.colcon_core.package_identification:_identify(training_data/lerobot/my_pusht/data/chunk-000) by extension 'python_setup_py'
[0.506s] Level 1:colcon.colcon_core.package_identification:_identify(training_data/lerobot/my_pusht/meta) by extensions ['ignore', 'ignore_ament_install']
[0.507s] Level 1:colcon.colcon_core.package_identification:_identify(training_data/lerobot/my_pusht/meta) by extension 'ignore'
[0.507s] Level 1:colcon.colcon_core.package_identification:_identify(training_data/lerobot/my_pusht/meta) by extension 'ignore_ament_install'
[0.507s] Level 1:colcon.colcon_core.package_identification:_identify(training_data/lerobot/my_pusht/meta) by extensions ['colcon_pkg']
[0.507s] Level 1:colcon.colcon_core.package_identification:_identify(training_data/lerobot/my_pusht/meta) by extension 'colcon_pkg'
[0.507s] Level 1:colcon.colcon_core.package_identification:_identify(training_data/lerobot/my_pusht/meta) by extensions ['colcon_meta']
[0.507s] Level 1:colcon.colcon_core.package_identification:_identify(training_data/lerobot/my_pusht/meta) by extension 'colcon_meta'
[0.507s] Level 1:colcon.colcon_core.package_identification:_identify(training_data/lerobot/my_pusht/meta) by extensions ['ros']
[0.507s] Level 1:colcon.colcon_core.package_identification:_identify(training_data/lerobot/my_pusht/meta) by extension 'ros'
[0.507s] Level 1:colcon.colcon_core.package_identification:_identify(training_data/lerobot/my_pusht/meta) by extensions ['cmake', 'python']
[0.507s] Level 1:colcon.colcon_core.package_identification:_identify(training_data/lerobot/my_pusht/meta) by extension 'cmake'
[0.507s] Level 1:colcon.colcon_core.package_identification:_identify(training_data/lerobot/my_pusht/meta) by extension 'python'
[0.508s] Level 1:colcon.colcon_core.package_identification:_identify(training_data/lerobot/my_pusht/meta) by extensions ['python_setup_py']
[0.508s] Level 1:colcon.colcon_core.package_identification:_identify(training_data/lerobot/my_pusht/meta) by extension 'python_setup_py'
[0.508s] Level 1:colcon.colcon_core.package_identification:_identify(training_data/lerobot/my_pusht/videos) by extensions ['ignore', 'ignore_ament_install']
[0.508s] Level 1:colcon.colcon_core.package_identification:_identify(training_data/lerobot/my_pusht/videos) by extension 'ignore'
[0.508s] Level 1:colcon.colcon_core.package_identification:_identify(training_data/lerobot/my_pusht/videos) by extension 'ignore_ament_install'
[0.508s] Level 1:colcon.colcon_core.package_identification:_identify(training_data/lerobot/my_pusht/videos) by extensions ['colcon_pkg']
[0.508s] Level 1:colcon.colcon_core.package_identification:_identify(training_data/lerobot/my_pusht/videos) by extension 'colcon_pkg'
[0.508s] Level 1:colcon.colcon_core.package_identification:_identify(training_data/lerobot/my_pusht/videos) by extensions ['colcon_meta']
[0.508s] Level 1:colcon.colcon_core.package_identification:_identify(training_data/lerobot/my_pusht/videos) by extension 'colcon_meta'
[0.508s] Level 1:colcon.colcon_core.package_identification:_identify(training_data/lerobot/my_pusht/videos) by extensions ['ros']
[0.508s] Level 1:colcon.colcon_core.package_identification:_identify(training_data/lerobot/my_pusht/videos) by extension 'ros'
[0.509s] Level 1:colcon.colcon_core.package_identification:_identify(training_data/lerobot/my_pusht/videos) by extensions ['cmake', 'python']
[0.509s] Level 1:colcon.colcon_core.package_identification:_identify(training_data/lerobot/my_pusht/videos) by extension 'cmake'
[0.509s] Level 1:colcon.colcon_core.package_identification:_identify(training_data/lerobot/my_pusht/videos) by extension 'python'
[0.509s] Level 1:colcon.colcon_core.package_identification:_identify(training_data/lerobot/my_pusht/videos) by extensions ['python_setup_py']
[0.509s] Level 1:colcon.colcon_core.package_identification:_identify(training_data/lerobot/my_pusht/videos) by extension 'python_setup_py'
[0.509s] Level 1:colcon.colcon_core.package_identification:_identify(training_data/lerobot/my_pusht/videos/chunk-000) by extensions ['ignore', 'ignore_ament_install']
[0.509s] Level 1:colcon.colcon_core.package_identification:_identify(training_data/lerobot/my_pusht/videos/chunk-000) by extension 'ignore'
[0.509s] Level 1:colcon.colcon_core.package_identification:_identify(training_data/lerobot/my_pusht/videos/chunk-000) by extension 'ignore_ament_install'
[0.509s] Level 1:colcon.colcon_core.package_identification:_identify(training_data/lerobot/my_pusht/videos/chunk-000) by extensions ['colcon_pkg']
[0.509s] Level 1:colcon.colcon_core.package_identification:_identify(training_data/lerobot/my_pusht/videos/chunk-000) by extension 'colcon_pkg'
[0.509s] Level 1:colcon.colcon_core.package_identification:_identify(training_data/lerobot/my_pusht/videos/chunk-000) by extensions ['colcon_meta']
[0.510s] Level 1:colcon.colcon_core.package_identification:_identify(training_data/lerobot/my_pusht/videos/chunk-000) by extension 'colcon_meta'
[0.510s] Level 1:colcon.colcon_core.package_identification:_identify(training_data/lerobot/my_pusht/videos/chunk-000) by extensions ['ros']
[0.510s] Level 1:colcon.colcon_core.package_identification:_identify(training_data/lerobot/my_pusht/videos/chunk-000) by extension 'ros'
[0.510s] Level 1:colcon.colcon_core.package_identification:_identify(training_data/lerobot/my_pusht/videos/chunk-000) by extensions ['cmake', 'python']
[0.510s] Level 1:colcon.colcon_core.package_identification:_identify(training_data/lerobot/my_pusht/videos/chunk-000) by extension 'cmake'
[0.510s] Level 1:colcon.colcon_core.package_identification:_identify(training_data/lerobot/my_pusht/videos/chunk-000) by extension 'python'
[0.510s] Level 1:colcon.colcon_core.package_identification:_identify(training_data/lerobot/my_pusht/videos/chunk-000) by extensions ['python_setup_py']
[0.510s] Level 1:colcon.colcon_core.package_identification:_identify(training_data/lerobot/my_pusht/videos/chunk-000) by extension 'python_setup_py'
[0.510s] Level 1:colcon.colcon_core.package_identification:_identify(training_data/lerobot/my_pusht/videos/chunk-000/observation.image) by extensions ['ignore', 'ignore_ament_install']
[0.511s] Level 1:colcon.colcon_core.package_identification:_identify(training_data/lerobot/my_pusht/videos/chunk-000/observation.image) by extension 'ignore'
[0.511s] Level 1:colcon.colcon_core.package_identification:_identify(training_data/lerobot/my_pusht/videos/chunk-000/observation.image) by extension 'ignore_ament_install'
[0.511s] Level 1:colcon.colcon_core.package_identification:_identify(training_data/lerobot/my_pusht/videos/chunk-000/observation.image) by extensions ['colcon_pkg']
[0.511s] Level 1:colcon.colcon_core.package_identification:_identify(training_data/lerobot/my_pusht/videos/chunk-000/observation.image) by extension 'colcon_pkg'
[0.511s] Level 1:colcon.colcon_core.package_identification:_identify(training_data/lerobot/my_pusht/videos/chunk-000/observation.image) by extensions ['colcon_meta']
[0.511s] Level 1:colcon.colcon_core.package_identification:_identify(training_data/lerobot/my_pusht/videos/chunk-000/observation.image) by extension 'colcon_meta'
[0.511s] Level 1:colcon.colcon_core.package_identification:_identify(training_data/lerobot/my_pusht/videos/chunk-000/observation.image) by extensions ['ros']
[0.511s] Level 1:colcon.colcon_core.package_identification:_identify(training_data/lerobot/my_pusht/videos/chunk-000/observation.image) by extension 'ros'
[0.511s] Level 1:colcon.colcon_core.package_identification:_identify(training_data/lerobot/my_pusht/videos/chunk-000/observation.image) by extensions ['cmake', 'python']
[0.511s] Level 1:colcon.colcon_core.package_identification:_identify(training_data/lerobot/my_pusht/videos/chunk-000/observation.image) by extension 'cmake'
[0.511s] Level 1:colcon.colcon_core.package_identification:_identify(training_data/lerobot/my_pusht/videos/chunk-000/observation.image) by extension 'python'
[0.512s] Level 1:colcon.colcon_core.package_identification:_identify(training_data/lerobot/my_pusht/videos/chunk-000/observation.image) by extensions ['python_setup_py']
[0.512s] Level 1:colcon.colcon_core.package_identification:_identify(training_data/lerobot/my_pusht/videos/chunk-000/observation.image) by extension 'python_setup_py'
[0.512s] Level 1:colcon.colcon_core.package_discovery:discover_packages(recursive) using defaults
[0.512s] Level 1:colcon.colcon_core.package_discovery:discover_packages(ignore) discover
[0.512s] Level 1:colcon.colcon_core.package_discovery:discover_packages(ignore) using defaults
[0.512s] Level 1:colcon.colcon_core.package_discovery:discover_packages(path) discover
[0.512s] Level 1:colcon.colcon_core.package_discovery:discover_packages(path) using defaults
[0.539s] Level 1:colcon.colcon_core.package_discovery:discover_packages(prefix_path) check parameters
[0.539s] Level 1:colcon.colcon_core.package_discovery:discover_packages(prefix_path) discover
[0.541s] DEBUG:colcon.colcon_installed_package_information.package_discovery:Found 4 installed packages in /home/rajpurkar/Rahul/ur5_simulation/install
[0.544s] DEBUG:colcon.colcon_installed_package_information.package_discovery:Found 468 installed packages in /opt/ros/humble
[0.548s] Level 1:colcon.colcon_core.package_discovery:discover_packages(prefix_path) using defaults
[0.631s] Level 5:colcon.colcon_core.verb:set package 'data_collection' build argument 'cmake_args' from command line to 'None'
[0.631s] Level 5:colcon.colcon_core.verb:set package 'data_collection' build argument 'cmake_target' from command line to 'None'
[0.631s] Level 5:colcon.colcon_core.verb:set package 'data_collection' build argument 'cmake_target_skip_unavailable' from command line to 'False'
[0.631s] Level 5:colcon.colcon_core.verb:set package 'data_collection' build argument 'cmake_clean_cache' from command line to 'False'
[0.631s] Level 5:colcon.colcon_core.verb:set package 'data_collection' build argument 'cmake_clean_first' from command line to 'False'
[0.632s] Level 5:colcon.colcon_core.verb:set package 'data_collection' build argument 'cmake_force_configure' from command line to 'False'
[0.632s] Level 5:colcon.colcon_core.verb:set package 'data_collection' build argument 'ament_cmake_args' from command line to 'None'
[0.632s] Level 5:colcon.colcon_core.verb:set package 'data_collection' build argument 'catkin_cmake_args' from command line to 'None'
[0.632s] Level 5:colcon.colcon_core.verb:set package 'data_collection' build argument 'catkin_skip_building_tests' from command line to 'False'
[0.632s] DEBUG:colcon.colcon_core.verb:Building package 'data_collection' with the following arguments: {'ament_cmake_args': None, 'build_base': '/home/rajpurkar/Rahul/ur5_simulation/build/data_collection', 'catkin_cmake_args': None, 'catkin_skip_building_tests': False, 'cmake_args': None, 'cmake_clean_cache': False, 'cmake_clean_first': False, 'cmake_force_configure': False, 'cmake_target': None, 'cmake_target_skip_unavailable': False, 'install_base': '/home/rajpurkar/Rahul/ur5_simulation/install/data_collection', 'merge_install': False, 'path': '/home/rajpurkar/Rahul/ur5_simulation/src/data_collection', 'symlink_install': False, 'test_result_base': None}
[0.633s] Level 5:colcon.colcon_core.verb:set package 'moveit_servo' build argument 'cmake_args' from command line to 'None'
[0.633s] Level 5:colcon.colcon_core.verb:set package 'moveit_servo' build argument 'cmake_target' from command line to 'None'
[0.633s] Level 5:colcon.colcon_core.verb:set package 'moveit_servo' build argument 'cmake_target_skip_unavailable' from command line to 'False'
[0.633s] Level 5:colcon.colcon_core.verb:set package 'moveit_servo' build argument 'cmake_clean_cache' from command line to 'False'
[0.633s] Level 5:colcon.colcon_core.verb:set package 'moveit_servo' build argument 'cmake_clean_first' from command line to 'False'
[0.633s] Level 5:colcon.colcon_core.verb:set package 'moveit_servo' build argument 'cmake_force_configure' from command line to 'False'
[0.633s] Level 5:colcon.colcon_core.verb:set package 'moveit_servo' build argument 'ament_cmake_args' from command line to 'None'
[0.633s] Level 5:colcon.colcon_core.verb:set package 'moveit_servo' build argument 'catkin_cmake_args' from command line to 'None'
[0.633s] Level 5:colcon.colcon_core.verb:set package 'moveit_servo' build argument 'catkin_skip_building_tests' from command line to 'False'
[0.633s] DEBUG:colcon.colcon_core.verb:Building package 'moveit_servo' with the following arguments: {'ament_cmake_args': None, 'build_base': '/home/rajpurkar/Rahul/ur5_simulation/build/moveit_servo', 'catkin_cmake_args': None, 'catkin_skip_building_tests': False, 'cmake_args': None, 'cmake_clean_cache': False, 'cmake_clean_first': False, 'cmake_force_configure': False, 'cmake_target': None, 'cmake_target_skip_unavailable': False, 'install_base': '/home/rajpurkar/Rahul/ur5_simulation/install/moveit_servo', 'merge_install': False, 'path': '/home/rajpurkar/Rahul/ur5_simulation/src/moveit_servo', 'symlink_install': False, 'test_result_base': None}
[0.634s] Level 5:colcon.colcon_core.verb:set package 'ur5_description' build argument 'cmake_args' from command line to 'None'
[0.634s] Level 5:colcon.colcon_core.verb:set package 'ur5_description' build argument 'cmake_target' from command line to 'None'
[0.634s] Level 5:colcon.colcon_core.verb:set package 'ur5_description' build argument 'cmake_target_skip_unavailable' from command line to 'False'
[0.634s] Level 5:colcon.colcon_core.verb:set package 'ur5_description' build argument 'cmake_clean_cache' from command line to 'False'
[0.634s] Level 5:colcon.colcon_core.verb:set package 'ur5_description' build argument 'cmake_clean_first' from command line to 'False'
[0.634s] Level 5:colcon.colcon_core.verb:set package 'ur5_description' build argument 'cmake_force_configure' from command line to 'False'
[0.634s] Level 5:colcon.colcon_core.verb:set package 'ur5_description' build argument 'ament_cmake_args' from command line to 'None'
[0.634s] Level 5:colcon.colcon_core.verb:set package 'ur5_description' build argument 'catkin_cmake_args' from command line to 'None'
[0.634s] Level 5:colcon.colcon_core.verb:set package 'ur5_description' build argument 'catkin_skip_building_tests' from command line to 'False'
[0.634s] DEBUG:colcon.colcon_core.verb:Building package 'ur5_description' with the following arguments: {'ament_cmake_args': None, 'build_base': '/home/rajpurkar/Rahul/ur5_simulation/build/ur5_description', 'catkin_cmake_args': None, 'catkin_skip_building_tests': False, 'cmake_args': None, 'cmake_clean_cache': False, 'cmake_clean_first': False, 'cmake_force_configure': False, 'cmake_target': None, 'cmake_target_skip_unavailable': False, 'install_base': '/home/rajpurkar/Rahul/ur5_simulation/install/ur5_description', 'merge_install': False, 'path': '/home/rajpurkar/Rahul/ur5_simulation/src/ur5_description', 'symlink_install': False, 'test_result_base': None}
[0.635s] Level 5:colcon.colcon_core.verb:set package 'ur5_moveit_config' build argument 'cmake_args' from command line to 'None'
[0.635s] Level 5:colcon.colcon_core.verb:set package 'ur5_moveit_config' build argument 'cmake_target' from command line to 'None'
[0.635s] Level 5:colcon.colcon_core.verb:set package 'ur5_moveit_config' build argument 'cmake_target_skip_unavailable' from command line to 'False'
[0.635s] Level 5:colcon.colcon_core.verb:set package 'ur5_moveit_config' build argument 'cmake_clean_cache' from command line to 'False'
[0.635s] Level 5:colcon.colcon_core.verb:set package 'ur5_moveit_config' build argument 'cmake_clean_first' from command line to 'False'
[0.635s] Level 5:colcon.colcon_core.verb:set package 'ur5_moveit_config' build argument 'cmake_force_configure' from command line to 'False'
[0.635s] Level 5:colcon.colcon_core.verb:set package 'ur5_moveit_config' build argument 'ament_cmake_args' from command line to 'None'
[0.635s] Level 5:colcon.colcon_core.verb:set package 'ur5_moveit_config' build argument 'catkin_cmake_args' from command line to 'None'
[0.635s] Level 5:colcon.colcon_core.verb:set package 'ur5_moveit_config' build argument 'catkin_skip_building_tests' from command line to 'False'
[0.635s] DEBUG:colcon.colcon_core.verb:Building package 'ur5_moveit_config' with the following arguments: {'ament_cmake_args': None, 'build_base': '/home/rajpurkar/Rahul/ur5_simulation/build/ur5_moveit_config', 'catkin_cmake_args': None, 'catkin_skip_building_tests': False, 'cmake_args': None, 'cmake_clean_cache': False, 'cmake_clean_first': False, 'cmake_force_configure': False, 'cmake_target': None, 'cmake_target_skip_unavailable': False, 'install_base': '/home/rajpurkar/Rahul/ur5_simulation/install/ur5_moveit_config', 'merge_install': False, 'path': '/home/rajpurkar/Rahul/ur5_simulation/src/ur5_moveit_config', 'symlink_install': False, 'test_result_base': None}
[0.635s] INFO:colcon.colcon_core.executor:Executing jobs using 'parallel' executor
[0.637s] DEBUG:colcon.colcon_parallel_executor.executor.parallel:run_until_complete
[0.637s] INFO:colcon.colcon_ros.task.ament_cmake.build:Building ROS package in '/home/rajpurkar/Rahul/ur5_simulation/src/ur5_description' with build type 'ament_cmake'
[0.637s] INFO:colcon.colcon_cmake.task.cmake.build:Building CMake package in '/home/rajpurkar/Rahul/ur5_simulation/src/ur5_description'
[0.639s] INFO:colcon.colcon_core.plugin_system:Skipping extension 'colcon_core.shell.bat': Not used on non-Windows systems
[0.640s] INFO:colcon.colcon_core.shell:Skip shell extension 'powershell' for command environment: Not usable outside of PowerShell
[0.640s] DEBUG:colcon.colcon_core.shell:Skip shell extension 'dsv' for command environment
[0.644s] INFO:colcon.colcon_ros.task.ament_cmake.build:Building ROS package in '/home/rajpurkar/Rahul/ur5_simulation/src/data_collection' with build type 'ament_cmake'
[0.645s] INFO:colcon.colcon_cmake.task.cmake.build:Building CMake package in '/home/rajpurkar/Rahul/ur5_simulation/src/data_collection'
[0.645s] INFO:colcon.colcon_core.shell:Skip shell extension 'powershell' for command environment: Not usable outside of PowerShell
[0.645s] DEBUG:colcon.colcon_core.shell:Skip shell extension 'dsv' for command environment
[0.652s] INFO:colcon.colcon_ros.task.ament_cmake.build:Building ROS package in '/home/rajpurkar/Rahul/ur5_simulation/src/moveit_servo' with build type 'ament_cmake'
[0.652s] INFO:colcon.colcon_cmake.task.cmake.build:Building CMake package in '/home/rajpurkar/Rahul/ur5_simulation/src/moveit_servo'
[0.652s] INFO:colcon.colcon_core.shell:Skip shell extension 'powershell' for command environment: Not usable outside of PowerShell
[0.652s] DEBUG:colcon.colcon_core.shell:Skip shell extension 'dsv' for command environment
[0.663s] DEBUG:colcon.colcon_core.event_handler.log_command:Invoking command in '/home/rajpurkar/Rahul/ur5_simulation/build/ur5_description': CMAKE_PREFIX_PATH=${CMAKE_PREFIX_PATH}:/opt/ros/humble /usr/bin/cmake --build /home/rajpurkar/Rahul/ur5_simulation/build/ur5_description -- -j16 -l16
[0.666s] DEBUG:colcon.colcon_core.event_handler.log_command:Invoking command in '/home/rajpurkar/Rahul/ur5_simulation/build/data_collection': CMAKE_PREFIX_PATH=${CMAKE_PREFIX_PATH}:/opt/ros/humble /usr/bin/cmake --build /home/rajpurkar/Rahul/ur5_simulation/build/data_collection -- -j16 -l16
[0.682s] DEBUG:colcon.colcon_core.event_handler.log_command:Invoking command in '/home/rajpurkar/Rahul/ur5_simulation/build/moveit_servo': CMAKE_PREFIX_PATH=${CMAKE_PREFIX_PATH}:/opt/ros/humble /usr/bin/cmake --build /home/rajpurkar/Rahul/ur5_simulation/build/moveit_servo -- -j16 -l16
[0.720s] DEBUG:colcon.colcon_core.event_handler.log_command:Invoked command in '/home/rajpurkar/Rahul/ur5_simulation/build/ur5_description' returned '0': CMAKE_PREFIX_PATH=${CMAKE_PREFIX_PATH}:/opt/ros/humble /usr/bin/cmake --build /home/rajpurkar/Rahul/ur5_simulation/build/ur5_description -- -j16 -l16
[0.734s] DEBUG:colcon.colcon_core.event_handler.log_command:Invoking command in '/home/rajpurkar/Rahul/ur5_simulation/build/ur5_description': CMAKE_PREFIX_PATH=${CMAKE_PREFIX_PATH}:/opt/ros/humble /usr/bin/cmake --install /home/rajpurkar/Rahul/ur5_simulation/build/ur5_description
[0.741s] DEBUG:colcon.colcon_core.event_handler.log_command:Invoked command in '/home/rajpurkar/Rahul/ur5_simulation/build/data_collection' returned '0': CMAKE_PREFIX_PATH=${CMAKE_PREFIX_PATH}:/opt/ros/humble /usr/bin/cmake --build /home/rajpurkar/Rahul/ur5_simulation/build/data_collection -- -j16 -l16
[0.742s] DEBUG:colcon.colcon_core.event_handler.log_command:Invoking command in '/home/rajpurkar/Rahul/ur5_simulation/build/data_collection': CMAKE_PREFIX_PATH=${CMAKE_PREFIX_PATH}:/opt/ros/humble /usr/bin/cmake --install /home/rajpurkar/Rahul/ur5_simulation/build/data_collection
[0.764s] Level 1:colcon.colcon_core.environment:create_environment_scripts_only(data_collection)
[0.768s] Level 1:colcon.colcon_core.environment:checking '/home/rajpurkar/Rahul/ur5_simulation/install/data_collection' for CMake module files
[0.773s] Level 1:colcon.colcon_core.environment:checking '/home/rajpurkar/Rahul/ur5_simulation/install/data_collection' for CMake config files
[0.773s] Level 1:colcon.colcon_core.shell:create_environment_hook('data_collection', 'cmake_prefix_path')
[0.774s] INFO:colcon.colcon_core.shell:Creating environment hook '/home/rajpurkar/Rahul/ur5_simulation/install/data_collection/share/data_collection/hook/cmake_prefix_path.ps1'
[0.775s] INFO:colcon.colcon_core.shell:Creating environment descriptor '/home/rajpurkar/Rahul/ur5_simulation/install/data_collection/share/data_collection/hook/cmake_prefix_path.dsv'
[0.775s] INFO:colcon.colcon_core.shell:Creating environment hook '/home/rajpurkar/Rahul/ur5_simulation/install/data_collection/share/data_collection/hook/cmake_prefix_path.sh'
[0.779s] Level 1:colcon.colcon_core.environment:checking '/home/rajpurkar/Rahul/ur5_simulation/install/data_collection/lib'
[0.779s] Level 1:colcon.colcon_core.environment:checking '/home/rajpurkar/Rahul/ur5_simulation/install/data_collection/bin'
[0.779s] Level 1:colcon.colcon_core.environment:checking '/home/rajpurkar/Rahul/ur5_simulation/install/data_collection/lib/pkgconfig/data_collection.pc'
[0.780s] Level 1:colcon.colcon_core.environment:checking '/home/rajpurkar/Rahul/ur5_simulation/install/data_collection/lib/python3.10/site-packages'
[0.780s] Level 1:colcon.colcon_core.environment:checking '/home/rajpurkar/Rahul/ur5_simulation/install/data_collection/bin'
[0.780s] INFO:colcon.colcon_core.shell:Creating package script '/home/rajpurkar/Rahul/ur5_simulation/install/data_collection/share/data_collection/package.ps1'
[0.782s] INFO:colcon.colcon_core.shell:Creating package descriptor '/home/rajpurkar/Rahul/ur5_simulation/install/data_collection/share/data_collection/package.dsv'
[0.782s] DEBUG:colcon.colcon_core.event_handler.log_command:Invoked command in '/home/rajpurkar/Rahul/ur5_simulation/build/data_collection' returned '0': CMAKE_PREFIX_PATH=${CMAKE_PREFIX_PATH}:/opt/ros/humble /usr/bin/cmake --install /home/rajpurkar/Rahul/ur5_simulation/build/data_collection
[0.783s] INFO:colcon.colcon_core.shell:Creating package script '/home/rajpurkar/Rahul/ur5_simulation/install/data_collection/share/data_collection/package.sh'
[0.784s] INFO:colcon.colcon_core.shell:Creating package script '/home/rajpurkar/Rahul/ur5_simulation/install/data_collection/share/data_collection/package.bash'
[0.786s] INFO:colcon.colcon_core.shell:Creating package script '/home/rajpurkar/Rahul/ur5_simulation/install/data_collection/share/data_collection/package.zsh'
[0.787s] Level 1:colcon.colcon_core.environment:create_file_with_runtime_dependencies(/home/rajpurkar/Rahul/ur5_simulation/install/data_collection/share/colcon-core/packages/data_collection)
[0.788s] Level 1:colcon.colcon_core.environment:create_environment_scripts_only(data_collection)
[0.788s] Level 1:colcon.colcon_core.environment:checking '/home/rajpurkar/Rahul/ur5_simulation/install/data_collection' for CMake module files
[0.789s] Level 1:colcon.colcon_core.environment:checking '/home/rajpurkar/Rahul/ur5_simulation/install/data_collection' for CMake config files
[0.790s] Level 1:colcon.colcon_core.shell:create_environment_hook('data_collection', 'cmake_prefix_path')
[0.790s] INFO:colcon.colcon_core.shell:Creating environment hook '/home/rajpurkar/Rahul/ur5_simulation/install/data_collection/share/data_collection/hook/cmake_prefix_path.ps1'
[0.791s] INFO:colcon.colcon_core.shell:Creating environment descriptor '/home/rajpurkar/Rahul/ur5_simulation/install/data_collection/share/data_collection/hook/cmake_prefix_path.dsv'
[0.791s] INFO:colcon.colcon_core.shell:Creating environment hook '/home/rajpurkar/Rahul/ur5_simulation/install/data_collection/share/data_collection/hook/cmake_prefix_path.sh'
[0.792s] Level 1:colcon.colcon_core.environment:checking '/home/rajpurkar/Rahul/ur5_simulation/install/data_collection/lib'
[0.793s] Level 1:colcon.colcon_core.environment:checking '/home/rajpurkar/Rahul/ur5_simulation/install/data_collection/bin'
[0.793s] Level 1:colcon.colcon_core.environment:checking '/home/rajpurkar/Rahul/ur5_simulation/install/data_collection/lib/pkgconfig/data_collection.pc'
[0.793s] Level 1:colcon.colcon_core.environment:checking '/home/rajpurkar/Rahul/ur5_simulation/install/data_collection/lib/python3.10/site-packages'
[0.793s] Level 1:colcon.colcon_core.environment:checking '/home/rajpurkar/Rahul/ur5_simulation/install/data_collection/bin'
[0.794s] INFO:colcon.colcon_core.shell:Creating package script '/home/rajpurkar/Rahul/ur5_simulation/install/data_collection/share/data_collection/package.ps1'
[0.794s] INFO:colcon.colcon_core.shell:Creating package descriptor '/home/rajpurkar/Rahul/ur5_simulation/install/data_collection/share/data_collection/package.dsv'
[0.795s] INFO:colcon.colcon_core.shell:Creating package script '/home/rajpurkar/Rahul/ur5_simulation/install/data_collection/share/data_collection/package.sh'
[0.796s] INFO:colcon.colcon_core.shell:Creating package script '/home/rajpurkar/Rahul/ur5_simulation/install/data_collection/share/data_collection/package.bash'
[0.796s] INFO:colcon.colcon_core.shell:Creating package script '/home/rajpurkar/Rahul/ur5_simulation/install/data_collection/share/data_collection/package.zsh'
[0.797s] Level 1:colcon.colcon_core.environment:create_file_with_runtime_dependencies(/home/rajpurkar/Rahul/ur5_simulation/install/data_collection/share/colcon-core/packages/data_collection)
[0.798s] Level 1:colcon.colcon_core.environment:create_environment_scripts_only(ur5_description)
[0.799s] Level 1:colcon.colcon_core.environment:checking '/home/rajpurkar/Rahul/ur5_simulation/install/ur5_description' for CMake module files
[0.800s] DEBUG:colcon.colcon_core.event_handler.log_command:Invoked command in '/home/rajpurkar/Rahul/ur5_simulation/build/ur5_description' returned '0': CMAKE_PREFIX_PATH=${CMAKE_PREFIX_PATH}:/opt/ros/humble /usr/bin/cmake --install /home/rajpurkar/Rahul/ur5_simulation/build/ur5_description
[0.801s] Level 1:colcon.colcon_core.environment:checking '/home/rajpurkar/Rahul/ur5_simulation/install/ur5_description' for CMake config files
[0.802s] Level 1:colcon.colcon_core.shell:create_environment_hook('ur5_description', 'cmake_prefix_path')
[0.802s] INFO:colcon.colcon_core.shell:Creating environment hook '/home/rajpurkar/Rahul/ur5_simulation/install/ur5_description/share/ur5_description/hook/cmake_prefix_path.ps1'
[0.803s] INFO:colcon.colcon_core.shell:Creating environment descriptor '/home/rajpurkar/Rahul/ur5_simulation/install/ur5_description/share/ur5_description/hook/cmake_prefix_path.dsv'
[0.804s] INFO:colcon.colcon_core.shell:Creating environment hook '/home/rajpurkar/Rahul/ur5_simulation/install/ur5_description/share/ur5_description/hook/cmake_prefix_path.sh'
[0.804s] Level 1:colcon.colcon_core.environment:checking '/home/rajpurkar/Rahul/ur5_simulation/install/ur5_description/bin'
[0.805s] Level 1:colcon.colcon_core.environment:checking '/home/rajpurkar/Rahul/ur5_simulation/install/ur5_description/lib/pkgconfig/ur5_description.pc'
[0.805s] Level 1:colcon.colcon_core.environment:checking '/home/rajpurkar/Rahul/ur5_simulation/install/ur5_description/lib/python3.10/site-packages'
[0.805s] Level 1:colcon.colcon_core.environment:checking '/home/rajpurkar/Rahul/ur5_simulation/install/ur5_description/bin'
[0.806s] INFO:colcon.colcon_core.shell:Creating package script '/home/rajpurkar/Rahul/ur5_simulation/install/ur5_description/share/ur5_description/package.ps1'
[0.807s] INFO:colcon.colcon_core.shell:Creating package descriptor '/home/rajpurkar/Rahul/ur5_simulation/install/ur5_description/share/ur5_description/package.dsv'
[0.807s] INFO:colcon.colcon_core.shell:Creating package script '/home/rajpurkar/Rahul/ur5_simulation/install/ur5_description/share/ur5_description/package.sh'
[0.808s] INFO:colcon.colcon_core.shell:Creating package script '/home/rajpurkar/Rahul/ur5_simulation/install/ur5_description/share/ur5_description/package.bash'
[0.809s] INFO:colcon.colcon_core.shell:Creating package script '/home/rajpurkar/Rahul/ur5_simulation/install/ur5_description/share/ur5_description/package.zsh'
[0.810s] Level 1:colcon.colcon_core.environment:create_file_with_runtime_dependencies(/home/rajpurkar/Rahul/ur5_simulation/install/ur5_description/share/colcon-core/packages/ur5_description)
[0.811s] Level 1:colcon.colcon_core.environment:create_environment_scripts_only(ur5_description)
[0.811s] Level 1:colcon.colcon_core.environment:checking '/home/rajpurkar/Rahul/ur5_simulation/install/ur5_description' for CMake module files
[0.812s] Level 1:colcon.colcon_core.environment:checking '/home/rajpurkar/Rahul/ur5_simulation/install/ur5_description' for CMake config files
[0.812s] Level 1:colcon.colcon_core.shell:create_environment_hook('ur5_description', 'cmake_prefix_path')
[0.812s] INFO:colcon.colcon_core.shell:Creating environment hook '/home/rajpurkar/Rahul/ur5_simulation/install/ur5_description/share/ur5_description/hook/cmake_prefix_path.ps1'
[0.813s] INFO:colcon.colcon_core.shell:Creating environment descriptor '/home/rajpurkar/Rahul/ur5_simulation/install/ur5_description/share/ur5_description/hook/cmake_prefix_path.dsv'
[0.814s] INFO:colcon.colcon_core.shell:Creating environment hook '/home/rajpurkar/Rahul/ur5_simulation/install/ur5_description/share/ur5_description/hook/cmake_prefix_path.sh'
[0.814s] Level 1:colcon.colcon_core.environment:checking '/home/rajpurkar/Rahul/ur5_simulation/install/ur5_description/bin'
[0.815s] Level 1:colcon.colcon_core.environment:checking '/home/rajpurkar/Rahul/ur5_simulation/install/ur5_description/lib/pkgconfig/ur5_description.pc'
[0.815s] Level 1:colcon.colcon_core.environment:checking '/home/rajpurkar/Rahul/ur5_simulation/install/ur5_description/lib/python3.10/site-packages'
[0.815s] Level 1:colcon.colcon_core.environment:checking '/home/rajpurkar/Rahul/ur5_simulation/install/ur5_description/bin'
[0.816s] INFO:colcon.colcon_core.shell:Creating package script '/home/rajpurkar/Rahul/ur5_simulation/install/ur5_description/share/ur5_description/package.ps1'
[0.818s] INFO:colcon.colcon_core.shell:Creating package descriptor '/home/rajpurkar/Rahul/ur5_simulation/install/ur5_description/share/ur5_description/package.dsv'
[0.819s] INFO:colcon.colcon_core.shell:Creating package script '/home/rajpurkar/Rahul/ur5_simulation/install/ur5_description/share/ur5_description/package.sh'
[0.821s] INFO:colcon.colcon_core.shell:Creating package script '/home/rajpurkar/Rahul/ur5_simulation/install/ur5_description/share/ur5_description/package.bash'
[0.822s] INFO:colcon.colcon_core.shell:Creating package script '/home/rajpurkar/Rahul/ur5_simulation/install/ur5_description/share/ur5_description/package.zsh'
[0.824s] Level 1:colcon.colcon_core.environment:create_file_with_runtime_dependencies(/home/rajpurkar/Rahul/ur5_simulation/install/ur5_description/share/colcon-core/packages/ur5_description)
[0.824s] INFO:colcon.colcon_ros.task.ament_cmake.build:Building ROS package in '/home/rajpurkar/Rahul/ur5_simulation/src/ur5_moveit_config' with build type 'ament_cmake'
[0.824s] INFO:colcon.colcon_cmake.task.cmake.build:Building CMake package in '/home/rajpurkar/Rahul/ur5_simulation/src/ur5_moveit_config'
[0.825s] INFO:colcon.colcon_core.shell:Skip shell extension 'powershell' for command environment: Not usable outside of PowerShell
[0.825s] DEBUG:colcon.colcon_core.shell:Skip shell extension 'dsv' for command environment
[0.845s] DEBUG:colcon.colcon_core.event_handler.log_command:Invoking command in '/home/rajpurkar/Rahul/ur5_simulation/build/ur5_moveit_config': CMAKE_PREFIX_PATH=/home/rajpurkar/Rahul/ur5_simulation/install/ur5_description:/home/rajpurkar/Rahul/ur5_simulation/install/ur5_moveit_config:/home/rajpurkar/Rahul/ur5_simulation/install/moveit_servo:/home/rajpurkar/Rahul/ur5_simulation/install/data_collection:/opt/ros/humble /usr/bin/cmake --build /home/rajpurkar/Rahul/ur5_simulation/build/ur5_moveit_config -- -j16 -l16
[0.906s] DEBUG:colcon.colcon_core.event_handler.log_command:Invoked command in '/home/rajpurkar/Rahul/ur5_simulation/build/ur5_moveit_config' returned '0': CMAKE_PREFIX_PATH=/home/rajpurkar/Rahul/ur5_simulation/install/ur5_description:/home/rajpurkar/Rahul/ur5_simulation/install/ur5_moveit_config:/home/rajpurkar/Rahul/ur5_simulation/install/moveit_servo:/home/rajpurkar/Rahul/ur5_simulation/install/data_collection:/opt/ros/humble /usr/bin/cmake --build /home/rajpurkar/Rahul/ur5_simulation/build/ur5_moveit_config -- -j16 -l16
[0.907s] DEBUG:colcon.colcon_core.event_handler.log_command:Invoking command in '/home/rajpurkar/Rahul/ur5_simulation/build/ur5_moveit_config': CMAKE_PREFIX_PATH=/home/rajpurkar/Rahul/ur5_simulation/install/ur5_description:/home/rajpurkar/Rahul/ur5_simulation/install/ur5_moveit_config:/home/rajpurkar/Rahul/ur5_simulation/install/moveit_servo:/home/rajpurkar/Rahul/ur5_simulation/install/data_collection:/opt/ros/humble /usr/bin/cmake --install /home/rajpurkar/Rahul/ur5_simulation/build/ur5_moveit_config
[0.918s] Level 1:colcon.colcon_core.environment:create_environment_scripts_only(ur5_moveit_config)
[0.919s] Level 1:colcon.colcon_core.environment:checking '/home/rajpurkar/Rahul/ur5_simulation/install/ur5_moveit_config' for CMake module files
[0.920s] Level 1:colcon.colcon_core.environment:checking '/home/rajpurkar/Rahul/ur5_simulation/install/ur5_moveit_config' for CMake config files
[0.920s] Level 1:colcon.colcon_core.shell:create_environment_hook('ur5_moveit_config', 'cmake_prefix_path')
[0.921s] INFO:colcon.colcon_core.shell:Creating environment hook '/home/rajpurkar/Rahul/ur5_simulation/install/ur5_moveit_config/share/ur5_moveit_config/hook/cmake_prefix_path.ps1'
[0.923s] INFO:colcon.colcon_core.shell:Creating environment descriptor '/home/rajpurkar/Rahul/ur5_simulation/install/ur5_moveit_config/share/ur5_moveit_config/hook/cmake_prefix_path.dsv'
[0.923s] DEBUG:colcon.colcon_core.event_handler.log_command:Invoked command in '/home/rajpurkar/Rahul/ur5_simulation/build/ur5_moveit_config' returned '0': CMAKE_PREFIX_PATH=/home/rajpurkar/Rahul/ur5_simulation/install/ur5_description:/home/rajpurkar/Rahul/ur5_simulation/install/ur5_moveit_config:/home/rajpurkar/Rahul/ur5_simulation/install/moveit_servo:/home/rajpurkar/Rahul/ur5_simulation/install/data_collection:/opt/ros/humble /usr/bin/cmake --install /home/rajpurkar/Rahul/ur5_simulation/build/ur5_moveit_config
[0.924s] INFO:colcon.colcon_core.shell:Creating environment hook '/home/rajpurkar/Rahul/ur5_simulation/install/ur5_moveit_config/share/ur5_moveit_config/hook/cmake_prefix_path.sh'
[0.925s] Level 1:colcon.colcon_core.environment:checking '/home/rajpurkar/Rahul/ur5_simulation/install/ur5_moveit_config/bin'
[0.925s] Level 1:colcon.colcon_core.environment:checking '/home/rajpurkar/Rahul/ur5_simulation/install/ur5_moveit_config/lib/pkgconfig/ur5_moveit_config.pc'
[0.925s] Level 1:colcon.colcon_core.environment:checking '/home/rajpurkar/Rahul/ur5_simulation/install/ur5_moveit_config/lib/python3.10/site-packages'
[0.926s] Level 1:colcon.colcon_core.environment:checking '/home/rajpurkar/Rahul/ur5_simulation/install/ur5_moveit_config/bin'
[0.926s] INFO:colcon.colcon_core.shell:Creating package script '/home/rajpurkar/Rahul/ur5_simulation/install/ur5_moveit_config/share/ur5_moveit_config/package.ps1'
[0.927s] INFO:colcon.colcon_core.shell:Creating package descriptor '/home/rajpurkar/Rahul/ur5_simulation/install/ur5_moveit_config/share/ur5_moveit_config/package.dsv'
[0.928s] INFO:colcon.colcon_core.shell:Creating package script '/home/rajpurkar/Rahul/ur5_simulation/install/ur5_moveit_config/share/ur5_moveit_config/package.sh'
[0.928s] INFO:colcon.colcon_core.shell:Creating package script '/home/rajpurkar/Rahul/ur5_simulation/install/ur5_moveit_config/share/ur5_moveit_config/package.bash'
[0.929s] INFO:colcon.colcon_core.shell:Creating package script '/home/rajpurkar/Rahul/ur5_simulation/install/ur5_moveit_config/share/ur5_moveit_config/package.zsh'
[0.929s] Level 1:colcon.colcon_core.environment:create_file_with_runtime_dependencies(/home/rajpurkar/Rahul/ur5_simulation/install/ur5_moveit_config/share/colcon-core/packages/ur5_moveit_config)
[0.930s] Level 1:colcon.colcon_core.environment:create_environment_scripts_only(ur5_moveit_config)
[0.931s] Level 1:colcon.colcon_core.environment:checking '/home/rajpurkar/Rahul/ur5_simulation/install/ur5_moveit_config' for CMake module files
[0.931s] Level 1:colcon.colcon_core.environment:checking '/home/rajpurkar/Rahul/ur5_simulation/install/ur5_moveit_config' for CMake config files
[0.932s] Level 1:colcon.colcon_core.shell:create_environment_hook('ur5_moveit_config', 'cmake_prefix_path')
[0.932s] INFO:colcon.colcon_core.shell:Creating environment hook '/home/rajpurkar/Rahul/ur5_simulation/install/ur5_moveit_config/share/ur5_moveit_config/hook/cmake_prefix_path.ps1'
[0.933s] INFO:colcon.colcon_core.shell:Creating environment descriptor '/home/rajpurkar/Rahul/ur5_simulation/install/ur5_moveit_config/share/ur5_moveit_config/hook/cmake_prefix_path.dsv'
[0.933s] INFO:colcon.colcon_core.shell:Creating environment hook '/home/rajpurkar/Rahul/ur5_simulation/install/ur5_moveit_config/share/ur5_moveit_config/hook/cmake_prefix_path.sh'
[0.934s] Level 1:colcon.colcon_core.environment:checking '/home/rajpurkar/Rahul/ur5_simulation/install/ur5_moveit_config/bin'
[0.934s] Level 1:colcon.colcon_core.environment:checking '/home/rajpurkar/Rahul/ur5_simulation/install/ur5_moveit_config/lib/pkgconfig/ur5_moveit_config.pc'
[0.935s] Level 1:colcon.colcon_core.environment:checking '/home/rajpurkar/Rahul/ur5_simulation/install/ur5_moveit_config/lib/python3.10/site-packages'
[0.935s] Level 1:colcon.colcon_core.environment:checking '/home/rajpurkar/Rahul/ur5_simulation/install/ur5_moveit_config/bin'
[0.935s] INFO:colcon.colcon_core.shell:Creating package script '/home/rajpurkar/Rahul/ur5_simulation/install/ur5_moveit_config/share/ur5_moveit_config/package.ps1'
[0.936s] INFO:colcon.colcon_core.shell:Creating package descriptor '/home/rajpurkar/Rahul/ur5_simulation/install/ur5_moveit_config/share/ur5_moveit_config/package.dsv'
[0.937s] INFO:colcon.colcon_core.shell:Creating package script '/home/rajpurkar/Rahul/ur5_simulation/install/ur5_moveit_config/share/ur5_moveit_config/package.sh'
[0.938s] INFO:colcon.colcon_core.shell:Creating package script '/home/rajpurkar/Rahul/ur5_simulation/install/ur5_moveit_config/share/ur5_moveit_config/package.bash'
[0.938s] INFO:colcon.colcon_core.shell:Creating package script '/home/rajpurkar/Rahul/ur5_simulation/install/ur5_moveit_config/share/ur5_moveit_config/package.zsh'
[0.939s] Level 1:colcon.colcon_core.environment:create_file_with_runtime_dependencies(/home/rajpurkar/Rahul/ur5_simulation/install/ur5_moveit_config/share/colcon-core/packages/ur5_moveit_config)
[1.023s] DEBUG:colcon.colcon_core.event_handler.log_command:Invoked command in '/home/rajpurkar/Rahul/ur5_simulation/build/moveit_servo' returned '0': CMAKE_PREFIX_PATH=${CMAKE_PREFIX_PATH}:/opt/ros/humble /usr/bin/cmake --build /home/rajpurkar/Rahul/ur5_simulation/build/moveit_servo -- -j16 -l16
[1.025s] DEBUG:colcon.colcon_core.event_handler.log_command:Invoking command in '/home/rajpurkar/Rahul/ur5_simulation/build/moveit_servo': CMAKE_PREFIX_PATH=${CMAKE_PREFIX_PATH}:/opt/ros/humble /usr/bin/cmake --install /home/rajpurkar/Rahul/ur5_simulation/build/moveit_servo
[1.042s] Level 1:colcon.colcon_core.environment:create_environment_scripts_only(moveit_servo)
[1.042s] Level 1:colcon.colcon_core.environment:checking '/home/rajpurkar/Rahul/ur5_simulation/install/moveit_servo' for CMake module files
[1.043s] Level 1:colcon.colcon_core.environment:checking '/home/rajpurkar/Rahul/ur5_simulation/install/moveit_servo' for CMake config files
[1.043s] Level 1:colcon.colcon_core.shell:create_environment_hook('moveit_servo', 'cmake_prefix_path')
[1.044s] INFO:colcon.colcon_core.shell:Creating environment hook '/home/rajpurkar/Rahul/ur5_simulation/install/moveit_servo/share/moveit_servo/hook/cmake_prefix_path.ps1'
[1.044s] INFO:colcon.colcon_core.shell:Creating environment descriptor '/home/rajpurkar/Rahul/ur5_simulation/install/moveit_servo/share/moveit_servo/hook/cmake_prefix_path.dsv'
[1.045s] INFO:colcon.colcon_core.shell:Creating environment hook '/home/rajpurkar/Rahul/ur5_simulation/install/moveit_servo/share/moveit_servo/hook/cmake_prefix_path.sh'
[1.046s] DEBUG:colcon.colcon_core.event_handler.log_command:Invoked command in '/home/rajpurkar/Rahul/ur5_simulation/build/moveit_servo' returned '0': CMAKE_PREFIX_PATH=${CMAKE_PREFIX_PATH}:/opt/ros/humble /usr/bin/cmake --install /home/rajpurkar/Rahul/ur5_simulation/build/moveit_servo
[1.046s] Level 1:colcon.colcon_core.environment:checking '/home/rajpurkar/Rahul/ur5_simulation/install/moveit_servo/lib'
[1.046s] Level 1:colcon.colcon_core.shell:create_environment_hook('moveit_servo', 'ld_library_path_lib')
[1.046s] INFO:colcon.colcon_core.shell:Creating environment hook '/home/rajpurkar/Rahul/ur5_simulation/install/moveit_servo/share/moveit_servo/hook/ld_library_path_lib.ps1'
[1.047s] INFO:colcon.colcon_core.shell:Creating environment descriptor '/home/rajpurkar/Rahul/ur5_simulation/install/moveit_servo/share/moveit_servo/hook/ld_library_path_lib.dsv'
[1.047s] INFO:colcon.colcon_core.shell:Creating environment hook '/home/rajpurkar/Rahul/ur5_simulation/install/moveit_servo/share/moveit_servo/hook/ld_library_path_lib.sh'
[1.048s] Level 1:colcon.colcon_core.environment:checking '/home/rajpurkar/Rahul/ur5_simulation/install/moveit_servo/bin'
[1.048s] Level 1:colcon.colcon_core.environment:checking '/home/rajpurkar/Rahul/ur5_simulation/install/moveit_servo/lib/pkgconfig/moveit_servo.pc'
[1.048s] Level 1:colcon.colcon_core.environment:checking '/home/rajpurkar/Rahul/ur5_simulation/install/moveit_servo/lib/python3.10/site-packages'
[1.048s] Level 1:colcon.colcon_core.environment:checking '/home/rajpurkar/Rahul/ur5_simulation/install/moveit_servo/bin'
[1.049s] INFO:colcon.colcon_core.shell:Creating package script '/home/rajpurkar/Rahul/ur5_simulation/install/moveit_servo/share/moveit_servo/package.ps1'
[1.049s] INFO:colcon.colcon_core.shell:Creating package descriptor '/home/rajpurkar/Rahul/ur5_simulation/install/moveit_servo/share/moveit_servo/package.dsv'
[1.050s] INFO:colcon.colcon_core.shell:Creating package script '/home/rajpurkar/Rahul/ur5_simulation/install/moveit_servo/share/moveit_servo/package.sh'
[1.050s] INFO:colcon.colcon_core.shell:Creating package script '/home/rajpurkar/Rahul/ur5_simulation/install/moveit_servo/share/moveit_servo/package.bash'
[1.050s] INFO:colcon.colcon_core.shell:Creating package script '/home/rajpurkar/Rahul/ur5_simulation/install/moveit_servo/share/moveit_servo/package.zsh'
[1.051s] Level 1:colcon.colcon_core.environment:create_file_with_runtime_dependencies(/home/rajpurkar/Rahul/ur5_simulation/install/moveit_servo/share/colcon-core/packages/moveit_servo)
[1.052s] Level 1:colcon.colcon_core.environment:create_environment_scripts_only(moveit_servo)
[1.052s] Level 1:colcon.colcon_core.environment:checking '/home/rajpurkar/Rahul/ur5_simulation/install/moveit_servo' for CMake module files
[1.052s] Level 1:colcon.colcon_core.environment:checking '/home/rajpurkar/Rahul/ur5_simulation/install/moveit_servo' for CMake config files
[1.053s] Level 1:colcon.colcon_core.shell:create_environment_hook('moveit_servo', 'cmake_prefix_path')
[1.053s] INFO:colcon.colcon_core.shell:Creating environment hook '/home/rajpurkar/Rahul/ur5_simulation/install/moveit_servo/share/moveit_servo/hook/cmake_prefix_path.ps1'
[1.053s] INFO:colcon.colcon_core.shell:Creating environment descriptor '/home/rajpurkar/Rahul/ur5_simulation/install/moveit_servo/share/moveit_servo/hook/cmake_prefix_path.dsv'
[1.054s] INFO:colcon.colcon_core.shell:Creating environment hook '/home/rajpurkar/Rahul/ur5_simulation/install/moveit_servo/share/moveit_servo/hook/cmake_prefix_path.sh'
[1.054s] Level 1:colcon.colcon_core.environment:checking '/home/rajpurkar/Rahul/ur5_simulation/install/moveit_servo/lib'
[1.054s] Level 1:colcon.colcon_core.shell:create_environment_hook('moveit_servo', 'ld_library_path_lib')
[1.055s] INFO:colcon.colcon_core.shell:Creating environment hook '/home/rajpurkar/Rahul/ur5_simulation/install/moveit_servo/share/moveit_servo/hook/ld_library_path_lib.ps1'
[1.055s] INFO:colcon.colcon_core.shell:Creating environment descriptor '/home/rajpurkar/Rahul/ur5_simulation/install/moveit_servo/share/moveit_servo/hook/ld_library_path_lib.dsv'
[1.056s] INFO:colcon.colcon_core.shell:Creating environment hook '/home/rajpurkar/Rahul/ur5_simulation/install/moveit_servo/share/moveit_servo/hook/ld_library_path_lib.sh'
[1.056s] Level 1:colcon.colcon_core.environment:checking '/home/rajpurkar/Rahul/ur5_simulation/install/moveit_servo/bin'
[1.056s] Level 1:colcon.colcon_core.environment:checking '/home/rajpurkar/Rahul/ur5_simulation/install/moveit_servo/lib/pkgconfig/moveit_servo.pc'
[1.056s] Level 1:colcon.colcon_core.environment:checking '/home/rajpurkar/Rahul/ur5_simulation/install/moveit_servo/lib/python3.10/site-packages'
[1.057s] Level 1:colcon.colcon_core.environment:checking '/home/rajpurkar/Rahul/ur5_simulation/install/moveit_servo/bin'
[1.057s] INFO:colcon.colcon_core.shell:Creating package script '/home/rajpurkar/Rahul/ur5_simulation/install/moveit_servo/share/moveit_servo/package.ps1'
[1.058s] INFO:colcon.colcon_core.shell:Creating package descriptor '/home/rajpurkar/Rahul/ur5_simulation/install/moveit_servo/share/moveit_servo/package.dsv'
[1.058s] INFO:colcon.colcon_core.shell:Creating package script '/home/rajpurkar/Rahul/ur5_simulation/install/moveit_servo/share/moveit_servo/package.sh'
[1.059s] INFO:colcon.colcon_core.shell:Creating package script '/home/rajpurkar/Rahul/ur5_simulation/install/moveit_servo/share/moveit_servo/package.bash'
[1.059s] INFO:colcon.colcon_core.shell:Creating package script '/home/rajpurkar/Rahul/ur5_simulation/install/moveit_servo/share/moveit_servo/package.zsh'
[1.060s] Level 1:colcon.colcon_core.environment:create_file_with_runtime_dependencies(/home/rajpurkar/Rahul/ur5_simulation/install/moveit_servo/share/colcon-core/packages/moveit_servo)
[1.060s] DEBUG:colcon.colcon_parallel_executor.executor.parallel:closing loop
[1.061s] DEBUG:colcon.colcon_parallel_executor.executor.parallel:loop closed
[1.061s] DEBUG:colcon.colcon_parallel_executor.executor.parallel:run_until_complete finished with '0'
[1.061s] DEBUG:colcon.colcon_core.event_reactor:joining thread
[1.067s] INFO:colcon.colcon_core.plugin_system:Skipping extension 'colcon_notification.desktop_notification.terminal_notifier': Not used on non-Darwin systems
[1.068s] INFO:colcon.colcon_core.plugin_system:Skipping extension 'colcon_notification.desktop_notification.win32': Not used on non-Windows systems
[1.068s] INFO:colcon.colcon_notification.desktop_notification:Sending desktop notification using 'notify2'
[1.083s] DEBUG:colcon.colcon_core.event_reactor:joined thread
[1.083s] INFO:colcon.colcon_core.shell:Creating prefix script '/home/rajpurkar/Rahul/ur5_simulation/install/local_setup.ps1'
[1.085s] INFO:colcon.colcon_core.shell:Creating prefix util module '/home/rajpurkar/Rahul/ur5_simulation/install/_local_setup_util_ps1.py'
[1.090s] INFO:colcon.colcon_core.shell:Creating prefix chain script '/home/rajpurkar/Rahul/ur5_simulation/install/setup.ps1'
[1.091s] INFO:colcon.colcon_core.shell:Creating prefix script '/home/rajpurkar/Rahul/ur5_simulation/install/local_setup.sh'
[1.092s] INFO:colcon.colcon_core.shell:Creating prefix util module '/home/rajpurkar/Rahul/ur5_simulation/install/_local_setup_util_sh.py'
[1.093s] INFO:colcon.colcon_core.shell:Creating prefix chain script '/home/rajpurkar/Rahul/ur5_simulation/install/setup.sh'
[1.095s] INFO:colcon.colcon_core.shell:Creating prefix script '/home/rajpurkar/Rahul/ur5_simulation/install/local_setup.bash'
[1.095s] INFO:colcon.colcon_core.shell:Creating prefix chain script '/home/rajpurkar/Rahul/ur5_simulation/install/setup.bash'
[1.097s] INFO:colcon.colcon_core.shell:Creating prefix script '/home/rajpurkar/Rahul/ur5_simulation/install/local_setup.zsh'
[1.098s] INFO:colcon.colcon_core.shell:Creating prefix chain script '/home/rajpurkar/Rahul/ur5_simulation/install/setup.zsh'
