-- Install configuration: ""
-- Up-to-date: /home/rajpurkar/Rahul/ur5_simulation/install/ur5_description/share/ament_index/resource_index/package_run_dependencies/ur5_description
-- Up-to-date: /home/rajpurkar/Rahul/ur5_simulation/install/ur5_description/share/ament_index/resource_index/parent_prefix_path/ur5_description
-- Up-to-date: /home/rajpurkar/Rahul/ur5_simulation/install/ur5_description/share/ur5_description/environment/ament_prefix_path.sh
-- Up-to-date: /home/rajpurkar/Rahul/ur5_simulation/install/ur5_description/share/ur5_description/environment/ament_prefix_path.dsv
-- Up-to-date: /home/rajpurkar/Rahul/ur5_simulation/install/ur5_description/share/ur5_description/environment/path.sh
-- Up-to-date: /home/rajpurkar/Rahul/ur5_simulation/install/ur5_description/share/ur5_description/environment/path.dsv
-- Up-to-date: /home/rajpurkar/Rahul/ur5_simulation/install/ur5_description/share/ur5_description/local_setup.bash
-- Up-to-date: /home/rajpurkar/Rahul/ur5_simulation/install/ur5_description/share/ur5_description/local_setup.sh
-- Up-to-date: /home/rajpurkar/Rahul/ur5_simulation/install/ur5_description/share/ur5_description/local_setup.zsh
-- Up-to-date: /home/rajpurkar/Rahul/ur5_simulation/install/ur5_description/share/ur5_description/local_setup.dsv
-- Installing: /home/rajpurkar/Rahul/ur5_simulation/install/ur5_description/share/ur5_description/package.dsv
-- Up-to-date: /home/rajpurkar/Rahul/ur5_simulation/install/ur5_description/share/ament_index/resource_index/packages/ur5_description
-- Up-to-date: /home/rajpurkar/Rahul/ur5_simulation/install/ur5_description/share/ur5_description/cmake/ur5_descriptionConfig.cmake
-- Up-to-date: /home/rajpurkar/Rahul/ur5_simulation/install/ur5_description/share/ur5_description/cmake/ur5_descriptionConfig-version.cmake
-- Up-to-date: /home/rajpurkar/Rahul/ur5_simulation/install/ur5_description/share/ur5_description/package.xml
-- Up-to-date: /home/rajpurkar/Rahul/ur5_simulation/install/ur5_description/share/ur5_description/meshes
-- Up-to-date: /home/rajpurkar/Rahul/ur5_simulation/install/ur5_description/share/ur5_description/meshes/visual
-- Up-to-date: /home/rajpurkar/Rahul/ur5_simulation/install/ur5_description/share/ur5_description/meshes/visual/wrist1.dae
-- Up-to-date: /home/rajpurkar/Rahul/ur5_simulation/install/ur5_description/share/ur5_description/meshes/visual/tool_old.dae
-- Up-to-date: /home/rajpurkar/Rahul/ur5_simulation/install/ur5_description/share/ur5_description/meshes/visual/forearm.dae
-- Up-to-date: /home/rajpurkar/Rahul/ur5_simulation/install/ur5_description/share/ur5_description/meshes/visual/shoulder.dae
-- Up-to-date: /home/rajpurkar/Rahul/ur5_simulation/install/ur5_description/share/ur5_description/meshes/visual/base.dae
-- Up-to-date: /home/rajpurkar/Rahul/ur5_simulation/install/ur5_description/share/ur5_description/meshes/visual/upperarm.dae
-- Up-to-date: /home/rajpurkar/Rahul/ur5_simulation/install/ur5_description/share/ur5_description/meshes/visual/wrist2.dae
-- Up-to-date: /home/rajpurkar/Rahul/ur5_simulation/install/ur5_description/share/ur5_description/meshes/visual/ur5_stand.dae
-- Up-to-date: /home/rajpurkar/Rahul/ur5_simulation/install/ur5_description/share/ur5_description/meshes/visual/wrist3.dae
-- Up-to-date: /home/rajpurkar/Rahul/ur5_simulation/install/ur5_description/share/ur5_description/meshes/visual/tool.dae
-- Up-to-date: /home/rajpurkar/Rahul/ur5_simulation/install/ur5_description/share/ur5_description/meshes/collision
-- Up-to-date: /home/rajpurkar/Rahul/ur5_simulation/install/ur5_description/share/ur5_description/meshes/collision/upperarm.stl
-- Up-to-date: /home/rajpurkar/Rahul/ur5_simulation/install/ur5_description/share/ur5_description/meshes/collision/ur5_stand.stl
-- Up-to-date: /home/rajpurkar/Rahul/ur5_simulation/install/ur5_description/share/ur5_description/meshes/collision/forearm.stl
-- Up-to-date: /home/rajpurkar/Rahul/ur5_simulation/install/ur5_description/share/ur5_description/meshes/collision/wrist1.stl
-- Up-to-date: /home/rajpurkar/Rahul/ur5_simulation/install/ur5_description/share/ur5_description/meshes/collision/wrist3.stl
-- Up-to-date: /home/rajpurkar/Rahul/ur5_simulation/install/ur5_description/share/ur5_description/meshes/collision/tool.stl
-- Up-to-date: /home/rajpurkar/Rahul/ur5_simulation/install/ur5_description/share/ur5_description/meshes/collision/base.stl
-- Up-to-date: /home/rajpurkar/Rahul/ur5_simulation/install/ur5_description/share/ur5_description/meshes/collision/shoulder.stl
-- Up-to-date: /home/rajpurkar/Rahul/ur5_simulation/install/ur5_description/share/ur5_description/meshes/collision/wrist2.stl
-- Up-to-date: /home/rajpurkar/Rahul/ur5_simulation/install/ur5_description/share/ur5_description/meshes/collision/tool_old.stl
-- Up-to-date: /home/rajpurkar/Rahul/ur5_simulation/install/ur5_description/share/ur5_description/urdf
-- Up-to-date: /home/rajpurkar/Rahul/ur5_simulation/install/ur5_description/share/ur5_description/urdf/ur5.urdf
-- Up-to-date: /home/rajpurkar/Rahul/ur5_simulation/install/ur5_description/share/ur5_description/urdf/ur5
-- Up-to-date: /home/rajpurkar/Rahul/ur5_simulation/install/ur5_description/share/ur5_description/urdf/ur5/ur5.usd
-- Up-to-date: /home/rajpurkar/Rahul/ur5_simulation/install/ur5_description/share/ur5_description/urdf/ur5/configuration
-- Up-to-date: /home/rajpurkar/Rahul/ur5_simulation/install/ur5_description/share/ur5_description/urdf/ur5/configuration/ur5_sensor.usd
-- Up-to-date: /home/rajpurkar/Rahul/ur5_simulation/install/ur5_description/share/ur5_description/urdf/ur5/configuration/ur5_physics.usd
-- Up-to-date: /home/rajpurkar/Rahul/ur5_simulation/install/ur5_description/share/ur5_description/urdf/ur5/configuration/ur5_base.usd
