[0.014s] Invoking command in '/home/rajpurkar/Rahul/ur5_simulation/build/ur5_description': CMAKE_PREFIX_PATH=${CMAKE_PREFIX_PATH}:/opt/ros/humble PS1=(isaac) \[\e]0;\u@\h: \w\a\]${debian_chroot:+($debian_chroot)}\[\033[01;32m\]\u@\h\[\033[00m\]:\[\033[01;34m\]\w\[\033[00m\]\$ /usr/bin/cmake --build /home/rajpurkar/Rahul/ur5_simulation/build/ur5_description -- -j16 -l16
[0.039s] Invoked command in '/home/rajpurkar/Rahul/ur5_simulation/build/ur5_description' returned '0': CMAKE_PREFIX_PATH=${CMAKE_PREFIX_PATH}:/opt/ros/humble PS1=(isaac) \[\e]0;\u@\h: \w\a\]${debian_chroot:+($debian_chroot)}\[\033[01;32m\]\u@\h\[\033[00m\]:\[\033[01;34m\]\w\[\033[00m\]\$ /usr/bin/cmake --build /home/rajpurkar/Rahul/ur5_simulation/build/ur5_description -- -j16 -l16
[0.046s] Invoking command in '/home/rajpurkar/Rahul/ur5_simulation/build/ur5_description': CMAKE_PREFIX_PATH=${CMAKE_PREFIX_PATH}:/opt/ros/humble PS1=(isaac) \[\e]0;\u@\h: \w\a\]${debian_chroot:+($debian_chroot)}\[\033[01;32m\]\u@\h\[\033[00m\]:\[\033[01;34m\]\w\[\033[00m\]\$ /usr/bin/cmake --install /home/rajpurkar/Rahul/ur5_simulation/build/ur5_description
[0.051s] -- Install configuration: ""
[0.051s] -- Up-to-date: /home/rajpurkar/Rahul/ur5_simulation/install/ur5_description/share/ament_index/resource_index/package_run_dependencies/ur5_description
[0.051s] -- Up-to-date: /home/rajpurkar/Rahul/ur5_simulation/install/ur5_description/share/ament_index/resource_index/parent_prefix_path/ur5_description
[0.051s] -- Up-to-date: /home/rajpurkar/Rahul/ur5_simulation/install/ur5_description/share/ur5_description/environment/ament_prefix_path.sh
[0.052s] -- Up-to-date: /home/rajpurkar/Rahul/ur5_simulation/install/ur5_description/share/ur5_description/environment/ament_prefix_path.dsv
[0.052s] -- Up-to-date: /home/rajpurkar/Rahul/ur5_simulation/install/ur5_description/share/ur5_description/environment/path.sh
[0.052s] -- Up-to-date: /home/rajpurkar/Rahul/ur5_simulation/install/ur5_description/share/ur5_description/environment/path.dsv
[0.052s] -- Up-to-date: /home/rajpurkar/Rahul/ur5_simulation/install/ur5_description/share/ur5_description/local_setup.bash
[0.052s] -- Up-to-date: /home/rajpurkar/Rahul/ur5_simulation/install/ur5_description/share/ur5_description/local_setup.sh
[0.052s] -- Up-to-date: /home/rajpurkar/Rahul/ur5_simulation/install/ur5_description/share/ur5_description/local_setup.zsh
[0.052s] -- Up-to-date: /home/rajpurkar/Rahul/ur5_simulation/install/ur5_description/share/ur5_description/local_setup.dsv
[0.052s] -- Installing: /home/rajpurkar/Rahul/ur5_simulation/install/ur5_description/share/ur5_description/package.dsv
[0.052s] -- Up-to-date: /home/rajpurkar/Rahul/ur5_simulation/install/ur5_description/share/ament_index/resource_index/packages/ur5_description
[0.052s] -- Up-to-date: /home/rajpurkar/Rahul/ur5_simulation/install/ur5_description/share/ur5_description/cmake/ur5_descriptionConfig.cmake
[0.053s] -- Up-to-date: /home/rajpurkar/Rahul/ur5_simulation/install/ur5_description/share/ur5_description/cmake/ur5_descriptionConfig-version.cmake
[0.053s] -- Up-to-date: /home/rajpurkar/Rahul/ur5_simulation/install/ur5_description/share/ur5_description/package.xml
[0.053s] -- Up-to-date: /home/rajpurkar/Rahul/ur5_simulation/install/ur5_description/share/ur5_description/meshes
[0.053s] -- Up-to-date: /home/rajpurkar/Rahul/ur5_simulation/install/ur5_description/share/ur5_description/meshes/visual
[0.053s] -- Up-to-date: /home/rajpurkar/Rahul/ur5_simulation/install/ur5_description/share/ur5_description/meshes/visual/wrist1.dae
[0.053s] -- Up-to-date: /home/rajpurkar/Rahul/ur5_simulation/install/ur5_description/share/ur5_description/meshes/visual/tool_old.dae
[0.053s] -- Up-to-date: /home/rajpurkar/Rahul/ur5_simulation/install/ur5_description/share/ur5_description/meshes/visual/forearm.dae
[0.053s] -- Up-to-date: /home/rajpurkar/Rahul/ur5_simulation/install/ur5_description/share/ur5_description/meshes/visual/shoulder.dae
[0.053s] -- Up-to-date: /home/rajpurkar/Rahul/ur5_simulation/install/ur5_description/share/ur5_description/meshes/visual/base.dae
[0.053s] -- Up-to-date: /home/rajpurkar/Rahul/ur5_simulation/install/ur5_description/share/ur5_description/meshes/visual/upperarm.dae
[0.054s] -- Up-to-date: /home/rajpurkar/Rahul/ur5_simulation/install/ur5_description/share/ur5_description/meshes/visual/wrist2.dae
[0.054s] -- Up-to-date: /home/rajpurkar/Rahul/ur5_simulation/install/ur5_description/share/ur5_description/meshes/visual/ur5_stand.dae
[0.054s] -- Up-to-date: /home/rajpurkar/Rahul/ur5_simulation/install/ur5_description/share/ur5_description/meshes/visual/wrist3.dae
[0.054s] -- Up-to-date: /home/rajpurkar/Rahul/ur5_simulation/install/ur5_description/share/ur5_description/meshes/visual/tool.dae
[0.055s] -- Up-to-date: /home/rajpurkar/Rahul/ur5_simulation/install/ur5_description/share/ur5_description/meshes/collision
[0.055s] -- Up-to-date: /home/rajpurkar/Rahul/ur5_simulation/install/ur5_description/share/ur5_description/meshes/collision/upperarm.stl
[0.055s] -- Up-to-date: /home/rajpurkar/Rahul/ur5_simulation/install/ur5_description/share/ur5_description/meshes/collision/ur5_stand.stl
[0.055s] -- Up-to-date: /home/rajpurkar/Rahul/ur5_simulation/install/ur5_description/share/ur5_description/meshes/collision/forearm.stl
[0.055s] -- Up-to-date: /home/rajpurkar/Rahul/ur5_simulation/install/ur5_description/share/ur5_description/meshes/collision/wrist1.stl
[0.055s] -- Up-to-date: /home/rajpurkar/Rahul/ur5_simulation/install/ur5_description/share/ur5_description/meshes/collision/wrist3.stl
[0.055s] -- Up-to-date: /home/rajpurkar/Rahul/ur5_simulation/install/ur5_description/share/ur5_description/meshes/collision/tool.stl
[0.056s] -- Up-to-date: /home/rajpurkar/Rahul/ur5_simulation/install/ur5_description/share/ur5_description/meshes/collision/base.stl
[0.056s] -- Up-to-date: /home/rajpurkar/Rahul/ur5_simulation/install/ur5_description/share/ur5_description/meshes/collision/shoulder.stl
[0.056s] -- Up-to-date: /home/rajpurkar/Rahul/ur5_simulation/install/ur5_description/share/ur5_description/meshes/collision/wrist2.stl
[0.056s] -- Up-to-date: /home/rajpurkar/Rahul/ur5_simulation/install/ur5_description/share/ur5_description/meshes/collision/tool_old.stl
[0.057s] -- Up-to-date: /home/rajpurkar/Rahul/ur5_simulation/install/ur5_description/share/ur5_description/urdf
[0.057s] -- Up-to-date: /home/rajpurkar/Rahul/ur5_simulation/install/ur5_description/share/ur5_description/urdf/ur5.urdf
[0.057s] -- Up-to-date: /home/rajpurkar/Rahul/ur5_simulation/install/ur5_description/share/ur5_description/urdf/ur5
[0.057s] -- Up-to-date: /home/rajpurkar/Rahul/ur5_simulation/install/ur5_description/share/ur5_description/urdf/ur5/ur5.usd
[0.057s] -- Up-to-date: /home/rajpurkar/Rahul/ur5_simulation/install/ur5_description/share/ur5_description/urdf/ur5/configuration
[0.057s] -- Up-to-date: /home/rajpurkar/Rahul/ur5_simulation/install/ur5_description/share/ur5_description/urdf/ur5/configuration/ur5_sensor.usd
[0.057s] -- Up-to-date: /home/rajpurkar/Rahul/ur5_simulation/install/ur5_description/share/ur5_description/urdf/ur5/configuration/ur5_physics.usd
[0.057s] -- Up-to-date: /home/rajpurkar/Rahul/ur5_simulation/install/ur5_description/share/ur5_description/urdf/ur5/configuration/ur5_base.usd
[0.057s] Invoked command in '/home/rajpurkar/Rahul/ur5_simulation/build/ur5_description' returned '0': CMAKE_PREFIX_PATH=${CMAKE_PREFIX_PATH}:/opt/ros/humble PS1=(isaac) \[\e]0;\u@\h: \w\a\]${debian_chroot:+($debian_chroot)}\[\033[01;32m\]\u@\h\[\033[00m\]:\[\033[01;34m\]\w\[\033[00m\]\$ /usr/bin/cmake --install /home/rajpurkar/Rahul/ur5_simulation/build/ur5_description
