[0.008s] Invoking command in '/home/rajpurkar/Rahul/UR5-BarAlign-RL-Isaac-sim/ur5_simulation/build/data_collection': CMAKE_PREFIX_PATH=/opt/ros/humble /usr/bin/cmake /home/rajpurkar/Rahul/UR5-BarAlign-RL-Isaac-sim/ur5_simulation/src/data_collection -DCMAKE_INSTALL_PREFIX=/home/rajpurkar/Rahul/UR5-BarAlign-RL-Isaac-sim/ur5_simulation/install/data_collection
[0.078s] -- The C compiler identification is GNU 11.4.0
[0.131s] -- The CXX compiler identification is GNU 11.4.0
[0.139s] -- Detecting C compiler ABI info
[0.186s] -- Detecting C compiler ABI info - done
[0.192s] -- Check for working C compiler: /usr/bin/cc - skipped
[0.192s] -- Detecting C compile features
[0.193s] -- Detecting C compile features - done
[0.196s] -- Detecting CXX compiler ABI info
[0.250s] -- Detecting CXX compiler ABI info - done
[0.256s] -- Check for working CXX compiler: /usr/bin/c++ - skipped
[0.256s] -- Detecting CXX compile features
[0.257s] -- Detecting CXX compile features - done
[0.261s] -- Found ament_cmake: 1.3.11 (/opt/ros/humble/share/ament_cmake/cmake)
[0.381s] -- Found Python3: /usr/bin/python3 (found version "3.10.12") found components: Interpreter 
[0.454s] -- Found ament_lint_auto: 0.12.12 (/opt/ros/humble/share/ament_lint_auto/cmake)
[0.515s] -- Added test 'flake8' to check Python code syntax and style conventions
[0.516s] -- Added test 'lint_cmake' to check CMake code style
[0.516s] -- Added test 'pep257' to check Python code against some of the docstring style conventions in PEP 257
[0.517s] -- Added test 'xmllint' to check XML markup files
[0.518s] -- Configuring done
[0.520s] -- Generating done
[0.521s] -- Build files have been written to: /home/rajpurkar/Rahul/UR5-BarAlign-RL-Isaac-sim/ur5_simulation/build/data_collection
[0.524s] Invoked command in '/home/rajpurkar/Rahul/UR5-BarAlign-RL-Isaac-sim/ur5_simulation/build/data_collection' returned '0': CMAKE_PREFIX_PATH=/opt/ros/humble /usr/bin/cmake /home/rajpurkar/Rahul/UR5-BarAlign-RL-Isaac-sim/ur5_simulation/src/data_collection -DCMAKE_INSTALL_PREFIX=/home/rajpurkar/Rahul/UR5-BarAlign-RL-Isaac-sim/ur5_simulation/install/data_collection
[0.526s] Invoking command in '/home/rajpurkar/Rahul/UR5-BarAlign-RL-Isaac-sim/ur5_simulation/build/data_collection': CMAKE_PREFIX_PATH=/opt/ros/humble /usr/bin/cmake --build /home/rajpurkar/Rahul/UR5-BarAlign-RL-Isaac-sim/ur5_simulation/build/data_collection -- -j16 -l16
[0.550s] Invoked command in '/home/rajpurkar/Rahul/UR5-BarAlign-RL-Isaac-sim/ur5_simulation/build/data_collection' returned '0': CMAKE_PREFIX_PATH=/opt/ros/humble /usr/bin/cmake --build /home/rajpurkar/Rahul/UR5-BarAlign-RL-Isaac-sim/ur5_simulation/build/data_collection -- -j16 -l16
[0.551s] Invoking command in '/home/rajpurkar/Rahul/UR5-BarAlign-RL-Isaac-sim/ur5_simulation/build/data_collection': CMAKE_PREFIX_PATH=/opt/ros/humble /usr/bin/cmake --install /home/rajpurkar/Rahul/UR5-BarAlign-RL-Isaac-sim/ur5_simulation/build/data_collection
[0.556s] -- Install configuration: ""
[0.556s] -- Installing: /home/rajpurkar/Rahul/UR5-BarAlign-RL-Isaac-sim/ur5_simulation/install/data_collection/share/data_collection//scripts
[0.556s] -- Installing: /home/rajpurkar/Rahul/UR5-BarAlign-RL-Isaac-sim/ur5_simulation/install/data_collection/share/data_collection//scripts/data_collection_torus.py
[0.556s] -- Installing: /home/rajpurkar/Rahul/UR5-BarAlign-RL-Isaac-sim/ur5_simulation/install/data_collection/share/data_collection//scripts/data_collection.py
[0.556s] -- Installing: /home/rajpurkar/Rahul/UR5-BarAlign-RL-Isaac-sim/ur5_simulation/install/data_collection/share/data_collection//scripts/my_pusht
[0.556s] -- Installing: /home/rajpurkar/Rahul/UR5-BarAlign-RL-Isaac-sim/ur5_simulation/install/data_collection/share/data_collection//scripts/my_pusht/videos
[0.556s] -- Installing: /home/rajpurkar/Rahul/UR5-BarAlign-RL-Isaac-sim/ur5_simulation/install/data_collection/share/data_collection//scripts/my_pusht/videos/chunk_000
[0.556s] -- Installing: /home/rajpurkar/Rahul/UR5-BarAlign-RL-Isaac-sim/ur5_simulation/install/data_collection/share/data_collection//scripts/my_pusht/videos/chunk_000/observation.images.state
[0.556s] -- Installing: /home/rajpurkar/Rahul/UR5-BarAlign-RL-Isaac-sim/ur5_simulation/install/data_collection/share/data_collection//scripts/my_pusht/videos/chunk_000/observation.images.state/episode_000001.mp4
[0.557s] -- Installing: /home/rajpurkar/Rahul/UR5-BarAlign-RL-Isaac-sim/ur5_simulation/install/data_collection/share/data_collection//scripts/my_pusht/videos/chunk_000/observation.images.state/episode_000000.mp4
[0.557s] -- Installing: /home/rajpurkar/Rahul/UR5-BarAlign-RL-Isaac-sim/ur5_simulation/install/data_collection/share/data_collection//scripts/my_pusht/videos/chunk_000/observation.images.top
[0.558s] -- Installing: /home/rajpurkar/Rahul/UR5-BarAlign-RL-Isaac-sim/ur5_simulation/install/data_collection/share/data_collection//scripts/my_pusht/videos/chunk_000/observation.images.top/episode_000001.mp4
[0.558s] -- Installing: /home/rajpurkar/Rahul/UR5-BarAlign-RL-Isaac-sim/ur5_simulation/install/data_collection/share/data_collection//scripts/my_pusht/videos/chunk_000/observation.images.top/episode_000000.mp4
[0.559s] -- Installing: /home/rajpurkar/Rahul/UR5-BarAlign-RL-Isaac-sim/ur5_simulation/install/data_collection/share/data_collection//scripts/my_pusht/videos/chunk_000/observation.images.wrist
[0.559s] -- Installing: /home/rajpurkar/Rahul/UR5-BarAlign-RL-Isaac-sim/ur5_simulation/install/data_collection/share/data_collection//scripts/my_pusht/videos/chunk_000/observation.images.wrist/episode_000001.mp4
[0.561s] -- Installing: /home/rajpurkar/Rahul/UR5-BarAlign-RL-Isaac-sim/ur5_simulation/install/data_collection/share/data_collection//scripts/my_pusht/videos/chunk_000/observation.images.wrist/episode_000000.mp4
[0.562s] -- Installing: /home/rajpurkar/Rahul/UR5-BarAlign-RL-Isaac-sim/ur5_simulation/install/data_collection/share/data_collection//scripts/my_pusht/data
[0.562s] -- Installing: /home/rajpurkar/Rahul/UR5-BarAlign-RL-Isaac-sim/ur5_simulation/install/data_collection/share/data_collection//scripts/my_pusht/data/chunk_000
[0.562s] -- Installing: /home/rajpurkar/Rahul/UR5-BarAlign-RL-Isaac-sim/ur5_simulation/install/data_collection/share/data_collection//scripts/my_pusht/data/chunk_000/episode_000000.parquet
[0.562s] -- Installing: /home/rajpurkar/Rahul/UR5-BarAlign-RL-Isaac-sim/ur5_simulation/install/data_collection/share/data_collection//scripts/my_pusht/data/chunk_000/episode_000001.parquet
[0.563s] -- Installing: /home/rajpurkar/Rahul/UR5-BarAlign-RL-Isaac-sim/ur5_simulation/install/data_collection/lib/data_collection/data_collection.py
[0.563s] -- Installing: /home/rajpurkar/Rahul/UR5-BarAlign-RL-Isaac-sim/ur5_simulation/install/data_collection/share/ament_index/resource_index/package_run_dependencies/data_collection
[0.563s] -- Installing: /home/rajpurkar/Rahul/UR5-BarAlign-RL-Isaac-sim/ur5_simulation/install/data_collection/share/ament_index/resource_index/parent_prefix_path/data_collection
[0.563s] -- Installing: /home/rajpurkar/Rahul/UR5-BarAlign-RL-Isaac-sim/ur5_simulation/install/data_collection/share/data_collection/environment/ament_prefix_path.sh
[0.563s] -- Installing: /home/rajpurkar/Rahul/UR5-BarAlign-RL-Isaac-sim/ur5_simulation/install/data_collection/share/data_collection/environment/ament_prefix_path.dsv
[0.563s] -- Installing: /home/rajpurkar/Rahul/UR5-BarAlign-RL-Isaac-sim/ur5_simulation/install/data_collection/share/data_collection/environment/path.sh
[0.563s] -- Installing: /home/rajpurkar/Rahul/UR5-BarAlign-RL-Isaac-sim/ur5_simulation/install/data_collection/share/data_collection/environment/path.dsv
[0.564s] -- Installing: /home/rajpurkar/Rahul/UR5-BarAlign-RL-Isaac-sim/ur5_simulation/install/data_collection/share/data_collection/local_setup.bash
[0.564s] -- Installing: /home/rajpurkar/Rahul/UR5-BarAlign-RL-Isaac-sim/ur5_simulation/install/data_collection/share/data_collection/local_setup.sh
[0.564s] -- Installing: /home/rajpurkar/Rahul/UR5-BarAlign-RL-Isaac-sim/ur5_simulation/install/data_collection/share/data_collection/local_setup.zsh
[0.564s] -- Installing: /home/rajpurkar/Rahul/UR5-BarAlign-RL-Isaac-sim/ur5_simulation/install/data_collection/share/data_collection/local_setup.dsv
[0.564s] -- Installing: /home/rajpurkar/Rahul/UR5-BarAlign-RL-Isaac-sim/ur5_simulation/install/data_collection/share/data_collection/package.dsv
[0.564s] -- Installing: /home/rajpurkar/Rahul/UR5-BarAlign-RL-Isaac-sim/ur5_simulation/install/data_collection/share/ament_index/resource_index/packages/data_collection
[0.564s] -- Installing: /home/rajpurkar/Rahul/UR5-BarAlign-RL-Isaac-sim/ur5_simulation/install/data_collection/share/data_collection/cmake/data_collectionConfig.cmake
[0.564s] -- Installing: /home/rajpurkar/Rahul/UR5-BarAlign-RL-Isaac-sim/ur5_simulation/install/data_collection/share/data_collection/cmake/data_collectionConfig-version.cmake
[0.564s] -- Installing: /home/rajpurkar/Rahul/UR5-BarAlign-RL-Isaac-sim/ur5_simulation/install/data_collection/share/data_collection/package.xml
[0.566s] Invoked command in '/home/rajpurkar/Rahul/UR5-BarAlign-RL-Isaac-sim/ur5_simulation/build/data_collection' returned '0': CMAKE_PREFIX_PATH=/opt/ros/humble /usr/bin/cmake --install /home/rajpurkar/Rahul/UR5-BarAlign-RL-Isaac-sim/ur5_simulation/build/data_collection
