[0.014s] Invoking command in '/home/rajpurkar/Rahul/ur5_simulation/build/ur5_description': CMAKE_PREFIX_PATH=${CMAKE_PREFIX_PATH}:/opt/ros/humble /usr/bin/cmake /home/rajpurkar/Rahul/ur5_simulation/src/ur5_description -DCMAKE_INSTALL_PREFIX=/home/rajpurkar/Rahul/ur5_simulation/install/ur5_description
[0.053s] -- The C compiler identification is GNU 11.4.0
[0.095s] -- The CXX compiler identification is GNU 11.4.0
[0.101s] -- Detecting C compiler ABI info
[0.152s] -- Detecting C compiler ABI info - done
[0.158s] -- Check for working C compiler: /usr/bin/cc - skipped
[0.158s] -- Detecting C compile features
[0.158s] -- Detecting C compile features - done
[0.160s] -- Detecting CXX compiler ABI info
[0.222s] -- Detecting CXX compiler ABI info - done
[0.233s] -- Check for working CXX compiler: /usr/bin/c++ - skipped
[0.233s] -- Detecting CXX compile features
[0.234s] -- Detecting CXX compile features - done
[0.237s] -- Found ament_cmake: 1.3.11 (/opt/ros/humble/share/ament_cmake/cmake)
[0.359s] -- Found Python3: /usr/bin/python3 (found version "3.10.12") found components: Interpreter 
[0.491s] -- Configuring done
[0.494s] -- Generating done
[0.496s] -- Build files have been written to: /home/rajpurkar/Rahul/ur5_simulation/build/ur5_description
[0.500s] Invoked command in '/home/rajpurkar/Rahul/ur5_simulation/build/ur5_description' returned '0': CMAKE_PREFIX_PATH=${CMAKE_PREFIX_PATH}:/opt/ros/humble /usr/bin/cmake /home/rajpurkar/Rahul/ur5_simulation/src/ur5_description -DCMAKE_INSTALL_PREFIX=/home/rajpurkar/Rahul/ur5_simulation/install/ur5_description
[0.502s] Invoking command in '/home/rajpurkar/Rahul/ur5_simulation/build/ur5_description': CMAKE_PREFIX_PATH=${CMAKE_PREFIX_PATH}:/opt/ros/humble /usr/bin/cmake --build /home/rajpurkar/Rahul/ur5_simulation/build/ur5_description -- -j16 -l16
[0.532s] Invoked command in '/home/rajpurkar/Rahul/ur5_simulation/build/ur5_description' returned '0': CMAKE_PREFIX_PATH=${CMAKE_PREFIX_PATH}:/opt/ros/humble /usr/bin/cmake --build /home/rajpurkar/Rahul/ur5_simulation/build/ur5_description -- -j16 -l16
[0.540s] Invoking command in '/home/rajpurkar/Rahul/ur5_simulation/build/ur5_description': CMAKE_PREFIX_PATH=${CMAKE_PREFIX_PATH}:/opt/ros/humble /usr/bin/cmake --install /home/rajpurkar/Rahul/ur5_simulation/build/ur5_description
[0.546s] -- Install configuration: ""
[0.546s] -- Installing: /home/rajpurkar/Rahul/ur5_simulation/install/ur5_description/share/ament_index/resource_index/package_run_dependencies/ur5_description
[0.546s] -- Installing: /home/rajpurkar/Rahul/ur5_simulation/install/ur5_description/share/ament_index/resource_index/parent_prefix_path/ur5_description
[0.546s] -- Installing: /home/rajpurkar/Rahul/ur5_simulation/install/ur5_description/share/ur5_description/environment/ament_prefix_path.sh
[0.546s] -- Installing: /home/rajpurkar/Rahul/ur5_simulation/install/ur5_description/share/ur5_description/environment/ament_prefix_path.dsv
[0.546s] -- Installing: /home/rajpurkar/Rahul/ur5_simulation/install/ur5_description/share/ur5_description/environment/path.sh
[0.546s] -- Installing: /home/rajpurkar/Rahul/ur5_simulation/install/ur5_description/share/ur5_description/environment/path.dsv
[0.546s] -- Installing: /home/rajpurkar/Rahul/ur5_simulation/install/ur5_description/share/ur5_description/local_setup.bash
[0.546s] -- Installing: /home/rajpurkar/Rahul/ur5_simulation/install/ur5_description/share/ur5_description/local_setup.sh
[0.546s] -- Installing: /home/rajpurkar/Rahul/ur5_simulation/install/ur5_description/share/ur5_description/local_setup.zsh
[0.546s] -- Installing: /home/rajpurkar/Rahul/ur5_simulation/install/ur5_description/share/ur5_description/local_setup.dsv
[0.547s] -- Installing: /home/rajpurkar/Rahul/ur5_simulation/install/ur5_description/share/ur5_description/package.dsv
[0.547s] -- Installing: /home/rajpurkar/Rahul/ur5_simulation/install/ur5_description/share/ament_index/resource_index/packages/ur5_description
[0.547s] -- Installing: /home/rajpurkar/Rahul/ur5_simulation/install/ur5_description/share/ur5_description/cmake/ur5_descriptionConfig.cmake
[0.547s] -- Installing: /home/rajpurkar/Rahul/ur5_simulation/install/ur5_description/share/ur5_description/cmake/ur5_descriptionConfig-version.cmake
[0.547s] -- Installing: /home/rajpurkar/Rahul/ur5_simulation/install/ur5_description/share/ur5_description/package.xml
[0.547s] -- Installing: /home/rajpurkar/Rahul/ur5_simulation/install/ur5_description/share/ur5_description/meshes
[0.547s] -- Installing: /home/rajpurkar/Rahul/ur5_simulation/install/ur5_description/share/ur5_description/meshes/visual
[0.547s] -- Installing: /home/rajpurkar/Rahul/ur5_simulation/install/ur5_description/share/ur5_description/meshes/visual/wrist1.dae
[0.548s] -- Installing: /home/rajpurkar/Rahul/ur5_simulation/install/ur5_description/share/ur5_description/meshes/visual/tool_old.dae
[0.548s] -- Installing: /home/rajpurkar/Rahul/ur5_simulation/install/ur5_description/share/ur5_description/meshes/visual/forearm.dae
[0.549s] -- Installing: /home/rajpurkar/Rahul/ur5_simulation/install/ur5_description/share/ur5_description/meshes/visual/shoulder.dae
[0.549s] -- Installing: /home/rajpurkar/Rahul/ur5_simulation/install/ur5_description/share/ur5_description/meshes/visual/base.dae
[0.550s] -- Installing: /home/rajpurkar/Rahul/ur5_simulation/install/ur5_description/share/ur5_description/meshes/visual/upperarm.dae
[0.551s] -- Installing: /home/rajpurkar/Rahul/ur5_simulation/install/ur5_description/share/ur5_description/meshes/visual/wrist2.dae
[0.552s] -- Installing: /home/rajpurkar/Rahul/ur5_simulation/install/ur5_description/share/ur5_description/meshes/visual/ur5_stand.dae
[0.552s] -- Installing: /home/rajpurkar/Rahul/ur5_simulation/install/ur5_description/share/ur5_description/meshes/visual/wrist3.dae
[0.552s] -- Installing: /home/rajpurkar/Rahul/ur5_simulation/install/ur5_description/share/ur5_description/meshes/visual/tool.dae
[0.552s] -- Installing: /home/rajpurkar/Rahul/ur5_simulation/install/ur5_description/share/ur5_description/meshes/collision
[0.552s] -- Installing: /home/rajpurkar/Rahul/ur5_simulation/install/ur5_description/share/ur5_description/meshes/collision/upperarm.stl
[0.552s] -- Installing: /home/rajpurkar/Rahul/ur5_simulation/install/ur5_description/share/ur5_description/meshes/collision/ur5_stand.stl
[0.552s] -- Installing: /home/rajpurkar/Rahul/ur5_simulation/install/ur5_description/share/ur5_description/meshes/collision/forearm.stl
[0.552s] -- Installing: /home/rajpurkar/Rahul/ur5_simulation/install/ur5_description/share/ur5_description/meshes/collision/wrist1.stl
[0.553s] -- Installing: /home/rajpurkar/Rahul/ur5_simulation/install/ur5_description/share/ur5_description/meshes/collision/wrist3.stl
[0.553s] -- Installing: /home/rajpurkar/Rahul/ur5_simulation/install/ur5_description/share/ur5_description/meshes/collision/tool.stl
[0.553s] -- Installing: /home/rajpurkar/Rahul/ur5_simulation/install/ur5_description/share/ur5_description/meshes/collision/base.stl
[0.553s] -- Installing: /home/rajpurkar/Rahul/ur5_simulation/install/ur5_description/share/ur5_description/meshes/collision/shoulder.stl
[0.553s] -- Installing: /home/rajpurkar/Rahul/ur5_simulation/install/ur5_description/share/ur5_description/meshes/collision/wrist2.stl
[0.553s] -- Installing: /home/rajpurkar/Rahul/ur5_simulation/install/ur5_description/share/ur5_description/meshes/collision/tool_old.stl
[0.553s] -- Installing: /home/rajpurkar/Rahul/ur5_simulation/install/ur5_description/share/ur5_description/urdf
[0.553s] -- Installing: /home/rajpurkar/Rahul/ur5_simulation/install/ur5_description/share/ur5_description/urdf/ur5.urdf
[0.553s] -- Installing: /home/rajpurkar/Rahul/ur5_simulation/install/ur5_description/share/ur5_description/urdf/ur5
[0.554s] -- Installing: /home/rajpurkar/Rahul/ur5_simulation/install/ur5_description/share/ur5_description/urdf/ur5/ur5.usd
[0.554s] -- Installing: /home/rajpurkar/Rahul/ur5_simulation/install/ur5_description/share/ur5_description/urdf/ur5/configuration
[0.554s] -- Installing: /home/rajpurkar/Rahul/ur5_simulation/install/ur5_description/share/ur5_description/urdf/ur5/configuration/ur5_sensor.usd
[0.554s] -- Installing: /home/rajpurkar/Rahul/ur5_simulation/install/ur5_description/share/ur5_description/urdf/ur5/configuration/ur5_physics.usd
[0.554s] -- Installing: /home/rajpurkar/Rahul/ur5_simulation/install/ur5_description/share/ur5_description/urdf/ur5/configuration/ur5_base.usd
[0.560s] Invoked command in '/home/rajpurkar/Rahul/ur5_simulation/build/ur5_description' returned '0': CMAKE_PREFIX_PATH=${CMAKE_PREFIX_PATH}:/opt/ros/humble /usr/bin/cmake --install /home/rajpurkar/Rahul/ur5_simulation/build/ur5_description
