[0.019s] Invoking command in '/home/rajpurkar/Rahul/ur5_simulation/build/ur5_description': CMAKE_PREFIX_PATH=${CMAKE_PREFIX_PATH}:/opt/ros/humble /usr/bin/cmake /home/rajpurkar/Rahul/ur5_simulation/src/ur5_description -DCMAKE_INSTALL_PREFIX=/home/rajpurkar/Rahul/ur5_simulation/install/ur5_description
[0.066s] -- The C compiler identification is GNU 11.4.0
[0.122s] -- The CXX compiler identification is GNU 11.4.0
[0.132s] -- Detecting C compiler ABI info
[0.212s] -- Detecting C compiler ABI info - done
[0.226s] -- Check for working C compiler: /usr/bin/cc - skipped
[0.226s] -- Detecting C compile features
[0.227s] -- Detecting C compile features - done
[0.231s] -- Detecting CXX compiler ABI info
[0.311s] -- Detecting CXX compiler ABI info - done
[0.321s] -- Check for working CXX compiler: /usr/bin/c++ - skipped
[0.321s] -- Detecting CXX compile features
[0.321s] -- Detecting CXX compile features - done
[0.324s] -- Found ament_cmake: 1.3.11 (/opt/ros/humble/share/ament_cmake/cmake)
[0.501s] -- Found Python3: /usr/bin/python3 (found version "3.10.12") found components: Interpreter 
[0.685s] -- Configuring done
[0.690s] -- Generating done
[0.693s] -- Build files have been written to: /home/rajpurkar/Rahul/ur5_simulation/build/ur5_description
[0.695s] Invoked command in '/home/rajpurkar/Rahul/ur5_simulation/build/ur5_description' returned '0': CMAKE_PREFIX_PATH=${CMAKE_PREFIX_PATH}:/opt/ros/humble /usr/bin/cmake /home/rajpurkar/Rahul/ur5_simulation/src/ur5_description -DCMAKE_INSTALL_PREFIX=/home/rajpurkar/Rahul/ur5_simulation/install/ur5_description
[0.696s] Invoking command in '/home/rajpurkar/Rahul/ur5_simulation/build/ur5_description': CMAKE_PREFIX_PATH=${CMAKE_PREFIX_PATH}:/opt/ros/humble /usr/bin/cmake --build /home/rajpurkar/Rahul/ur5_simulation/build/ur5_description -- -j16 -l16
[0.745s] Invoked command in '/home/rajpurkar/Rahul/ur5_simulation/build/ur5_description' returned '0': CMAKE_PREFIX_PATH=${CMAKE_PREFIX_PATH}:/opt/ros/humble /usr/bin/cmake --build /home/rajpurkar/Rahul/ur5_simulation/build/ur5_description -- -j16 -l16
[0.746s] Invoking command in '/home/rajpurkar/Rahul/ur5_simulation/build/ur5_description': CMAKE_PREFIX_PATH=${CMAKE_PREFIX_PATH}:/opt/ros/humble /usr/bin/cmake --install /home/rajpurkar/Rahul/ur5_simulation/build/ur5_description
[0.757s] -- Install configuration: ""
[0.758s] -- Installing: /home/rajpurkar/Rahul/ur5_simulation/install/ur5_description/share/ament_index/resource_index/package_run_dependencies/ur5_description
[0.758s] -- Installing: /home/rajpurkar/Rahul/ur5_simulation/install/ur5_description/share/ament_index/resource_index/parent_prefix_path/ur5_description
[0.758s] -- Installing: /home/rajpurkar/Rahul/ur5_simulation/install/ur5_description/share/ur5_description/environment/ament_prefix_path.sh
[0.759s] -- Installing: /home/rajpurkar/Rahul/ur5_simulation/install/ur5_description/share/ur5_description/environment/ament_prefix_path.dsv
[0.759s] -- Installing: /home/rajpurkar/Rahul/ur5_simulation/install/ur5_description/share/ur5_description/environment/path.sh
[0.759s] -- Installing: /home/rajpurkar/Rahul/ur5_simulation/install/ur5_description/share/ur5_description/environment/path.dsv
[0.759s] -- Installing: /home/rajpurkar/Rahul/ur5_simulation/install/ur5_description/share/ur5_description/local_setup.bash
[0.759s] -- Installing: /home/rajpurkar/Rahul/ur5_simulation/install/ur5_description/share/ur5_description/local_setup.sh
[0.759s] -- Installing: /home/rajpurkar/Rahul/ur5_simulation/install/ur5_description/share/ur5_description/local_setup.zsh
[0.759s] -- Installing: /home/rajpurkar/Rahul/ur5_simulation/install/ur5_description/share/ur5_description/local_setup.dsv
[0.759s] -- Installing: /home/rajpurkar/Rahul/ur5_simulation/install/ur5_description/share/ur5_description/package.dsv
[0.760s] -- Installing: /home/rajpurkar/Rahul/ur5_simulation/install/ur5_description/share/ament_index/resource_index/packages/ur5_description
[0.760s] -- Installing: /home/rajpurkar/Rahul/ur5_simulation/install/ur5_description/share/ur5_description/cmake/ur5_descriptionConfig.cmake
[0.760s] -- Installing: /home/rajpurkar/Rahul/ur5_simulation/install/ur5_description/share/ur5_description/cmake/ur5_descriptionConfig-version.cmake
[0.760s] -- Installing: /home/rajpurkar/Rahul/ur5_simulation/install/ur5_description/share/ur5_description/package.xml
[0.760s] -- Installing: /home/rajpurkar/Rahul/ur5_simulation/install/ur5_description/share/ur5_description/meshes
[0.760s] -- Installing: /home/rajpurkar/Rahul/ur5_simulation/install/ur5_description/share/ur5_description/meshes/visual
[0.760s] -- Installing: /home/rajpurkar/Rahul/ur5_simulation/install/ur5_description/share/ur5_description/meshes/visual/wrist1.dae
[0.762s] -- Installing: /home/rajpurkar/Rahul/ur5_simulation/install/ur5_description/share/ur5_description/meshes/visual/tool_old.dae
[0.762s] -- Installing: /home/rajpurkar/Rahul/ur5_simulation/install/ur5_description/share/ur5_description/meshes/visual/forearm.dae
[0.763s] -- Installing: /home/rajpurkar/Rahul/ur5_simulation/install/ur5_description/share/ur5_description/meshes/visual/shoulder.dae
[0.765s] -- Installing: /home/rajpurkar/Rahul/ur5_simulation/install/ur5_description/share/ur5_description/meshes/visual/base.dae
[0.766s] -- Installing: /home/rajpurkar/Rahul/ur5_simulation/install/ur5_description/share/ur5_description/meshes/visual/upperarm.dae
[0.767s] -- Installing: /home/rajpurkar/Rahul/ur5_simulation/install/ur5_description/share/ur5_description/meshes/visual/wrist2.dae
[0.768s] -- Installing: /home/rajpurkar/Rahul/ur5_simulation/install/ur5_description/share/ur5_description/meshes/visual/ur5_stand.dae
[0.768s] -- Installing: /home/rajpurkar/Rahul/ur5_simulation/install/ur5_description/share/ur5_description/meshes/visual/wrist3.dae
[0.768s] -- Installing: /home/rajpurkar/Rahul/ur5_simulation/install/ur5_description/share/ur5_description/meshes/visual/tool.dae
[0.769s] -- Installing: /home/rajpurkar/Rahul/ur5_simulation/install/ur5_description/share/ur5_description/meshes/collision
[0.769s] -- Installing: /home/rajpurkar/Rahul/ur5_simulation/install/ur5_description/share/ur5_description/meshes/collision/upperarm.stl
[0.769s] -- Installing: /home/rajpurkar/Rahul/ur5_simulation/install/ur5_description/share/ur5_description/meshes/collision/ur5_stand.stl
[0.770s] -- Installing: /home/rajpurkar/Rahul/ur5_simulation/install/ur5_description/share/ur5_description/meshes/collision/forearm.stl
[0.770s] -- Installing: /home/rajpurkar/Rahul/ur5_simulation/install/ur5_description/share/ur5_description/meshes/collision/wrist1.stl
[0.770s] -- Installing: /home/rajpurkar/Rahul/ur5_simulation/install/ur5_description/share/ur5_description/meshes/collision/wrist3.stl
[0.770s] -- Installing: /home/rajpurkar/Rahul/ur5_simulation/install/ur5_description/share/ur5_description/meshes/collision/tool.stl
[0.770s] -- Installing: /home/rajpurkar/Rahul/ur5_simulation/install/ur5_description/share/ur5_description/meshes/collision/base.stl
[0.770s] -- Installing: /home/rajpurkar/Rahul/ur5_simulation/install/ur5_description/share/ur5_description/meshes/collision/shoulder.stl
[0.770s] -- Installing: /home/rajpurkar/Rahul/ur5_simulation/install/ur5_description/share/ur5_description/meshes/collision/wrist2.stl
[0.771s] -- Installing: /home/rajpurkar/Rahul/ur5_simulation/install/ur5_description/share/ur5_description/meshes/collision/tool_old.stl
[0.771s] -- Installing: /home/rajpurkar/Rahul/ur5_simulation/install/ur5_description/share/ur5_description/urdf
[0.771s] -- Installing: /home/rajpurkar/Rahul/ur5_simulation/install/ur5_description/share/ur5_description/urdf/ur5.urdf
[0.771s] -- Installing: /home/rajpurkar/Rahul/ur5_simulation/install/ur5_description/share/ur5_description/urdf/ur5
[0.771s] -- Installing: /home/rajpurkar/Rahul/ur5_simulation/install/ur5_description/share/ur5_description/urdf/ur5/ur5.usd
[0.771s] -- Installing: /home/rajpurkar/Rahul/ur5_simulation/install/ur5_description/share/ur5_description/urdf/ur5/configuration
[0.771s] -- Installing: /home/rajpurkar/Rahul/ur5_simulation/install/ur5_description/share/ur5_description/urdf/ur5/configuration/ur5_sensor.usd
[0.771s] -- Installing: /home/rajpurkar/Rahul/ur5_simulation/install/ur5_description/share/ur5_description/urdf/ur5/configuration/ur5_physics.usd
[0.771s] -- Installing: /home/rajpurkar/Rahul/ur5_simulation/install/ur5_description/share/ur5_description/urdf/ur5/configuration/ur5_base.usd
[0.786s] Invoked command in '/home/rajpurkar/Rahul/ur5_simulation/build/ur5_description' returned '0': CMAKE_PREFIX_PATH=${CMAKE_PREFIX_PATH}:/opt/ros/humble /usr/bin/cmake --install /home/rajpurkar/Rahul/ur5_simulation/build/ur5_description
