[0.102s] DEBUG:colcon:Command line arguments: ['/usr/bin/colcon', 'build', '--cmake-clean-cache']
[0.102s] DEBUG:colcon:Parsed command line arguments: Namespace(log_base=None, log_level=None, verb_name='build', build_base='build', install_base='install', merge_install=False, symlink_install=False, test_result_base=None, continue_on_error=False, executor='parallel', parallel_workers=16, event_handlers=None, ignore_user_meta=False, metas=['./colcon.meta'], base_paths=['.'], packages_ignore=None, packages_ignore_regex=None, paths=None, packages_up_to=None, packages_up_to_regex=None, packages_above=None, packages_above_and_dependencies=None, packages_above_depth=None, packages_select_by_dep=None, packages_skip_by_dep=None, packages_skip_up_to=None, packages_select_build_failed=False, packages_skip_build_finished=False, packages_select_test_failures=False, packages_skip_test_passed=False, packages_select=None, packages_skip=None, packages_select_regex=None, packages_skip_regex=None, packages_start=None, packages_end=None, allow_overriding=[], cmake_args=None, cmake_target=None, cmake_target_skip_unavailable=False, cmake_clean_cache=True, cmake_clean_first=False, cmake_force_configure=False, ament_cmake_args=None, catkin_cmake_args=None, catkin_skip_building_tests=False, mixin_files=None, mixin=None, verb_parser=<colcon_mixin.mixin.mixin_argument.MixinArgumentDecorator object at 0x75d7a9f47310>, verb_extension=<colcon_core.verb.build.BuildVerb object at 0x75d7aa0b0cd0>, main=<bound method BuildVerb.main of <colcon_core.verb.build.BuildVerb object at 0x75d7aa0b0cd0>>, mixin_verb=('build',))
[0.290s] Level 1:colcon.colcon_core.package_discovery:discover_packages(colcon_meta) check parameters
[0.290s] Level 1:colcon.colcon_core.package_discovery:discover_packages(recursive) check parameters
[0.290s] Level 1:colcon.colcon_core.package_discovery:discover_packages(ignore) check parameters
[0.290s] Level 1:colcon.colcon_core.package_discovery:discover_packages(path) check parameters
[0.290s] Level 1:colcon.colcon_core.package_discovery:discover_packages(colcon_meta) discover
[0.290s] Level 1:colcon.colcon_core.package_discovery:discover_packages(recursive) discover
[0.290s] INFO:colcon.colcon_core.package_discovery:Crawling recursively for packages in '/home/rajpurkar/Rahul/ur5_simulation'
[0.290s] Level 1:colcon.colcon_core.package_identification:_identify(.) by extensions ['ignore', 'ignore_ament_install']
[0.290s] Level 1:colcon.colcon_core.package_identification:_identify(.) by extension 'ignore'
[0.291s] Level 1:colcon.colcon_core.package_identification:_identify(.) by extension 'ignore_ament_install'
[0.291s] Level 1:colcon.colcon_core.package_identification:_identify(.) by extensions ['colcon_pkg']
[0.291s] Level 1:colcon.colcon_core.package_identification:_identify(.) by extension 'colcon_pkg'
[0.291s] Level 1:colcon.colcon_core.package_identification:_identify(.) by extensions ['colcon_meta']
[0.291s] Level 1:colcon.colcon_core.package_identification:_identify(.) by extension 'colcon_meta'
[0.291s] Level 1:colcon.colcon_core.package_identification:_identify(.) by extensions ['ros']
[0.291s] Level 1:colcon.colcon_core.package_identification:_identify(.) by extension 'ros'
[0.302s] Level 1:colcon.colcon_core.package_identification:_identify(.) by extensions ['cmake', 'python']
[0.303s] Level 1:colcon.colcon_core.package_identification:_identify(.) by extension 'cmake'
[0.303s] Level 1:colcon.colcon_core.package_identification:_identify(.) by extension 'python'
[0.303s] Level 1:colcon.colcon_core.package_identification:_identify(.) by extensions ['python_setup_py']
[0.303s] Level 1:colcon.colcon_core.package_identification:_identify(.) by extension 'python_setup_py'
[0.303s] Level 1:colcon.colcon_core.package_identification:_identify(build) by extensions ['ignore', 'ignore_ament_install']
[0.303s] Level 1:colcon.colcon_core.package_identification:_identify(build) by extension 'ignore'
[0.303s] Level 1:colcon.colcon_core.package_identification:_identify(build) ignored
[0.303s] Level 1:colcon.colcon_core.package_identification:_identify(configuration) by extensions ['ignore', 'ignore_ament_install']
[0.303s] Level 1:colcon.colcon_core.package_identification:_identify(configuration) by extension 'ignore'
[0.303s] Level 1:colcon.colcon_core.package_identification:_identify(configuration) by extension 'ignore_ament_install'
[0.303s] Level 1:colcon.colcon_core.package_identification:_identify(configuration) by extensions ['colcon_pkg']
[0.303s] Level 1:colcon.colcon_core.package_identification:_identify(configuration) by extension 'colcon_pkg'
[0.303s] Level 1:colcon.colcon_core.package_identification:_identify(configuration) by extensions ['colcon_meta']
[0.303s] Level 1:colcon.colcon_core.package_identification:_identify(configuration) by extension 'colcon_meta'
[0.304s] Level 1:colcon.colcon_core.package_identification:_identify(configuration) by extensions ['ros']
[0.304s] Level 1:colcon.colcon_core.package_identification:_identify(configuration) by extension 'ros'
[0.304s] Level 1:colcon.colcon_core.package_identification:_identify(configuration) by extensions ['cmake', 'python']
[0.304s] Level 1:colcon.colcon_core.package_identification:_identify(configuration) by extension 'cmake'
[0.304s] Level 1:colcon.colcon_core.package_identification:_identify(configuration) by extension 'python'
[0.304s] Level 1:colcon.colcon_core.package_identification:_identify(configuration) by extensions ['python_setup_py']
[0.304s] Level 1:colcon.colcon_core.package_identification:_identify(configuration) by extension 'python_setup_py'
[0.304s] Level 1:colcon.colcon_core.package_identification:_identify(images) by extensions ['ignore', 'ignore_ament_install']
[0.304s] Level 1:colcon.colcon_core.package_identification:_identify(images) by extension 'ignore'
[0.304s] Level 1:colcon.colcon_core.package_identification:_identify(images) by extension 'ignore_ament_install'
[0.304s] Level 1:colcon.colcon_core.package_identification:_identify(images) by extensions ['colcon_pkg']
[0.304s] Level 1:colcon.colcon_core.package_identification:_identify(images) by extension 'colcon_pkg'
[0.304s] Level 1:colcon.colcon_core.package_identification:_identify(images) by extensions ['colcon_meta']
[0.304s] Level 1:colcon.colcon_core.package_identification:_identify(images) by extension 'colcon_meta'
[0.304s] Level 1:colcon.colcon_core.package_identification:_identify(images) by extensions ['ros']
[0.304s] Level 1:colcon.colcon_core.package_identification:_identify(images) by extension 'ros'
[0.304s] Level 1:colcon.colcon_core.package_identification:_identify(images) by extensions ['cmake', 'python']
[0.304s] Level 1:colcon.colcon_core.package_identification:_identify(images) by extension 'cmake'
[0.304s] Level 1:colcon.colcon_core.package_identification:_identify(images) by extension 'python'
[0.304s] Level 1:colcon.colcon_core.package_identification:_identify(images) by extensions ['python_setup_py']
[0.304s] Level 1:colcon.colcon_core.package_identification:_identify(images) by extension 'python_setup_py'
[0.304s] Level 1:colcon.colcon_core.package_identification:_identify(install) by extensions ['ignore', 'ignore_ament_install']
[0.304s] Level 1:colcon.colcon_core.package_identification:_identify(install) by extension 'ignore'
[0.305s] Level 1:colcon.colcon_core.package_identification:_identify(install) ignored
[0.305s] Level 1:colcon.colcon_core.package_identification:_identify(lerobot_related) by extensions ['ignore', 'ignore_ament_install']
[0.305s] Level 1:colcon.colcon_core.package_identification:_identify(lerobot_related) by extension 'ignore'
[0.305s] Level 1:colcon.colcon_core.package_identification:_identify(lerobot_related) by extension 'ignore_ament_install'
[0.305s] Level 1:colcon.colcon_core.package_identification:_identify(lerobot_related) by extensions ['colcon_pkg']
[0.305s] Level 1:colcon.colcon_core.package_identification:_identify(lerobot_related) by extension 'colcon_pkg'
[0.305s] Level 1:colcon.colcon_core.package_identification:_identify(lerobot_related) by extensions ['colcon_meta']
[0.305s] Level 1:colcon.colcon_core.package_identification:_identify(lerobot_related) by extension 'colcon_meta'
[0.305s] Level 1:colcon.colcon_core.package_identification:_identify(lerobot_related) by extensions ['ros']
[0.305s] Level 1:colcon.colcon_core.package_identification:_identify(lerobot_related) by extension 'ros'
[0.305s] Level 1:colcon.colcon_core.package_identification:_identify(lerobot_related) by extensions ['cmake', 'python']
[0.305s] Level 1:colcon.colcon_core.package_identification:_identify(lerobot_related) by extension 'cmake'
[0.305s] Level 1:colcon.colcon_core.package_identification:_identify(lerobot_related) by extension 'python'
[0.305s] Level 1:colcon.colcon_core.package_identification:_identify(lerobot_related) by extensions ['python_setup_py']
[0.305s] Level 1:colcon.colcon_core.package_identification:_identify(lerobot_related) by extension 'python_setup_py'
[0.305s] Level 1:colcon.colcon_core.package_identification:_identify(log) by extensions ['ignore', 'ignore_ament_install']
[0.305s] Level 1:colcon.colcon_core.package_identification:_identify(log) by extension 'ignore'
[0.305s] Level 1:colcon.colcon_core.package_identification:_identify(log) ignored
[0.305s] Level 1:colcon.colcon_core.package_identification:_identify(simple_table) by extensions ['ignore', 'ignore_ament_install']
[0.305s] Level 1:colcon.colcon_core.package_identification:_identify(simple_table) by extension 'ignore'
[0.305s] Level 1:colcon.colcon_core.package_identification:_identify(simple_table) by extension 'ignore_ament_install'
[0.306s] Level 1:colcon.colcon_core.package_identification:_identify(simple_table) by extensions ['colcon_pkg']
[0.306s] Level 1:colcon.colcon_core.package_identification:_identify(simple_table) by extension 'colcon_pkg'
[0.306s] Level 1:colcon.colcon_core.package_identification:_identify(simple_table) by extensions ['colcon_meta']
[0.306s] Level 1:colcon.colcon_core.package_identification:_identify(simple_table) by extension 'colcon_meta'
[0.306s] Level 1:colcon.colcon_core.package_identification:_identify(simple_table) by extensions ['ros']
[0.306s] Level 1:colcon.colcon_core.package_identification:_identify(simple_table) by extension 'ros'
[0.306s] Level 1:colcon.colcon_core.package_identification:_identify(simple_table) by extensions ['cmake', 'python']
[0.306s] Level 1:colcon.colcon_core.package_identification:_identify(simple_table) by extension 'cmake'
[0.306s] Level 1:colcon.colcon_core.package_identification:_identify(simple_table) by extension 'python'
[0.306s] Level 1:colcon.colcon_core.package_identification:_identify(simple_table) by extensions ['python_setup_py']
[0.306s] Level 1:colcon.colcon_core.package_identification:_identify(simple_table) by extension 'python_setup_py'
[0.306s] Level 1:colcon.colcon_core.package_identification:_identify(simple_table/simple_table) by extensions ['ignore', 'ignore_ament_install']
[0.306s] Level 1:colcon.colcon_core.package_identification:_identify(simple_table/simple_table) by extension 'ignore'
[0.306s] Level 1:colcon.colcon_core.package_identification:_identify(simple_table/simple_table) by extension 'ignore_ament_install'
[0.306s] Level 1:colcon.colcon_core.package_identification:_identify(simple_table/simple_table) by extensions ['colcon_pkg']
[0.306s] Level 1:colcon.colcon_core.package_identification:_identify(simple_table/simple_table) by extension 'colcon_pkg'
[0.306s] Level 1:colcon.colcon_core.package_identification:_identify(simple_table/simple_table) by extensions ['colcon_meta']
[0.306s] Level 1:colcon.colcon_core.package_identification:_identify(simple_table/simple_table) by extension 'colcon_meta'
[0.306s] Level 1:colcon.colcon_core.package_identification:_identify(simple_table/simple_table) by extensions ['ros']
[0.306s] Level 1:colcon.colcon_core.package_identification:_identify(simple_table/simple_table) by extension 'ros'
[0.306s] Level 1:colcon.colcon_core.package_identification:_identify(simple_table/simple_table) by extensions ['cmake', 'python']
[0.306s] Level 1:colcon.colcon_core.package_identification:_identify(simple_table/simple_table) by extension 'cmake'
[0.307s] Level 1:colcon.colcon_core.package_identification:_identify(simple_table/simple_table) by extension 'python'
[0.307s] Level 1:colcon.colcon_core.package_identification:_identify(simple_table/simple_table) by extensions ['python_setup_py']
[0.307s] Level 1:colcon.colcon_core.package_identification:_identify(simple_table/simple_table) by extension 'python_setup_py'
[0.307s] Level 1:colcon.colcon_core.package_identification:_identify(simple_table/simple_table/configuration) by extensions ['ignore', 'ignore_ament_install']
[0.307s] Level 1:colcon.colcon_core.package_identification:_identify(simple_table/simple_table/configuration) by extension 'ignore'
[0.307s] Level 1:colcon.colcon_core.package_identification:_identify(simple_table/simple_table/configuration) by extension 'ignore_ament_install'
[0.307s] Level 1:colcon.colcon_core.package_identification:_identify(simple_table/simple_table/configuration) by extensions ['colcon_pkg']
[0.307s] Level 1:colcon.colcon_core.package_identification:_identify(simple_table/simple_table/configuration) by extension 'colcon_pkg'
[0.307s] Level 1:colcon.colcon_core.package_identification:_identify(simple_table/simple_table/configuration) by extensions ['colcon_meta']
[0.307s] Level 1:colcon.colcon_core.package_identification:_identify(simple_table/simple_table/configuration) by extension 'colcon_meta'
[0.307s] Level 1:colcon.colcon_core.package_identification:_identify(simple_table/simple_table/configuration) by extensions ['ros']
[0.307s] Level 1:colcon.colcon_core.package_identification:_identify(simple_table/simple_table/configuration) by extension 'ros'
[0.307s] Level 1:colcon.colcon_core.package_identification:_identify(simple_table/simple_table/configuration) by extensions ['cmake', 'python']
[0.307s] Level 1:colcon.colcon_core.package_identification:_identify(simple_table/simple_table/configuration) by extension 'cmake'
[0.307s] Level 1:colcon.colcon_core.package_identification:_identify(simple_table/simple_table/configuration) by extension 'python'
[0.307s] Level 1:colcon.colcon_core.package_identification:_identify(simple_table/simple_table/configuration) by extensions ['python_setup_py']
[0.307s] Level 1:colcon.colcon_core.package_identification:_identify(simple_table/simple_table/configuration) by extension 'python_setup_py'
[0.307s] Level 1:colcon.colcon_core.package_identification:_identify(simple_table/simple_table/configuration/materials) by extensions ['ignore', 'ignore_ament_install']
[0.307s] Level 1:colcon.colcon_core.package_identification:_identify(simple_table/simple_table/configuration/materials) by extension 'ignore'
[0.307s] Level 1:colcon.colcon_core.package_identification:_identify(simple_table/simple_table/configuration/materials) by extension 'ignore_ament_install'
[0.307s] Level 1:colcon.colcon_core.package_identification:_identify(simple_table/simple_table/configuration/materials) by extensions ['colcon_pkg']
[0.308s] Level 1:colcon.colcon_core.package_identification:_identify(simple_table/simple_table/configuration/materials) by extension 'colcon_pkg'
[0.308s] Level 1:colcon.colcon_core.package_identification:_identify(simple_table/simple_table/configuration/materials) by extensions ['colcon_meta']
[0.308s] Level 1:colcon.colcon_core.package_identification:_identify(simple_table/simple_table/configuration/materials) by extension 'colcon_meta'
[0.308s] Level 1:colcon.colcon_core.package_identification:_identify(simple_table/simple_table/configuration/materials) by extensions ['ros']
[0.308s] Level 1:colcon.colcon_core.package_identification:_identify(simple_table/simple_table/configuration/materials) by extension 'ros'
[0.308s] Level 1:colcon.colcon_core.package_identification:_identify(simple_table/simple_table/configuration/materials) by extensions ['cmake', 'python']
[0.308s] Level 1:colcon.colcon_core.package_identification:_identify(simple_table/simple_table/configuration/materials) by extension 'cmake'
[0.308s] Level 1:colcon.colcon_core.package_identification:_identify(simple_table/simple_table/configuration/materials) by extension 'python'
[0.308s] Level 1:colcon.colcon_core.package_identification:_identify(simple_table/simple_table/configuration/materials) by extensions ['python_setup_py']
[0.308s] Level 1:colcon.colcon_core.package_identification:_identify(simple_table/simple_table/configuration/materials) by extension 'python_setup_py'
[0.308s] Level 1:colcon.colcon_core.package_identification:_identify(simple_table/simple_table/configuration/materials/textures) by extensions ['ignore', 'ignore_ament_install']
[0.308s] Level 1:colcon.colcon_core.package_identification:_identify(simple_table/simple_table/configuration/materials/textures) by extension 'ignore'
[0.308s] Level 1:colcon.colcon_core.package_identification:_identify(simple_table/simple_table/configuration/materials/textures) by extension 'ignore_ament_install'
[0.308s] Level 1:colcon.colcon_core.package_identification:_identify(simple_table/simple_table/configuration/materials/textures) by extensions ['colcon_pkg']
[0.308s] Level 1:colcon.colcon_core.package_identification:_identify(simple_table/simple_table/configuration/materials/textures) by extension 'colcon_pkg'
[0.308s] Level 1:colcon.colcon_core.package_identification:_identify(simple_table/simple_table/configuration/materials/textures) by extensions ['colcon_meta']
[0.308s] Level 1:colcon.colcon_core.package_identification:_identify(simple_table/simple_table/configuration/materials/textures) by extension 'colcon_meta'
[0.308s] Level 1:colcon.colcon_core.package_identification:_identify(simple_table/simple_table/configuration/materials/textures) by extensions ['ros']
[0.308s] Level 1:colcon.colcon_core.package_identification:_identify(simple_table/simple_table/configuration/materials/textures) by extension 'ros'
[0.309s] Level 1:colcon.colcon_core.package_identification:_identify(simple_table/simple_table/configuration/materials/textures) by extensions ['cmake', 'python']
[0.309s] Level 1:colcon.colcon_core.package_identification:_identify(simple_table/simple_table/configuration/materials/textures) by extension 'cmake'
[0.309s] Level 1:colcon.colcon_core.package_identification:_identify(simple_table/simple_table/configuration/materials/textures) by extension 'python'
[0.309s] Level 1:colcon.colcon_core.package_identification:_identify(simple_table/simple_table/configuration/materials/textures) by extensions ['python_setup_py']
[0.309s] Level 1:colcon.colcon_core.package_identification:_identify(simple_table/simple_table/configuration/materials/textures) by extension 'python_setup_py'
[0.309s] Level 1:colcon.colcon_core.package_identification:_identify(src) by extensions ['ignore', 'ignore_ament_install']
[0.309s] Level 1:colcon.colcon_core.package_identification:_identify(src) by extension 'ignore'
[0.309s] Level 1:colcon.colcon_core.package_identification:_identify(src) by extension 'ignore_ament_install'
[0.309s] Level 1:colcon.colcon_core.package_identification:_identify(src) by extensions ['colcon_pkg']
[0.309s] Level 1:colcon.colcon_core.package_identification:_identify(src) by extension 'colcon_pkg'
[0.309s] Level 1:colcon.colcon_core.package_identification:_identify(src) by extensions ['colcon_meta']
[0.309s] Level 1:colcon.colcon_core.package_identification:_identify(src) by extension 'colcon_meta'
[0.309s] Level 1:colcon.colcon_core.package_identification:_identify(src) by extensions ['ros']
[0.309s] Level 1:colcon.colcon_core.package_identification:_identify(src) by extension 'ros'
[0.309s] Level 1:colcon.colcon_core.package_identification:_identify(src) by extensions ['cmake', 'python']
[0.309s] Level 1:colcon.colcon_core.package_identification:_identify(src) by extension 'cmake'
[0.309s] Level 1:colcon.colcon_core.package_identification:_identify(src) by extension 'python'
[0.309s] Level 1:colcon.colcon_core.package_identification:_identify(src) by extensions ['python_setup_py']
[0.309s] Level 1:colcon.colcon_core.package_identification:_identify(src) by extension 'python_setup_py'
[0.310s] Level 1:colcon.colcon_core.package_identification:_identify(src/data_collection) by extensions ['ignore', 'ignore_ament_install']
[0.310s] Level 1:colcon.colcon_core.package_identification:_identify(src/data_collection) by extension 'ignore'
[0.310s] Level 1:colcon.colcon_core.package_identification:_identify(src/data_collection) by extension 'ignore_ament_install'
[0.310s] Level 1:colcon.colcon_core.package_identification:_identify(src/data_collection) by extensions ['colcon_pkg']
[0.310s] Level 1:colcon.colcon_core.package_identification:_identify(src/data_collection) by extension 'colcon_pkg'
[0.310s] Level 1:colcon.colcon_core.package_identification:_identify(src/data_collection) by extensions ['colcon_meta']
[0.310s] Level 1:colcon.colcon_core.package_identification:_identify(src/data_collection) by extension 'colcon_meta'
[0.310s] Level 1:colcon.colcon_core.package_identification:_identify(src/data_collection) by extensions ['ros']
[0.310s] Level 1:colcon.colcon_core.package_identification:_identify(src/data_collection) by extension 'ros'
[0.321s] DEBUG:colcon.colcon_core.package_identification:Package 'src/data_collection' with type 'ros.ament_cmake' and name 'data_collection'
[0.321s] Level 1:colcon.colcon_core.package_identification:_identify(src/moveit_servo) by extensions ['ignore', 'ignore_ament_install']
[0.321s] Level 1:colcon.colcon_core.package_identification:_identify(src/moveit_servo) by extension 'ignore'
[0.321s] Level 1:colcon.colcon_core.package_identification:_identify(src/moveit_servo) by extension 'ignore_ament_install'
[0.321s] Level 1:colcon.colcon_core.package_identification:_identify(src/moveit_servo) by extensions ['colcon_pkg']
[0.321s] Level 1:colcon.colcon_core.package_identification:_identify(src/moveit_servo) by extension 'colcon_pkg'
[0.321s] Level 1:colcon.colcon_core.package_identification:_identify(src/moveit_servo) by extensions ['colcon_meta']
[0.321s] Level 1:colcon.colcon_core.package_identification:_identify(src/moveit_servo) by extension 'colcon_meta'
[0.322s] Level 1:colcon.colcon_core.package_identification:_identify(src/moveit_servo) by extensions ['ros']
[0.322s] Level 1:colcon.colcon_core.package_identification:_identify(src/moveit_servo) by extension 'ros'
[0.323s] DEBUG:colcon.colcon_core.package_identification:Package 'src/moveit_servo' with type 'ros.ament_cmake' and name 'moveit_servo'
[0.323s] Level 1:colcon.colcon_core.package_identification:_identify(src/ur5_description) by extensions ['ignore', 'ignore_ament_install']
[0.323s] Level 1:colcon.colcon_core.package_identification:_identify(src/ur5_description) by extension 'ignore'
[0.323s] Level 1:colcon.colcon_core.package_identification:_identify(src/ur5_description) by extension 'ignore_ament_install'
[0.324s] Level 1:colcon.colcon_core.package_identification:_identify(src/ur5_description) by extensions ['colcon_pkg']
[0.324s] Level 1:colcon.colcon_core.package_identification:_identify(src/ur5_description) by extension 'colcon_pkg'
[0.324s] Level 1:colcon.colcon_core.package_identification:_identify(src/ur5_description) by extensions ['colcon_meta']
[0.324s] Level 1:colcon.colcon_core.package_identification:_identify(src/ur5_description) by extension 'colcon_meta'
[0.324s] Level 1:colcon.colcon_core.package_identification:_identify(src/ur5_description) by extensions ['ros']
[0.324s] Level 1:colcon.colcon_core.package_identification:_identify(src/ur5_description) by extension 'ros'
[0.324s] DEBUG:colcon.colcon_core.package_identification:Package 'src/ur5_description' with type 'ros.ament_cmake' and name 'ur5_description'
[0.324s] Level 1:colcon.colcon_core.package_identification:_identify(src/ur5_moveit_config) by extensions ['ignore', 'ignore_ament_install']
[0.324s] Level 1:colcon.colcon_core.package_identification:_identify(src/ur5_moveit_config) by extension 'ignore'
[0.324s] Level 1:colcon.colcon_core.package_identification:_identify(src/ur5_moveit_config) by extension 'ignore_ament_install'
[0.324s] Level 1:colcon.colcon_core.package_identification:_identify(src/ur5_moveit_config) by extensions ['colcon_pkg']
[0.324s] Level 1:colcon.colcon_core.package_identification:_identify(src/ur5_moveit_config) by extension 'colcon_pkg'
[0.324s] Level 1:colcon.colcon_core.package_identification:_identify(src/ur5_moveit_config) by extensions ['colcon_meta']
[0.325s] Level 1:colcon.colcon_core.package_identification:_identify(src/ur5_moveit_config) by extension 'colcon_meta'
[0.325s] Level 1:colcon.colcon_core.package_identification:_identify(src/ur5_moveit_config) by extensions ['ros']
[0.325s] Level 1:colcon.colcon_core.package_identification:_identify(src/ur5_moveit_config) by extension 'ros'
[0.325s] DEBUG:colcon.colcon_core.package_identification:Package 'src/ur5_moveit_config' with type 'ros.ament_cmake' and name 'ur5_moveit_config'
[0.326s] Level 1:colcon.colcon_core.package_identification:_identify(tbar) by extensions ['ignore', 'ignore_ament_install']
[0.326s] Level 1:colcon.colcon_core.package_identification:_identify(tbar) by extension 'ignore'
[0.326s] Level 1:colcon.colcon_core.package_identification:_identify(tbar) by extension 'ignore_ament_install'
[0.326s] Level 1:colcon.colcon_core.package_identification:_identify(tbar) by extensions ['colcon_pkg']
[0.326s] Level 1:colcon.colcon_core.package_identification:_identify(tbar) by extension 'colcon_pkg'
[0.326s] Level 1:colcon.colcon_core.package_identification:_identify(tbar) by extensions ['colcon_meta']
[0.326s] Level 1:colcon.colcon_core.package_identification:_identify(tbar) by extension 'colcon_meta'
[0.326s] Level 1:colcon.colcon_core.package_identification:_identify(tbar) by extensions ['ros']
[0.326s] Level 1:colcon.colcon_core.package_identification:_identify(tbar) by extension 'ros'
[0.326s] Level 1:colcon.colcon_core.package_identification:_identify(tbar) by extensions ['cmake', 'python']
[0.326s] Level 1:colcon.colcon_core.package_identification:_identify(tbar) by extension 'cmake'
[0.326s] Level 1:colcon.colcon_core.package_identification:_identify(tbar) by extension 'python'
[0.326s] Level 1:colcon.colcon_core.package_identification:_identify(tbar) by extensions ['python_setup_py']
[0.326s] Level 1:colcon.colcon_core.package_identification:_identify(tbar) by extension 'python_setup_py'
[0.326s] Level 1:colcon.colcon_core.package_identification:_identify(tbar/tbar) by extensions ['ignore', 'ignore_ament_install']
[0.326s] Level 1:colcon.colcon_core.package_identification:_identify(tbar/tbar) by extension 'ignore'
[0.326s] Level 1:colcon.colcon_core.package_identification:_identify(tbar/tbar) by extension 'ignore_ament_install'
[0.327s] Level 1:colcon.colcon_core.package_identification:_identify(tbar/tbar) by extensions ['colcon_pkg']
[0.327s] Level 1:colcon.colcon_core.package_identification:_identify(tbar/tbar) by extension 'colcon_pkg'
[0.327s] Level 1:colcon.colcon_core.package_identification:_identify(tbar/tbar) by extensions ['colcon_meta']
[0.327s] Level 1:colcon.colcon_core.package_identification:_identify(tbar/tbar) by extension 'colcon_meta'
[0.327s] Level 1:colcon.colcon_core.package_identification:_identify(tbar/tbar) by extensions ['ros']
[0.327s] Level 1:colcon.colcon_core.package_identification:_identify(tbar/tbar) by extension 'ros'
[0.327s] Level 1:colcon.colcon_core.package_identification:_identify(tbar/tbar) by extensions ['cmake', 'python']
[0.327s] Level 1:colcon.colcon_core.package_identification:_identify(tbar/tbar) by extension 'cmake'
[0.327s] Level 1:colcon.colcon_core.package_identification:_identify(tbar/tbar) by extension 'python'
[0.327s] Level 1:colcon.colcon_core.package_identification:_identify(tbar/tbar) by extensions ['python_setup_py']
[0.327s] Level 1:colcon.colcon_core.package_identification:_identify(tbar/tbar) by extension 'python_setup_py'
[0.327s] Level 1:colcon.colcon_core.package_identification:_identify(tbar/tbar/configuration) by extensions ['ignore', 'ignore_ament_install']
[0.327s] Level 1:colcon.colcon_core.package_identification:_identify(tbar/tbar/configuration) by extension 'ignore'
[0.327s] Level 1:colcon.colcon_core.package_identification:_identify(tbar/tbar/configuration) by extension 'ignore_ament_install'
[0.327s] Level 1:colcon.colcon_core.package_identification:_identify(tbar/tbar/configuration) by extensions ['colcon_pkg']
[0.327s] Level 1:colcon.colcon_core.package_identification:_identify(tbar/tbar/configuration) by extension 'colcon_pkg'
[0.327s] Level 1:colcon.colcon_core.package_identification:_identify(tbar/tbar/configuration) by extensions ['colcon_meta']
[0.327s] Level 1:colcon.colcon_core.package_identification:_identify(tbar/tbar/configuration) by extension 'colcon_meta'
[0.327s] Level 1:colcon.colcon_core.package_identification:_identify(tbar/tbar/configuration) by extensions ['ros']
[0.327s] Level 1:colcon.colcon_core.package_identification:_identify(tbar/tbar/configuration) by extension 'ros'
[0.327s] Level 1:colcon.colcon_core.package_identification:_identify(tbar/tbar/configuration) by extensions ['cmake', 'python']
[0.327s] Level 1:colcon.colcon_core.package_identification:_identify(tbar/tbar/configuration) by extension 'cmake'
[0.327s] Level 1:colcon.colcon_core.package_identification:_identify(tbar/tbar/configuration) by extension 'python'
[0.327s] Level 1:colcon.colcon_core.package_identification:_identify(tbar/tbar/configuration) by extensions ['python_setup_py']
[0.327s] Level 1:colcon.colcon_core.package_identification:_identify(tbar/tbar/configuration) by extension 'python_setup_py'
[0.328s] Level 1:colcon.colcon_core.package_identification:_identify(training_data) by extensions ['ignore', 'ignore_ament_install']
[0.328s] Level 1:colcon.colcon_core.package_identification:_identify(training_data) by extension 'ignore'
[0.328s] Level 1:colcon.colcon_core.package_identification:_identify(training_data) by extension 'ignore_ament_install'
[0.328s] Level 1:colcon.colcon_core.package_identification:_identify(training_data) by extensions ['colcon_pkg']
[0.328s] Level 1:colcon.colcon_core.package_identification:_identify(training_data) by extension 'colcon_pkg'
[0.328s] Level 1:colcon.colcon_core.package_identification:_identify(training_data) by extensions ['colcon_meta']
[0.328s] Level 1:colcon.colcon_core.package_identification:_identify(training_data) by extension 'colcon_meta'
[0.328s] Level 1:colcon.colcon_core.package_identification:_identify(training_data) by extensions ['ros']
[0.328s] Level 1:colcon.colcon_core.package_identification:_identify(training_data) by extension 'ros'
[0.328s] Level 1:colcon.colcon_core.package_identification:_identify(training_data) by extensions ['cmake', 'python']
[0.328s] Level 1:colcon.colcon_core.package_identification:_identify(training_data) by extension 'cmake'
[0.328s] Level 1:colcon.colcon_core.package_identification:_identify(training_data) by extension 'python'
[0.328s] Level 1:colcon.colcon_core.package_identification:_identify(training_data) by extensions ['python_setup_py']
[0.328s] Level 1:colcon.colcon_core.package_identification:_identify(training_data) by extension 'python_setup_py'
[0.328s] Level 1:colcon.colcon_core.package_identification:_identify(training_data/lerobot) by extensions ['ignore', 'ignore_ament_install']
[0.328s] Level 1:colcon.colcon_core.package_identification:_identify(training_data/lerobot) by extension 'ignore'
[0.328s] Level 1:colcon.colcon_core.package_identification:_identify(training_data/lerobot) by extension 'ignore_ament_install'
[0.328s] Level 1:colcon.colcon_core.package_identification:_identify(training_data/lerobot) by extensions ['colcon_pkg']
[0.328s] Level 1:colcon.colcon_core.package_identification:_identify(training_data/lerobot) by extension 'colcon_pkg'
[0.328s] Level 1:colcon.colcon_core.package_identification:_identify(training_data/lerobot) by extensions ['colcon_meta']
[0.328s] Level 1:colcon.colcon_core.package_identification:_identify(training_data/lerobot) by extension 'colcon_meta'
[0.328s] Level 1:colcon.colcon_core.package_identification:_identify(training_data/lerobot) by extensions ['ros']
[0.328s] Level 1:colcon.colcon_core.package_identification:_identify(training_data/lerobot) by extension 'ros'
[0.328s] Level 1:colcon.colcon_core.package_identification:_identify(training_data/lerobot) by extensions ['cmake', 'python']
[0.328s] Level 1:colcon.colcon_core.package_identification:_identify(training_data/lerobot) by extension 'cmake'
[0.329s] Level 1:colcon.colcon_core.package_identification:_identify(training_data/lerobot) by extension 'python'
[0.329s] Level 1:colcon.colcon_core.package_identification:_identify(training_data/lerobot) by extensions ['python_setup_py']
[0.329s] Level 1:colcon.colcon_core.package_identification:_identify(training_data/lerobot) by extension 'python_setup_py'
[0.329s] Level 1:colcon.colcon_core.package_identification:_identify(training_data/lerobot/my_pusht) by extensions ['ignore', 'ignore_ament_install']
[0.329s] Level 1:colcon.colcon_core.package_identification:_identify(training_data/lerobot/my_pusht) by extension 'ignore'
[0.329s] Level 1:colcon.colcon_core.package_identification:_identify(training_data/lerobot/my_pusht) by extension 'ignore_ament_install'
[0.329s] Level 1:colcon.colcon_core.package_identification:_identify(training_data/lerobot/my_pusht) by extensions ['colcon_pkg']
[0.329s] Level 1:colcon.colcon_core.package_identification:_identify(training_data/lerobot/my_pusht) by extension 'colcon_pkg'
[0.329s] Level 1:colcon.colcon_core.package_identification:_identify(training_data/lerobot/my_pusht) by extensions ['colcon_meta']
[0.329s] Level 1:colcon.colcon_core.package_identification:_identify(training_data/lerobot/my_pusht) by extension 'colcon_meta'
[0.329s] Level 1:colcon.colcon_core.package_identification:_identify(training_data/lerobot/my_pusht) by extensions ['ros']
[0.329s] Level 1:colcon.colcon_core.package_identification:_identify(training_data/lerobot/my_pusht) by extension 'ros'
[0.329s] Level 1:colcon.colcon_core.package_identification:_identify(training_data/lerobot/my_pusht) by extensions ['cmake', 'python']
[0.329s] Level 1:colcon.colcon_core.package_identification:_identify(training_data/lerobot/my_pusht) by extension 'cmake'
[0.329s] Level 1:colcon.colcon_core.package_identification:_identify(training_data/lerobot/my_pusht) by extension 'python'
[0.329s] Level 1:colcon.colcon_core.package_identification:_identify(training_data/lerobot/my_pusht) by extensions ['python_setup_py']
[0.329s] Level 1:colcon.colcon_core.package_identification:_identify(training_data/lerobot/my_pusht) by extension 'python_setup_py'
[0.329s] Level 1:colcon.colcon_core.package_identification:_identify(training_data/lerobot/my_pusht/data) by extensions ['ignore', 'ignore_ament_install']
[0.329s] Level 1:colcon.colcon_core.package_identification:_identify(training_data/lerobot/my_pusht/data) by extension 'ignore'
[0.329s] Level 1:colcon.colcon_core.package_identification:_identify(training_data/lerobot/my_pusht/data) by extension 'ignore_ament_install'
[0.329s] Level 1:colcon.colcon_core.package_identification:_identify(training_data/lerobot/my_pusht/data) by extensions ['colcon_pkg']
[0.329s] Level 1:colcon.colcon_core.package_identification:_identify(training_data/lerobot/my_pusht/data) by extension 'colcon_pkg'
[0.330s] Level 1:colcon.colcon_core.package_identification:_identify(training_data/lerobot/my_pusht/data) by extensions ['colcon_meta']
[0.330s] Level 1:colcon.colcon_core.package_identification:_identify(training_data/lerobot/my_pusht/data) by extension 'colcon_meta'
[0.330s] Level 1:colcon.colcon_core.package_identification:_identify(training_data/lerobot/my_pusht/data) by extensions ['ros']
[0.330s] Level 1:colcon.colcon_core.package_identification:_identify(training_data/lerobot/my_pusht/data) by extension 'ros'
[0.330s] Level 1:colcon.colcon_core.package_identification:_identify(training_data/lerobot/my_pusht/data) by extensions ['cmake', 'python']
[0.330s] Level 1:colcon.colcon_core.package_identification:_identify(training_data/lerobot/my_pusht/data) by extension 'cmake'
[0.330s] Level 1:colcon.colcon_core.package_identification:_identify(training_data/lerobot/my_pusht/data) by extension 'python'
[0.330s] Level 1:colcon.colcon_core.package_identification:_identify(training_data/lerobot/my_pusht/data) by extensions ['python_setup_py']
[0.330s] Level 1:colcon.colcon_core.package_identification:_identify(training_data/lerobot/my_pusht/data) by extension 'python_setup_py'
[0.330s] Level 1:colcon.colcon_core.package_identification:_identify(training_data/lerobot/my_pusht/data/chunk-000) by extensions ['ignore', 'ignore_ament_install']
[0.330s] Level 1:colcon.colcon_core.package_identification:_identify(training_data/lerobot/my_pusht/data/chunk-000) by extension 'ignore'
[0.330s] Level 1:colcon.colcon_core.package_identification:_identify(training_data/lerobot/my_pusht/data/chunk-000) by extension 'ignore_ament_install'
[0.330s] Level 1:colcon.colcon_core.package_identification:_identify(training_data/lerobot/my_pusht/data/chunk-000) by extensions ['colcon_pkg']
[0.330s] Level 1:colcon.colcon_core.package_identification:_identify(training_data/lerobot/my_pusht/data/chunk-000) by extension 'colcon_pkg'
[0.330s] Level 1:colcon.colcon_core.package_identification:_identify(training_data/lerobot/my_pusht/data/chunk-000) by extensions ['colcon_meta']
[0.330s] Level 1:colcon.colcon_core.package_identification:_identify(training_data/lerobot/my_pusht/data/chunk-000) by extension 'colcon_meta'
[0.330s] Level 1:colcon.colcon_core.package_identification:_identify(training_data/lerobot/my_pusht/data/chunk-000) by extensions ['ros']
[0.330s] Level 1:colcon.colcon_core.package_identification:_identify(training_data/lerobot/my_pusht/data/chunk-000) by extension 'ros'
[0.330s] Level 1:colcon.colcon_core.package_identification:_identify(training_data/lerobot/my_pusht/data/chunk-000) by extensions ['cmake', 'python']
[0.330s] Level 1:colcon.colcon_core.package_identification:_identify(training_data/lerobot/my_pusht/data/chunk-000) by extension 'cmake'
[0.330s] Level 1:colcon.colcon_core.package_identification:_identify(training_data/lerobot/my_pusht/data/chunk-000) by extension 'python'
[0.330s] Level 1:colcon.colcon_core.package_identification:_identify(training_data/lerobot/my_pusht/data/chunk-000) by extensions ['python_setup_py']
[0.330s] Level 1:colcon.colcon_core.package_identification:_identify(training_data/lerobot/my_pusht/data/chunk-000) by extension 'python_setup_py'
[0.330s] Level 1:colcon.colcon_core.package_identification:_identify(training_data/lerobot/my_pusht/meta) by extensions ['ignore', 'ignore_ament_install']
[0.331s] Level 1:colcon.colcon_core.package_identification:_identify(training_data/lerobot/my_pusht/meta) by extension 'ignore'
[0.331s] Level 1:colcon.colcon_core.package_identification:_identify(training_data/lerobot/my_pusht/meta) by extension 'ignore_ament_install'
[0.331s] Level 1:colcon.colcon_core.package_identification:_identify(training_data/lerobot/my_pusht/meta) by extensions ['colcon_pkg']
[0.331s] Level 1:colcon.colcon_core.package_identification:_identify(training_data/lerobot/my_pusht/meta) by extension 'colcon_pkg'
[0.331s] Level 1:colcon.colcon_core.package_identification:_identify(training_data/lerobot/my_pusht/meta) by extensions ['colcon_meta']
[0.331s] Level 1:colcon.colcon_core.package_identification:_identify(training_data/lerobot/my_pusht/meta) by extension 'colcon_meta'
[0.331s] Level 1:colcon.colcon_core.package_identification:_identify(training_data/lerobot/my_pusht/meta) by extensions ['ros']
[0.331s] Level 1:colcon.colcon_core.package_identification:_identify(training_data/lerobot/my_pusht/meta) by extension 'ros'
[0.331s] Level 1:colcon.colcon_core.package_identification:_identify(training_data/lerobot/my_pusht/meta) by extensions ['cmake', 'python']
[0.331s] Level 1:colcon.colcon_core.package_identification:_identify(training_data/lerobot/my_pusht/meta) by extension 'cmake'
[0.331s] Level 1:colcon.colcon_core.package_identification:_identify(training_data/lerobot/my_pusht/meta) by extension 'python'
[0.331s] Level 1:colcon.colcon_core.package_identification:_identify(training_data/lerobot/my_pusht/meta) by extensions ['python_setup_py']
[0.331s] Level 1:colcon.colcon_core.package_identification:_identify(training_data/lerobot/my_pusht/meta) by extension 'python_setup_py'
[0.331s] Level 1:colcon.colcon_core.package_identification:_identify(training_data/lerobot/my_pusht/videos) by extensions ['ignore', 'ignore_ament_install']
[0.331s] Level 1:colcon.colcon_core.package_identification:_identify(training_data/lerobot/my_pusht/videos) by extension 'ignore'
[0.331s] Level 1:colcon.colcon_core.package_identification:_identify(training_data/lerobot/my_pusht/videos) by extension 'ignore_ament_install'
[0.331s] Level 1:colcon.colcon_core.package_identification:_identify(training_data/lerobot/my_pusht/videos) by extensions ['colcon_pkg']
[0.331s] Level 1:colcon.colcon_core.package_identification:_identify(training_data/lerobot/my_pusht/videos) by extension 'colcon_pkg'
[0.331s] Level 1:colcon.colcon_core.package_identification:_identify(training_data/lerobot/my_pusht/videos) by extensions ['colcon_meta']
[0.331s] Level 1:colcon.colcon_core.package_identification:_identify(training_data/lerobot/my_pusht/videos) by extension 'colcon_meta'
[0.331s] Level 1:colcon.colcon_core.package_identification:_identify(training_data/lerobot/my_pusht/videos) by extensions ['ros']
[0.331s] Level 1:colcon.colcon_core.package_identification:_identify(training_data/lerobot/my_pusht/videos) by extension 'ros'
[0.331s] Level 1:colcon.colcon_core.package_identification:_identify(training_data/lerobot/my_pusht/videos) by extensions ['cmake', 'python']
[0.331s] Level 1:colcon.colcon_core.package_identification:_identify(training_data/lerobot/my_pusht/videos) by extension 'cmake'
[0.332s] Level 1:colcon.colcon_core.package_identification:_identify(training_data/lerobot/my_pusht/videos) by extension 'python'
[0.332s] Level 1:colcon.colcon_core.package_identification:_identify(training_data/lerobot/my_pusht/videos) by extensions ['python_setup_py']
[0.332s] Level 1:colcon.colcon_core.package_identification:_identify(training_data/lerobot/my_pusht/videos) by extension 'python_setup_py'
[0.332s] Level 1:colcon.colcon_core.package_identification:_identify(training_data/lerobot/my_pusht/videos/chunk-000) by extensions ['ignore', 'ignore_ament_install']
[0.332s] Level 1:colcon.colcon_core.package_identification:_identify(training_data/lerobot/my_pusht/videos/chunk-000) by extension 'ignore'
[0.332s] Level 1:colcon.colcon_core.package_identification:_identify(training_data/lerobot/my_pusht/videos/chunk-000) by extension 'ignore_ament_install'
[0.332s] Level 1:colcon.colcon_core.package_identification:_identify(training_data/lerobot/my_pusht/videos/chunk-000) by extensions ['colcon_pkg']
[0.332s] Level 1:colcon.colcon_core.package_identification:_identify(training_data/lerobot/my_pusht/videos/chunk-000) by extension 'colcon_pkg'
[0.332s] Level 1:colcon.colcon_core.package_identification:_identify(training_data/lerobot/my_pusht/videos/chunk-000) by extensions ['colcon_meta']
[0.332s] Level 1:colcon.colcon_core.package_identification:_identify(training_data/lerobot/my_pusht/videos/chunk-000) by extension 'colcon_meta'
[0.332s] Level 1:colcon.colcon_core.package_identification:_identify(training_data/lerobot/my_pusht/videos/chunk-000) by extensions ['ros']
[0.332s] Level 1:colcon.colcon_core.package_identification:_identify(training_data/lerobot/my_pusht/videos/chunk-000) by extension 'ros'
[0.332s] Level 1:colcon.colcon_core.package_identification:_identify(training_data/lerobot/my_pusht/videos/chunk-000) by extensions ['cmake', 'python']
[0.332s] Level 1:colcon.colcon_core.package_identification:_identify(training_data/lerobot/my_pusht/videos/chunk-000) by extension 'cmake'
[0.332s] Level 1:colcon.colcon_core.package_identification:_identify(training_data/lerobot/my_pusht/videos/chunk-000) by extension 'python'
[0.332s] Level 1:colcon.colcon_core.package_identification:_identify(training_data/lerobot/my_pusht/videos/chunk-000) by extensions ['python_setup_py']
[0.332s] Level 1:colcon.colcon_core.package_identification:_identify(training_data/lerobot/my_pusht/videos/chunk-000) by extension 'python_setup_py'
[0.332s] Level 1:colcon.colcon_core.package_identification:_identify(training_data/lerobot/my_pusht/videos/chunk-000/observation.image) by extensions ['ignore', 'ignore_ament_install']
[0.332s] Level 1:colcon.colcon_core.package_identification:_identify(training_data/lerobot/my_pusht/videos/chunk-000/observation.image) by extension 'ignore'
[0.333s] Level 1:colcon.colcon_core.package_identification:_identify(training_data/lerobot/my_pusht/videos/chunk-000/observation.image) by extension 'ignore_ament_install'
[0.333s] Level 1:colcon.colcon_core.package_identification:_identify(training_data/lerobot/my_pusht/videos/chunk-000/observation.image) by extensions ['colcon_pkg']
[0.333s] Level 1:colcon.colcon_core.package_identification:_identify(training_data/lerobot/my_pusht/videos/chunk-000/observation.image) by extension 'colcon_pkg'
[0.333s] Level 1:colcon.colcon_core.package_identification:_identify(training_data/lerobot/my_pusht/videos/chunk-000/observation.image) by extensions ['colcon_meta']
[0.333s] Level 1:colcon.colcon_core.package_identification:_identify(training_data/lerobot/my_pusht/videos/chunk-000/observation.image) by extension 'colcon_meta'
[0.333s] Level 1:colcon.colcon_core.package_identification:_identify(training_data/lerobot/my_pusht/videos/chunk-000/observation.image) by extensions ['ros']
[0.333s] Level 1:colcon.colcon_core.package_identification:_identify(training_data/lerobot/my_pusht/videos/chunk-000/observation.image) by extension 'ros'
[0.333s] Level 1:colcon.colcon_core.package_identification:_identify(training_data/lerobot/my_pusht/videos/chunk-000/observation.image) by extensions ['cmake', 'python']
[0.333s] Level 1:colcon.colcon_core.package_identification:_identify(training_data/lerobot/my_pusht/videos/chunk-000/observation.image) by extension 'cmake'
[0.333s] Level 1:colcon.colcon_core.package_identification:_identify(training_data/lerobot/my_pusht/videos/chunk-000/observation.image) by extension 'python'
[0.333s] Level 1:colcon.colcon_core.package_identification:_identify(training_data/lerobot/my_pusht/videos/chunk-000/observation.image) by extensions ['python_setup_py']
[0.333s] Level 1:colcon.colcon_core.package_identification:_identify(training_data/lerobot/my_pusht/videos/chunk-000/observation.image) by extension 'python_setup_py'
[0.333s] Level 1:colcon.colcon_core.package_discovery:discover_packages(recursive) using defaults
[0.333s] Level 1:colcon.colcon_core.package_discovery:discover_packages(ignore) discover
[0.333s] Level 1:colcon.colcon_core.package_discovery:discover_packages(ignore) using defaults
[0.333s] Level 1:colcon.colcon_core.package_discovery:discover_packages(path) discover
[0.333s] Level 1:colcon.colcon_core.package_discovery:discover_packages(path) using defaults
[0.354s] Level 1:colcon.colcon_core.package_discovery:discover_packages(prefix_path) check parameters
[0.354s] Level 1:colcon.colcon_core.package_discovery:discover_packages(prefix_path) discover
[0.355s] WARNING:colcon.colcon_ros.prefix_path.ament:The path '/home/rajpurkar/Rahul/ur5_simulation/install/ur5_moveit_config' in the environment variable AMENT_PREFIX_PATH doesn't exist
[0.355s] WARNING:colcon.colcon_ros.prefix_path.ament:The path '/home/rajpurkar/Rahul/ur5_simulation/install/ur5_description' in the environment variable AMENT_PREFIX_PATH doesn't exist
[0.355s] WARNING:colcon.colcon_ros.prefix_path.ament:The path '/home/rajpurkar/Rahul/ur5_simulation/install/data_collection' in the environment variable AMENT_PREFIX_PATH doesn't exist
[0.355s] WARNING:colcon.colcon_ros.prefix_path.catkin:The path '/home/rajpurkar/Rahul/ur5_simulation/install/ur5_moveit_config' in the environment variable CMAKE_PREFIX_PATH doesn't exist
[0.355s] WARNING:colcon.colcon_ros.prefix_path.catkin:The path '/home/rajpurkar/Rahul/ur5_simulation/install/ur5_description' in the environment variable CMAKE_PREFIX_PATH doesn't exist
[0.355s] WARNING:colcon.colcon_ros.prefix_path.catkin:The path '/home/rajpurkar/Rahul/ur5_simulation/install/data_collection' in the environment variable CMAKE_PREFIX_PATH doesn't exist
[0.355s] DEBUG:colcon.colcon_installed_package_information.package_discovery:Found 0 installed packages in /home/rajpurkar/Rahul/ur5_simulation/install
[0.357s] DEBUG:colcon.colcon_installed_package_information.package_discovery:Found 468 installed packages in /opt/ros/humble
[0.359s] Level 1:colcon.colcon_core.package_discovery:discover_packages(prefix_path) using defaults
[0.413s] Level 5:colcon.colcon_core.verb:set package 'data_collection' build argument 'cmake_args' from command line to 'None'
[0.413s] Level 5:colcon.colcon_core.verb:set package 'data_collection' build argument 'cmake_target' from command line to 'None'
[0.413s] Level 5:colcon.colcon_core.verb:set package 'data_collection' build argument 'cmake_target_skip_unavailable' from command line to 'False'
[0.413s] Level 5:colcon.colcon_core.verb:set package 'data_collection' build argument 'cmake_clean_cache' from command line to 'True'
[0.413s] Level 5:colcon.colcon_core.verb:set package 'data_collection' build argument 'cmake_clean_first' from command line to 'False'
[0.413s] Level 5:colcon.colcon_core.verb:set package 'data_collection' build argument 'cmake_force_configure' from command line to 'False'
[0.413s] Level 5:colcon.colcon_core.verb:set package 'data_collection' build argument 'ament_cmake_args' from command line to 'None'
[0.413s] Level 5:colcon.colcon_core.verb:set package 'data_collection' build argument 'catkin_cmake_args' from command line to 'None'
[0.413s] Level 5:colcon.colcon_core.verb:set package 'data_collection' build argument 'catkin_skip_building_tests' from command line to 'False'
[0.413s] DEBUG:colcon.colcon_core.verb:Building package 'data_collection' with the following arguments: {'ament_cmake_args': None, 'build_base': '/home/rajpurkar/Rahul/ur5_simulation/build/data_collection', 'catkin_cmake_args': None, 'catkin_skip_building_tests': False, 'cmake_args': None, 'cmake_clean_cache': True, 'cmake_clean_first': False, 'cmake_force_configure': False, 'cmake_target': None, 'cmake_target_skip_unavailable': False, 'install_base': '/home/rajpurkar/Rahul/ur5_simulation/install/data_collection', 'merge_install': False, 'path': '/home/rajpurkar/Rahul/ur5_simulation/src/data_collection', 'symlink_install': False, 'test_result_base': None}
[0.414s] Level 5:colcon.colcon_core.verb:set package 'moveit_servo' build argument 'cmake_args' from command line to 'None'
[0.414s] Level 5:colcon.colcon_core.verb:set package 'moveit_servo' build argument 'cmake_target' from command line to 'None'
[0.414s] Level 5:colcon.colcon_core.verb:set package 'moveit_servo' build argument 'cmake_target_skip_unavailable' from command line to 'False'
[0.414s] Level 5:colcon.colcon_core.verb:set package 'moveit_servo' build argument 'cmake_clean_cache' from command line to 'True'
[0.414s] Level 5:colcon.colcon_core.verb:set package 'moveit_servo' build argument 'cmake_clean_first' from command line to 'False'
[0.414s] Level 5:colcon.colcon_core.verb:set package 'moveit_servo' build argument 'cmake_force_configure' from command line to 'False'
[0.414s] Level 5:colcon.colcon_core.verb:set package 'moveit_servo' build argument 'ament_cmake_args' from command line to 'None'
[0.414s] Level 5:colcon.colcon_core.verb:set package 'moveit_servo' build argument 'catkin_cmake_args' from command line to 'None'
[0.414s] Level 5:colcon.colcon_core.verb:set package 'moveit_servo' build argument 'catkin_skip_building_tests' from command line to 'False'
[0.414s] DEBUG:colcon.colcon_core.verb:Building package 'moveit_servo' with the following arguments: {'ament_cmake_args': None, 'build_base': '/home/rajpurkar/Rahul/ur5_simulation/build/moveit_servo', 'catkin_cmake_args': None, 'catkin_skip_building_tests': False, 'cmake_args': None, 'cmake_clean_cache': True, 'cmake_clean_first': False, 'cmake_force_configure': False, 'cmake_target': None, 'cmake_target_skip_unavailable': False, 'install_base': '/home/rajpurkar/Rahul/ur5_simulation/install/moveit_servo', 'merge_install': False, 'path': '/home/rajpurkar/Rahul/ur5_simulation/src/moveit_servo', 'symlink_install': False, 'test_result_base': None}
[0.414s] Level 5:colcon.colcon_core.verb:set package 'ur5_description' build argument 'cmake_args' from command line to 'None'
[0.414s] Level 5:colcon.colcon_core.verb:set package 'ur5_description' build argument 'cmake_target' from command line to 'None'
[0.414s] Level 5:colcon.colcon_core.verb:set package 'ur5_description' build argument 'cmake_target_skip_unavailable' from command line to 'False'
[0.414s] Level 5:colcon.colcon_core.verb:set package 'ur5_description' build argument 'cmake_clean_cache' from command line to 'True'
[0.414s] Level 5:colcon.colcon_core.verb:set package 'ur5_description' build argument 'cmake_clean_first' from command line to 'False'
[0.414s] Level 5:colcon.colcon_core.verb:set package 'ur5_description' build argument 'cmake_force_configure' from command line to 'False'
[0.414s] Level 5:colcon.colcon_core.verb:set package 'ur5_description' build argument 'ament_cmake_args' from command line to 'None'
[0.414s] Level 5:colcon.colcon_core.verb:set package 'ur5_description' build argument 'catkin_cmake_args' from command line to 'None'
[0.414s] Level 5:colcon.colcon_core.verb:set package 'ur5_description' build argument 'catkin_skip_building_tests' from command line to 'False'
[0.414s] DEBUG:colcon.colcon_core.verb:Building package 'ur5_description' with the following arguments: {'ament_cmake_args': None, 'build_base': '/home/rajpurkar/Rahul/ur5_simulation/build/ur5_description', 'catkin_cmake_args': None, 'catkin_skip_building_tests': False, 'cmake_args': None, 'cmake_clean_cache': True, 'cmake_clean_first': False, 'cmake_force_configure': False, 'cmake_target': None, 'cmake_target_skip_unavailable': False, 'install_base': '/home/rajpurkar/Rahul/ur5_simulation/install/ur5_description', 'merge_install': False, 'path': '/home/rajpurkar/Rahul/ur5_simulation/src/ur5_description', 'symlink_install': False, 'test_result_base': None}
[0.415s] Level 5:colcon.colcon_core.verb:set package 'ur5_moveit_config' build argument 'cmake_args' from command line to 'None'
[0.415s] Level 5:colcon.colcon_core.verb:set package 'ur5_moveit_config' build argument 'cmake_target' from command line to 'None'
[0.415s] Level 5:colcon.colcon_core.verb:set package 'ur5_moveit_config' build argument 'cmake_target_skip_unavailable' from command line to 'False'
[0.415s] Level 5:colcon.colcon_core.verb:set package 'ur5_moveit_config' build argument 'cmake_clean_cache' from command line to 'True'
[0.415s] Level 5:colcon.colcon_core.verb:set package 'ur5_moveit_config' build argument 'cmake_clean_first' from command line to 'False'
[0.415s] Level 5:colcon.colcon_core.verb:set package 'ur5_moveit_config' build argument 'cmake_force_configure' from command line to 'False'
[0.415s] Level 5:colcon.colcon_core.verb:set package 'ur5_moveit_config' build argument 'ament_cmake_args' from command line to 'None'
[0.415s] Level 5:colcon.colcon_core.verb:set package 'ur5_moveit_config' build argument 'catkin_cmake_args' from command line to 'None'
[0.415s] Level 5:colcon.colcon_core.verb:set package 'ur5_moveit_config' build argument 'catkin_skip_building_tests' from command line to 'False'
[0.415s] DEBUG:colcon.colcon_core.verb:Building package 'ur5_moveit_config' with the following arguments: {'ament_cmake_args': None, 'build_base': '/home/rajpurkar/Rahul/ur5_simulation/build/ur5_moveit_config', 'catkin_cmake_args': None, 'catkin_skip_building_tests': False, 'cmake_args': None, 'cmake_clean_cache': True, 'cmake_clean_first': False, 'cmake_force_configure': False, 'cmake_target': None, 'cmake_target_skip_unavailable': False, 'install_base': '/home/rajpurkar/Rahul/ur5_simulation/install/ur5_moveit_config', 'merge_install': False, 'path': '/home/rajpurkar/Rahul/ur5_simulation/src/ur5_moveit_config', 'symlink_install': False, 'test_result_base': None}
[0.415s] INFO:colcon.colcon_core.executor:Executing jobs using 'parallel' executor
[0.416s] DEBUG:colcon.colcon_parallel_executor.executor.parallel:run_until_complete
[0.416s] INFO:colcon.colcon_ros.task.ament_cmake.build:Building ROS package in '/home/rajpurkar/Rahul/ur5_simulation/src/ur5_description' with build type 'ament_cmake'
[0.416s] INFO:colcon.colcon_cmake.task.cmake.build:Building CMake package in '/home/rajpurkar/Rahul/ur5_simulation/src/ur5_description'
[0.418s] INFO:colcon.colcon_core.plugin_system:Skipping extension 'colcon_core.shell.bat': Not used on non-Windows systems
[0.418s] INFO:colcon.colcon_core.shell:Skip shell extension 'powershell' for command environment: Not usable outside of PowerShell
[0.418s] DEBUG:colcon.colcon_core.shell:Skip shell extension 'dsv' for command environment
[0.421s] INFO:colcon.colcon_ros.task.ament_cmake.build:Building ROS package in '/home/rajpurkar/Rahul/ur5_simulation/src/data_collection' with build type 'ament_cmake'
[0.421s] INFO:colcon.colcon_cmake.task.cmake.build:Building CMake package in '/home/rajpurkar/Rahul/ur5_simulation/src/data_collection'
[0.421s] INFO:colcon.colcon_core.shell:Skip shell extension 'powershell' for command environment: Not usable outside of PowerShell
[0.422s] DEBUG:colcon.colcon_core.shell:Skip shell extension 'dsv' for command environment
[0.424s] INFO:colcon.colcon_ros.task.ament_cmake.build:Building ROS package in '/home/rajpurkar/Rahul/ur5_simulation/src/moveit_servo' with build type 'ament_cmake'
[0.424s] INFO:colcon.colcon_cmake.task.cmake.build:Building CMake package in '/home/rajpurkar/Rahul/ur5_simulation/src/moveit_servo'
[0.424s] INFO:colcon.colcon_core.shell:Skip shell extension 'powershell' for command environment: Not usable outside of PowerShell
[0.424s] DEBUG:colcon.colcon_core.shell:Skip shell extension 'dsv' for command environment
[0.430s] DEBUG:colcon.colcon_core.event_handler.log_command:Invoking command in '/home/rajpurkar/Rahul/ur5_simulation/build/ur5_description': CMAKE_PREFIX_PATH=${CMAKE_PREFIX_PATH}:/opt/ros/humble /usr/bin/cmake /home/rajpurkar/Rahul/ur5_simulation/src/ur5_description -DCMAKE_INSTALL_PREFIX=/home/rajpurkar/Rahul/ur5_simulation/install/ur5_description
[0.432s] DEBUG:colcon.colcon_core.event_handler.log_command:Invoking command in '/home/rajpurkar/Rahul/ur5_simulation/build/data_collection': CMAKE_PREFIX_PATH=${CMAKE_PREFIX_PATH}:/opt/ros/humble /usr/bin/cmake /home/rajpurkar/Rahul/ur5_simulation/src/data_collection -DCMAKE_INSTALL_PREFIX=/home/rajpurkar/Rahul/ur5_simulation/install/data_collection
[0.434s] DEBUG:colcon.colcon_core.event_handler.log_command:Invoking command in '/home/rajpurkar/Rahul/ur5_simulation/build/moveit_servo': CMAKE_PREFIX_PATH=${CMAKE_PREFIX_PATH}:/opt/ros/humble /usr/bin/cmake /home/rajpurkar/Rahul/ur5_simulation/src/moveit_servo -DCMAKE_INSTALL_PREFIX=/home/rajpurkar/Rahul/ur5_simulation/install/moveit_servo
[0.916s] DEBUG:colcon.colcon_core.event_handler.log_command:Invoked command in '/home/rajpurkar/Rahul/ur5_simulation/build/ur5_description' returned '0': CMAKE_PREFIX_PATH=${CMAKE_PREFIX_PATH}:/opt/ros/humble /usr/bin/cmake /home/rajpurkar/Rahul/ur5_simulation/src/ur5_description -DCMAKE_INSTALL_PREFIX=/home/rajpurkar/Rahul/ur5_simulation/install/ur5_description
[0.918s] DEBUG:colcon.colcon_core.event_handler.log_command:Invoking command in '/home/rajpurkar/Rahul/ur5_simulation/build/ur5_description': CMAKE_PREFIX_PATH=${CMAKE_PREFIX_PATH}:/opt/ros/humble /usr/bin/cmake --build /home/rajpurkar/Rahul/ur5_simulation/build/ur5_description -- -j16 -l16
[0.942s] DEBUG:colcon.colcon_core.event_handler.log_command:Invoked command in '/home/rajpurkar/Rahul/ur5_simulation/build/data_collection' returned '0': CMAKE_PREFIX_PATH=${CMAKE_PREFIX_PATH}:/opt/ros/humble /usr/bin/cmake /home/rajpurkar/Rahul/ur5_simulation/src/data_collection -DCMAKE_INSTALL_PREFIX=/home/rajpurkar/Rahul/ur5_simulation/install/data_collection
[0.943s] DEBUG:colcon.colcon_core.event_handler.log_command:Invoking command in '/home/rajpurkar/Rahul/ur5_simulation/build/data_collection': CMAKE_PREFIX_PATH=${CMAKE_PREFIX_PATH}:/opt/ros/humble /usr/bin/cmake --build /home/rajpurkar/Rahul/ur5_simulation/build/data_collection -- -j16 -l16
[0.949s] DEBUG:colcon.colcon_core.event_handler.log_command:Invoked command in '/home/rajpurkar/Rahul/ur5_simulation/build/ur5_description' returned '0': CMAKE_PREFIX_PATH=${CMAKE_PREFIX_PATH}:/opt/ros/humble /usr/bin/cmake --build /home/rajpurkar/Rahul/ur5_simulation/build/ur5_description -- -j16 -l16
[0.957s] DEBUG:colcon.colcon_core.event_handler.log_command:Invoking command in '/home/rajpurkar/Rahul/ur5_simulation/build/ur5_description': CMAKE_PREFIX_PATH=${CMAKE_PREFIX_PATH}:/opt/ros/humble /usr/bin/cmake --install /home/rajpurkar/Rahul/ur5_simulation/build/ur5_description
[0.971s] DEBUG:colcon.colcon_core.event_handler.log_command:Invoked command in '/home/rajpurkar/Rahul/ur5_simulation/build/data_collection' returned '0': CMAKE_PREFIX_PATH=${CMAKE_PREFIX_PATH}:/opt/ros/humble /usr/bin/cmake --build /home/rajpurkar/Rahul/ur5_simulation/build/data_collection -- -j16 -l16
[0.973s] DEBUG:colcon.colcon_core.event_handler.log_command:Invoking command in '/home/rajpurkar/Rahul/ur5_simulation/build/data_collection': CMAKE_PREFIX_PATH=${CMAKE_PREFIX_PATH}:/opt/ros/humble /usr/bin/cmake --install /home/rajpurkar/Rahul/ur5_simulation/build/data_collection
[0.976s] Level 1:colcon.colcon_core.environment:create_environment_scripts_only(ur5_description)
[0.976s] DEBUG:colcon.colcon_core.event_handler.log_command:Invoked command in '/home/rajpurkar/Rahul/ur5_simulation/build/ur5_description' returned '0': CMAKE_PREFIX_PATH=${CMAKE_PREFIX_PATH}:/opt/ros/humble /usr/bin/cmake --install /home/rajpurkar/Rahul/ur5_simulation/build/ur5_description
[0.978s] Level 1:colcon.colcon_core.environment:checking '/home/rajpurkar/Rahul/ur5_simulation/install/ur5_description' for CMake module files
[0.980s] Level 1:colcon.colcon_core.environment:checking '/home/rajpurkar/Rahul/ur5_simulation/install/ur5_description' for CMake config files
[0.980s] Level 1:colcon.colcon_core.shell:create_environment_hook('ur5_description', 'cmake_prefix_path')
[0.980s] INFO:colcon.colcon_core.shell:Creating environment hook '/home/rajpurkar/Rahul/ur5_simulation/install/ur5_description/share/ur5_description/hook/cmake_prefix_path.ps1'
[0.981s] INFO:colcon.colcon_core.shell:Creating environment descriptor '/home/rajpurkar/Rahul/ur5_simulation/install/ur5_description/share/ur5_description/hook/cmake_prefix_path.dsv'
[0.981s] INFO:colcon.colcon_core.shell:Creating environment hook '/home/rajpurkar/Rahul/ur5_simulation/install/ur5_description/share/ur5_description/hook/cmake_prefix_path.sh'
[0.984s] Level 1:colcon.colcon_core.environment:checking '/home/rajpurkar/Rahul/ur5_simulation/install/ur5_description/bin'
[0.984s] Level 1:colcon.colcon_core.environment:checking '/home/rajpurkar/Rahul/ur5_simulation/install/ur5_description/lib/pkgconfig/ur5_description.pc'
[0.984s] Level 1:colcon.colcon_core.environment:checking '/home/rajpurkar/Rahul/ur5_simulation/install/ur5_description/lib/python3.10/site-packages'
[0.984s] Level 1:colcon.colcon_core.environment:checking '/home/rajpurkar/Rahul/ur5_simulation/install/ur5_description/bin'
[0.984s] INFO:colcon.colcon_core.shell:Creating package script '/home/rajpurkar/Rahul/ur5_simulation/install/ur5_description/share/ur5_description/package.ps1'
[0.985s] INFO:colcon.colcon_core.shell:Creating package descriptor '/home/rajpurkar/Rahul/ur5_simulation/install/ur5_description/share/ur5_description/package.dsv'
[0.986s] INFO:colcon.colcon_core.shell:Creating package script '/home/rajpurkar/Rahul/ur5_simulation/install/ur5_description/share/ur5_description/package.sh'
[0.986s] INFO:colcon.colcon_core.shell:Creating package script '/home/rajpurkar/Rahul/ur5_simulation/install/ur5_description/share/ur5_description/package.bash'
[0.987s] INFO:colcon.colcon_core.shell:Creating package script '/home/rajpurkar/Rahul/ur5_simulation/install/ur5_description/share/ur5_description/package.zsh'
[0.987s] Level 1:colcon.colcon_core.environment:create_file_with_runtime_dependencies(/home/rajpurkar/Rahul/ur5_simulation/install/ur5_description/share/colcon-core/packages/ur5_description)
[0.988s] Level 1:colcon.colcon_core.environment:create_environment_scripts_only(ur5_description)
[0.988s] Level 1:colcon.colcon_core.environment:checking '/home/rajpurkar/Rahul/ur5_simulation/install/ur5_description' for CMake module files
[0.988s] Level 1:colcon.colcon_core.environment:checking '/home/rajpurkar/Rahul/ur5_simulation/install/ur5_description' for CMake config files
[0.988s] Level 1:colcon.colcon_core.shell:create_environment_hook('ur5_description', 'cmake_prefix_path')
[0.988s] INFO:colcon.colcon_core.shell:Creating environment hook '/home/rajpurkar/Rahul/ur5_simulation/install/ur5_description/share/ur5_description/hook/cmake_prefix_path.ps1'
[0.989s] INFO:colcon.colcon_core.shell:Creating environment descriptor '/home/rajpurkar/Rahul/ur5_simulation/install/ur5_description/share/ur5_description/hook/cmake_prefix_path.dsv'
[0.989s] INFO:colcon.colcon_core.shell:Creating environment hook '/home/rajpurkar/Rahul/ur5_simulation/install/ur5_description/share/ur5_description/hook/cmake_prefix_path.sh'
[0.990s] Level 1:colcon.colcon_core.environment:checking '/home/rajpurkar/Rahul/ur5_simulation/install/ur5_description/bin'
[0.990s] Level 1:colcon.colcon_core.environment:checking '/home/rajpurkar/Rahul/ur5_simulation/install/ur5_description/lib/pkgconfig/ur5_description.pc'
[0.990s] Level 1:colcon.colcon_core.environment:checking '/home/rajpurkar/Rahul/ur5_simulation/install/ur5_description/lib/python3.10/site-packages'
[0.990s] Level 1:colcon.colcon_core.environment:checking '/home/rajpurkar/Rahul/ur5_simulation/install/ur5_description/bin'
[0.990s] INFO:colcon.colcon_core.shell:Creating package script '/home/rajpurkar/Rahul/ur5_simulation/install/ur5_description/share/ur5_description/package.ps1'
[0.991s] INFO:colcon.colcon_core.shell:Creating package descriptor '/home/rajpurkar/Rahul/ur5_simulation/install/ur5_description/share/ur5_description/package.dsv'
[0.991s] INFO:colcon.colcon_core.shell:Creating package script '/home/rajpurkar/Rahul/ur5_simulation/install/ur5_description/share/ur5_description/package.sh'
[0.992s] INFO:colcon.colcon_core.shell:Creating package script '/home/rajpurkar/Rahul/ur5_simulation/install/ur5_description/share/ur5_description/package.bash'
[0.992s] INFO:colcon.colcon_core.shell:Creating package script '/home/rajpurkar/Rahul/ur5_simulation/install/ur5_description/share/ur5_description/package.zsh'
[0.992s] Level 1:colcon.colcon_core.environment:create_file_with_runtime_dependencies(/home/rajpurkar/Rahul/ur5_simulation/install/ur5_description/share/colcon-core/packages/ur5_description)
[0.993s] INFO:colcon.colcon_ros.task.ament_cmake.build:Building ROS package in '/home/rajpurkar/Rahul/ur5_simulation/src/ur5_moveit_config' with build type 'ament_cmake'
[0.993s] INFO:colcon.colcon_cmake.task.cmake.build:Building CMake package in '/home/rajpurkar/Rahul/ur5_simulation/src/ur5_moveit_config'
[0.993s] INFO:colcon.colcon_core.shell:Skip shell extension 'powershell' for command environment: Not usable outside of PowerShell
[0.993s] DEBUG:colcon.colcon_core.shell:Skip shell extension 'dsv' for command environment
[0.996s] Level 1:colcon.colcon_core.environment:create_environment_scripts_only(data_collection)
[0.996s] Level 1:colcon.colcon_core.environment:checking '/home/rajpurkar/Rahul/ur5_simulation/install/data_collection' for CMake module files
[0.997s] DEBUG:colcon.colcon_core.event_handler.log_command:Invoked command in '/home/rajpurkar/Rahul/ur5_simulation/build/data_collection' returned '0': CMAKE_PREFIX_PATH=${CMAKE_PREFIX_PATH}:/opt/ros/humble /usr/bin/cmake --install /home/rajpurkar/Rahul/ur5_simulation/build/data_collection
[0.997s] Level 1:colcon.colcon_core.environment:checking '/home/rajpurkar/Rahul/ur5_simulation/install/data_collection' for CMake config files
[0.997s] Level 1:colcon.colcon_core.shell:create_environment_hook('data_collection', 'cmake_prefix_path')
[0.998s] INFO:colcon.colcon_core.shell:Creating environment hook '/home/rajpurkar/Rahul/ur5_simulation/install/data_collection/share/data_collection/hook/cmake_prefix_path.ps1'
[0.998s] INFO:colcon.colcon_core.shell:Creating environment descriptor '/home/rajpurkar/Rahul/ur5_simulation/install/data_collection/share/data_collection/hook/cmake_prefix_path.dsv'
[0.998s] INFO:colcon.colcon_core.shell:Creating environment hook '/home/rajpurkar/Rahul/ur5_simulation/install/data_collection/share/data_collection/hook/cmake_prefix_path.sh'
[0.999s] Level 1:colcon.colcon_core.environment:checking '/home/rajpurkar/Rahul/ur5_simulation/install/data_collection/lib'
[0.999s] Level 1:colcon.colcon_core.environment:checking '/home/rajpurkar/Rahul/ur5_simulation/install/data_collection/bin'
[0.999s] Level 1:colcon.colcon_core.environment:checking '/home/rajpurkar/Rahul/ur5_simulation/install/data_collection/lib/pkgconfig/data_collection.pc'
[0.999s] Level 1:colcon.colcon_core.environment:checking '/home/rajpurkar/Rahul/ur5_simulation/install/data_collection/lib/python3.10/site-packages'
[0.999s] Level 1:colcon.colcon_core.environment:checking '/home/rajpurkar/Rahul/ur5_simulation/install/data_collection/bin'
[1.000s] INFO:colcon.colcon_core.shell:Creating package script '/home/rajpurkar/Rahul/ur5_simulation/install/data_collection/share/data_collection/package.ps1'
[1.000s] INFO:colcon.colcon_core.shell:Creating package descriptor '/home/rajpurkar/Rahul/ur5_simulation/install/data_collection/share/data_collection/package.dsv'
[1.000s] INFO:colcon.colcon_core.shell:Creating package script '/home/rajpurkar/Rahul/ur5_simulation/install/data_collection/share/data_collection/package.sh'
[1.001s] INFO:colcon.colcon_core.shell:Creating package script '/home/rajpurkar/Rahul/ur5_simulation/install/data_collection/share/data_collection/package.bash'
[1.001s] INFO:colcon.colcon_core.shell:Creating package script '/home/rajpurkar/Rahul/ur5_simulation/install/data_collection/share/data_collection/package.zsh'
[1.002s] Level 1:colcon.colcon_core.environment:create_file_with_runtime_dependencies(/home/rajpurkar/Rahul/ur5_simulation/install/data_collection/share/colcon-core/packages/data_collection)
[1.002s] Level 1:colcon.colcon_core.environment:create_environment_scripts_only(data_collection)
[1.002s] Level 1:colcon.colcon_core.environment:checking '/home/rajpurkar/Rahul/ur5_simulation/install/data_collection' for CMake module files
[1.003s] Level 1:colcon.colcon_core.environment:checking '/home/rajpurkar/Rahul/ur5_simulation/install/data_collection' for CMake config files
[1.003s] Level 1:colcon.colcon_core.shell:create_environment_hook('data_collection', 'cmake_prefix_path')
[1.003s] INFO:colcon.colcon_core.shell:Creating environment hook '/home/rajpurkar/Rahul/ur5_simulation/install/data_collection/share/data_collection/hook/cmake_prefix_path.ps1'
[1.003s] INFO:colcon.colcon_core.shell:Creating environment descriptor '/home/rajpurkar/Rahul/ur5_simulation/install/data_collection/share/data_collection/hook/cmake_prefix_path.dsv'
[1.004s] INFO:colcon.colcon_core.shell:Creating environment hook '/home/rajpurkar/Rahul/ur5_simulation/install/data_collection/share/data_collection/hook/cmake_prefix_path.sh'
[1.004s] Level 1:colcon.colcon_core.environment:checking '/home/rajpurkar/Rahul/ur5_simulation/install/data_collection/lib'
[1.004s] Level 1:colcon.colcon_core.environment:checking '/home/rajpurkar/Rahul/ur5_simulation/install/data_collection/bin'
[1.004s] Level 1:colcon.colcon_core.environment:checking '/home/rajpurkar/Rahul/ur5_simulation/install/data_collection/lib/pkgconfig/data_collection.pc'
[1.004s] Level 1:colcon.colcon_core.environment:checking '/home/rajpurkar/Rahul/ur5_simulation/install/data_collection/lib/python3.10/site-packages'
[1.005s] Level 1:colcon.colcon_core.environment:checking '/home/rajpurkar/Rahul/ur5_simulation/install/data_collection/bin'
[1.005s] INFO:colcon.colcon_core.shell:Creating package script '/home/rajpurkar/Rahul/ur5_simulation/install/data_collection/share/data_collection/package.ps1'
[1.005s] INFO:colcon.colcon_core.shell:Creating package descriptor '/home/rajpurkar/Rahul/ur5_simulation/install/data_collection/share/data_collection/package.dsv'
[1.005s] INFO:colcon.colcon_core.shell:Creating package script '/home/rajpurkar/Rahul/ur5_simulation/install/data_collection/share/data_collection/package.sh'
[1.006s] INFO:colcon.colcon_core.shell:Creating package script '/home/rajpurkar/Rahul/ur5_simulation/install/data_collection/share/data_collection/package.bash'
[1.006s] INFO:colcon.colcon_core.shell:Creating package script '/home/rajpurkar/Rahul/ur5_simulation/install/data_collection/share/data_collection/package.zsh'
[1.007s] Level 1:colcon.colcon_core.environment:create_file_with_runtime_dependencies(/home/rajpurkar/Rahul/ur5_simulation/install/data_collection/share/colcon-core/packages/data_collection)
[1.009s] DEBUG:colcon.colcon_core.event_handler.log_command:Invoking command in '/home/rajpurkar/Rahul/ur5_simulation/build/ur5_moveit_config': CMAKE_PREFIX_PATH=/home/rajpurkar/Rahul/ur5_simulation/install/ur5_description:/home/rajpurkar/Rahul/ur5_simulation/install/ur5_moveit_config:/home/rajpurkar/Rahul/ur5_simulation/install/data_collection:/opt/ros/humble /usr/bin/cmake /home/rajpurkar/Rahul/ur5_simulation/src/ur5_moveit_config -DCMAKE_INSTALL_PREFIX=/home/rajpurkar/Rahul/ur5_simulation/install/ur5_moveit_config
[1.494s] DEBUG:colcon.colcon_core.event_handler.log_command:Invoked command in '/home/rajpurkar/Rahul/ur5_simulation/build/ur5_moveit_config' returned '0': CMAKE_PREFIX_PATH=/home/rajpurkar/Rahul/ur5_simulation/install/ur5_description:/home/rajpurkar/Rahul/ur5_simulation/install/ur5_moveit_config:/home/rajpurkar/Rahul/ur5_simulation/install/data_collection:/opt/ros/humble /usr/bin/cmake /home/rajpurkar/Rahul/ur5_simulation/src/ur5_moveit_config -DCMAKE_INSTALL_PREFIX=/home/rajpurkar/Rahul/ur5_simulation/install/ur5_moveit_config
[1.496s] DEBUG:colcon.colcon_core.event_handler.log_command:Invoking command in '/home/rajpurkar/Rahul/ur5_simulation/build/ur5_moveit_config': CMAKE_PREFIX_PATH=/home/rajpurkar/Rahul/ur5_simulation/install/ur5_description:/home/rajpurkar/Rahul/ur5_simulation/install/ur5_moveit_config:/home/rajpurkar/Rahul/ur5_simulation/install/data_collection:/opt/ros/humble /usr/bin/cmake --build /home/rajpurkar/Rahul/ur5_simulation/build/ur5_moveit_config -- -j16 -l16
[1.528s] DEBUG:colcon.colcon_core.event_handler.log_command:Invoked command in '/home/rajpurkar/Rahul/ur5_simulation/build/ur5_moveit_config' returned '0': CMAKE_PREFIX_PATH=/home/rajpurkar/Rahul/ur5_simulation/install/ur5_description:/home/rajpurkar/Rahul/ur5_simulation/install/ur5_moveit_config:/home/rajpurkar/Rahul/ur5_simulation/install/data_collection:/opt/ros/humble /usr/bin/cmake --build /home/rajpurkar/Rahul/ur5_simulation/build/ur5_moveit_config -- -j16 -l16
[1.529s] DEBUG:colcon.colcon_core.event_handler.log_command:Invoking command in '/home/rajpurkar/Rahul/ur5_simulation/build/ur5_moveit_config': CMAKE_PREFIX_PATH=/home/rajpurkar/Rahul/ur5_simulation/install/ur5_description:/home/rajpurkar/Rahul/ur5_simulation/install/ur5_moveit_config:/home/rajpurkar/Rahul/ur5_simulation/install/data_collection:/opt/ros/humble /usr/bin/cmake --install /home/rajpurkar/Rahul/ur5_simulation/build/ur5_moveit_config
[1.539s] Level 1:colcon.colcon_core.environment:create_environment_scripts_only(ur5_moveit_config)
[1.539s] Level 1:colcon.colcon_core.environment:checking '/home/rajpurkar/Rahul/ur5_simulation/install/ur5_moveit_config' for CMake module files
[1.540s] DEBUG:colcon.colcon_core.event_handler.log_command:Invoked command in '/home/rajpurkar/Rahul/ur5_simulation/build/ur5_moveit_config' returned '0': CMAKE_PREFIX_PATH=/home/rajpurkar/Rahul/ur5_simulation/install/ur5_description:/home/rajpurkar/Rahul/ur5_simulation/install/ur5_moveit_config:/home/rajpurkar/Rahul/ur5_simulation/install/data_collection:/opt/ros/humble /usr/bin/cmake --install /home/rajpurkar/Rahul/ur5_simulation/build/ur5_moveit_config
[1.540s] Level 1:colcon.colcon_core.environment:checking '/home/rajpurkar/Rahul/ur5_simulation/install/ur5_moveit_config' for CMake config files
[1.540s] Level 1:colcon.colcon_core.shell:create_environment_hook('ur5_moveit_config', 'cmake_prefix_path')
[1.541s] INFO:colcon.colcon_core.shell:Creating environment hook '/home/rajpurkar/Rahul/ur5_simulation/install/ur5_moveit_config/share/ur5_moveit_config/hook/cmake_prefix_path.ps1'
[1.541s] INFO:colcon.colcon_core.shell:Creating environment descriptor '/home/rajpurkar/Rahul/ur5_simulation/install/ur5_moveit_config/share/ur5_moveit_config/hook/cmake_prefix_path.dsv'
[1.541s] INFO:colcon.colcon_core.shell:Creating environment hook '/home/rajpurkar/Rahul/ur5_simulation/install/ur5_moveit_config/share/ur5_moveit_config/hook/cmake_prefix_path.sh'
[1.542s] Level 1:colcon.colcon_core.environment:checking '/home/rajpurkar/Rahul/ur5_simulation/install/ur5_moveit_config/bin'
[1.542s] Level 1:colcon.colcon_core.environment:checking '/home/rajpurkar/Rahul/ur5_simulation/install/ur5_moveit_config/lib/pkgconfig/ur5_moveit_config.pc'
[1.542s] Level 1:colcon.colcon_core.environment:checking '/home/rajpurkar/Rahul/ur5_simulation/install/ur5_moveit_config/lib/python3.10/site-packages'
[1.542s] Level 1:colcon.colcon_core.environment:checking '/home/rajpurkar/Rahul/ur5_simulation/install/ur5_moveit_config/bin'
[1.542s] INFO:colcon.colcon_core.shell:Creating package script '/home/rajpurkar/Rahul/ur5_simulation/install/ur5_moveit_config/share/ur5_moveit_config/package.ps1'
[1.543s] INFO:colcon.colcon_core.shell:Creating package descriptor '/home/rajpurkar/Rahul/ur5_simulation/install/ur5_moveit_config/share/ur5_moveit_config/package.dsv'
[1.543s] INFO:colcon.colcon_core.shell:Creating package script '/home/rajpurkar/Rahul/ur5_simulation/install/ur5_moveit_config/share/ur5_moveit_config/package.sh'
[1.543s] INFO:colcon.colcon_core.shell:Creating package script '/home/rajpurkar/Rahul/ur5_simulation/install/ur5_moveit_config/share/ur5_moveit_config/package.bash'
[1.543s] INFO:colcon.colcon_core.shell:Creating package script '/home/rajpurkar/Rahul/ur5_simulation/install/ur5_moveit_config/share/ur5_moveit_config/package.zsh'
[1.544s] Level 1:colcon.colcon_core.environment:create_file_with_runtime_dependencies(/home/rajpurkar/Rahul/ur5_simulation/install/ur5_moveit_config/share/colcon-core/packages/ur5_moveit_config)
[1.544s] Level 1:colcon.colcon_core.environment:create_environment_scripts_only(ur5_moveit_config)
[1.544s] Level 1:colcon.colcon_core.environment:checking '/home/rajpurkar/Rahul/ur5_simulation/install/ur5_moveit_config' for CMake module files
[1.545s] Level 1:colcon.colcon_core.environment:checking '/home/rajpurkar/Rahul/ur5_simulation/install/ur5_moveit_config' for CMake config files
[1.545s] Level 1:colcon.colcon_core.shell:create_environment_hook('ur5_moveit_config', 'cmake_prefix_path')
[1.545s] INFO:colcon.colcon_core.shell:Creating environment hook '/home/rajpurkar/Rahul/ur5_simulation/install/ur5_moveit_config/share/ur5_moveit_config/hook/cmake_prefix_path.ps1'
[1.545s] INFO:colcon.colcon_core.shell:Creating environment descriptor '/home/rajpurkar/Rahul/ur5_simulation/install/ur5_moveit_config/share/ur5_moveit_config/hook/cmake_prefix_path.dsv'
[1.546s] INFO:colcon.colcon_core.shell:Creating environment hook '/home/rajpurkar/Rahul/ur5_simulation/install/ur5_moveit_config/share/ur5_moveit_config/hook/cmake_prefix_path.sh'
[1.546s] Level 1:colcon.colcon_core.environment:checking '/home/rajpurkar/Rahul/ur5_simulation/install/ur5_moveit_config/bin'
[1.546s] Level 1:colcon.colcon_core.environment:checking '/home/rajpurkar/Rahul/ur5_simulation/install/ur5_moveit_config/lib/pkgconfig/ur5_moveit_config.pc'
[1.546s] Level 1:colcon.colcon_core.environment:checking '/home/rajpurkar/Rahul/ur5_simulation/install/ur5_moveit_config/lib/python3.10/site-packages'
[1.546s] Level 1:colcon.colcon_core.environment:checking '/home/rajpurkar/Rahul/ur5_simulation/install/ur5_moveit_config/bin'
[1.547s] INFO:colcon.colcon_core.shell:Creating package script '/home/rajpurkar/Rahul/ur5_simulation/install/ur5_moveit_config/share/ur5_moveit_config/package.ps1'
[1.547s] INFO:colcon.colcon_core.shell:Creating package descriptor '/home/rajpurkar/Rahul/ur5_simulation/install/ur5_moveit_config/share/ur5_moveit_config/package.dsv'
[1.547s] INFO:colcon.colcon_core.shell:Creating package script '/home/rajpurkar/Rahul/ur5_simulation/install/ur5_moveit_config/share/ur5_moveit_config/package.sh'
[1.548s] INFO:colcon.colcon_core.shell:Creating package script '/home/rajpurkar/Rahul/ur5_simulation/install/ur5_moveit_config/share/ur5_moveit_config/package.bash'
[1.548s] INFO:colcon.colcon_core.shell:Creating package script '/home/rajpurkar/Rahul/ur5_simulation/install/ur5_moveit_config/share/ur5_moveit_config/package.zsh'
[1.548s] Level 1:colcon.colcon_core.environment:create_file_with_runtime_dependencies(/home/rajpurkar/Rahul/ur5_simulation/install/ur5_moveit_config/share/colcon-core/packages/ur5_moveit_config)
[2.385s] DEBUG:colcon.colcon_core.event_handler.log_command:Invoked command in '/home/rajpurkar/Rahul/ur5_simulation/build/moveit_servo' returned '0': CMAKE_PREFIX_PATH=${CMAKE_PREFIX_PATH}:/opt/ros/humble /usr/bin/cmake /home/rajpurkar/Rahul/ur5_simulation/src/moveit_servo -DCMAKE_INSTALL_PREFIX=/home/rajpurkar/Rahul/ur5_simulation/install/moveit_servo
[2.387s] DEBUG:colcon.colcon_core.event_handler.log_command:Invoking command in '/home/rajpurkar/Rahul/ur5_simulation/build/moveit_servo': CMAKE_PREFIX_PATH=${CMAKE_PREFIX_PATH}:/opt/ros/humble /usr/bin/cmake --build /home/rajpurkar/Rahul/ur5_simulation/build/moveit_servo -- -j16 -l16
[98.797s] DEBUG:colcon.colcon_core.event_handler.log_command:Invoked command in '/home/rajpurkar/Rahul/ur5_simulation/build/moveit_servo' returned '0': CMAKE_PREFIX_PATH=${CMAKE_PREFIX_PATH}:/opt/ros/humble /usr/bin/cmake --build /home/rajpurkar/Rahul/ur5_simulation/build/moveit_servo -- -j16 -l16
[98.799s] DEBUG:colcon.colcon_core.event_handler.log_command:Invoking command in '/home/rajpurkar/Rahul/ur5_simulation/build/moveit_servo': CMAKE_PREFIX_PATH=${CMAKE_PREFIX_PATH}:/opt/ros/humble /usr/bin/cmake --install /home/rajpurkar/Rahul/ur5_simulation/build/moveit_servo
[98.815s] Level 1:colcon.colcon_core.environment:create_environment_scripts_only(moveit_servo)
[98.815s] Level 1:colcon.colcon_core.environment:checking '/home/rajpurkar/Rahul/ur5_simulation/install/moveit_servo' for CMake module files
[98.816s] DEBUG:colcon.colcon_core.event_handler.log_command:Invoked command in '/home/rajpurkar/Rahul/ur5_simulation/build/moveit_servo' returned '0': CMAKE_PREFIX_PATH=${CMAKE_PREFIX_PATH}:/opt/ros/humble /usr/bin/cmake --install /home/rajpurkar/Rahul/ur5_simulation/build/moveit_servo
[98.816s] Level 1:colcon.colcon_core.environment:checking '/home/rajpurkar/Rahul/ur5_simulation/install/moveit_servo' for CMake config files
[98.816s] Level 1:colcon.colcon_core.shell:create_environment_hook('moveit_servo', 'cmake_prefix_path')
[98.816s] INFO:colcon.colcon_core.shell:Creating environment hook '/home/rajpurkar/Rahul/ur5_simulation/install/moveit_servo/share/moveit_servo/hook/cmake_prefix_path.ps1'
[98.817s] INFO:colcon.colcon_core.shell:Creating environment descriptor '/home/rajpurkar/Rahul/ur5_simulation/install/moveit_servo/share/moveit_servo/hook/cmake_prefix_path.dsv'
[98.817s] INFO:colcon.colcon_core.shell:Creating environment hook '/home/rajpurkar/Rahul/ur5_simulation/install/moveit_servo/share/moveit_servo/hook/cmake_prefix_path.sh'
[98.817s] Level 1:colcon.colcon_core.environment:checking '/home/rajpurkar/Rahul/ur5_simulation/install/moveit_servo/lib'
[98.817s] Level 1:colcon.colcon_core.shell:create_environment_hook('moveit_servo', 'ld_library_path_lib')
[98.817s] INFO:colcon.colcon_core.shell:Creating environment hook '/home/rajpurkar/Rahul/ur5_simulation/install/moveit_servo/share/moveit_servo/hook/ld_library_path_lib.ps1'
[98.818s] INFO:colcon.colcon_core.shell:Creating environment descriptor '/home/rajpurkar/Rahul/ur5_simulation/install/moveit_servo/share/moveit_servo/hook/ld_library_path_lib.dsv'
[98.818s] INFO:colcon.colcon_core.shell:Creating environment hook '/home/rajpurkar/Rahul/ur5_simulation/install/moveit_servo/share/moveit_servo/hook/ld_library_path_lib.sh'
[98.818s] Level 1:colcon.colcon_core.environment:checking '/home/rajpurkar/Rahul/ur5_simulation/install/moveit_servo/bin'
[98.818s] Level 1:colcon.colcon_core.environment:checking '/home/rajpurkar/Rahul/ur5_simulation/install/moveit_servo/lib/pkgconfig/moveit_servo.pc'
[98.818s] Level 1:colcon.colcon_core.environment:checking '/home/rajpurkar/Rahul/ur5_simulation/install/moveit_servo/lib/python3.10/site-packages'
[98.819s] Level 1:colcon.colcon_core.environment:checking '/home/rajpurkar/Rahul/ur5_simulation/install/moveit_servo/bin'
[98.819s] INFO:colcon.colcon_core.shell:Creating package script '/home/rajpurkar/Rahul/ur5_simulation/install/moveit_servo/share/moveit_servo/package.ps1'
[98.819s] INFO:colcon.colcon_core.shell:Creating package descriptor '/home/rajpurkar/Rahul/ur5_simulation/install/moveit_servo/share/moveit_servo/package.dsv'
[98.820s] INFO:colcon.colcon_core.shell:Creating package script '/home/rajpurkar/Rahul/ur5_simulation/install/moveit_servo/share/moveit_servo/package.sh'
[98.820s] INFO:colcon.colcon_core.shell:Creating package script '/home/rajpurkar/Rahul/ur5_simulation/install/moveit_servo/share/moveit_servo/package.bash'
[98.820s] INFO:colcon.colcon_core.shell:Creating package script '/home/rajpurkar/Rahul/ur5_simulation/install/moveit_servo/share/moveit_servo/package.zsh'
[98.821s] Level 1:colcon.colcon_core.environment:create_file_with_runtime_dependencies(/home/rajpurkar/Rahul/ur5_simulation/install/moveit_servo/share/colcon-core/packages/moveit_servo)
[98.821s] Level 1:colcon.colcon_core.environment:create_environment_scripts_only(moveit_servo)
[98.821s] Level 1:colcon.colcon_core.environment:checking '/home/rajpurkar/Rahul/ur5_simulation/install/moveit_servo' for CMake module files
[98.822s] Level 1:colcon.colcon_core.environment:checking '/home/rajpurkar/Rahul/ur5_simulation/install/moveit_servo' for CMake config files
[98.822s] Level 1:colcon.colcon_core.shell:create_environment_hook('moveit_servo', 'cmake_prefix_path')
[98.822s] INFO:colcon.colcon_core.shell:Creating environment hook '/home/rajpurkar/Rahul/ur5_simulation/install/moveit_servo/share/moveit_servo/hook/cmake_prefix_path.ps1'
[98.822s] INFO:colcon.colcon_core.shell:Creating environment descriptor '/home/rajpurkar/Rahul/ur5_simulation/install/moveit_servo/share/moveit_servo/hook/cmake_prefix_path.dsv'
[98.823s] INFO:colcon.colcon_core.shell:Creating environment hook '/home/rajpurkar/Rahul/ur5_simulation/install/moveit_servo/share/moveit_servo/hook/cmake_prefix_path.sh'
[98.823s] Level 1:colcon.colcon_core.environment:checking '/home/rajpurkar/Rahul/ur5_simulation/install/moveit_servo/lib'
[98.823s] Level 1:colcon.colcon_core.shell:create_environment_hook('moveit_servo', 'ld_library_path_lib')
[98.823s] INFO:colcon.colcon_core.shell:Creating environment hook '/home/rajpurkar/Rahul/ur5_simulation/install/moveit_servo/share/moveit_servo/hook/ld_library_path_lib.ps1'
[98.823s] INFO:colcon.colcon_core.shell:Creating environment descriptor '/home/rajpurkar/Rahul/ur5_simulation/install/moveit_servo/share/moveit_servo/hook/ld_library_path_lib.dsv'
[98.824s] INFO:colcon.colcon_core.shell:Creating environment hook '/home/rajpurkar/Rahul/ur5_simulation/install/moveit_servo/share/moveit_servo/hook/ld_library_path_lib.sh'
[98.824s] Level 1:colcon.colcon_core.environment:checking '/home/rajpurkar/Rahul/ur5_simulation/install/moveit_servo/bin'
[98.824s] Level 1:colcon.colcon_core.environment:checking '/home/rajpurkar/Rahul/ur5_simulation/install/moveit_servo/lib/pkgconfig/moveit_servo.pc'
[98.824s] Level 1:colcon.colcon_core.environment:checking '/home/rajpurkar/Rahul/ur5_simulation/install/moveit_servo/lib/python3.10/site-packages'
[98.824s] Level 1:colcon.colcon_core.environment:checking '/home/rajpurkar/Rahul/ur5_simulation/install/moveit_servo/bin'
[98.825s] INFO:colcon.colcon_core.shell:Creating package script '/home/rajpurkar/Rahul/ur5_simulation/install/moveit_servo/share/moveit_servo/package.ps1'
[98.825s] INFO:colcon.colcon_core.shell:Creating package descriptor '/home/rajpurkar/Rahul/ur5_simulation/install/moveit_servo/share/moveit_servo/package.dsv'
[98.825s] INFO:colcon.colcon_core.shell:Creating package script '/home/rajpurkar/Rahul/ur5_simulation/install/moveit_servo/share/moveit_servo/package.sh'
[98.826s] INFO:colcon.colcon_core.shell:Creating package script '/home/rajpurkar/Rahul/ur5_simulation/install/moveit_servo/share/moveit_servo/package.bash'
[98.826s] INFO:colcon.colcon_core.shell:Creating package script '/home/rajpurkar/Rahul/ur5_simulation/install/moveit_servo/share/moveit_servo/package.zsh'
[98.827s] Level 1:colcon.colcon_core.environment:create_file_with_runtime_dependencies(/home/rajpurkar/Rahul/ur5_simulation/install/moveit_servo/share/colcon-core/packages/moveit_servo)
[98.827s] DEBUG:colcon.colcon_parallel_executor.executor.parallel:closing loop
[98.827s] DEBUG:colcon.colcon_parallel_executor.executor.parallel:loop closed
[98.827s] DEBUG:colcon.colcon_parallel_executor.executor.parallel:run_until_complete finished with '0'
[98.827s] DEBUG:colcon.colcon_core.event_reactor:joining thread
[98.832s] INFO:colcon.colcon_core.plugin_system:Skipping extension 'colcon_notification.desktop_notification.terminal_notifier': Not used on non-Darwin systems
[98.832s] INFO:colcon.colcon_core.plugin_system:Skipping extension 'colcon_notification.desktop_notification.win32': Not used on non-Windows systems
[98.832s] INFO:colcon.colcon_notification.desktop_notification:Sending desktop notification using 'notify2'
[98.845s] DEBUG:colcon.colcon_core.event_reactor:joined thread
[98.846s] INFO:colcon.colcon_core.shell:Creating prefix script '/home/rajpurkar/Rahul/ur5_simulation/install/local_setup.ps1'
[98.846s] INFO:colcon.colcon_core.shell:Creating prefix util module '/home/rajpurkar/Rahul/ur5_simulation/install/_local_setup_util_ps1.py'
[98.848s] INFO:colcon.colcon_core.shell:Creating prefix chain script '/home/rajpurkar/Rahul/ur5_simulation/install/setup.ps1'
[98.848s] INFO:colcon.colcon_core.shell:Creating prefix script '/home/rajpurkar/Rahul/ur5_simulation/install/local_setup.sh'
[98.849s] INFO:colcon.colcon_core.shell:Creating prefix util module '/home/rajpurkar/Rahul/ur5_simulation/install/_local_setup_util_sh.py'
[98.849s] INFO:colcon.colcon_core.shell:Creating prefix chain script '/home/rajpurkar/Rahul/ur5_simulation/install/setup.sh'
[98.850s] INFO:colcon.colcon_core.shell:Creating prefix script '/home/rajpurkar/Rahul/ur5_simulation/install/local_setup.bash'
[98.851s] INFO:colcon.colcon_core.shell:Creating prefix chain script '/home/rajpurkar/Rahul/ur5_simulation/install/setup.bash'
[98.851s] INFO:colcon.colcon_core.shell:Creating prefix script '/home/rajpurkar/Rahul/ur5_simulation/install/local_setup.zsh'
[98.852s] INFO:colcon.colcon_core.shell:Creating prefix chain script '/home/rajpurkar/Rahul/ur5_simulation/install/setup.zsh'
