[0.081s] DEBUG:colcon:Command line arguments: ['/usr/bin/colcon', 'build']
[0.081s] DEBUG:colcon:Parsed command line arguments: Namespace(log_base=None, log_level=None, verb_name='build', build_base='build', install_base='install', merge_install=False, symlink_install=False, test_result_base=None, continue_on_error=False, executor='parallel', parallel_workers=16, event_handlers=None, ignore_user_meta=False, metas=['./colcon.meta'], base_paths=['.'], packages_ignore=None, packages_ignore_regex=None, paths=None, packages_up_to=None, packages_up_to_regex=None, packages_above=None, packages_above_and_dependencies=None, packages_above_depth=None, packages_select_by_dep=None, packages_skip_by_dep=None, packages_skip_up_to=None, packages_select_build_failed=False, packages_skip_build_finished=False, packages_select_test_failures=False, packages_skip_test_passed=False, packages_select=None, packages_skip=None, packages_select_regex=None, packages_skip_regex=None, packages_start=None, packages_end=None, allow_overriding=[], cmake_args=None, cmake_target=None, cmake_target_skip_unavailable=False, cmake_clean_cache=False, cmake_clean_first=False, cmake_force_configure=False, ament_cmake_args=None, catkin_cmake_args=None, catkin_skip_building_tests=False, mixin_files=None, mixin=None, verb_parser=<colcon_mixin.mixin.mixin_argument.MixinArgumentDecorator object at 0x713966a73bb0>, verb_extension=<colcon_core.verb.build.BuildVerb object at 0x713966ba5570>, main=<bound method BuildVerb.main of <colcon_core.verb.build.BuildVerb object at 0x713966ba5570>>, mixin_verb=('build',))
[0.228s] Level 1:colcon.colcon_core.package_discovery:discover_packages(colcon_meta) check parameters
[0.228s] Level 1:colcon.colcon_core.package_discovery:discover_packages(recursive) check parameters
[0.228s] Level 1:colcon.colcon_core.package_discovery:discover_packages(ignore) check parameters
[0.228s] Level 1:colcon.colcon_core.package_discovery:discover_packages(path) check parameters
[0.228s] Level 1:colcon.colcon_core.package_discovery:discover_packages(colcon_meta) discover
[0.228s] Level 1:colcon.colcon_core.package_discovery:discover_packages(recursive) discover
[0.228s] INFO:colcon.colcon_core.package_discovery:Crawling recursively for packages in '/home/rajpurkar/Rahul/UR5-BarAlign-RL-Isaac-sim/ur5_simulation'
[0.228s] Level 1:colcon.colcon_core.package_identification:_identify(.) by extensions ['ignore', 'ignore_ament_install']
[0.228s] Level 1:colcon.colcon_core.package_identification:_identify(.) by extension 'ignore'
[0.228s] Level 1:colcon.colcon_core.package_identification:_identify(.) by extension 'ignore_ament_install'
[0.228s] Level 1:colcon.colcon_core.package_identification:_identify(.) by extensions ['colcon_pkg']
[0.228s] Level 1:colcon.colcon_core.package_identification:_identify(.) by extension 'colcon_pkg'
[0.228s] Level 1:colcon.colcon_core.package_identification:_identify(.) by extensions ['colcon_meta']
[0.228s] Level 1:colcon.colcon_core.package_identification:_identify(.) by extension 'colcon_meta'
[0.228s] Level 1:colcon.colcon_core.package_identification:_identify(.) by extensions ['ros']
[0.228s] Level 1:colcon.colcon_core.package_identification:_identify(.) by extension 'ros'
[0.241s] Level 1:colcon.colcon_core.package_identification:_identify(.) by extensions ['cmake', 'python']
[0.241s] Level 1:colcon.colcon_core.package_identification:_identify(.) by extension 'cmake'
[0.241s] Level 1:colcon.colcon_core.package_identification:_identify(.) by extension 'python'
[0.241s] Level 1:colcon.colcon_core.package_identification:_identify(.) by extensions ['python_setup_py']
[0.241s] Level 1:colcon.colcon_core.package_identification:_identify(.) by extension 'python_setup_py'
[0.241s] Level 1:colcon.colcon_core.package_identification:_identify(build) by extensions ['ignore', 'ignore_ament_install']
[0.241s] Level 1:colcon.colcon_core.package_identification:_identify(build) by extension 'ignore'
[0.241s] Level 1:colcon.colcon_core.package_identification:_identify(build) ignored
[0.241s] Level 1:colcon.colcon_core.package_identification:_identify(configuration) by extensions ['ignore', 'ignore_ament_install']
[0.241s] Level 1:colcon.colcon_core.package_identification:_identify(configuration) by extension 'ignore'
[0.241s] Level 1:colcon.colcon_core.package_identification:_identify(configuration) by extension 'ignore_ament_install'
[0.241s] Level 1:colcon.colcon_core.package_identification:_identify(configuration) by extensions ['colcon_pkg']
[0.241s] Level 1:colcon.colcon_core.package_identification:_identify(configuration) by extension 'colcon_pkg'
[0.242s] Level 1:colcon.colcon_core.package_identification:_identify(configuration) by extensions ['colcon_meta']
[0.242s] Level 1:colcon.colcon_core.package_identification:_identify(configuration) by extension 'colcon_meta'
[0.242s] Level 1:colcon.colcon_core.package_identification:_identify(configuration) by extensions ['ros']
[0.242s] Level 1:colcon.colcon_core.package_identification:_identify(configuration) by extension 'ros'
[0.242s] Level 1:colcon.colcon_core.package_identification:_identify(configuration) by extensions ['cmake', 'python']
[0.242s] Level 1:colcon.colcon_core.package_identification:_identify(configuration) by extension 'cmake'
[0.242s] Level 1:colcon.colcon_core.package_identification:_identify(configuration) by extension 'python'
[0.242s] Level 1:colcon.colcon_core.package_identification:_identify(configuration) by extensions ['python_setup_py']
[0.242s] Level 1:colcon.colcon_core.package_identification:_identify(configuration) by extension 'python_setup_py'
[0.242s] Level 1:colcon.colcon_core.package_identification:_identify(images) by extensions ['ignore', 'ignore_ament_install']
[0.242s] Level 1:colcon.colcon_core.package_identification:_identify(images) by extension 'ignore'
[0.242s] Level 1:colcon.colcon_core.package_identification:_identify(images) by extension 'ignore_ament_install'
[0.242s] Level 1:colcon.colcon_core.package_identification:_identify(images) by extensions ['colcon_pkg']
[0.242s] Level 1:colcon.colcon_core.package_identification:_identify(images) by extension 'colcon_pkg'
[0.242s] Level 1:colcon.colcon_core.package_identification:_identify(images) by extensions ['colcon_meta']
[0.242s] Level 1:colcon.colcon_core.package_identification:_identify(images) by extension 'colcon_meta'
[0.242s] Level 1:colcon.colcon_core.package_identification:_identify(images) by extensions ['ros']
[0.242s] Level 1:colcon.colcon_core.package_identification:_identify(images) by extension 'ros'
[0.242s] Level 1:colcon.colcon_core.package_identification:_identify(images) by extensions ['cmake', 'python']
[0.242s] Level 1:colcon.colcon_core.package_identification:_identify(images) by extension 'cmake'
[0.242s] Level 1:colcon.colcon_core.package_identification:_identify(images) by extension 'python'
[0.242s] Level 1:colcon.colcon_core.package_identification:_identify(images) by extensions ['python_setup_py']
[0.242s] Level 1:colcon.colcon_core.package_identification:_identify(images) by extension 'python_setup_py'
[0.242s] Level 1:colcon.colcon_core.package_identification:_identify(install) by extensions ['ignore', 'ignore_ament_install']
[0.242s] Level 1:colcon.colcon_core.package_identification:_identify(install) by extension 'ignore'
[0.242s] Level 1:colcon.colcon_core.package_identification:_identify(install) ignored
[0.242s] Level 1:colcon.colcon_core.package_identification:_identify(lerobot_related) by extensions ['ignore', 'ignore_ament_install']
[0.242s] Level 1:colcon.colcon_core.package_identification:_identify(lerobot_related) by extension 'ignore'
[0.243s] Level 1:colcon.colcon_core.package_identification:_identify(lerobot_related) by extension 'ignore_ament_install'
[0.243s] Level 1:colcon.colcon_core.package_identification:_identify(lerobot_related) by extensions ['colcon_pkg']
[0.243s] Level 1:colcon.colcon_core.package_identification:_identify(lerobot_related) by extension 'colcon_pkg'
[0.243s] Level 1:colcon.colcon_core.package_identification:_identify(lerobot_related) by extensions ['colcon_meta']
[0.243s] Level 1:colcon.colcon_core.package_identification:_identify(lerobot_related) by extension 'colcon_meta'
[0.243s] Level 1:colcon.colcon_core.package_identification:_identify(lerobot_related) by extensions ['ros']
[0.243s] Level 1:colcon.colcon_core.package_identification:_identify(lerobot_related) by extension 'ros'
[0.243s] Level 1:colcon.colcon_core.package_identification:_identify(lerobot_related) by extensions ['cmake', 'python']
[0.243s] Level 1:colcon.colcon_core.package_identification:_identify(lerobot_related) by extension 'cmake'
[0.243s] Level 1:colcon.colcon_core.package_identification:_identify(lerobot_related) by extension 'python'
[0.243s] Level 1:colcon.colcon_core.package_identification:_identify(lerobot_related) by extensions ['python_setup_py']
[0.243s] Level 1:colcon.colcon_core.package_identification:_identify(lerobot_related) by extension 'python_setup_py'
[0.243s] Level 1:colcon.colcon_core.package_identification:_identify(log) by extensions ['ignore', 'ignore_ament_install']
[0.243s] Level 1:colcon.colcon_core.package_identification:_identify(log) by extension 'ignore'
[0.243s] Level 1:colcon.colcon_core.package_identification:_identify(log) ignored
[0.243s] Level 1:colcon.colcon_core.package_identification:_identify(simple_table) by extensions ['ignore', 'ignore_ament_install']
[0.243s] Level 1:colcon.colcon_core.package_identification:_identify(simple_table) by extension 'ignore'
[0.243s] Level 1:colcon.colcon_core.package_identification:_identify(simple_table) by extension 'ignore_ament_install'
[0.243s] Level 1:colcon.colcon_core.package_identification:_identify(simple_table) by extensions ['colcon_pkg']
[0.243s] Level 1:colcon.colcon_core.package_identification:_identify(simple_table) by extension 'colcon_pkg'
[0.243s] Level 1:colcon.colcon_core.package_identification:_identify(simple_table) by extensions ['colcon_meta']
[0.243s] Level 1:colcon.colcon_core.package_identification:_identify(simple_table) by extension 'colcon_meta'
[0.243s] Level 1:colcon.colcon_core.package_identification:_identify(simple_table) by extensions ['ros']
[0.243s] Level 1:colcon.colcon_core.package_identification:_identify(simple_table) by extension 'ros'
[0.243s] Level 1:colcon.colcon_core.package_identification:_identify(simple_table) by extensions ['cmake', 'python']
[0.243s] Level 1:colcon.colcon_core.package_identification:_identify(simple_table) by extension 'cmake'
[0.243s] Level 1:colcon.colcon_core.package_identification:_identify(simple_table) by extension 'python'
[0.244s] Level 1:colcon.colcon_core.package_identification:_identify(simple_table) by extensions ['python_setup_py']
[0.244s] Level 1:colcon.colcon_core.package_identification:_identify(simple_table) by extension 'python_setup_py'
[0.244s] Level 1:colcon.colcon_core.package_identification:_identify(simple_table/simple_table) by extensions ['ignore', 'ignore_ament_install']
[0.244s] Level 1:colcon.colcon_core.package_identification:_identify(simple_table/simple_table) by extension 'ignore'
[0.244s] Level 1:colcon.colcon_core.package_identification:_identify(simple_table/simple_table) by extension 'ignore_ament_install'
[0.244s] Level 1:colcon.colcon_core.package_identification:_identify(simple_table/simple_table) by extensions ['colcon_pkg']
[0.244s] Level 1:colcon.colcon_core.package_identification:_identify(simple_table/simple_table) by extension 'colcon_pkg'
[0.244s] Level 1:colcon.colcon_core.package_identification:_identify(simple_table/simple_table) by extensions ['colcon_meta']
[0.244s] Level 1:colcon.colcon_core.package_identification:_identify(simple_table/simple_table) by extension 'colcon_meta'
[0.244s] Level 1:colcon.colcon_core.package_identification:_identify(simple_table/simple_table) by extensions ['ros']
[0.244s] Level 1:colcon.colcon_core.package_identification:_identify(simple_table/simple_table) by extension 'ros'
[0.244s] Level 1:colcon.colcon_core.package_identification:_identify(simple_table/simple_table) by extensions ['cmake', 'python']
[0.244s] Level 1:colcon.colcon_core.package_identification:_identify(simple_table/simple_table) by extension 'cmake'
[0.244s] Level 1:colcon.colcon_core.package_identification:_identify(simple_table/simple_table) by extension 'python'
[0.244s] Level 1:colcon.colcon_core.package_identification:_identify(simple_table/simple_table) by extensions ['python_setup_py']
[0.244s] Level 1:colcon.colcon_core.package_identification:_identify(simple_table/simple_table) by extension 'python_setup_py'
[0.244s] Level 1:colcon.colcon_core.package_identification:_identify(simple_table/simple_table/configuration) by extensions ['ignore', 'ignore_ament_install']
[0.244s] Level 1:colcon.colcon_core.package_identification:_identify(simple_table/simple_table/configuration) by extension 'ignore'
[0.244s] Level 1:colcon.colcon_core.package_identification:_identify(simple_table/simple_table/configuration) by extension 'ignore_ament_install'
[0.244s] Level 1:colcon.colcon_core.package_identification:_identify(simple_table/simple_table/configuration) by extensions ['colcon_pkg']
[0.244s] Level 1:colcon.colcon_core.package_identification:_identify(simple_table/simple_table/configuration) by extension 'colcon_pkg'
[0.244s] Level 1:colcon.colcon_core.package_identification:_identify(simple_table/simple_table/configuration) by extensions ['colcon_meta']
[0.244s] Level 1:colcon.colcon_core.package_identification:_identify(simple_table/simple_table/configuration) by extension 'colcon_meta'
[0.244s] Level 1:colcon.colcon_core.package_identification:_identify(simple_table/simple_table/configuration) by extensions ['ros']
[0.244s] Level 1:colcon.colcon_core.package_identification:_identify(simple_table/simple_table/configuration) by extension 'ros'
[0.244s] Level 1:colcon.colcon_core.package_identification:_identify(simple_table/simple_table/configuration) by extensions ['cmake', 'python']
[0.244s] Level 1:colcon.colcon_core.package_identification:_identify(simple_table/simple_table/configuration) by extension 'cmake'
[0.244s] Level 1:colcon.colcon_core.package_identification:_identify(simple_table/simple_table/configuration) by extension 'python'
[0.244s] Level 1:colcon.colcon_core.package_identification:_identify(simple_table/simple_table/configuration) by extensions ['python_setup_py']
[0.244s] Level 1:colcon.colcon_core.package_identification:_identify(simple_table/simple_table/configuration) by extension 'python_setup_py'
[0.245s] Level 1:colcon.colcon_core.package_identification:_identify(simple_table/simple_table/configuration/materials) by extensions ['ignore', 'ignore_ament_install']
[0.245s] Level 1:colcon.colcon_core.package_identification:_identify(simple_table/simple_table/configuration/materials) by extension 'ignore'
[0.245s] Level 1:colcon.colcon_core.package_identification:_identify(simple_table/simple_table/configuration/materials) by extension 'ignore_ament_install'
[0.245s] Level 1:colcon.colcon_core.package_identification:_identify(simple_table/simple_table/configuration/materials) by extensions ['colcon_pkg']
[0.245s] Level 1:colcon.colcon_core.package_identification:_identify(simple_table/simple_table/configuration/materials) by extension 'colcon_pkg'
[0.245s] Level 1:colcon.colcon_core.package_identification:_identify(simple_table/simple_table/configuration/materials) by extensions ['colcon_meta']
[0.245s] Level 1:colcon.colcon_core.package_identification:_identify(simple_table/simple_table/configuration/materials) by extension 'colcon_meta'
[0.245s] Level 1:colcon.colcon_core.package_identification:_identify(simple_table/simple_table/configuration/materials) by extensions ['ros']
[0.245s] Level 1:colcon.colcon_core.package_identification:_identify(simple_table/simple_table/configuration/materials) by extension 'ros'
[0.245s] Level 1:colcon.colcon_core.package_identification:_identify(simple_table/simple_table/configuration/materials) by extensions ['cmake', 'python']
[0.245s] Level 1:colcon.colcon_core.package_identification:_identify(simple_table/simple_table/configuration/materials) by extension 'cmake'
[0.245s] Level 1:colcon.colcon_core.package_identification:_identify(simple_table/simple_table/configuration/materials) by extension 'python'
[0.245s] Level 1:colcon.colcon_core.package_identification:_identify(simple_table/simple_table/configuration/materials) by extensions ['python_setup_py']
[0.245s] Level 1:colcon.colcon_core.package_identification:_identify(simple_table/simple_table/configuration/materials) by extension 'python_setup_py'
[0.245s] Level 1:colcon.colcon_core.package_identification:_identify(simple_table/simple_table/configuration/materials/textures) by extensions ['ignore', 'ignore_ament_install']
[0.245s] Level 1:colcon.colcon_core.package_identification:_identify(simple_table/simple_table/configuration/materials/textures) by extension 'ignore'
[0.245s] Level 1:colcon.colcon_core.package_identification:_identify(simple_table/simple_table/configuration/materials/textures) by extension 'ignore_ament_install'
[0.245s] Level 1:colcon.colcon_core.package_identification:_identify(simple_table/simple_table/configuration/materials/textures) by extensions ['colcon_pkg']
[0.245s] Level 1:colcon.colcon_core.package_identification:_identify(simple_table/simple_table/configuration/materials/textures) by extension 'colcon_pkg'
[0.245s] Level 1:colcon.colcon_core.package_identification:_identify(simple_table/simple_table/configuration/materials/textures) by extensions ['colcon_meta']
[0.245s] Level 1:colcon.colcon_core.package_identification:_identify(simple_table/simple_table/configuration/materials/textures) by extension 'colcon_meta'
[0.245s] Level 1:colcon.colcon_core.package_identification:_identify(simple_table/simple_table/configuration/materials/textures) by extensions ['ros']
[0.245s] Level 1:colcon.colcon_core.package_identification:_identify(simple_table/simple_table/configuration/materials/textures) by extension 'ros'
[0.245s] Level 1:colcon.colcon_core.package_identification:_identify(simple_table/simple_table/configuration/materials/textures) by extensions ['cmake', 'python']
[0.245s] Level 1:colcon.colcon_core.package_identification:_identify(simple_table/simple_table/configuration/materials/textures) by extension 'cmake'
[0.245s] Level 1:colcon.colcon_core.package_identification:_identify(simple_table/simple_table/configuration/materials/textures) by extension 'python'
[0.245s] Level 1:colcon.colcon_core.package_identification:_identify(simple_table/simple_table/configuration/materials/textures) by extensions ['python_setup_py']
[0.245s] Level 1:colcon.colcon_core.package_identification:_identify(simple_table/simple_table/configuration/materials/textures) by extension 'python_setup_py'
[0.246s] Level 1:colcon.colcon_core.package_identification:_identify(src) by extensions ['ignore', 'ignore_ament_install']
[0.246s] Level 1:colcon.colcon_core.package_identification:_identify(src) by extension 'ignore'
[0.246s] Level 1:colcon.colcon_core.package_identification:_identify(src) by extension 'ignore_ament_install'
[0.246s] Level 1:colcon.colcon_core.package_identification:_identify(src) by extensions ['colcon_pkg']
[0.246s] Level 1:colcon.colcon_core.package_identification:_identify(src) by extension 'colcon_pkg'
[0.246s] Level 1:colcon.colcon_core.package_identification:_identify(src) by extensions ['colcon_meta']
[0.246s] Level 1:colcon.colcon_core.package_identification:_identify(src) by extension 'colcon_meta'
[0.246s] Level 1:colcon.colcon_core.package_identification:_identify(src) by extensions ['ros']
[0.246s] Level 1:colcon.colcon_core.package_identification:_identify(src) by extension 'ros'
[0.246s] Level 1:colcon.colcon_core.package_identification:_identify(src) by extensions ['cmake', 'python']
[0.246s] Level 1:colcon.colcon_core.package_identification:_identify(src) by extension 'cmake'
[0.246s] Level 1:colcon.colcon_core.package_identification:_identify(src) by extension 'python'
[0.246s] Level 1:colcon.colcon_core.package_identification:_identify(src) by extensions ['python_setup_py']
[0.246s] Level 1:colcon.colcon_core.package_identification:_identify(src) by extension 'python_setup_py'
[0.246s] Level 1:colcon.colcon_core.package_identification:_identify(src/data_collection) by extensions ['ignore', 'ignore_ament_install']
[0.246s] Level 1:colcon.colcon_core.package_identification:_identify(src/data_collection) by extension 'ignore'
[0.246s] Level 1:colcon.colcon_core.package_identification:_identify(src/data_collection) by extension 'ignore_ament_install'
[0.246s] Level 1:colcon.colcon_core.package_identification:_identify(src/data_collection) by extensions ['colcon_pkg']
[0.246s] Level 1:colcon.colcon_core.package_identification:_identify(src/data_collection) by extension 'colcon_pkg'
[0.246s] Level 1:colcon.colcon_core.package_identification:_identify(src/data_collection) by extensions ['colcon_meta']
[0.246s] Level 1:colcon.colcon_core.package_identification:_identify(src/data_collection) by extension 'colcon_meta'
[0.246s] Level 1:colcon.colcon_core.package_identification:_identify(src/data_collection) by extensions ['ros']
[0.246s] Level 1:colcon.colcon_core.package_identification:_identify(src/data_collection) by extension 'ros'
[0.248s] DEBUG:colcon.colcon_core.package_identification:Package 'src/data_collection' with type 'ros.ament_cmake' and name 'data_collection'
[0.248s] Level 1:colcon.colcon_core.package_identification:_identify(src/moveit_servo) by extensions ['ignore', 'ignore_ament_install']
[0.248s] Level 1:colcon.colcon_core.package_identification:_identify(src/moveit_servo) by extension 'ignore'
[0.248s] Level 1:colcon.colcon_core.package_identification:_identify(src/moveit_servo) by extension 'ignore_ament_install'
[0.248s] Level 1:colcon.colcon_core.package_identification:_identify(src/moveit_servo) by extensions ['colcon_pkg']
[0.248s] Level 1:colcon.colcon_core.package_identification:_identify(src/moveit_servo) by extension 'colcon_pkg'
[0.248s] Level 1:colcon.colcon_core.package_identification:_identify(src/moveit_servo) by extensions ['colcon_meta']
[0.248s] Level 1:colcon.colcon_core.package_identification:_identify(src/moveit_servo) by extension 'colcon_meta'
[0.248s] Level 1:colcon.colcon_core.package_identification:_identify(src/moveit_servo) by extensions ['ros']
[0.248s] Level 1:colcon.colcon_core.package_identification:_identify(src/moveit_servo) by extension 'ros'
[0.250s] DEBUG:colcon.colcon_core.package_identification:Package 'src/moveit_servo' with type 'ros.ament_cmake' and name 'moveit_servo'
[0.250s] Level 1:colcon.colcon_core.package_identification:_identify(src/ur5_description) by extensions ['ignore', 'ignore_ament_install']
[0.250s] Level 1:colcon.colcon_core.package_identification:_identify(src/ur5_description) by extension 'ignore'
[0.250s] Level 1:colcon.colcon_core.package_identification:_identify(src/ur5_description) by extension 'ignore_ament_install'
[0.250s] Level 1:colcon.colcon_core.package_identification:_identify(src/ur5_description) by extensions ['colcon_pkg']
[0.250s] Level 1:colcon.colcon_core.package_identification:_identify(src/ur5_description) by extension 'colcon_pkg'
[0.250s] Level 1:colcon.colcon_core.package_identification:_identify(src/ur5_description) by extensions ['colcon_meta']
[0.250s] Level 1:colcon.colcon_core.package_identification:_identify(src/ur5_description) by extension 'colcon_meta'
[0.250s] Level 1:colcon.colcon_core.package_identification:_identify(src/ur5_description) by extensions ['ros']
[0.250s] Level 1:colcon.colcon_core.package_identification:_identify(src/ur5_description) by extension 'ros'
[0.250s] DEBUG:colcon.colcon_core.package_identification:Package 'src/ur5_description' with type 'ros.ament_cmake' and name 'ur5_description'
[0.250s] Level 1:colcon.colcon_core.package_identification:_identify(src/ur5_moveit_config) by extensions ['ignore', 'ignore_ament_install']
[0.250s] Level 1:colcon.colcon_core.package_identification:_identify(src/ur5_moveit_config) by extension 'ignore'
[0.250s] Level 1:colcon.colcon_core.package_identification:_identify(src/ur5_moveit_config) by extension 'ignore_ament_install'
[0.251s] Level 1:colcon.colcon_core.package_identification:_identify(src/ur5_moveit_config) by extensions ['colcon_pkg']
[0.251s] Level 1:colcon.colcon_core.package_identification:_identify(src/ur5_moveit_config) by extension 'colcon_pkg'
[0.251s] Level 1:colcon.colcon_core.package_identification:_identify(src/ur5_moveit_config) by extensions ['colcon_meta']
[0.251s] Level 1:colcon.colcon_core.package_identification:_identify(src/ur5_moveit_config) by extension 'colcon_meta'
[0.251s] Level 1:colcon.colcon_core.package_identification:_identify(src/ur5_moveit_config) by extensions ['ros']
[0.251s] Level 1:colcon.colcon_core.package_identification:_identify(src/ur5_moveit_config) by extension 'ros'
[0.251s] DEBUG:colcon.colcon_core.package_identification:Package 'src/ur5_moveit_config' with type 'ros.ament_cmake' and name 'ur5_moveit_config'
[0.251s] Level 1:colcon.colcon_core.package_identification:_identify(tbar) by extensions ['ignore', 'ignore_ament_install']
[0.251s] Level 1:colcon.colcon_core.package_identification:_identify(tbar) by extension 'ignore'
[0.251s] Level 1:colcon.colcon_core.package_identification:_identify(tbar) by extension 'ignore_ament_install'
[0.251s] Level 1:colcon.colcon_core.package_identification:_identify(tbar) by extensions ['colcon_pkg']
[0.251s] Level 1:colcon.colcon_core.package_identification:_identify(tbar) by extension 'colcon_pkg'
[0.251s] Level 1:colcon.colcon_core.package_identification:_identify(tbar) by extensions ['colcon_meta']
[0.251s] Level 1:colcon.colcon_core.package_identification:_identify(tbar) by extension 'colcon_meta'
[0.252s] Level 1:colcon.colcon_core.package_identification:_identify(tbar) by extensions ['ros']
[0.252s] Level 1:colcon.colcon_core.package_identification:_identify(tbar) by extension 'ros'
[0.252s] Level 1:colcon.colcon_core.package_identification:_identify(tbar) by extensions ['cmake', 'python']
[0.252s] Level 1:colcon.colcon_core.package_identification:_identify(tbar) by extension 'cmake'
[0.252s] Level 1:colcon.colcon_core.package_identification:_identify(tbar) by extension 'python'
[0.252s] Level 1:colcon.colcon_core.package_identification:_identify(tbar) by extensions ['python_setup_py']
[0.252s] Level 1:colcon.colcon_core.package_identification:_identify(tbar) by extension 'python_setup_py'
[0.252s] Level 1:colcon.colcon_core.package_identification:_identify(tbar/tbar) by extensions ['ignore', 'ignore_ament_install']
[0.252s] Level 1:colcon.colcon_core.package_identification:_identify(tbar/tbar) by extension 'ignore'
[0.252s] Level 1:colcon.colcon_core.package_identification:_identify(tbar/tbar) by extension 'ignore_ament_install'
[0.252s] Level 1:colcon.colcon_core.package_identification:_identify(tbar/tbar) by extensions ['colcon_pkg']
[0.252s] Level 1:colcon.colcon_core.package_identification:_identify(tbar/tbar) by extension 'colcon_pkg'
[0.252s] Level 1:colcon.colcon_core.package_identification:_identify(tbar/tbar) by extensions ['colcon_meta']
[0.252s] Level 1:colcon.colcon_core.package_identification:_identify(tbar/tbar) by extension 'colcon_meta'
[0.252s] Level 1:colcon.colcon_core.package_identification:_identify(tbar/tbar) by extensions ['ros']
[0.252s] Level 1:colcon.colcon_core.package_identification:_identify(tbar/tbar) by extension 'ros'
[0.252s] Level 1:colcon.colcon_core.package_identification:_identify(tbar/tbar) by extensions ['cmake', 'python']
[0.252s] Level 1:colcon.colcon_core.package_identification:_identify(tbar/tbar) by extension 'cmake'
[0.252s] Level 1:colcon.colcon_core.package_identification:_identify(tbar/tbar) by extension 'python'
[0.252s] Level 1:colcon.colcon_core.package_identification:_identify(tbar/tbar) by extensions ['python_setup_py']
[0.252s] Level 1:colcon.colcon_core.package_identification:_identify(tbar/tbar) by extension 'python_setup_py'
[0.252s] Level 1:colcon.colcon_core.package_identification:_identify(tbar/tbar/configuration) by extensions ['ignore', 'ignore_ament_install']
[0.252s] Level 1:colcon.colcon_core.package_identification:_identify(tbar/tbar/configuration) by extension 'ignore'
[0.252s] Level 1:colcon.colcon_core.package_identification:_identify(tbar/tbar/configuration) by extension 'ignore_ament_install'
[0.252s] Level 1:colcon.colcon_core.package_identification:_identify(tbar/tbar/configuration) by extensions ['colcon_pkg']
[0.252s] Level 1:colcon.colcon_core.package_identification:_identify(tbar/tbar/configuration) by extension 'colcon_pkg'
[0.252s] Level 1:colcon.colcon_core.package_identification:_identify(tbar/tbar/configuration) by extensions ['colcon_meta']
[0.252s] Level 1:colcon.colcon_core.package_identification:_identify(tbar/tbar/configuration) by extension 'colcon_meta'
[0.252s] Level 1:colcon.colcon_core.package_identification:_identify(tbar/tbar/configuration) by extensions ['ros']
[0.253s] Level 1:colcon.colcon_core.package_identification:_identify(tbar/tbar/configuration) by extension 'ros'
[0.253s] Level 1:colcon.colcon_core.package_identification:_identify(tbar/tbar/configuration) by extensions ['cmake', 'python']
[0.253s] Level 1:colcon.colcon_core.package_identification:_identify(tbar/tbar/configuration) by extension 'cmake'
[0.253s] Level 1:colcon.colcon_core.package_identification:_identify(tbar/tbar/configuration) by extension 'python'
[0.253s] Level 1:colcon.colcon_core.package_identification:_identify(tbar/tbar/configuration) by extensions ['python_setup_py']
[0.253s] Level 1:colcon.colcon_core.package_identification:_identify(tbar/tbar/configuration) by extension 'python_setup_py'
[0.253s] Level 1:colcon.colcon_core.package_identification:_identify(training_data) by extensions ['ignore', 'ignore_ament_install']
[0.253s] Level 1:colcon.colcon_core.package_identification:_identify(training_data) by extension 'ignore'
[0.253s] Level 1:colcon.colcon_core.package_identification:_identify(training_data) by extension 'ignore_ament_install'
[0.253s] Level 1:colcon.colcon_core.package_identification:_identify(training_data) by extensions ['colcon_pkg']
[0.253s] Level 1:colcon.colcon_core.package_identification:_identify(training_data) by extension 'colcon_pkg'
[0.253s] Level 1:colcon.colcon_core.package_identification:_identify(training_data) by extensions ['colcon_meta']
[0.253s] Level 1:colcon.colcon_core.package_identification:_identify(training_data) by extension 'colcon_meta'
[0.253s] Level 1:colcon.colcon_core.package_identification:_identify(training_data) by extensions ['ros']
[0.253s] Level 1:colcon.colcon_core.package_identification:_identify(training_data) by extension 'ros'
[0.253s] Level 1:colcon.colcon_core.package_identification:_identify(training_data) by extensions ['cmake', 'python']
[0.253s] Level 1:colcon.colcon_core.package_identification:_identify(training_data) by extension 'cmake'
[0.253s] Level 1:colcon.colcon_core.package_identification:_identify(training_data) by extension 'python'
[0.253s] Level 1:colcon.colcon_core.package_identification:_identify(training_data) by extensions ['python_setup_py']
[0.253s] Level 1:colcon.colcon_core.package_identification:_identify(training_data) by extension 'python_setup_py'
[0.253s] Level 1:colcon.colcon_core.package_identification:_identify(training_data/lerobot) by extensions ['ignore', 'ignore_ament_install']
[0.253s] Level 1:colcon.colcon_core.package_identification:_identify(training_data/lerobot) by extension 'ignore'
[0.253s] Level 1:colcon.colcon_core.package_identification:_identify(training_data/lerobot) by extension 'ignore_ament_install'
[0.253s] Level 1:colcon.colcon_core.package_identification:_identify(training_data/lerobot) by extensions ['colcon_pkg']
[0.253s] Level 1:colcon.colcon_core.package_identification:_identify(training_data/lerobot) by extension 'colcon_pkg'
[0.253s] Level 1:colcon.colcon_core.package_identification:_identify(training_data/lerobot) by extensions ['colcon_meta']
[0.253s] Level 1:colcon.colcon_core.package_identification:_identify(training_data/lerobot) by extension 'colcon_meta'
[0.253s] Level 1:colcon.colcon_core.package_identification:_identify(training_data/lerobot) by extensions ['ros']
[0.253s] Level 1:colcon.colcon_core.package_identification:_identify(training_data/lerobot) by extension 'ros'
[0.254s] Level 1:colcon.colcon_core.package_identification:_identify(training_data/lerobot) by extensions ['cmake', 'python']
[0.254s] Level 1:colcon.colcon_core.package_identification:_identify(training_data/lerobot) by extension 'cmake'
[0.254s] Level 1:colcon.colcon_core.package_identification:_identify(training_data/lerobot) by extension 'python'
[0.254s] Level 1:colcon.colcon_core.package_identification:_identify(training_data/lerobot) by extensions ['python_setup_py']
[0.254s] Level 1:colcon.colcon_core.package_identification:_identify(training_data/lerobot) by extension 'python_setup_py'
[0.254s] Level 1:colcon.colcon_core.package_identification:_identify(training_data/lerobot/my_pusht) by extensions ['ignore', 'ignore_ament_install']
[0.254s] Level 1:colcon.colcon_core.package_identification:_identify(training_data/lerobot/my_pusht) by extension 'ignore'
[0.254s] Level 1:colcon.colcon_core.package_identification:_identify(training_data/lerobot/my_pusht) by extension 'ignore_ament_install'
[0.254s] Level 1:colcon.colcon_core.package_identification:_identify(training_data/lerobot/my_pusht) by extensions ['colcon_pkg']
[0.254s] Level 1:colcon.colcon_core.package_identification:_identify(training_data/lerobot/my_pusht) by extension 'colcon_pkg'
[0.254s] Level 1:colcon.colcon_core.package_identification:_identify(training_data/lerobot/my_pusht) by extensions ['colcon_meta']
[0.254s] Level 1:colcon.colcon_core.package_identification:_identify(training_data/lerobot/my_pusht) by extension 'colcon_meta'
[0.254s] Level 1:colcon.colcon_core.package_identification:_identify(training_data/lerobot/my_pusht) by extensions ['ros']
[0.254s] Level 1:colcon.colcon_core.package_identification:_identify(training_data/lerobot/my_pusht) by extension 'ros'
[0.254s] Level 1:colcon.colcon_core.package_identification:_identify(training_data/lerobot/my_pusht) by extensions ['cmake', 'python']
[0.254s] Level 1:colcon.colcon_core.package_identification:_identify(training_data/lerobot/my_pusht) by extension 'cmake'
[0.254s] Level 1:colcon.colcon_core.package_identification:_identify(training_data/lerobot/my_pusht) by extension 'python'
[0.254s] Level 1:colcon.colcon_core.package_identification:_identify(training_data/lerobot/my_pusht) by extensions ['python_setup_py']
[0.254s] Level 1:colcon.colcon_core.package_identification:_identify(training_data/lerobot/my_pusht) by extension 'python_setup_py'
[0.254s] Level 1:colcon.colcon_core.package_identification:_identify(training_data/lerobot/my_pusht/data) by extensions ['ignore', 'ignore_ament_install']
[0.254s] Level 1:colcon.colcon_core.package_identification:_identify(training_data/lerobot/my_pusht/data) by extension 'ignore'
[0.254s] Level 1:colcon.colcon_core.package_identification:_identify(training_data/lerobot/my_pusht/data) by extension 'ignore_ament_install'
[0.254s] Level 1:colcon.colcon_core.package_identification:_identify(training_data/lerobot/my_pusht/data) by extensions ['colcon_pkg']
[0.254s] Level 1:colcon.colcon_core.package_identification:_identify(training_data/lerobot/my_pusht/data) by extension 'colcon_pkg'
[0.254s] Level 1:colcon.colcon_core.package_identification:_identify(training_data/lerobot/my_pusht/data) by extensions ['colcon_meta']
[0.254s] Level 1:colcon.colcon_core.package_identification:_identify(training_data/lerobot/my_pusht/data) by extension 'colcon_meta'
[0.254s] Level 1:colcon.colcon_core.package_identification:_identify(training_data/lerobot/my_pusht/data) by extensions ['ros']
[0.254s] Level 1:colcon.colcon_core.package_identification:_identify(training_data/lerobot/my_pusht/data) by extension 'ros'
[0.254s] Level 1:colcon.colcon_core.package_identification:_identify(training_data/lerobot/my_pusht/data) by extensions ['cmake', 'python']
[0.254s] Level 1:colcon.colcon_core.package_identification:_identify(training_data/lerobot/my_pusht/data) by extension 'cmake'
[0.255s] Level 1:colcon.colcon_core.package_identification:_identify(training_data/lerobot/my_pusht/data) by extension 'python'
[0.255s] Level 1:colcon.colcon_core.package_identification:_identify(training_data/lerobot/my_pusht/data) by extensions ['python_setup_py']
[0.255s] Level 1:colcon.colcon_core.package_identification:_identify(training_data/lerobot/my_pusht/data) by extension 'python_setup_py'
[0.255s] Level 1:colcon.colcon_core.package_identification:_identify(training_data/lerobot/my_pusht/data/chunk-000) by extensions ['ignore', 'ignore_ament_install']
[0.255s] Level 1:colcon.colcon_core.package_identification:_identify(training_data/lerobot/my_pusht/data/chunk-000) by extension 'ignore'
[0.255s] Level 1:colcon.colcon_core.package_identification:_identify(training_data/lerobot/my_pusht/data/chunk-000) by extension 'ignore_ament_install'
[0.255s] Level 1:colcon.colcon_core.package_identification:_identify(training_data/lerobot/my_pusht/data/chunk-000) by extensions ['colcon_pkg']
[0.255s] Level 1:colcon.colcon_core.package_identification:_identify(training_data/lerobot/my_pusht/data/chunk-000) by extension 'colcon_pkg'
[0.255s] Level 1:colcon.colcon_core.package_identification:_identify(training_data/lerobot/my_pusht/data/chunk-000) by extensions ['colcon_meta']
[0.255s] Level 1:colcon.colcon_core.package_identification:_identify(training_data/lerobot/my_pusht/data/chunk-000) by extension 'colcon_meta'
[0.255s] Level 1:colcon.colcon_core.package_identification:_identify(training_data/lerobot/my_pusht/data/chunk-000) by extensions ['ros']
[0.255s] Level 1:colcon.colcon_core.package_identification:_identify(training_data/lerobot/my_pusht/data/chunk-000) by extension 'ros'
[0.255s] Level 1:colcon.colcon_core.package_identification:_identify(training_data/lerobot/my_pusht/data/chunk-000) by extensions ['cmake', 'python']
[0.255s] Level 1:colcon.colcon_core.package_identification:_identify(training_data/lerobot/my_pusht/data/chunk-000) by extension 'cmake'
[0.255s] Level 1:colcon.colcon_core.package_identification:_identify(training_data/lerobot/my_pusht/data/chunk-000) by extension 'python'
[0.255s] Level 1:colcon.colcon_core.package_identification:_identify(training_data/lerobot/my_pusht/data/chunk-000) by extensions ['python_setup_py']
[0.255s] Level 1:colcon.colcon_core.package_identification:_identify(training_data/lerobot/my_pusht/data/chunk-000) by extension 'python_setup_py'
[0.255s] Level 1:colcon.colcon_core.package_identification:_identify(training_data/lerobot/my_pusht/meta) by extensions ['ignore', 'ignore_ament_install']
[0.255s] Level 1:colcon.colcon_core.package_identification:_identify(training_data/lerobot/my_pusht/meta) by extension 'ignore'
[0.255s] Level 1:colcon.colcon_core.package_identification:_identify(training_data/lerobot/my_pusht/meta) by extension 'ignore_ament_install'
[0.255s] Level 1:colcon.colcon_core.package_identification:_identify(training_data/lerobot/my_pusht/meta) by extensions ['colcon_pkg']
[0.255s] Level 1:colcon.colcon_core.package_identification:_identify(training_data/lerobot/my_pusht/meta) by extension 'colcon_pkg'
[0.255s] Level 1:colcon.colcon_core.package_identification:_identify(training_data/lerobot/my_pusht/meta) by extensions ['colcon_meta']
[0.255s] Level 1:colcon.colcon_core.package_identification:_identify(training_data/lerobot/my_pusht/meta) by extension 'colcon_meta'
[0.255s] Level 1:colcon.colcon_core.package_identification:_identify(training_data/lerobot/my_pusht/meta) by extensions ['ros']
[0.255s] Level 1:colcon.colcon_core.package_identification:_identify(training_data/lerobot/my_pusht/meta) by extension 'ros'
[0.255s] Level 1:colcon.colcon_core.package_identification:_identify(training_data/lerobot/my_pusht/meta) by extensions ['cmake', 'python']
[0.255s] Level 1:colcon.colcon_core.package_identification:_identify(training_data/lerobot/my_pusht/meta) by extension 'cmake'
[0.256s] Level 1:colcon.colcon_core.package_identification:_identify(training_data/lerobot/my_pusht/meta) by extension 'python'
[0.256s] Level 1:colcon.colcon_core.package_identification:_identify(training_data/lerobot/my_pusht/meta) by extensions ['python_setup_py']
[0.256s] Level 1:colcon.colcon_core.package_identification:_identify(training_data/lerobot/my_pusht/meta) by extension 'python_setup_py'
[0.256s] Level 1:colcon.colcon_core.package_identification:_identify(training_data/lerobot/my_pusht/videos) by extensions ['ignore', 'ignore_ament_install']
[0.256s] Level 1:colcon.colcon_core.package_identification:_identify(training_data/lerobot/my_pusht/videos) by extension 'ignore'
[0.256s] Level 1:colcon.colcon_core.package_identification:_identify(training_data/lerobot/my_pusht/videos) by extension 'ignore_ament_install'
[0.256s] Level 1:colcon.colcon_core.package_identification:_identify(training_data/lerobot/my_pusht/videos) by extensions ['colcon_pkg']
[0.256s] Level 1:colcon.colcon_core.package_identification:_identify(training_data/lerobot/my_pusht/videos) by extension 'colcon_pkg'
[0.256s] Level 1:colcon.colcon_core.package_identification:_identify(training_data/lerobot/my_pusht/videos) by extensions ['colcon_meta']
[0.256s] Level 1:colcon.colcon_core.package_identification:_identify(training_data/lerobot/my_pusht/videos) by extension 'colcon_meta'
[0.256s] Level 1:colcon.colcon_core.package_identification:_identify(training_data/lerobot/my_pusht/videos) by extensions ['ros']
[0.256s] Level 1:colcon.colcon_core.package_identification:_identify(training_data/lerobot/my_pusht/videos) by extension 'ros'
[0.256s] Level 1:colcon.colcon_core.package_identification:_identify(training_data/lerobot/my_pusht/videos) by extensions ['cmake', 'python']
[0.256s] Level 1:colcon.colcon_core.package_identification:_identify(training_data/lerobot/my_pusht/videos) by extension 'cmake'
[0.256s] Level 1:colcon.colcon_core.package_identification:_identify(training_data/lerobot/my_pusht/videos) by extension 'python'
[0.256s] Level 1:colcon.colcon_core.package_identification:_identify(training_data/lerobot/my_pusht/videos) by extensions ['python_setup_py']
[0.256s] Level 1:colcon.colcon_core.package_identification:_identify(training_data/lerobot/my_pusht/videos) by extension 'python_setup_py'
[0.256s] Level 1:colcon.colcon_core.package_identification:_identify(training_data/lerobot/my_pusht/videos/chunk-000) by extensions ['ignore', 'ignore_ament_install']
[0.256s] Level 1:colcon.colcon_core.package_identification:_identify(training_data/lerobot/my_pusht/videos/chunk-000) by extension 'ignore'
[0.256s] Level 1:colcon.colcon_core.package_identification:_identify(training_data/lerobot/my_pusht/videos/chunk-000) by extension 'ignore_ament_install'
[0.256s] Level 1:colcon.colcon_core.package_identification:_identify(training_data/lerobot/my_pusht/videos/chunk-000) by extensions ['colcon_pkg']
[0.256s] Level 1:colcon.colcon_core.package_identification:_identify(training_data/lerobot/my_pusht/videos/chunk-000) by extension 'colcon_pkg'
[0.256s] Level 1:colcon.colcon_core.package_identification:_identify(training_data/lerobot/my_pusht/videos/chunk-000) by extensions ['colcon_meta']
[0.256s] Level 1:colcon.colcon_core.package_identification:_identify(training_data/lerobot/my_pusht/videos/chunk-000) by extension 'colcon_meta'
[0.256s] Level 1:colcon.colcon_core.package_identification:_identify(training_data/lerobot/my_pusht/videos/chunk-000) by extensions ['ros']
[0.256s] Level 1:colcon.colcon_core.package_identification:_identify(training_data/lerobot/my_pusht/videos/chunk-000) by extension 'ros'
[0.256s] Level 1:colcon.colcon_core.package_identification:_identify(training_data/lerobot/my_pusht/videos/chunk-000) by extensions ['cmake', 'python']
[0.256s] Level 1:colcon.colcon_core.package_identification:_identify(training_data/lerobot/my_pusht/videos/chunk-000) by extension 'cmake'
[0.256s] Level 1:colcon.colcon_core.package_identification:_identify(training_data/lerobot/my_pusht/videos/chunk-000) by extension 'python'
[0.257s] Level 1:colcon.colcon_core.package_identification:_identify(training_data/lerobot/my_pusht/videos/chunk-000) by extensions ['python_setup_py']
[0.257s] Level 1:colcon.colcon_core.package_identification:_identify(training_data/lerobot/my_pusht/videos/chunk-000) by extension 'python_setup_py'
[0.257s] Level 1:colcon.colcon_core.package_identification:_identify(training_data/lerobot/my_pusht/videos/chunk-000/observation.image) by extensions ['ignore', 'ignore_ament_install']
[0.257s] Level 1:colcon.colcon_core.package_identification:_identify(training_data/lerobot/my_pusht/videos/chunk-000/observation.image) by extension 'ignore'
[0.257s] Level 1:colcon.colcon_core.package_identification:_identify(training_data/lerobot/my_pusht/videos/chunk-000/observation.image) by extension 'ignore_ament_install'
[0.257s] Level 1:colcon.colcon_core.package_identification:_identify(training_data/lerobot/my_pusht/videos/chunk-000/observation.image) by extensions ['colcon_pkg']
[0.257s] Level 1:colcon.colcon_core.package_identification:_identify(training_data/lerobot/my_pusht/videos/chunk-000/observation.image) by extension 'colcon_pkg'
[0.257s] Level 1:colcon.colcon_core.package_identification:_identify(training_data/lerobot/my_pusht/videos/chunk-000/observation.image) by extensions ['colcon_meta']
[0.257s] Level 1:colcon.colcon_core.package_identification:_identify(training_data/lerobot/my_pusht/videos/chunk-000/observation.image) by extension 'colcon_meta'
[0.257s] Level 1:colcon.colcon_core.package_identification:_identify(training_data/lerobot/my_pusht/videos/chunk-000/observation.image) by extensions ['ros']
[0.257s] Level 1:colcon.colcon_core.package_identification:_identify(training_data/lerobot/my_pusht/videos/chunk-000/observation.image) by extension 'ros'
[0.257s] Level 1:colcon.colcon_core.package_identification:_identify(training_data/lerobot/my_pusht/videos/chunk-000/observation.image) by extensions ['cmake', 'python']
[0.257s] Level 1:colcon.colcon_core.package_identification:_identify(training_data/lerobot/my_pusht/videos/chunk-000/observation.image) by extension 'cmake'
[0.257s] Level 1:colcon.colcon_core.package_identification:_identify(training_data/lerobot/my_pusht/videos/chunk-000/observation.image) by extension 'python'
[0.257s] Level 1:colcon.colcon_core.package_identification:_identify(training_data/lerobot/my_pusht/videos/chunk-000/observation.image) by extensions ['python_setup_py']
[0.257s] Level 1:colcon.colcon_core.package_identification:_identify(training_data/lerobot/my_pusht/videos/chunk-000/observation.image) by extension 'python_setup_py'
[0.257s] Level 1:colcon.colcon_core.package_discovery:discover_packages(recursive) using defaults
[0.257s] Level 1:colcon.colcon_core.package_discovery:discover_packages(ignore) discover
[0.257s] Level 1:colcon.colcon_core.package_discovery:discover_packages(ignore) using defaults
[0.257s] Level 1:colcon.colcon_core.package_discovery:discover_packages(path) discover
[0.257s] Level 1:colcon.colcon_core.package_discovery:discover_packages(path) using defaults
[0.271s] Level 1:colcon.colcon_core.package_discovery:discover_packages(prefix_path) check parameters
[0.271s] Level 1:colcon.colcon_core.package_discovery:discover_packages(prefix_path) discover
[0.273s] DEBUG:colcon.colcon_installed_package_information.package_discovery:Found 468 installed packages in /opt/ros/humble
[0.275s] Level 1:colcon.colcon_core.package_discovery:discover_packages(prefix_path) using defaults
[0.314s] Level 5:colcon.colcon_core.verb:set package 'data_collection' build argument 'cmake_args' from command line to 'None'
[0.314s] Level 5:colcon.colcon_core.verb:set package 'data_collection' build argument 'cmake_target' from command line to 'None'
[0.315s] Level 5:colcon.colcon_core.verb:set package 'data_collection' build argument 'cmake_target_skip_unavailable' from command line to 'False'
[0.315s] Level 5:colcon.colcon_core.verb:set package 'data_collection' build argument 'cmake_clean_cache' from command line to 'False'
[0.315s] Level 5:colcon.colcon_core.verb:set package 'data_collection' build argument 'cmake_clean_first' from command line to 'False'
[0.315s] Level 5:colcon.colcon_core.verb:set package 'data_collection' build argument 'cmake_force_configure' from command line to 'False'
[0.315s] Level 5:colcon.colcon_core.verb:set package 'data_collection' build argument 'ament_cmake_args' from command line to 'None'
[0.315s] Level 5:colcon.colcon_core.verb:set package 'data_collection' build argument 'catkin_cmake_args' from command line to 'None'
[0.315s] Level 5:colcon.colcon_core.verb:set package 'data_collection' build argument 'catkin_skip_building_tests' from command line to 'False'
[0.315s] DEBUG:colcon.colcon_core.verb:Building package 'data_collection' with the following arguments: {'ament_cmake_args': None, 'build_base': '/home/rajpurkar/Rahul/UR5-BarAlign-RL-Isaac-sim/ur5_simulation/build/data_collection', 'catkin_cmake_args': None, 'catkin_skip_building_tests': False, 'cmake_args': None, 'cmake_clean_cache': False, 'cmake_clean_first': False, 'cmake_force_configure': False, 'cmake_target': None, 'cmake_target_skip_unavailable': False, 'install_base': '/home/rajpurkar/Rahul/UR5-BarAlign-RL-Isaac-sim/ur5_simulation/install/data_collection', 'merge_install': False, 'path': '/home/rajpurkar/Rahul/UR5-BarAlign-RL-Isaac-sim/ur5_simulation/src/data_collection', 'symlink_install': False, 'test_result_base': None}
[0.315s] Level 5:colcon.colcon_core.verb:set package 'moveit_servo' build argument 'cmake_args' from command line to 'None'
[0.315s] Level 5:colcon.colcon_core.verb:set package 'moveit_servo' build argument 'cmake_target' from command line to 'None'
[0.315s] Level 5:colcon.colcon_core.verb:set package 'moveit_servo' build argument 'cmake_target_skip_unavailable' from command line to 'False'
[0.315s] Level 5:colcon.colcon_core.verb:set package 'moveit_servo' build argument 'cmake_clean_cache' from command line to 'False'
[0.315s] Level 5:colcon.colcon_core.verb:set package 'moveit_servo' build argument 'cmake_clean_first' from command line to 'False'
[0.315s] Level 5:colcon.colcon_core.verb:set package 'moveit_servo' build argument 'cmake_force_configure' from command line to 'False'
[0.315s] Level 5:colcon.colcon_core.verb:set package 'moveit_servo' build argument 'ament_cmake_args' from command line to 'None'
[0.315s] Level 5:colcon.colcon_core.verb:set package 'moveit_servo' build argument 'catkin_cmake_args' from command line to 'None'
[0.315s] Level 5:colcon.colcon_core.verb:set package 'moveit_servo' build argument 'catkin_skip_building_tests' from command line to 'False'
[0.315s] DEBUG:colcon.colcon_core.verb:Building package 'moveit_servo' with the following arguments: {'ament_cmake_args': None, 'build_base': '/home/rajpurkar/Rahul/UR5-BarAlign-RL-Isaac-sim/ur5_simulation/build/moveit_servo', 'catkin_cmake_args': None, 'catkin_skip_building_tests': False, 'cmake_args': None, 'cmake_clean_cache': False, 'cmake_clean_first': False, 'cmake_force_configure': False, 'cmake_target': None, 'cmake_target_skip_unavailable': False, 'install_base': '/home/rajpurkar/Rahul/UR5-BarAlign-RL-Isaac-sim/ur5_simulation/install/moveit_servo', 'merge_install': False, 'path': '/home/rajpurkar/Rahul/UR5-BarAlign-RL-Isaac-sim/ur5_simulation/src/moveit_servo', 'symlink_install': False, 'test_result_base': None}
[0.315s] Level 5:colcon.colcon_core.verb:set package 'ur5_description' build argument 'cmake_args' from command line to 'None'
[0.315s] Level 5:colcon.colcon_core.verb:set package 'ur5_description' build argument 'cmake_target' from command line to 'None'
[0.315s] Level 5:colcon.colcon_core.verb:set package 'ur5_description' build argument 'cmake_target_skip_unavailable' from command line to 'False'
[0.315s] Level 5:colcon.colcon_core.verb:set package 'ur5_description' build argument 'cmake_clean_cache' from command line to 'False'
[0.315s] Level 5:colcon.colcon_core.verb:set package 'ur5_description' build argument 'cmake_clean_first' from command line to 'False'
[0.315s] Level 5:colcon.colcon_core.verb:set package 'ur5_description' build argument 'cmake_force_configure' from command line to 'False'
[0.315s] Level 5:colcon.colcon_core.verb:set package 'ur5_description' build argument 'ament_cmake_args' from command line to 'None'
[0.316s] Level 5:colcon.colcon_core.verb:set package 'ur5_description' build argument 'catkin_cmake_args' from command line to 'None'
[0.316s] Level 5:colcon.colcon_core.verb:set package 'ur5_description' build argument 'catkin_skip_building_tests' from command line to 'False'
[0.316s] DEBUG:colcon.colcon_core.verb:Building package 'ur5_description' with the following arguments: {'ament_cmake_args': None, 'build_base': '/home/rajpurkar/Rahul/UR5-BarAlign-RL-Isaac-sim/ur5_simulation/build/ur5_description', 'catkin_cmake_args': None, 'catkin_skip_building_tests': False, 'cmake_args': None, 'cmake_clean_cache': False, 'cmake_clean_first': False, 'cmake_force_configure': False, 'cmake_target': None, 'cmake_target_skip_unavailable': False, 'install_base': '/home/rajpurkar/Rahul/UR5-BarAlign-RL-Isaac-sim/ur5_simulation/install/ur5_description', 'merge_install': False, 'path': '/home/rajpurkar/Rahul/UR5-BarAlign-RL-Isaac-sim/ur5_simulation/src/ur5_description', 'symlink_install': False, 'test_result_base': None}
[0.316s] Level 5:colcon.colcon_core.verb:set package 'ur5_moveit_config' build argument 'cmake_args' from command line to 'None'
[0.316s] Level 5:colcon.colcon_core.verb:set package 'ur5_moveit_config' build argument 'cmake_target' from command line to 'None'
[0.316s] Level 5:colcon.colcon_core.verb:set package 'ur5_moveit_config' build argument 'cmake_target_skip_unavailable' from command line to 'False'
[0.316s] Level 5:colcon.colcon_core.verb:set package 'ur5_moveit_config' build argument 'cmake_clean_cache' from command line to 'False'
[0.316s] Level 5:colcon.colcon_core.verb:set package 'ur5_moveit_config' build argument 'cmake_clean_first' from command line to 'False'
[0.316s] Level 5:colcon.colcon_core.verb:set package 'ur5_moveit_config' build argument 'cmake_force_configure' from command line to 'False'
[0.316s] Level 5:colcon.colcon_core.verb:set package 'ur5_moveit_config' build argument 'ament_cmake_args' from command line to 'None'
[0.316s] Level 5:colcon.colcon_core.verb:set package 'ur5_moveit_config' build argument 'catkin_cmake_args' from command line to 'None'
[0.316s] Level 5:colcon.colcon_core.verb:set package 'ur5_moveit_config' build argument 'catkin_skip_building_tests' from command line to 'False'
[0.316s] DEBUG:colcon.colcon_core.verb:Building package 'ur5_moveit_config' with the following arguments: {'ament_cmake_args': None, 'build_base': '/home/rajpurkar/Rahul/UR5-BarAlign-RL-Isaac-sim/ur5_simulation/build/ur5_moveit_config', 'catkin_cmake_args': None, 'catkin_skip_building_tests': False, 'cmake_args': None, 'cmake_clean_cache': False, 'cmake_clean_first': False, 'cmake_force_configure': False, 'cmake_target': None, 'cmake_target_skip_unavailable': False, 'install_base': '/home/rajpurkar/Rahul/UR5-BarAlign-RL-Isaac-sim/ur5_simulation/install/ur5_moveit_config', 'merge_install': False, 'path': '/home/rajpurkar/Rahul/UR5-BarAlign-RL-Isaac-sim/ur5_simulation/src/ur5_moveit_config', 'symlink_install': False, 'test_result_base': None}
[0.316s] INFO:colcon.colcon_core.executor:Executing jobs using 'parallel' executor
[0.317s] DEBUG:colcon.colcon_parallel_executor.executor.parallel:run_until_complete
[0.317s] INFO:colcon.colcon_ros.task.ament_cmake.build:Building ROS package in '/home/rajpurkar/Rahul/UR5-BarAlign-RL-Isaac-sim/ur5_simulation/src/ur5_description' with build type 'ament_cmake'
[0.317s] INFO:colcon.colcon_cmake.task.cmake.build:Building CMake package in '/home/rajpurkar/Rahul/UR5-BarAlign-RL-Isaac-sim/ur5_simulation/src/ur5_description'
[0.318s] INFO:colcon.colcon_core.plugin_system:Skipping extension 'colcon_core.shell.bat': Not used on non-Windows systems
[0.319s] INFO:colcon.colcon_core.shell:Skip shell extension 'powershell' for command environment: Not usable outside of PowerShell
[0.319s] DEBUG:colcon.colcon_core.shell:Skip shell extension 'dsv' for command environment
[0.321s] INFO:colcon.colcon_ros.task.ament_cmake.build:Building ROS package in '/home/rajpurkar/Rahul/UR5-BarAlign-RL-Isaac-sim/ur5_simulation/src/data_collection' with build type 'ament_cmake'
[0.321s] INFO:colcon.colcon_cmake.task.cmake.build:Building CMake package in '/home/rajpurkar/Rahul/UR5-BarAlign-RL-Isaac-sim/ur5_simulation/src/data_collection'
[0.321s] INFO:colcon.colcon_core.shell:Skip shell extension 'powershell' for command environment: Not usable outside of PowerShell
[0.321s] DEBUG:colcon.colcon_core.shell:Skip shell extension 'dsv' for command environment
[0.323s] INFO:colcon.colcon_ros.task.ament_cmake.build:Building ROS package in '/home/rajpurkar/Rahul/UR5-BarAlign-RL-Isaac-sim/ur5_simulation/src/moveit_servo' with build type 'ament_cmake'
[0.323s] INFO:colcon.colcon_cmake.task.cmake.build:Building CMake package in '/home/rajpurkar/Rahul/UR5-BarAlign-RL-Isaac-sim/ur5_simulation/src/moveit_servo'
[0.324s] INFO:colcon.colcon_core.shell:Skip shell extension 'powershell' for command environment: Not usable outside of PowerShell
[0.324s] DEBUG:colcon.colcon_core.shell:Skip shell extension 'dsv' for command environment
[0.328s] DEBUG:colcon.colcon_core.event_handler.log_command:Invoking command in '/home/rajpurkar/Rahul/UR5-BarAlign-RL-Isaac-sim/ur5_simulation/build/ur5_description': CMAKE_PREFIX_PATH=/opt/ros/humble /usr/bin/cmake /home/rajpurkar/Rahul/UR5-BarAlign-RL-Isaac-sim/ur5_simulation/src/ur5_description -DCMAKE_INSTALL_PREFIX=/home/rajpurkar/Rahul/UR5-BarAlign-RL-Isaac-sim/ur5_simulation/install/ur5_description
[0.330s] DEBUG:colcon.colcon_core.event_handler.log_command:Invoking command in '/home/rajpurkar/Rahul/UR5-BarAlign-RL-Isaac-sim/ur5_simulation/build/data_collection': CMAKE_PREFIX_PATH=/opt/ros/humble /usr/bin/cmake /home/rajpurkar/Rahul/UR5-BarAlign-RL-Isaac-sim/ur5_simulation/src/data_collection -DCMAKE_INSTALL_PREFIX=/home/rajpurkar/Rahul/UR5-BarAlign-RL-Isaac-sim/ur5_simulation/install/data_collection
[0.332s] DEBUG:colcon.colcon_core.event_handler.log_command:Invoking command in '/home/rajpurkar/Rahul/UR5-BarAlign-RL-Isaac-sim/ur5_simulation/build/moveit_servo': CMAKE_PREFIX_PATH=/opt/ros/humble /usr/bin/cmake /home/rajpurkar/Rahul/UR5-BarAlign-RL-Isaac-sim/ur5_simulation/src/moveit_servo -DCMAKE_INSTALL_PREFIX=/home/rajpurkar/Rahul/UR5-BarAlign-RL-Isaac-sim/ur5_simulation/install/moveit_servo
[0.827s] DEBUG:colcon.colcon_core.event_handler.log_command:Invoked command in '/home/rajpurkar/Rahul/UR5-BarAlign-RL-Isaac-sim/ur5_simulation/build/ur5_description' returned '0': CMAKE_PREFIX_PATH=/opt/ros/humble /usr/bin/cmake /home/rajpurkar/Rahul/UR5-BarAlign-RL-Isaac-sim/ur5_simulation/src/ur5_description -DCMAKE_INSTALL_PREFIX=/home/rajpurkar/Rahul/UR5-BarAlign-RL-Isaac-sim/ur5_simulation/install/ur5_description
[0.829s] DEBUG:colcon.colcon_core.event_handler.log_command:Invoking command in '/home/rajpurkar/Rahul/UR5-BarAlign-RL-Isaac-sim/ur5_simulation/build/ur5_description': CMAKE_PREFIX_PATH=/opt/ros/humble /usr/bin/cmake --build /home/rajpurkar/Rahul/UR5-BarAlign-RL-Isaac-sim/ur5_simulation/build/ur5_description -- -j16 -l16
[0.846s] DEBUG:colcon.colcon_core.event_handler.log_command:Invoked command in '/home/rajpurkar/Rahul/UR5-BarAlign-RL-Isaac-sim/ur5_simulation/build/data_collection' returned '0': CMAKE_PREFIX_PATH=/opt/ros/humble /usr/bin/cmake /home/rajpurkar/Rahul/UR5-BarAlign-RL-Isaac-sim/ur5_simulation/src/data_collection -DCMAKE_INSTALL_PREFIX=/home/rajpurkar/Rahul/UR5-BarAlign-RL-Isaac-sim/ur5_simulation/install/data_collection
[0.847s] DEBUG:colcon.colcon_core.event_handler.log_command:Invoking command in '/home/rajpurkar/Rahul/UR5-BarAlign-RL-Isaac-sim/ur5_simulation/build/data_collection': CMAKE_PREFIX_PATH=/opt/ros/humble /usr/bin/cmake --build /home/rajpurkar/Rahul/UR5-BarAlign-RL-Isaac-sim/ur5_simulation/build/data_collection -- -j16 -l16
[0.853s] DEBUG:colcon.colcon_core.event_handler.log_command:Invoked command in '/home/rajpurkar/Rahul/UR5-BarAlign-RL-Isaac-sim/ur5_simulation/build/ur5_description' returned '0': CMAKE_PREFIX_PATH=/opt/ros/humble /usr/bin/cmake --build /home/rajpurkar/Rahul/UR5-BarAlign-RL-Isaac-sim/ur5_simulation/build/ur5_description -- -j16 -l16
[0.859s] DEBUG:colcon.colcon_core.event_handler.log_command:Invoking command in '/home/rajpurkar/Rahul/UR5-BarAlign-RL-Isaac-sim/ur5_simulation/build/ur5_description': CMAKE_PREFIX_PATH=/opt/ros/humble /usr/bin/cmake --install /home/rajpurkar/Rahul/UR5-BarAlign-RL-Isaac-sim/ur5_simulation/build/ur5_description
[0.871s] DEBUG:colcon.colcon_core.event_handler.log_command:Invoked command in '/home/rajpurkar/Rahul/UR5-BarAlign-RL-Isaac-sim/ur5_simulation/build/data_collection' returned '0': CMAKE_PREFIX_PATH=/opt/ros/humble /usr/bin/cmake --build /home/rajpurkar/Rahul/UR5-BarAlign-RL-Isaac-sim/ur5_simulation/build/data_collection -- -j16 -l16
[0.873s] DEBUG:colcon.colcon_core.event_handler.log_command:Invoking command in '/home/rajpurkar/Rahul/UR5-BarAlign-RL-Isaac-sim/ur5_simulation/build/data_collection': CMAKE_PREFIX_PATH=/opt/ros/humble /usr/bin/cmake --install /home/rajpurkar/Rahul/UR5-BarAlign-RL-Isaac-sim/ur5_simulation/build/data_collection
[0.887s] Level 1:colcon.colcon_core.environment:create_environment_scripts_only(data_collection)
[0.887s] DEBUG:colcon.colcon_core.event_handler.log_command:Invoked command in '/home/rajpurkar/Rahul/UR5-BarAlign-RL-Isaac-sim/ur5_simulation/build/data_collection' returned '0': CMAKE_PREFIX_PATH=/opt/ros/humble /usr/bin/cmake --install /home/rajpurkar/Rahul/UR5-BarAlign-RL-Isaac-sim/ur5_simulation/build/data_collection
[0.889s] Level 1:colcon.colcon_core.environment:checking '/home/rajpurkar/Rahul/UR5-BarAlign-RL-Isaac-sim/ur5_simulation/install/data_collection' for CMake module files
[0.889s] Level 1:colcon.colcon_core.environment:checking '/home/rajpurkar/Rahul/UR5-BarAlign-RL-Isaac-sim/ur5_simulation/install/data_collection' for CMake config files
[0.889s] Level 1:colcon.colcon_core.shell:create_environment_hook('data_collection', 'cmake_prefix_path')
[0.890s] INFO:colcon.colcon_core.shell:Creating environment hook '/home/rajpurkar/Rahul/UR5-BarAlign-RL-Isaac-sim/ur5_simulation/install/data_collection/share/data_collection/hook/cmake_prefix_path.ps1'
[0.890s] INFO:colcon.colcon_core.shell:Creating environment descriptor '/home/rajpurkar/Rahul/UR5-BarAlign-RL-Isaac-sim/ur5_simulation/install/data_collection/share/data_collection/hook/cmake_prefix_path.dsv'
[0.891s] INFO:colcon.colcon_core.shell:Creating environment hook '/home/rajpurkar/Rahul/UR5-BarAlign-RL-Isaac-sim/ur5_simulation/install/data_collection/share/data_collection/hook/cmake_prefix_path.sh'
[0.891s] Level 1:colcon.colcon_core.environment:checking '/home/rajpurkar/Rahul/UR5-BarAlign-RL-Isaac-sim/ur5_simulation/install/data_collection/lib'
[0.891s] Level 1:colcon.colcon_core.environment:checking '/home/rajpurkar/Rahul/UR5-BarAlign-RL-Isaac-sim/ur5_simulation/install/data_collection/bin'
[0.891s] Level 1:colcon.colcon_core.environment:checking '/home/rajpurkar/Rahul/UR5-BarAlign-RL-Isaac-sim/ur5_simulation/install/data_collection/lib/pkgconfig/data_collection.pc'
[0.892s] Level 1:colcon.colcon_core.environment:checking '/home/rajpurkar/Rahul/UR5-BarAlign-RL-Isaac-sim/ur5_simulation/install/data_collection/lib/python3.10/site-packages'
[0.892s] Level 1:colcon.colcon_core.environment:checking '/home/rajpurkar/Rahul/UR5-BarAlign-RL-Isaac-sim/ur5_simulation/install/data_collection/bin'
[0.892s] INFO:colcon.colcon_core.shell:Creating package script '/home/rajpurkar/Rahul/UR5-BarAlign-RL-Isaac-sim/ur5_simulation/install/data_collection/share/data_collection/package.ps1'
[0.892s] INFO:colcon.colcon_core.shell:Creating package descriptor '/home/rajpurkar/Rahul/UR5-BarAlign-RL-Isaac-sim/ur5_simulation/install/data_collection/share/data_collection/package.dsv'
[0.893s] INFO:colcon.colcon_core.shell:Creating package script '/home/rajpurkar/Rahul/UR5-BarAlign-RL-Isaac-sim/ur5_simulation/install/data_collection/share/data_collection/package.sh'
[0.893s] INFO:colcon.colcon_core.shell:Creating package script '/home/rajpurkar/Rahul/UR5-BarAlign-RL-Isaac-sim/ur5_simulation/install/data_collection/share/data_collection/package.bash'
[0.894s] INFO:colcon.colcon_core.shell:Creating package script '/home/rajpurkar/Rahul/UR5-BarAlign-RL-Isaac-sim/ur5_simulation/install/data_collection/share/data_collection/package.zsh'
[0.894s] Level 1:colcon.colcon_core.environment:create_file_with_runtime_dependencies(/home/rajpurkar/Rahul/UR5-BarAlign-RL-Isaac-sim/ur5_simulation/install/data_collection/share/colcon-core/packages/data_collection)
[0.895s] Level 1:colcon.colcon_core.environment:create_environment_scripts_only(data_collection)
[0.895s] Level 1:colcon.colcon_core.environment:checking '/home/rajpurkar/Rahul/UR5-BarAlign-RL-Isaac-sim/ur5_simulation/install/data_collection' for CMake module files
[0.895s] Level 1:colcon.colcon_core.environment:checking '/home/rajpurkar/Rahul/UR5-BarAlign-RL-Isaac-sim/ur5_simulation/install/data_collection' for CMake config files
[0.896s] Level 1:colcon.colcon_core.shell:create_environment_hook('data_collection', 'cmake_prefix_path')
[0.896s] INFO:colcon.colcon_core.shell:Creating environment hook '/home/rajpurkar/Rahul/UR5-BarAlign-RL-Isaac-sim/ur5_simulation/install/data_collection/share/data_collection/hook/cmake_prefix_path.ps1'
[0.896s] INFO:colcon.colcon_core.shell:Creating environment descriptor '/home/rajpurkar/Rahul/UR5-BarAlign-RL-Isaac-sim/ur5_simulation/install/data_collection/share/data_collection/hook/cmake_prefix_path.dsv'
[0.896s] INFO:colcon.colcon_core.shell:Creating environment hook '/home/rajpurkar/Rahul/UR5-BarAlign-RL-Isaac-sim/ur5_simulation/install/data_collection/share/data_collection/hook/cmake_prefix_path.sh'
[0.897s] Level 1:colcon.colcon_core.environment:checking '/home/rajpurkar/Rahul/UR5-BarAlign-RL-Isaac-sim/ur5_simulation/install/data_collection/lib'
[0.897s] Level 1:colcon.colcon_core.environment:checking '/home/rajpurkar/Rahul/UR5-BarAlign-RL-Isaac-sim/ur5_simulation/install/data_collection/bin'
[0.897s] Level 1:colcon.colcon_core.environment:checking '/home/rajpurkar/Rahul/UR5-BarAlign-RL-Isaac-sim/ur5_simulation/install/data_collection/lib/pkgconfig/data_collection.pc'
[0.897s] Level 1:colcon.colcon_core.environment:checking '/home/rajpurkar/Rahul/UR5-BarAlign-RL-Isaac-sim/ur5_simulation/install/data_collection/lib/python3.10/site-packages'
[0.897s] Level 1:colcon.colcon_core.environment:checking '/home/rajpurkar/Rahul/UR5-BarAlign-RL-Isaac-sim/ur5_simulation/install/data_collection/bin'
[0.897s] INFO:colcon.colcon_core.shell:Creating package script '/home/rajpurkar/Rahul/UR5-BarAlign-RL-Isaac-sim/ur5_simulation/install/data_collection/share/data_collection/package.ps1'
[0.898s] INFO:colcon.colcon_core.shell:Creating package descriptor '/home/rajpurkar/Rahul/UR5-BarAlign-RL-Isaac-sim/ur5_simulation/install/data_collection/share/data_collection/package.dsv'
[0.898s] INFO:colcon.colcon_core.shell:Creating package script '/home/rajpurkar/Rahul/UR5-BarAlign-RL-Isaac-sim/ur5_simulation/install/data_collection/share/data_collection/package.sh'
[0.898s] INFO:colcon.colcon_core.shell:Creating package script '/home/rajpurkar/Rahul/UR5-BarAlign-RL-Isaac-sim/ur5_simulation/install/data_collection/share/data_collection/package.bash'
[0.899s] INFO:colcon.colcon_core.shell:Creating package script '/home/rajpurkar/Rahul/UR5-BarAlign-RL-Isaac-sim/ur5_simulation/install/data_collection/share/data_collection/package.zsh'
[0.899s] Level 1:colcon.colcon_core.environment:create_file_with_runtime_dependencies(/home/rajpurkar/Rahul/UR5-BarAlign-RL-Isaac-sim/ur5_simulation/install/data_collection/share/colcon-core/packages/data_collection)
[0.900s] Level 1:colcon.colcon_core.environment:create_environment_scripts_only(ur5_description)
[0.900s] Level 1:colcon.colcon_core.environment:checking '/home/rajpurkar/Rahul/UR5-BarAlign-RL-Isaac-sim/ur5_simulation/install/ur5_description' for CMake module files
[0.900s] DEBUG:colcon.colcon_core.event_handler.log_command:Invoked command in '/home/rajpurkar/Rahul/UR5-BarAlign-RL-Isaac-sim/ur5_simulation/build/ur5_description' returned '0': CMAKE_PREFIX_PATH=/opt/ros/humble /usr/bin/cmake --install /home/rajpurkar/Rahul/UR5-BarAlign-RL-Isaac-sim/ur5_simulation/build/ur5_description
[0.901s] Level 1:colcon.colcon_core.environment:checking '/home/rajpurkar/Rahul/UR5-BarAlign-RL-Isaac-sim/ur5_simulation/install/ur5_description' for CMake config files
[0.901s] Level 1:colcon.colcon_core.shell:create_environment_hook('ur5_description', 'cmake_prefix_path')
[0.901s] INFO:colcon.colcon_core.shell:Creating environment hook '/home/rajpurkar/Rahul/UR5-BarAlign-RL-Isaac-sim/ur5_simulation/install/ur5_description/share/ur5_description/hook/cmake_prefix_path.ps1'
[0.901s] INFO:colcon.colcon_core.shell:Creating environment descriptor '/home/rajpurkar/Rahul/UR5-BarAlign-RL-Isaac-sim/ur5_simulation/install/ur5_description/share/ur5_description/hook/cmake_prefix_path.dsv'
[0.901s] INFO:colcon.colcon_core.shell:Creating environment hook '/home/rajpurkar/Rahul/UR5-BarAlign-RL-Isaac-sim/ur5_simulation/install/ur5_description/share/ur5_description/hook/cmake_prefix_path.sh'
[0.902s] Level 1:colcon.colcon_core.environment:checking '/home/rajpurkar/Rahul/UR5-BarAlign-RL-Isaac-sim/ur5_simulation/install/ur5_description/bin'
[0.902s] Level 1:colcon.colcon_core.environment:checking '/home/rajpurkar/Rahul/UR5-BarAlign-RL-Isaac-sim/ur5_simulation/install/ur5_description/lib/pkgconfig/ur5_description.pc'
[0.902s] Level 1:colcon.colcon_core.environment:checking '/home/rajpurkar/Rahul/UR5-BarAlign-RL-Isaac-sim/ur5_simulation/install/ur5_description/lib/python3.10/site-packages'
[0.902s] Level 1:colcon.colcon_core.environment:checking '/home/rajpurkar/Rahul/UR5-BarAlign-RL-Isaac-sim/ur5_simulation/install/ur5_description/bin'
[0.902s] INFO:colcon.colcon_core.shell:Creating package script '/home/rajpurkar/Rahul/UR5-BarAlign-RL-Isaac-sim/ur5_simulation/install/ur5_description/share/ur5_description/package.ps1'
[0.903s] INFO:colcon.colcon_core.shell:Creating package descriptor '/home/rajpurkar/Rahul/UR5-BarAlign-RL-Isaac-sim/ur5_simulation/install/ur5_description/share/ur5_description/package.dsv'
[0.903s] INFO:colcon.colcon_core.shell:Creating package script '/home/rajpurkar/Rahul/UR5-BarAlign-RL-Isaac-sim/ur5_simulation/install/ur5_description/share/ur5_description/package.sh'
[0.903s] INFO:colcon.colcon_core.shell:Creating package script '/home/rajpurkar/Rahul/UR5-BarAlign-RL-Isaac-sim/ur5_simulation/install/ur5_description/share/ur5_description/package.bash'
[0.903s] INFO:colcon.colcon_core.shell:Creating package script '/home/rajpurkar/Rahul/UR5-BarAlign-RL-Isaac-sim/ur5_simulation/install/ur5_description/share/ur5_description/package.zsh'
[0.904s] Level 1:colcon.colcon_core.environment:create_file_with_runtime_dependencies(/home/rajpurkar/Rahul/UR5-BarAlign-RL-Isaac-sim/ur5_simulation/install/ur5_description/share/colcon-core/packages/ur5_description)
[0.904s] Level 1:colcon.colcon_core.environment:create_environment_scripts_only(ur5_description)
[0.904s] Level 1:colcon.colcon_core.environment:checking '/home/rajpurkar/Rahul/UR5-BarAlign-RL-Isaac-sim/ur5_simulation/install/ur5_description' for CMake module files
[0.904s] Level 1:colcon.colcon_core.environment:checking '/home/rajpurkar/Rahul/UR5-BarAlign-RL-Isaac-sim/ur5_simulation/install/ur5_description' for CMake config files
[0.904s] Level 1:colcon.colcon_core.shell:create_environment_hook('ur5_description', 'cmake_prefix_path')
[0.905s] INFO:colcon.colcon_core.shell:Creating environment hook '/home/rajpurkar/Rahul/UR5-BarAlign-RL-Isaac-sim/ur5_simulation/install/ur5_description/share/ur5_description/hook/cmake_prefix_path.ps1'
[0.905s] INFO:colcon.colcon_core.shell:Creating environment descriptor '/home/rajpurkar/Rahul/UR5-BarAlign-RL-Isaac-sim/ur5_simulation/install/ur5_description/share/ur5_description/hook/cmake_prefix_path.dsv'
[0.905s] INFO:colcon.colcon_core.shell:Creating environment hook '/home/rajpurkar/Rahul/UR5-BarAlign-RL-Isaac-sim/ur5_simulation/install/ur5_description/share/ur5_description/hook/cmake_prefix_path.sh'
[0.906s] Level 1:colcon.colcon_core.environment:checking '/home/rajpurkar/Rahul/UR5-BarAlign-RL-Isaac-sim/ur5_simulation/install/ur5_description/bin'
[0.906s] Level 1:colcon.colcon_core.environment:checking '/home/rajpurkar/Rahul/UR5-BarAlign-RL-Isaac-sim/ur5_simulation/install/ur5_description/lib/pkgconfig/ur5_description.pc'
[0.906s] Level 1:colcon.colcon_core.environment:checking '/home/rajpurkar/Rahul/UR5-BarAlign-RL-Isaac-sim/ur5_simulation/install/ur5_description/lib/python3.10/site-packages'
[0.906s] Level 1:colcon.colcon_core.environment:checking '/home/rajpurkar/Rahul/UR5-BarAlign-RL-Isaac-sim/ur5_simulation/install/ur5_description/bin'
[0.906s] INFO:colcon.colcon_core.shell:Creating package script '/home/rajpurkar/Rahul/UR5-BarAlign-RL-Isaac-sim/ur5_simulation/install/ur5_description/share/ur5_description/package.ps1'
[0.907s] INFO:colcon.colcon_core.shell:Creating package descriptor '/home/rajpurkar/Rahul/UR5-BarAlign-RL-Isaac-sim/ur5_simulation/install/ur5_description/share/ur5_description/package.dsv'
[0.907s] INFO:colcon.colcon_core.shell:Creating package script '/home/rajpurkar/Rahul/UR5-BarAlign-RL-Isaac-sim/ur5_simulation/install/ur5_description/share/ur5_description/package.sh'
[0.907s] INFO:colcon.colcon_core.shell:Creating package script '/home/rajpurkar/Rahul/UR5-BarAlign-RL-Isaac-sim/ur5_simulation/install/ur5_description/share/ur5_description/package.bash'
[0.908s] INFO:colcon.colcon_core.shell:Creating package script '/home/rajpurkar/Rahul/UR5-BarAlign-RL-Isaac-sim/ur5_simulation/install/ur5_description/share/ur5_description/package.zsh'
[0.908s] Level 1:colcon.colcon_core.environment:create_file_with_runtime_dependencies(/home/rajpurkar/Rahul/UR5-BarAlign-RL-Isaac-sim/ur5_simulation/install/ur5_description/share/colcon-core/packages/ur5_description)
[0.908s] INFO:colcon.colcon_ros.task.ament_cmake.build:Building ROS package in '/home/rajpurkar/Rahul/UR5-BarAlign-RL-Isaac-sim/ur5_simulation/src/ur5_moveit_config' with build type 'ament_cmake'
[0.908s] INFO:colcon.colcon_cmake.task.cmake.build:Building CMake package in '/home/rajpurkar/Rahul/UR5-BarAlign-RL-Isaac-sim/ur5_simulation/src/ur5_moveit_config'
[0.908s] INFO:colcon.colcon_core.shell:Skip shell extension 'powershell' for command environment: Not usable outside of PowerShell
[0.908s] DEBUG:colcon.colcon_core.shell:Skip shell extension 'dsv' for command environment
[0.914s] DEBUG:colcon.colcon_core.event_handler.log_command:Invoking command in '/home/rajpurkar/Rahul/UR5-BarAlign-RL-Isaac-sim/ur5_simulation/build/ur5_moveit_config': AMENT_PREFIX_PATH=/home/rajpurkar/Rahul/UR5-BarAlign-RL-Isaac-sim/ur5_simulation/install/ur5_description:${AMENT_PREFIX_PATH} CMAKE_PREFIX_PATH=/home/rajpurkar/Rahul/UR5-BarAlign-RL-Isaac-sim/ur5_simulation/install/ur5_description:/opt/ros/humble /usr/bin/cmake /home/rajpurkar/Rahul/UR5-BarAlign-RL-Isaac-sim/ur5_simulation/src/ur5_moveit_config -DCMAKE_INSTALL_PREFIX=/home/rajpurkar/Rahul/UR5-BarAlign-RL-Isaac-sim/ur5_simulation/install/ur5_moveit_config
[1.329s] DEBUG:colcon.colcon_core.event_handler.log_command:Invoked command in '/home/rajpurkar/Rahul/UR5-BarAlign-RL-Isaac-sim/ur5_simulation/build/ur5_moveit_config' returned '0': AMENT_PREFIX_PATH=/home/rajpurkar/Rahul/UR5-BarAlign-RL-Isaac-sim/ur5_simulation/install/ur5_description:${AMENT_PREFIX_PATH} CMAKE_PREFIX_PATH=/home/rajpurkar/Rahul/UR5-BarAlign-RL-Isaac-sim/ur5_simulation/install/ur5_description:/opt/ros/humble /usr/bin/cmake /home/rajpurkar/Rahul/UR5-BarAlign-RL-Isaac-sim/ur5_simulation/src/ur5_moveit_config -DCMAKE_INSTALL_PREFIX=/home/rajpurkar/Rahul/UR5-BarAlign-RL-Isaac-sim/ur5_simulation/install/ur5_moveit_config
[1.330s] DEBUG:colcon.colcon_core.event_handler.log_command:Invoking command in '/home/rajpurkar/Rahul/UR5-BarAlign-RL-Isaac-sim/ur5_simulation/build/ur5_moveit_config': AMENT_PREFIX_PATH=/home/rajpurkar/Rahul/UR5-BarAlign-RL-Isaac-sim/ur5_simulation/install/ur5_description:${AMENT_PREFIX_PATH} CMAKE_PREFIX_PATH=/home/rajpurkar/Rahul/UR5-BarAlign-RL-Isaac-sim/ur5_simulation/install/ur5_description:/opt/ros/humble /usr/bin/cmake --build /home/rajpurkar/Rahul/UR5-BarAlign-RL-Isaac-sim/ur5_simulation/build/ur5_moveit_config -- -j16 -l16
[1.353s] DEBUG:colcon.colcon_core.event_handler.log_command:Invoked command in '/home/rajpurkar/Rahul/UR5-BarAlign-RL-Isaac-sim/ur5_simulation/build/ur5_moveit_config' returned '0': AMENT_PREFIX_PATH=/home/rajpurkar/Rahul/UR5-BarAlign-RL-Isaac-sim/ur5_simulation/install/ur5_description:${AMENT_PREFIX_PATH} CMAKE_PREFIX_PATH=/home/rajpurkar/Rahul/UR5-BarAlign-RL-Isaac-sim/ur5_simulation/install/ur5_description:/opt/ros/humble /usr/bin/cmake --build /home/rajpurkar/Rahul/UR5-BarAlign-RL-Isaac-sim/ur5_simulation/build/ur5_moveit_config -- -j16 -l16
[1.354s] DEBUG:colcon.colcon_core.event_handler.log_command:Invoking command in '/home/rajpurkar/Rahul/UR5-BarAlign-RL-Isaac-sim/ur5_simulation/build/ur5_moveit_config': AMENT_PREFIX_PATH=/home/rajpurkar/Rahul/UR5-BarAlign-RL-Isaac-sim/ur5_simulation/install/ur5_description:${AMENT_PREFIX_PATH} CMAKE_PREFIX_PATH=/home/rajpurkar/Rahul/UR5-BarAlign-RL-Isaac-sim/ur5_simulation/install/ur5_description:/opt/ros/humble /usr/bin/cmake --install /home/rajpurkar/Rahul/UR5-BarAlign-RL-Isaac-sim/ur5_simulation/build/ur5_moveit_config
[1.365s] Level 1:colcon.colcon_core.environment:create_environment_scripts_only(ur5_moveit_config)
[1.365s] Level 1:colcon.colcon_core.environment:checking '/home/rajpurkar/Rahul/UR5-BarAlign-RL-Isaac-sim/ur5_simulation/install/ur5_moveit_config' for CMake module files
[1.365s] DEBUG:colcon.colcon_core.event_handler.log_command:Invoked command in '/home/rajpurkar/Rahul/UR5-BarAlign-RL-Isaac-sim/ur5_simulation/build/ur5_moveit_config' returned '0': AMENT_PREFIX_PATH=/home/rajpurkar/Rahul/UR5-BarAlign-RL-Isaac-sim/ur5_simulation/install/ur5_description:${AMENT_PREFIX_PATH} CMAKE_PREFIX_PATH=/home/rajpurkar/Rahul/UR5-BarAlign-RL-Isaac-sim/ur5_simulation/install/ur5_description:/opt/ros/humble /usr/bin/cmake --install /home/rajpurkar/Rahul/UR5-BarAlign-RL-Isaac-sim/ur5_simulation/build/ur5_moveit_config
[1.366s] Level 1:colcon.colcon_core.environment:checking '/home/rajpurkar/Rahul/UR5-BarAlign-RL-Isaac-sim/ur5_simulation/install/ur5_moveit_config' for CMake config files
[1.366s] Level 1:colcon.colcon_core.shell:create_environment_hook('ur5_moveit_config', 'cmake_prefix_path')
[1.366s] INFO:colcon.colcon_core.shell:Creating environment hook '/home/rajpurkar/Rahul/UR5-BarAlign-RL-Isaac-sim/ur5_simulation/install/ur5_moveit_config/share/ur5_moveit_config/hook/cmake_prefix_path.ps1'
[1.366s] INFO:colcon.colcon_core.shell:Creating environment descriptor '/home/rajpurkar/Rahul/UR5-BarAlign-RL-Isaac-sim/ur5_simulation/install/ur5_moveit_config/share/ur5_moveit_config/hook/cmake_prefix_path.dsv'
[1.367s] INFO:colcon.colcon_core.shell:Creating environment hook '/home/rajpurkar/Rahul/UR5-BarAlign-RL-Isaac-sim/ur5_simulation/install/ur5_moveit_config/share/ur5_moveit_config/hook/cmake_prefix_path.sh'
[1.367s] Level 1:colcon.colcon_core.environment:checking '/home/rajpurkar/Rahul/UR5-BarAlign-RL-Isaac-sim/ur5_simulation/install/ur5_moveit_config/bin'
[1.367s] Level 1:colcon.colcon_core.environment:checking '/home/rajpurkar/Rahul/UR5-BarAlign-RL-Isaac-sim/ur5_simulation/install/ur5_moveit_config/lib/pkgconfig/ur5_moveit_config.pc'
[1.367s] Level 1:colcon.colcon_core.environment:checking '/home/rajpurkar/Rahul/UR5-BarAlign-RL-Isaac-sim/ur5_simulation/install/ur5_moveit_config/lib/python3.10/site-packages'
[1.367s] Level 1:colcon.colcon_core.environment:checking '/home/rajpurkar/Rahul/UR5-BarAlign-RL-Isaac-sim/ur5_simulation/install/ur5_moveit_config/bin'
[1.368s] INFO:colcon.colcon_core.shell:Creating package script '/home/rajpurkar/Rahul/UR5-BarAlign-RL-Isaac-sim/ur5_simulation/install/ur5_moveit_config/share/ur5_moveit_config/package.ps1'
[1.368s] INFO:colcon.colcon_core.shell:Creating package descriptor '/home/rajpurkar/Rahul/UR5-BarAlign-RL-Isaac-sim/ur5_simulation/install/ur5_moveit_config/share/ur5_moveit_config/package.dsv'
[1.368s] INFO:colcon.colcon_core.shell:Creating package script '/home/rajpurkar/Rahul/UR5-BarAlign-RL-Isaac-sim/ur5_simulation/install/ur5_moveit_config/share/ur5_moveit_config/package.sh'
[1.368s] INFO:colcon.colcon_core.shell:Creating package script '/home/rajpurkar/Rahul/UR5-BarAlign-RL-Isaac-sim/ur5_simulation/install/ur5_moveit_config/share/ur5_moveit_config/package.bash'
[1.369s] INFO:colcon.colcon_core.shell:Creating package script '/home/rajpurkar/Rahul/UR5-BarAlign-RL-Isaac-sim/ur5_simulation/install/ur5_moveit_config/share/ur5_moveit_config/package.zsh'
[1.369s] Level 1:colcon.colcon_core.environment:create_file_with_runtime_dependencies(/home/rajpurkar/Rahul/UR5-BarAlign-RL-Isaac-sim/ur5_simulation/install/ur5_moveit_config/share/colcon-core/packages/ur5_moveit_config)
[1.369s] Level 1:colcon.colcon_core.environment:create_environment_scripts_only(ur5_moveit_config)
[1.370s] Level 1:colcon.colcon_core.environment:checking '/home/rajpurkar/Rahul/UR5-BarAlign-RL-Isaac-sim/ur5_simulation/install/ur5_moveit_config' for CMake module files
[1.370s] Level 1:colcon.colcon_core.environment:checking '/home/rajpurkar/Rahul/UR5-BarAlign-RL-Isaac-sim/ur5_simulation/install/ur5_moveit_config' for CMake config files
[1.370s] Level 1:colcon.colcon_core.shell:create_environment_hook('ur5_moveit_config', 'cmake_prefix_path')
[1.370s] INFO:colcon.colcon_core.shell:Creating environment hook '/home/rajpurkar/Rahul/UR5-BarAlign-RL-Isaac-sim/ur5_simulation/install/ur5_moveit_config/share/ur5_moveit_config/hook/cmake_prefix_path.ps1'
[1.371s] INFO:colcon.colcon_core.shell:Creating environment descriptor '/home/rajpurkar/Rahul/UR5-BarAlign-RL-Isaac-sim/ur5_simulation/install/ur5_moveit_config/share/ur5_moveit_config/hook/cmake_prefix_path.dsv'
[1.371s] INFO:colcon.colcon_core.shell:Creating environment hook '/home/rajpurkar/Rahul/UR5-BarAlign-RL-Isaac-sim/ur5_simulation/install/ur5_moveit_config/share/ur5_moveit_config/hook/cmake_prefix_path.sh'
[1.371s] Level 1:colcon.colcon_core.environment:checking '/home/rajpurkar/Rahul/UR5-BarAlign-RL-Isaac-sim/ur5_simulation/install/ur5_moveit_config/bin'
[1.371s] Level 1:colcon.colcon_core.environment:checking '/home/rajpurkar/Rahul/UR5-BarAlign-RL-Isaac-sim/ur5_simulation/install/ur5_moveit_config/lib/pkgconfig/ur5_moveit_config.pc'
[1.371s] Level 1:colcon.colcon_core.environment:checking '/home/rajpurkar/Rahul/UR5-BarAlign-RL-Isaac-sim/ur5_simulation/install/ur5_moveit_config/lib/python3.10/site-packages'
[1.371s] Level 1:colcon.colcon_core.environment:checking '/home/rajpurkar/Rahul/UR5-BarAlign-RL-Isaac-sim/ur5_simulation/install/ur5_moveit_config/bin'
[1.372s] INFO:colcon.colcon_core.shell:Creating package script '/home/rajpurkar/Rahul/UR5-BarAlign-RL-Isaac-sim/ur5_simulation/install/ur5_moveit_config/share/ur5_moveit_config/package.ps1'
[1.372s] INFO:colcon.colcon_core.shell:Creating package descriptor '/home/rajpurkar/Rahul/UR5-BarAlign-RL-Isaac-sim/ur5_simulation/install/ur5_moveit_config/share/ur5_moveit_config/package.dsv'
[1.373s] INFO:colcon.colcon_core.shell:Creating package script '/home/rajpurkar/Rahul/UR5-BarAlign-RL-Isaac-sim/ur5_simulation/install/ur5_moveit_config/share/ur5_moveit_config/package.sh'
[1.373s] INFO:colcon.colcon_core.shell:Creating package script '/home/rajpurkar/Rahul/UR5-BarAlign-RL-Isaac-sim/ur5_simulation/install/ur5_moveit_config/share/ur5_moveit_config/package.bash'
[1.373s] INFO:colcon.colcon_core.shell:Creating package script '/home/rajpurkar/Rahul/UR5-BarAlign-RL-Isaac-sim/ur5_simulation/install/ur5_moveit_config/share/ur5_moveit_config/package.zsh'
[1.374s] Level 1:colcon.colcon_core.environment:create_file_with_runtime_dependencies(/home/rajpurkar/Rahul/UR5-BarAlign-RL-Isaac-sim/ur5_simulation/install/ur5_moveit_config/share/colcon-core/packages/ur5_moveit_config)
[2.169s] DEBUG:colcon.colcon_core.event_handler.log_command:Invoked command in '/home/rajpurkar/Rahul/UR5-BarAlign-RL-Isaac-sim/ur5_simulation/build/moveit_servo' returned '0': CMAKE_PREFIX_PATH=/opt/ros/humble /usr/bin/cmake /home/rajpurkar/Rahul/UR5-BarAlign-RL-Isaac-sim/ur5_simulation/src/moveit_servo -DCMAKE_INSTALL_PREFIX=/home/rajpurkar/Rahul/UR5-BarAlign-RL-Isaac-sim/ur5_simulation/install/moveit_servo
[2.170s] DEBUG:colcon.colcon_core.event_handler.log_command:Invoking command in '/home/rajpurkar/Rahul/UR5-BarAlign-RL-Isaac-sim/ur5_simulation/build/moveit_servo': CMAKE_PREFIX_PATH=/opt/ros/humble /usr/bin/cmake --build /home/rajpurkar/Rahul/UR5-BarAlign-RL-Isaac-sim/ur5_simulation/build/moveit_servo -- -j16 -l16
[76.026s] DEBUG:colcon.colcon_core.event_handler.log_command:Invoked command in '/home/rajpurkar/Rahul/UR5-BarAlign-RL-Isaac-sim/ur5_simulation/build/moveit_servo' returned '0': CMAKE_PREFIX_PATH=/opt/ros/humble /usr/bin/cmake --build /home/rajpurkar/Rahul/UR5-BarAlign-RL-Isaac-sim/ur5_simulation/build/moveit_servo -- -j16 -l16
[76.027s] DEBUG:colcon.colcon_core.event_handler.log_command:Invoking command in '/home/rajpurkar/Rahul/UR5-BarAlign-RL-Isaac-sim/ur5_simulation/build/moveit_servo': CMAKE_PREFIX_PATH=/opt/ros/humble /usr/bin/cmake --install /home/rajpurkar/Rahul/UR5-BarAlign-RL-Isaac-sim/ur5_simulation/build/moveit_servo
[76.044s] Level 1:colcon.colcon_core.environment:create_environment_scripts_only(moveit_servo)
[76.044s] Level 1:colcon.colcon_core.environment:checking '/home/rajpurkar/Rahul/UR5-BarAlign-RL-Isaac-sim/ur5_simulation/install/moveit_servo' for CMake module files
[76.044s] DEBUG:colcon.colcon_core.event_handler.log_command:Invoked command in '/home/rajpurkar/Rahul/UR5-BarAlign-RL-Isaac-sim/ur5_simulation/build/moveit_servo' returned '0': CMAKE_PREFIX_PATH=/opt/ros/humble /usr/bin/cmake --install /home/rajpurkar/Rahul/UR5-BarAlign-RL-Isaac-sim/ur5_simulation/build/moveit_servo
[76.044s] Level 1:colcon.colcon_core.environment:checking '/home/rajpurkar/Rahul/UR5-BarAlign-RL-Isaac-sim/ur5_simulation/install/moveit_servo' for CMake config files
[76.045s] Level 1:colcon.colcon_core.shell:create_environment_hook('moveit_servo', 'cmake_prefix_path')
[76.045s] INFO:colcon.colcon_core.shell:Creating environment hook '/home/rajpurkar/Rahul/UR5-BarAlign-RL-Isaac-sim/ur5_simulation/install/moveit_servo/share/moveit_servo/hook/cmake_prefix_path.ps1'
[76.045s] INFO:colcon.colcon_core.shell:Creating environment descriptor '/home/rajpurkar/Rahul/UR5-BarAlign-RL-Isaac-sim/ur5_simulation/install/moveit_servo/share/moveit_servo/hook/cmake_prefix_path.dsv'
[76.045s] INFO:colcon.colcon_core.shell:Creating environment hook '/home/rajpurkar/Rahul/UR5-BarAlign-RL-Isaac-sim/ur5_simulation/install/moveit_servo/share/moveit_servo/hook/cmake_prefix_path.sh'
[76.046s] Level 1:colcon.colcon_core.environment:checking '/home/rajpurkar/Rahul/UR5-BarAlign-RL-Isaac-sim/ur5_simulation/install/moveit_servo/lib'
[76.046s] Level 1:colcon.colcon_core.shell:create_environment_hook('moveit_servo', 'ld_library_path_lib')
[76.046s] INFO:colcon.colcon_core.shell:Creating environment hook '/home/rajpurkar/Rahul/UR5-BarAlign-RL-Isaac-sim/ur5_simulation/install/moveit_servo/share/moveit_servo/hook/ld_library_path_lib.ps1'
[76.046s] INFO:colcon.colcon_core.shell:Creating environment descriptor '/home/rajpurkar/Rahul/UR5-BarAlign-RL-Isaac-sim/ur5_simulation/install/moveit_servo/share/moveit_servo/hook/ld_library_path_lib.dsv'
[76.046s] INFO:colcon.colcon_core.shell:Creating environment hook '/home/rajpurkar/Rahul/UR5-BarAlign-RL-Isaac-sim/ur5_simulation/install/moveit_servo/share/moveit_servo/hook/ld_library_path_lib.sh'
[76.047s] Level 1:colcon.colcon_core.environment:checking '/home/rajpurkar/Rahul/UR5-BarAlign-RL-Isaac-sim/ur5_simulation/install/moveit_servo/bin'
[76.047s] Level 1:colcon.colcon_core.environment:checking '/home/rajpurkar/Rahul/UR5-BarAlign-RL-Isaac-sim/ur5_simulation/install/moveit_servo/lib/pkgconfig/moveit_servo.pc'
[76.047s] Level 1:colcon.colcon_core.environment:checking '/home/rajpurkar/Rahul/UR5-BarAlign-RL-Isaac-sim/ur5_simulation/install/moveit_servo/lib/python3.10/site-packages'
[76.047s] Level 1:colcon.colcon_core.environment:checking '/home/rajpurkar/Rahul/UR5-BarAlign-RL-Isaac-sim/ur5_simulation/install/moveit_servo/bin'
[76.047s] INFO:colcon.colcon_core.shell:Creating package script '/home/rajpurkar/Rahul/UR5-BarAlign-RL-Isaac-sim/ur5_simulation/install/moveit_servo/share/moveit_servo/package.ps1'
[76.047s] INFO:colcon.colcon_core.shell:Creating package descriptor '/home/rajpurkar/Rahul/UR5-BarAlign-RL-Isaac-sim/ur5_simulation/install/moveit_servo/share/moveit_servo/package.dsv'
[76.048s] INFO:colcon.colcon_core.shell:Creating package script '/home/rajpurkar/Rahul/UR5-BarAlign-RL-Isaac-sim/ur5_simulation/install/moveit_servo/share/moveit_servo/package.sh'
[76.048s] INFO:colcon.colcon_core.shell:Creating package script '/home/rajpurkar/Rahul/UR5-BarAlign-RL-Isaac-sim/ur5_simulation/install/moveit_servo/share/moveit_servo/package.bash'
[76.048s] INFO:colcon.colcon_core.shell:Creating package script '/home/rajpurkar/Rahul/UR5-BarAlign-RL-Isaac-sim/ur5_simulation/install/moveit_servo/share/moveit_servo/package.zsh'
[76.049s] Level 1:colcon.colcon_core.environment:create_file_with_runtime_dependencies(/home/rajpurkar/Rahul/UR5-BarAlign-RL-Isaac-sim/ur5_simulation/install/moveit_servo/share/colcon-core/packages/moveit_servo)
[76.049s] Level 1:colcon.colcon_core.environment:create_environment_scripts_only(moveit_servo)
[76.049s] Level 1:colcon.colcon_core.environment:checking '/home/rajpurkar/Rahul/UR5-BarAlign-RL-Isaac-sim/ur5_simulation/install/moveit_servo' for CMake module files
[76.049s] Level 1:colcon.colcon_core.environment:checking '/home/rajpurkar/Rahul/UR5-BarAlign-RL-Isaac-sim/ur5_simulation/install/moveit_servo' for CMake config files
[76.050s] Level 1:colcon.colcon_core.shell:create_environment_hook('moveit_servo', 'cmake_prefix_path')
[76.050s] INFO:colcon.colcon_core.shell:Creating environment hook '/home/rajpurkar/Rahul/UR5-BarAlign-RL-Isaac-sim/ur5_simulation/install/moveit_servo/share/moveit_servo/hook/cmake_prefix_path.ps1'
[76.050s] INFO:colcon.colcon_core.shell:Creating environment descriptor '/home/rajpurkar/Rahul/UR5-BarAlign-RL-Isaac-sim/ur5_simulation/install/moveit_servo/share/moveit_servo/hook/cmake_prefix_path.dsv'
[76.050s] INFO:colcon.colcon_core.shell:Creating environment hook '/home/rajpurkar/Rahul/UR5-BarAlign-RL-Isaac-sim/ur5_simulation/install/moveit_servo/share/moveit_servo/hook/cmake_prefix_path.sh'
[76.051s] Level 1:colcon.colcon_core.environment:checking '/home/rajpurkar/Rahul/UR5-BarAlign-RL-Isaac-sim/ur5_simulation/install/moveit_servo/lib'
[76.051s] Level 1:colcon.colcon_core.shell:create_environment_hook('moveit_servo', 'ld_library_path_lib')
[76.051s] INFO:colcon.colcon_core.shell:Creating environment hook '/home/rajpurkar/Rahul/UR5-BarAlign-RL-Isaac-sim/ur5_simulation/install/moveit_servo/share/moveit_servo/hook/ld_library_path_lib.ps1'
[76.051s] INFO:colcon.colcon_core.shell:Creating environment descriptor '/home/rajpurkar/Rahul/UR5-BarAlign-RL-Isaac-sim/ur5_simulation/install/moveit_servo/share/moveit_servo/hook/ld_library_path_lib.dsv'
[76.051s] INFO:colcon.colcon_core.shell:Creating environment hook '/home/rajpurkar/Rahul/UR5-BarAlign-RL-Isaac-sim/ur5_simulation/install/moveit_servo/share/moveit_servo/hook/ld_library_path_lib.sh'
[76.052s] Level 1:colcon.colcon_core.environment:checking '/home/rajpurkar/Rahul/UR5-BarAlign-RL-Isaac-sim/ur5_simulation/install/moveit_servo/bin'
[76.052s] Level 1:colcon.colcon_core.environment:checking '/home/rajpurkar/Rahul/UR5-BarAlign-RL-Isaac-sim/ur5_simulation/install/moveit_servo/lib/pkgconfig/moveit_servo.pc'
[76.052s] Level 1:colcon.colcon_core.environment:checking '/home/rajpurkar/Rahul/UR5-BarAlign-RL-Isaac-sim/ur5_simulation/install/moveit_servo/lib/python3.10/site-packages'
[76.052s] Level 1:colcon.colcon_core.environment:checking '/home/rajpurkar/Rahul/UR5-BarAlign-RL-Isaac-sim/ur5_simulation/install/moveit_servo/bin'
[76.052s] INFO:colcon.colcon_core.shell:Creating package script '/home/rajpurkar/Rahul/UR5-BarAlign-RL-Isaac-sim/ur5_simulation/install/moveit_servo/share/moveit_servo/package.ps1'
[76.053s] INFO:colcon.colcon_core.shell:Creating package descriptor '/home/rajpurkar/Rahul/UR5-BarAlign-RL-Isaac-sim/ur5_simulation/install/moveit_servo/share/moveit_servo/package.dsv'
[76.053s] INFO:colcon.colcon_core.shell:Creating package script '/home/rajpurkar/Rahul/UR5-BarAlign-RL-Isaac-sim/ur5_simulation/install/moveit_servo/share/moveit_servo/package.sh'
[76.053s] INFO:colcon.colcon_core.shell:Creating package script '/home/rajpurkar/Rahul/UR5-BarAlign-RL-Isaac-sim/ur5_simulation/install/moveit_servo/share/moveit_servo/package.bash'
[76.054s] INFO:colcon.colcon_core.shell:Creating package script '/home/rajpurkar/Rahul/UR5-BarAlign-RL-Isaac-sim/ur5_simulation/install/moveit_servo/share/moveit_servo/package.zsh'
[76.054s] Level 1:colcon.colcon_core.environment:create_file_with_runtime_dependencies(/home/rajpurkar/Rahul/UR5-BarAlign-RL-Isaac-sim/ur5_simulation/install/moveit_servo/share/colcon-core/packages/moveit_servo)
[76.054s] DEBUG:colcon.colcon_parallel_executor.executor.parallel:closing loop
[76.054s] DEBUG:colcon.colcon_parallel_executor.executor.parallel:loop closed
[76.054s] DEBUG:colcon.colcon_parallel_executor.executor.parallel:run_until_complete finished with '0'
[76.054s] DEBUG:colcon.colcon_core.event_reactor:joining thread
[76.058s] INFO:colcon.colcon_core.plugin_system:Skipping extension 'colcon_notification.desktop_notification.terminal_notifier': Not used on non-Darwin systems
[76.058s] INFO:colcon.colcon_core.plugin_system:Skipping extension 'colcon_notification.desktop_notification.win32': Not used on non-Windows systems
[76.058s] INFO:colcon.colcon_notification.desktop_notification:Sending desktop notification using 'notify2'
[76.072s] DEBUG:colcon.colcon_core.event_reactor:joined thread
[76.072s] INFO:colcon.colcon_core.shell:Creating prefix script '/home/rajpurkar/Rahul/UR5-BarAlign-RL-Isaac-sim/ur5_simulation/install/local_setup.ps1'
[76.073s] INFO:colcon.colcon_core.shell:Creating prefix util module '/home/rajpurkar/Rahul/UR5-BarAlign-RL-Isaac-sim/ur5_simulation/install/_local_setup_util_ps1.py'
[76.074s] INFO:colcon.colcon_core.shell:Creating prefix chain script '/home/rajpurkar/Rahul/UR5-BarAlign-RL-Isaac-sim/ur5_simulation/install/setup.ps1'
[76.074s] INFO:colcon.colcon_core.shell:Creating prefix script '/home/rajpurkar/Rahul/UR5-BarAlign-RL-Isaac-sim/ur5_simulation/install/local_setup.sh'
[76.075s] INFO:colcon.colcon_core.shell:Creating prefix util module '/home/rajpurkar/Rahul/UR5-BarAlign-RL-Isaac-sim/ur5_simulation/install/_local_setup_util_sh.py'
[76.075s] INFO:colcon.colcon_core.shell:Creating prefix chain script '/home/rajpurkar/Rahul/UR5-BarAlign-RL-Isaac-sim/ur5_simulation/install/setup.sh'
[76.076s] INFO:colcon.colcon_core.shell:Creating prefix script '/home/rajpurkar/Rahul/UR5-BarAlign-RL-Isaac-sim/ur5_simulation/install/local_setup.bash'
[76.076s] INFO:colcon.colcon_core.shell:Creating prefix chain script '/home/rajpurkar/Rahul/UR5-BarAlign-RL-Isaac-sim/ur5_simulation/install/setup.bash'
[76.077s] INFO:colcon.colcon_core.shell:Creating prefix script '/home/rajpurkar/Rahul/UR5-BarAlign-RL-Isaac-sim/ur5_simulation/install/local_setup.zsh'
[76.077s] INFO:colcon.colcon_core.shell:Creating prefix chain script '/home/rajpurkar/Rahul/UR5-BarAlign-RL-Isaac-sim/ur5_simulation/install/setup.zsh'
