[0.132s] DEBUG:colcon:Command line arguments: ['/usr/bin/colcon', 'build']
[0.132s] DEBUG:colcon:Parsed command line arguments: Namespace(log_base=None, log_level=None, verb_name='build', build_base='build', install_base='install', merge_install=False, symlink_install=False, test_result_base=None, continue_on_error=False, executor='parallel', parallel_workers=16, event_handlers=None, ignore_user_meta=False, metas=['./colcon.meta'], base_paths=['.'], packages_ignore=None, packages_ignore_regex=None, paths=None, packages_up_to=None, packages_up_to_regex=None, packages_above=None, packages_above_and_dependencies=None, packages_above_depth=None, packages_select_by_dep=None, packages_skip_by_dep=None, packages_skip_up_to=None, packages_select_build_failed=False, packages_skip_build_finished=False, packages_select_test_failures=False, packages_skip_test_passed=False, packages_select=None, packages_skip=None, packages_select_regex=None, packages_skip_regex=None, packages_start=None, packages_end=None, allow_overriding=[], cmake_args=None, cmake_target=None, cmake_target_skip_unavailable=False, cmake_clean_cache=False, cmake_clean_first=False, cmake_force_configure=False, ament_cmake_args=None, catkin_cmake_args=None, catkin_skip_building_tests=False, mixin_files=None, mixin=None, verb_parser=<colcon_mixin.mixin.mixin_argument.MixinArgumentDecorator object at 0x770ceea73b80>, verb_extension=<colcon_core.verb.build.BuildVerb object at 0x770ceeb99540>, main=<bound method BuildVerb.main of <colcon_core.verb.build.BuildVerb object at 0x770ceeb99540>>, mixin_verb=('build',))
[0.368s] Level 1:colcon.colcon_core.package_discovery:discover_packages(colcon_meta) check parameters
[0.368s] Level 1:colcon.colcon_core.package_discovery:discover_packages(recursive) check parameters
[0.368s] Level 1:colcon.colcon_core.package_discovery:discover_packages(ignore) check parameters
[0.368s] Level 1:colcon.colcon_core.package_discovery:discover_packages(path) check parameters
[0.368s] Level 1:colcon.colcon_core.package_discovery:discover_packages(colcon_meta) discover
[0.368s] Level 1:colcon.colcon_core.package_discovery:discover_packages(recursive) discover
[0.368s] INFO:colcon.colcon_core.package_discovery:Crawling recursively for packages in '/home/rajpurkar/Rahul/ur5_simulation'
[0.368s] Level 1:colcon.colcon_core.package_identification:_identify(.) by extensions ['ignore', 'ignore_ament_install']
[0.368s] Level 1:colcon.colcon_core.package_identification:_identify(.) by extension 'ignore'
[0.368s] Level 1:colcon.colcon_core.package_identification:_identify(.) by extension 'ignore_ament_install'
[0.368s] Level 1:colcon.colcon_core.package_identification:_identify(.) by extensions ['colcon_pkg']
[0.368s] Level 1:colcon.colcon_core.package_identification:_identify(.) by extension 'colcon_pkg'
[0.369s] Level 1:colcon.colcon_core.package_identification:_identify(.) by extensions ['colcon_meta']
[0.369s] Level 1:colcon.colcon_core.package_identification:_identify(.) by extension 'colcon_meta'
[0.369s] Level 1:colcon.colcon_core.package_identification:_identify(.) by extensions ['ros']
[0.369s] Level 1:colcon.colcon_core.package_identification:_identify(.) by extension 'ros'
[0.389s] Level 1:colcon.colcon_core.package_identification:_identify(.) by extensions ['cmake', 'python']
[0.389s] Level 1:colcon.colcon_core.package_identification:_identify(.) by extension 'cmake'
[0.389s] Level 1:colcon.colcon_core.package_identification:_identify(.) by extension 'python'
[0.389s] Level 1:colcon.colcon_core.package_identification:_identify(.) by extensions ['python_setup_py']
[0.389s] Level 1:colcon.colcon_core.package_identification:_identify(.) by extension 'python_setup_py'
[0.390s] Level 1:colcon.colcon_core.package_identification:_identify(build) by extensions ['ignore', 'ignore_ament_install']
[0.390s] Level 1:colcon.colcon_core.package_identification:_identify(build) by extension 'ignore'
[0.390s] Level 1:colcon.colcon_core.package_identification:_identify(build) ignored
[0.390s] Level 1:colcon.colcon_core.package_identification:_identify(configuration) by extensions ['ignore', 'ignore_ament_install']
[0.390s] Level 1:colcon.colcon_core.package_identification:_identify(configuration) by extension 'ignore'
[0.390s] Level 1:colcon.colcon_core.package_identification:_identify(configuration) by extension 'ignore_ament_install'
[0.390s] Level 1:colcon.colcon_core.package_identification:_identify(configuration) by extensions ['colcon_pkg']
[0.390s] Level 1:colcon.colcon_core.package_identification:_identify(configuration) by extension 'colcon_pkg'
[0.390s] Level 1:colcon.colcon_core.package_identification:_identify(configuration) by extensions ['colcon_meta']
[0.390s] Level 1:colcon.colcon_core.package_identification:_identify(configuration) by extension 'colcon_meta'
[0.390s] Level 1:colcon.colcon_core.package_identification:_identify(configuration) by extensions ['ros']
[0.390s] Level 1:colcon.colcon_core.package_identification:_identify(configuration) by extension 'ros'
[0.390s] Level 1:colcon.colcon_core.package_identification:_identify(configuration) by extensions ['cmake', 'python']
[0.390s] Level 1:colcon.colcon_core.package_identification:_identify(configuration) by extension 'cmake'
[0.390s] Level 1:colcon.colcon_core.package_identification:_identify(configuration) by extension 'python'
[0.391s] Level 1:colcon.colcon_core.package_identification:_identify(configuration) by extensions ['python_setup_py']
[0.391s] Level 1:colcon.colcon_core.package_identification:_identify(configuration) by extension 'python_setup_py'
[0.391s] Level 1:colcon.colcon_core.package_identification:_identify(images) by extensions ['ignore', 'ignore_ament_install']
[0.391s] Level 1:colcon.colcon_core.package_identification:_identify(images) by extension 'ignore'
[0.391s] Level 1:colcon.colcon_core.package_identification:_identify(images) by extension 'ignore_ament_install'
[0.391s] Level 1:colcon.colcon_core.package_identification:_identify(images) by extensions ['colcon_pkg']
[0.391s] Level 1:colcon.colcon_core.package_identification:_identify(images) by extension 'colcon_pkg'
[0.391s] Level 1:colcon.colcon_core.package_identification:_identify(images) by extensions ['colcon_meta']
[0.391s] Level 1:colcon.colcon_core.package_identification:_identify(images) by extension 'colcon_meta'
[0.391s] Level 1:colcon.colcon_core.package_identification:_identify(images) by extensions ['ros']
[0.391s] Level 1:colcon.colcon_core.package_identification:_identify(images) by extension 'ros'
[0.391s] Level 1:colcon.colcon_core.package_identification:_identify(images) by extensions ['cmake', 'python']
[0.391s] Level 1:colcon.colcon_core.package_identification:_identify(images) by extension 'cmake'
[0.391s] Level 1:colcon.colcon_core.package_identification:_identify(images) by extension 'python'
[0.391s] Level 1:colcon.colcon_core.package_identification:_identify(images) by extensions ['python_setup_py']
[0.391s] Level 1:colcon.colcon_core.package_identification:_identify(images) by extension 'python_setup_py'
[0.391s] Level 1:colcon.colcon_core.package_identification:_identify(install) by extensions ['ignore', 'ignore_ament_install']
[0.392s] Level 1:colcon.colcon_core.package_identification:_identify(install) by extension 'ignore'
[0.392s] Level 1:colcon.colcon_core.package_identification:_identify(install) ignored
[0.392s] Level 1:colcon.colcon_core.package_identification:_identify(lerobot_related) by extensions ['ignore', 'ignore_ament_install']
[0.392s] Level 1:colcon.colcon_core.package_identification:_identify(lerobot_related) by extension 'ignore'
[0.392s] Level 1:colcon.colcon_core.package_identification:_identify(lerobot_related) by extension 'ignore_ament_install'
[0.392s] Level 1:colcon.colcon_core.package_identification:_identify(lerobot_related) by extensions ['colcon_pkg']
[0.392s] Level 1:colcon.colcon_core.package_identification:_identify(lerobot_related) by extension 'colcon_pkg'
[0.392s] Level 1:colcon.colcon_core.package_identification:_identify(lerobot_related) by extensions ['colcon_meta']
[0.392s] Level 1:colcon.colcon_core.package_identification:_identify(lerobot_related) by extension 'colcon_meta'
[0.392s] Level 1:colcon.colcon_core.package_identification:_identify(lerobot_related) by extensions ['ros']
[0.392s] Level 1:colcon.colcon_core.package_identification:_identify(lerobot_related) by extension 'ros'
[0.392s] Level 1:colcon.colcon_core.package_identification:_identify(lerobot_related) by extensions ['cmake', 'python']
[0.392s] Level 1:colcon.colcon_core.package_identification:_identify(lerobot_related) by extension 'cmake'
[0.392s] Level 1:colcon.colcon_core.package_identification:_identify(lerobot_related) by extension 'python'
[0.392s] Level 1:colcon.colcon_core.package_identification:_identify(lerobot_related) by extensions ['python_setup_py']
[0.392s] Level 1:colcon.colcon_core.package_identification:_identify(lerobot_related) by extension 'python_setup_py'
[0.392s] Level 1:colcon.colcon_core.package_identification:_identify(log) by extensions ['ignore', 'ignore_ament_install']
[0.393s] Level 1:colcon.colcon_core.package_identification:_identify(log) by extension 'ignore'
[0.393s] Level 1:colcon.colcon_core.package_identification:_identify(log) ignored
[0.393s] Level 1:colcon.colcon_core.package_identification:_identify(simple_table) by extensions ['ignore', 'ignore_ament_install']
[0.393s] Level 1:colcon.colcon_core.package_identification:_identify(simple_table) by extension 'ignore'
[0.393s] Level 1:colcon.colcon_core.package_identification:_identify(simple_table) by extension 'ignore_ament_install'
[0.393s] Level 1:colcon.colcon_core.package_identification:_identify(simple_table) by extensions ['colcon_pkg']
[0.393s] Level 1:colcon.colcon_core.package_identification:_identify(simple_table) by extension 'colcon_pkg'
[0.393s] Level 1:colcon.colcon_core.package_identification:_identify(simple_table) by extensions ['colcon_meta']
[0.393s] Level 1:colcon.colcon_core.package_identification:_identify(simple_table) by extension 'colcon_meta'
[0.393s] Level 1:colcon.colcon_core.package_identification:_identify(simple_table) by extensions ['ros']
[0.393s] Level 1:colcon.colcon_core.package_identification:_identify(simple_table) by extension 'ros'
[0.393s] Level 1:colcon.colcon_core.package_identification:_identify(simple_table) by extensions ['cmake', 'python']
[0.393s] Level 1:colcon.colcon_core.package_identification:_identify(simple_table) by extension 'cmake'
[0.393s] Level 1:colcon.colcon_core.package_identification:_identify(simple_table) by extension 'python'
[0.393s] Level 1:colcon.colcon_core.package_identification:_identify(simple_table) by extensions ['python_setup_py']
[0.393s] Level 1:colcon.colcon_core.package_identification:_identify(simple_table) by extension 'python_setup_py'
[0.393s] Level 1:colcon.colcon_core.package_identification:_identify(simple_table/simple_table) by extensions ['ignore', 'ignore_ament_install']
[0.394s] Level 1:colcon.colcon_core.package_identification:_identify(simple_table/simple_table) by extension 'ignore'
[0.394s] Level 1:colcon.colcon_core.package_identification:_identify(simple_table/simple_table) by extension 'ignore_ament_install'
[0.394s] Level 1:colcon.colcon_core.package_identification:_identify(simple_table/simple_table) by extensions ['colcon_pkg']
[0.394s] Level 1:colcon.colcon_core.package_identification:_identify(simple_table/simple_table) by extension 'colcon_pkg'
[0.394s] Level 1:colcon.colcon_core.package_identification:_identify(simple_table/simple_table) by extensions ['colcon_meta']
[0.394s] Level 1:colcon.colcon_core.package_identification:_identify(simple_table/simple_table) by extension 'colcon_meta'
[0.394s] Level 1:colcon.colcon_core.package_identification:_identify(simple_table/simple_table) by extensions ['ros']
[0.394s] Level 1:colcon.colcon_core.package_identification:_identify(simple_table/simple_table) by extension 'ros'
[0.394s] Level 1:colcon.colcon_core.package_identification:_identify(simple_table/simple_table) by extensions ['cmake', 'python']
[0.394s] Level 1:colcon.colcon_core.package_identification:_identify(simple_table/simple_table) by extension 'cmake'
[0.394s] Level 1:colcon.colcon_core.package_identification:_identify(simple_table/simple_table) by extension 'python'
[0.394s] Level 1:colcon.colcon_core.package_identification:_identify(simple_table/simple_table) by extensions ['python_setup_py']
[0.394s] Level 1:colcon.colcon_core.package_identification:_identify(simple_table/simple_table) by extension 'python_setup_py'
[0.394s] Level 1:colcon.colcon_core.package_identification:_identify(simple_table/simple_table/configuration) by extensions ['ignore', 'ignore_ament_install']
[0.394s] Level 1:colcon.colcon_core.package_identification:_identify(simple_table/simple_table/configuration) by extension 'ignore'
[0.394s] Level 1:colcon.colcon_core.package_identification:_identify(simple_table/simple_table/configuration) by extension 'ignore_ament_install'
[0.394s] Level 1:colcon.colcon_core.package_identification:_identify(simple_table/simple_table/configuration) by extensions ['colcon_pkg']
[0.395s] Level 1:colcon.colcon_core.package_identification:_identify(simple_table/simple_table/configuration) by extension 'colcon_pkg'
[0.395s] Level 1:colcon.colcon_core.package_identification:_identify(simple_table/simple_table/configuration) by extensions ['colcon_meta']
[0.395s] Level 1:colcon.colcon_core.package_identification:_identify(simple_table/simple_table/configuration) by extension 'colcon_meta'
[0.395s] Level 1:colcon.colcon_core.package_identification:_identify(simple_table/simple_table/configuration) by extensions ['ros']
[0.395s] Level 1:colcon.colcon_core.package_identification:_identify(simple_table/simple_table/configuration) by extension 'ros'
[0.395s] Level 1:colcon.colcon_core.package_identification:_identify(simple_table/simple_table/configuration) by extensions ['cmake', 'python']
[0.395s] Level 1:colcon.colcon_core.package_identification:_identify(simple_table/simple_table/configuration) by extension 'cmake'
[0.395s] Level 1:colcon.colcon_core.package_identification:_identify(simple_table/simple_table/configuration) by extension 'python'
[0.395s] Level 1:colcon.colcon_core.package_identification:_identify(simple_table/simple_table/configuration) by extensions ['python_setup_py']
[0.395s] Level 1:colcon.colcon_core.package_identification:_identify(simple_table/simple_table/configuration) by extension 'python_setup_py'
[0.395s] Level 1:colcon.colcon_core.package_identification:_identify(simple_table/simple_table/configuration/materials) by extensions ['ignore', 'ignore_ament_install']
[0.395s] Level 1:colcon.colcon_core.package_identification:_identify(simple_table/simple_table/configuration/materials) by extension 'ignore'
[0.395s] Level 1:colcon.colcon_core.package_identification:_identify(simple_table/simple_table/configuration/materials) by extension 'ignore_ament_install'
[0.395s] Level 1:colcon.colcon_core.package_identification:_identify(simple_table/simple_table/configuration/materials) by extensions ['colcon_pkg']
[0.395s] Level 1:colcon.colcon_core.package_identification:_identify(simple_table/simple_table/configuration/materials) by extension 'colcon_pkg'
[0.395s] Level 1:colcon.colcon_core.package_identification:_identify(simple_table/simple_table/configuration/materials) by extensions ['colcon_meta']
[0.395s] Level 1:colcon.colcon_core.package_identification:_identify(simple_table/simple_table/configuration/materials) by extension 'colcon_meta'
[0.395s] Level 1:colcon.colcon_core.package_identification:_identify(simple_table/simple_table/configuration/materials) by extensions ['ros']
[0.395s] Level 1:colcon.colcon_core.package_identification:_identify(simple_table/simple_table/configuration/materials) by extension 'ros'
[0.396s] Level 1:colcon.colcon_core.package_identification:_identify(simple_table/simple_table/configuration/materials) by extensions ['cmake', 'python']
[0.396s] Level 1:colcon.colcon_core.package_identification:_identify(simple_table/simple_table/configuration/materials) by extension 'cmake'
[0.396s] Level 1:colcon.colcon_core.package_identification:_identify(simple_table/simple_table/configuration/materials) by extension 'python'
[0.396s] Level 1:colcon.colcon_core.package_identification:_identify(simple_table/simple_table/configuration/materials) by extensions ['python_setup_py']
[0.396s] Level 1:colcon.colcon_core.package_identification:_identify(simple_table/simple_table/configuration/materials) by extension 'python_setup_py'
[0.396s] Level 1:colcon.colcon_core.package_identification:_identify(simple_table/simple_table/configuration/materials/textures) by extensions ['ignore', 'ignore_ament_install']
[0.396s] Level 1:colcon.colcon_core.package_identification:_identify(simple_table/simple_table/configuration/materials/textures) by extension 'ignore'
[0.396s] Level 1:colcon.colcon_core.package_identification:_identify(simple_table/simple_table/configuration/materials/textures) by extension 'ignore_ament_install'
[0.396s] Level 1:colcon.colcon_core.package_identification:_identify(simple_table/simple_table/configuration/materials/textures) by extensions ['colcon_pkg']
[0.396s] Level 1:colcon.colcon_core.package_identification:_identify(simple_table/simple_table/configuration/materials/textures) by extension 'colcon_pkg'
[0.396s] Level 1:colcon.colcon_core.package_identification:_identify(simple_table/simple_table/configuration/materials/textures) by extensions ['colcon_meta']
[0.396s] Level 1:colcon.colcon_core.package_identification:_identify(simple_table/simple_table/configuration/materials/textures) by extension 'colcon_meta'
[0.396s] Level 1:colcon.colcon_core.package_identification:_identify(simple_table/simple_table/configuration/materials/textures) by extensions ['ros']
[0.396s] Level 1:colcon.colcon_core.package_identification:_identify(simple_table/simple_table/configuration/materials/textures) by extension 'ros'
[0.396s] Level 1:colcon.colcon_core.package_identification:_identify(simple_table/simple_table/configuration/materials/textures) by extensions ['cmake', 'python']
[0.396s] Level 1:colcon.colcon_core.package_identification:_identify(simple_table/simple_table/configuration/materials/textures) by extension 'cmake'
[0.396s] Level 1:colcon.colcon_core.package_identification:_identify(simple_table/simple_table/configuration/materials/textures) by extension 'python'
[0.397s] Level 1:colcon.colcon_core.package_identification:_identify(simple_table/simple_table/configuration/materials/textures) by extensions ['python_setup_py']
[0.397s] Level 1:colcon.colcon_core.package_identification:_identify(simple_table/simple_table/configuration/materials/textures) by extension 'python_setup_py'
[0.397s] Level 1:colcon.colcon_core.package_identification:_identify(src) by extensions ['ignore', 'ignore_ament_install']
[0.397s] Level 1:colcon.colcon_core.package_identification:_identify(src) by extension 'ignore'
[0.397s] Level 1:colcon.colcon_core.package_identification:_identify(src) by extension 'ignore_ament_install'
[0.397s] Level 1:colcon.colcon_core.package_identification:_identify(src) by extensions ['colcon_pkg']
[0.397s] Level 1:colcon.colcon_core.package_identification:_identify(src) by extension 'colcon_pkg'
[0.397s] Level 1:colcon.colcon_core.package_identification:_identify(src) by extensions ['colcon_meta']
[0.397s] Level 1:colcon.colcon_core.package_identification:_identify(src) by extension 'colcon_meta'
[0.397s] Level 1:colcon.colcon_core.package_identification:_identify(src) by extensions ['ros']
[0.397s] Level 1:colcon.colcon_core.package_identification:_identify(src) by extension 'ros'
[0.397s] Level 1:colcon.colcon_core.package_identification:_identify(src) by extensions ['cmake', 'python']
[0.397s] Level 1:colcon.colcon_core.package_identification:_identify(src) by extension 'cmake'
[0.397s] Level 1:colcon.colcon_core.package_identification:_identify(src) by extension 'python'
[0.397s] Level 1:colcon.colcon_core.package_identification:_identify(src) by extensions ['python_setup_py']
[0.397s] Level 1:colcon.colcon_core.package_identification:_identify(src) by extension 'python_setup_py'
[0.397s] Level 1:colcon.colcon_core.package_identification:_identify(src/data_collection) by extensions ['ignore', 'ignore_ament_install']
[0.398s] Level 1:colcon.colcon_core.package_identification:_identify(src/data_collection) by extension 'ignore'
[0.398s] Level 1:colcon.colcon_core.package_identification:_identify(src/data_collection) by extension 'ignore_ament_install'
[0.398s] Level 1:colcon.colcon_core.package_identification:_identify(src/data_collection) by extensions ['colcon_pkg']
[0.398s] Level 1:colcon.colcon_core.package_identification:_identify(src/data_collection) by extension 'colcon_pkg'
[0.398s] Level 1:colcon.colcon_core.package_identification:_identify(src/data_collection) by extensions ['colcon_meta']
[0.398s] Level 1:colcon.colcon_core.package_identification:_identify(src/data_collection) by extension 'colcon_meta'
[0.398s] Level 1:colcon.colcon_core.package_identification:_identify(src/data_collection) by extensions ['ros']
[0.398s] Level 1:colcon.colcon_core.package_identification:_identify(src/data_collection) by extension 'ros'
[0.400s] DEBUG:colcon.colcon_core.package_identification:Package 'src/data_collection' with type 'ros.ament_cmake' and name 'data_collection'
[0.400s] Level 1:colcon.colcon_core.package_identification:_identify(src/moveit_servo) by extensions ['ignore', 'ignore_ament_install']
[0.400s] Level 1:colcon.colcon_core.package_identification:_identify(src/moveit_servo) by extension 'ignore'
[0.400s] Level 1:colcon.colcon_core.package_identification:_identify(src/moveit_servo) by extension 'ignore_ament_install'
[0.400s] Level 1:colcon.colcon_core.package_identification:_identify(src/moveit_servo) by extensions ['colcon_pkg']
[0.400s] Level 1:colcon.colcon_core.package_identification:_identify(src/moveit_servo) by extension 'colcon_pkg'
[0.400s] Level 1:colcon.colcon_core.package_identification:_identify(src/moveit_servo) by extensions ['colcon_meta']
[0.400s] Level 1:colcon.colcon_core.package_identification:_identify(src/moveit_servo) by extension 'colcon_meta'
[0.400s] Level 1:colcon.colcon_core.package_identification:_identify(src/moveit_servo) by extensions ['ros']
[0.400s] Level 1:colcon.colcon_core.package_identification:_identify(src/moveit_servo) by extension 'ros'
[0.402s] DEBUG:colcon.colcon_core.package_identification:Package 'src/moveit_servo' with type 'ros.ament_cmake' and name 'moveit_servo'
[0.402s] Level 1:colcon.colcon_core.package_identification:_identify(src/ur5_description) by extensions ['ignore', 'ignore_ament_install']
[0.402s] Level 1:colcon.colcon_core.package_identification:_identify(src/ur5_description) by extension 'ignore'
[0.402s] Level 1:colcon.colcon_core.package_identification:_identify(src/ur5_description) by extension 'ignore_ament_install'
[0.402s] Level 1:colcon.colcon_core.package_identification:_identify(src/ur5_description) by extensions ['colcon_pkg']
[0.403s] Level 1:colcon.colcon_core.package_identification:_identify(src/ur5_description) by extension 'colcon_pkg'
[0.403s] Level 1:colcon.colcon_core.package_identification:_identify(src/ur5_description) by extensions ['colcon_meta']
[0.403s] Level 1:colcon.colcon_core.package_identification:_identify(src/ur5_description) by extension 'colcon_meta'
[0.403s] Level 1:colcon.colcon_core.package_identification:_identify(src/ur5_description) by extensions ['ros']
[0.403s] Level 1:colcon.colcon_core.package_identification:_identify(src/ur5_description) by extension 'ros'
[0.403s] DEBUG:colcon.colcon_core.package_identification:Package 'src/ur5_description' with type 'ros.ament_cmake' and name 'ur5_description'
[0.403s] Level 1:colcon.colcon_core.package_identification:_identify(src/ur5_moveit_config) by extensions ['ignore', 'ignore_ament_install']
[0.403s] Level 1:colcon.colcon_core.package_identification:_identify(src/ur5_moveit_config) by extension 'ignore'
[0.403s] Level 1:colcon.colcon_core.package_identification:_identify(src/ur5_moveit_config) by extension 'ignore_ament_install'
[0.403s] Level 1:colcon.colcon_core.package_identification:_identify(src/ur5_moveit_config) by extensions ['colcon_pkg']
[0.403s] Level 1:colcon.colcon_core.package_identification:_identify(src/ur5_moveit_config) by extension 'colcon_pkg'
[0.403s] Level 1:colcon.colcon_core.package_identification:_identify(src/ur5_moveit_config) by extensions ['colcon_meta']
[0.404s] Level 1:colcon.colcon_core.package_identification:_identify(src/ur5_moveit_config) by extension 'colcon_meta'
[0.404s] Level 1:colcon.colcon_core.package_identification:_identify(src/ur5_moveit_config) by extensions ['ros']
[0.404s] Level 1:colcon.colcon_core.package_identification:_identify(src/ur5_moveit_config) by extension 'ros'
[0.404s] DEBUG:colcon.colcon_core.package_identification:Package 'src/ur5_moveit_config' with type 'ros.ament_cmake' and name 'ur5_moveit_config'
[0.405s] Level 1:colcon.colcon_core.package_identification:_identify(tbar) by extensions ['ignore', 'ignore_ament_install']
[0.405s] Level 1:colcon.colcon_core.package_identification:_identify(tbar) by extension 'ignore'
[0.405s] Level 1:colcon.colcon_core.package_identification:_identify(tbar) by extension 'ignore_ament_install'
[0.405s] Level 1:colcon.colcon_core.package_identification:_identify(tbar) by extensions ['colcon_pkg']
[0.405s] Level 1:colcon.colcon_core.package_identification:_identify(tbar) by extension 'colcon_pkg'
[0.405s] Level 1:colcon.colcon_core.package_identification:_identify(tbar) by extensions ['colcon_meta']
[0.405s] Level 1:colcon.colcon_core.package_identification:_identify(tbar) by extension 'colcon_meta'
[0.405s] Level 1:colcon.colcon_core.package_identification:_identify(tbar) by extensions ['ros']
[0.405s] Level 1:colcon.colcon_core.package_identification:_identify(tbar) by extension 'ros'
[0.405s] Level 1:colcon.colcon_core.package_identification:_identify(tbar) by extensions ['cmake', 'python']
[0.405s] Level 1:colcon.colcon_core.package_identification:_identify(tbar) by extension 'cmake'
[0.405s] Level 1:colcon.colcon_core.package_identification:_identify(tbar) by extension 'python'
[0.405s] Level 1:colcon.colcon_core.package_identification:_identify(tbar) by extensions ['python_setup_py']
[0.405s] Level 1:colcon.colcon_core.package_identification:_identify(tbar) by extension 'python_setup_py'
[0.405s] Level 1:colcon.colcon_core.package_identification:_identify(tbar/tbar) by extensions ['ignore', 'ignore_ament_install']
[0.405s] Level 1:colcon.colcon_core.package_identification:_identify(tbar/tbar) by extension 'ignore'
[0.405s] Level 1:colcon.colcon_core.package_identification:_identify(tbar/tbar) by extension 'ignore_ament_install'
[0.406s] Level 1:colcon.colcon_core.package_identification:_identify(tbar/tbar) by extensions ['colcon_pkg']
[0.406s] Level 1:colcon.colcon_core.package_identification:_identify(tbar/tbar) by extension 'colcon_pkg'
[0.406s] Level 1:colcon.colcon_core.package_identification:_identify(tbar/tbar) by extensions ['colcon_meta']
[0.406s] Level 1:colcon.colcon_core.package_identification:_identify(tbar/tbar) by extension 'colcon_meta'
[0.406s] Level 1:colcon.colcon_core.package_identification:_identify(tbar/tbar) by extensions ['ros']
[0.406s] Level 1:colcon.colcon_core.package_identification:_identify(tbar/tbar) by extension 'ros'
[0.406s] Level 1:colcon.colcon_core.package_identification:_identify(tbar/tbar) by extensions ['cmake', 'python']
[0.406s] Level 1:colcon.colcon_core.package_identification:_identify(tbar/tbar) by extension 'cmake'
[0.406s] Level 1:colcon.colcon_core.package_identification:_identify(tbar/tbar) by extension 'python'
[0.406s] Level 1:colcon.colcon_core.package_identification:_identify(tbar/tbar) by extensions ['python_setup_py']
[0.406s] Level 1:colcon.colcon_core.package_identification:_identify(tbar/tbar) by extension 'python_setup_py'
[0.406s] Level 1:colcon.colcon_core.package_identification:_identify(tbar/tbar/configuration) by extensions ['ignore', 'ignore_ament_install']
[0.406s] Level 1:colcon.colcon_core.package_identification:_identify(tbar/tbar/configuration) by extension 'ignore'
[0.406s] Level 1:colcon.colcon_core.package_identification:_identify(tbar/tbar/configuration) by extension 'ignore_ament_install'
[0.406s] Level 1:colcon.colcon_core.package_identification:_identify(tbar/tbar/configuration) by extensions ['colcon_pkg']
[0.406s] Level 1:colcon.colcon_core.package_identification:_identify(tbar/tbar/configuration) by extension 'colcon_pkg'
[0.407s] Level 1:colcon.colcon_core.package_identification:_identify(tbar/tbar/configuration) by extensions ['colcon_meta']
[0.407s] Level 1:colcon.colcon_core.package_identification:_identify(tbar/tbar/configuration) by extension 'colcon_meta'
[0.407s] Level 1:colcon.colcon_core.package_identification:_identify(tbar/tbar/configuration) by extensions ['ros']
[0.407s] Level 1:colcon.colcon_core.package_identification:_identify(tbar/tbar/configuration) by extension 'ros'
[0.407s] Level 1:colcon.colcon_core.package_identification:_identify(tbar/tbar/configuration) by extensions ['cmake', 'python']
[0.407s] Level 1:colcon.colcon_core.package_identification:_identify(tbar/tbar/configuration) by extension 'cmake'
[0.407s] Level 1:colcon.colcon_core.package_identification:_identify(tbar/tbar/configuration) by extension 'python'
[0.407s] Level 1:colcon.colcon_core.package_identification:_identify(tbar/tbar/configuration) by extensions ['python_setup_py']
[0.407s] Level 1:colcon.colcon_core.package_identification:_identify(tbar/tbar/configuration) by extension 'python_setup_py'
[0.407s] Level 1:colcon.colcon_core.package_identification:_identify(training_data) by extensions ['ignore', 'ignore_ament_install']
[0.407s] Level 1:colcon.colcon_core.package_identification:_identify(training_data) by extension 'ignore'
[0.407s] Level 1:colcon.colcon_core.package_identification:_identify(training_data) by extension 'ignore_ament_install'
[0.407s] Level 1:colcon.colcon_core.package_identification:_identify(training_data) by extensions ['colcon_pkg']
[0.407s] Level 1:colcon.colcon_core.package_identification:_identify(training_data) by extension 'colcon_pkg'
[0.407s] Level 1:colcon.colcon_core.package_identification:_identify(training_data) by extensions ['colcon_meta']
[0.407s] Level 1:colcon.colcon_core.package_identification:_identify(training_data) by extension 'colcon_meta'
[0.407s] Level 1:colcon.colcon_core.package_identification:_identify(training_data) by extensions ['ros']
[0.407s] Level 1:colcon.colcon_core.package_identification:_identify(training_data) by extension 'ros'
[0.408s] Level 1:colcon.colcon_core.package_identification:_identify(training_data) by extensions ['cmake', 'python']
[0.408s] Level 1:colcon.colcon_core.package_identification:_identify(training_data) by extension 'cmake'
[0.408s] Level 1:colcon.colcon_core.package_identification:_identify(training_data) by extension 'python'
[0.408s] Level 1:colcon.colcon_core.package_identification:_identify(training_data) by extensions ['python_setup_py']
[0.408s] Level 1:colcon.colcon_core.package_identification:_identify(training_data) by extension 'python_setup_py'
[0.408s] Level 1:colcon.colcon_core.package_identification:_identify(training_data/lerobot) by extensions ['ignore', 'ignore_ament_install']
[0.408s] Level 1:colcon.colcon_core.package_identification:_identify(training_data/lerobot) by extension 'ignore'
[0.408s] Level 1:colcon.colcon_core.package_identification:_identify(training_data/lerobot) by extension 'ignore_ament_install'
[0.408s] Level 1:colcon.colcon_core.package_identification:_identify(training_data/lerobot) by extensions ['colcon_pkg']
[0.408s] Level 1:colcon.colcon_core.package_identification:_identify(training_data/lerobot) by extension 'colcon_pkg'
[0.408s] Level 1:colcon.colcon_core.package_identification:_identify(training_data/lerobot) by extensions ['colcon_meta']
[0.408s] Level 1:colcon.colcon_core.package_identification:_identify(training_data/lerobot) by extension 'colcon_meta'
[0.408s] Level 1:colcon.colcon_core.package_identification:_identify(training_data/lerobot) by extensions ['ros']
[0.408s] Level 1:colcon.colcon_core.package_identification:_identify(training_data/lerobot) by extension 'ros'
[0.408s] Level 1:colcon.colcon_core.package_identification:_identify(training_data/lerobot) by extensions ['cmake', 'python']
[0.408s] Level 1:colcon.colcon_core.package_identification:_identify(training_data/lerobot) by extension 'cmake'
[0.408s] Level 1:colcon.colcon_core.package_identification:_identify(training_data/lerobot) by extension 'python'
[0.408s] Level 1:colcon.colcon_core.package_identification:_identify(training_data/lerobot) by extensions ['python_setup_py']
[0.408s] Level 1:colcon.colcon_core.package_identification:_identify(training_data/lerobot) by extension 'python_setup_py'
[0.408s] Level 1:colcon.colcon_core.package_identification:_identify(training_data/lerobot/my_pusht) by extensions ['ignore', 'ignore_ament_install']
[0.409s] Level 1:colcon.colcon_core.package_identification:_identify(training_data/lerobot/my_pusht) by extension 'ignore'
[0.409s] Level 1:colcon.colcon_core.package_identification:_identify(training_data/lerobot/my_pusht) by extension 'ignore_ament_install'
[0.409s] Level 1:colcon.colcon_core.package_identification:_identify(training_data/lerobot/my_pusht) by extensions ['colcon_pkg']
[0.409s] Level 1:colcon.colcon_core.package_identification:_identify(training_data/lerobot/my_pusht) by extension 'colcon_pkg'
[0.409s] Level 1:colcon.colcon_core.package_identification:_identify(training_data/lerobot/my_pusht) by extensions ['colcon_meta']
[0.409s] Level 1:colcon.colcon_core.package_identification:_identify(training_data/lerobot/my_pusht) by extension 'colcon_meta'
[0.409s] Level 1:colcon.colcon_core.package_identification:_identify(training_data/lerobot/my_pusht) by extensions ['ros']
[0.409s] Level 1:colcon.colcon_core.package_identification:_identify(training_data/lerobot/my_pusht) by extension 'ros'
[0.409s] Level 1:colcon.colcon_core.package_identification:_identify(training_data/lerobot/my_pusht) by extensions ['cmake', 'python']
[0.409s] Level 1:colcon.colcon_core.package_identification:_identify(training_data/lerobot/my_pusht) by extension 'cmake'
[0.409s] Level 1:colcon.colcon_core.package_identification:_identify(training_data/lerobot/my_pusht) by extension 'python'
[0.409s] Level 1:colcon.colcon_core.package_identification:_identify(training_data/lerobot/my_pusht) by extensions ['python_setup_py']
[0.409s] Level 1:colcon.colcon_core.package_identification:_identify(training_data/lerobot/my_pusht) by extension 'python_setup_py'
[0.409s] Level 1:colcon.colcon_core.package_identification:_identify(training_data/lerobot/my_pusht/data) by extensions ['ignore', 'ignore_ament_install']
[0.409s] Level 1:colcon.colcon_core.package_identification:_identify(training_data/lerobot/my_pusht/data) by extension 'ignore'
[0.409s] Level 1:colcon.colcon_core.package_identification:_identify(training_data/lerobot/my_pusht/data) by extension 'ignore_ament_install'
[0.409s] Level 1:colcon.colcon_core.package_identification:_identify(training_data/lerobot/my_pusht/data) by extensions ['colcon_pkg']
[0.409s] Level 1:colcon.colcon_core.package_identification:_identify(training_data/lerobot/my_pusht/data) by extension 'colcon_pkg'
[0.409s] Level 1:colcon.colcon_core.package_identification:_identify(training_data/lerobot/my_pusht/data) by extensions ['colcon_meta']
[0.409s] Level 1:colcon.colcon_core.package_identification:_identify(training_data/lerobot/my_pusht/data) by extension 'colcon_meta'
[0.409s] Level 1:colcon.colcon_core.package_identification:_identify(training_data/lerobot/my_pusht/data) by extensions ['ros']
[0.409s] Level 1:colcon.colcon_core.package_identification:_identify(training_data/lerobot/my_pusht/data) by extension 'ros'
[0.409s] Level 1:colcon.colcon_core.package_identification:_identify(training_data/lerobot/my_pusht/data) by extensions ['cmake', 'python']
[0.409s] Level 1:colcon.colcon_core.package_identification:_identify(training_data/lerobot/my_pusht/data) by extension 'cmake'
[0.410s] Level 1:colcon.colcon_core.package_identification:_identify(training_data/lerobot/my_pusht/data) by extension 'python'
[0.410s] Level 1:colcon.colcon_core.package_identification:_identify(training_data/lerobot/my_pusht/data) by extensions ['python_setup_py']
[0.410s] Level 1:colcon.colcon_core.package_identification:_identify(training_data/lerobot/my_pusht/data) by extension 'python_setup_py'
[0.410s] Level 1:colcon.colcon_core.package_identification:_identify(training_data/lerobot/my_pusht/data/chunk-000) by extensions ['ignore', 'ignore_ament_install']
[0.410s] Level 1:colcon.colcon_core.package_identification:_identify(training_data/lerobot/my_pusht/data/chunk-000) by extension 'ignore'
[0.410s] Level 1:colcon.colcon_core.package_identification:_identify(training_data/lerobot/my_pusht/data/chunk-000) by extension 'ignore_ament_install'
[0.410s] Level 1:colcon.colcon_core.package_identification:_identify(training_data/lerobot/my_pusht/data/chunk-000) by extensions ['colcon_pkg']
[0.410s] Level 1:colcon.colcon_core.package_identification:_identify(training_data/lerobot/my_pusht/data/chunk-000) by extension 'colcon_pkg'
[0.410s] Level 1:colcon.colcon_core.package_identification:_identify(training_data/lerobot/my_pusht/data/chunk-000) by extensions ['colcon_meta']
[0.410s] Level 1:colcon.colcon_core.package_identification:_identify(training_data/lerobot/my_pusht/data/chunk-000) by extension 'colcon_meta'
[0.410s] Level 1:colcon.colcon_core.package_identification:_identify(training_data/lerobot/my_pusht/data/chunk-000) by extensions ['ros']
[0.410s] Level 1:colcon.colcon_core.package_identification:_identify(training_data/lerobot/my_pusht/data/chunk-000) by extension 'ros'
[0.410s] Level 1:colcon.colcon_core.package_identification:_identify(training_data/lerobot/my_pusht/data/chunk-000) by extensions ['cmake', 'python']
[0.410s] Level 1:colcon.colcon_core.package_identification:_identify(training_data/lerobot/my_pusht/data/chunk-000) by extension 'cmake'
[0.410s] Level 1:colcon.colcon_core.package_identification:_identify(training_data/lerobot/my_pusht/data/chunk-000) by extension 'python'
[0.410s] Level 1:colcon.colcon_core.package_identification:_identify(training_data/lerobot/my_pusht/data/chunk-000) by extensions ['python_setup_py']
[0.410s] Level 1:colcon.colcon_core.package_identification:_identify(training_data/lerobot/my_pusht/data/chunk-000) by extension 'python_setup_py'
[0.410s] Level 1:colcon.colcon_core.package_identification:_identify(training_data/lerobot/my_pusht/meta) by extensions ['ignore', 'ignore_ament_install']
[0.411s] Level 1:colcon.colcon_core.package_identification:_identify(training_data/lerobot/my_pusht/meta) by extension 'ignore'
[0.411s] Level 1:colcon.colcon_core.package_identification:_identify(training_data/lerobot/my_pusht/meta) by extension 'ignore_ament_install'
[0.411s] Level 1:colcon.colcon_core.package_identification:_identify(training_data/lerobot/my_pusht/meta) by extensions ['colcon_pkg']
[0.411s] Level 1:colcon.colcon_core.package_identification:_identify(training_data/lerobot/my_pusht/meta) by extension 'colcon_pkg'
[0.411s] Level 1:colcon.colcon_core.package_identification:_identify(training_data/lerobot/my_pusht/meta) by extensions ['colcon_meta']
[0.411s] Level 1:colcon.colcon_core.package_identification:_identify(training_data/lerobot/my_pusht/meta) by extension 'colcon_meta'
[0.411s] Level 1:colcon.colcon_core.package_identification:_identify(training_data/lerobot/my_pusht/meta) by extensions ['ros']
[0.411s] Level 1:colcon.colcon_core.package_identification:_identify(training_data/lerobot/my_pusht/meta) by extension 'ros'
[0.411s] Level 1:colcon.colcon_core.package_identification:_identify(training_data/lerobot/my_pusht/meta) by extensions ['cmake', 'python']
[0.411s] Level 1:colcon.colcon_core.package_identification:_identify(training_data/lerobot/my_pusht/meta) by extension 'cmake'
[0.411s] Level 1:colcon.colcon_core.package_identification:_identify(training_data/lerobot/my_pusht/meta) by extension 'python'
[0.411s] Level 1:colcon.colcon_core.package_identification:_identify(training_data/lerobot/my_pusht/meta) by extensions ['python_setup_py']
[0.411s] Level 1:colcon.colcon_core.package_identification:_identify(training_data/lerobot/my_pusht/meta) by extension 'python_setup_py'
[0.411s] Level 1:colcon.colcon_core.package_identification:_identify(training_data/lerobot/my_pusht/videos) by extensions ['ignore', 'ignore_ament_install']
[0.411s] Level 1:colcon.colcon_core.package_identification:_identify(training_data/lerobot/my_pusht/videos) by extension 'ignore'
[0.411s] Level 1:colcon.colcon_core.package_identification:_identify(training_data/lerobot/my_pusht/videos) by extension 'ignore_ament_install'
[0.411s] Level 1:colcon.colcon_core.package_identification:_identify(training_data/lerobot/my_pusht/videos) by extensions ['colcon_pkg']
[0.411s] Level 1:colcon.colcon_core.package_identification:_identify(training_data/lerobot/my_pusht/videos) by extension 'colcon_pkg'
[0.411s] Level 1:colcon.colcon_core.package_identification:_identify(training_data/lerobot/my_pusht/videos) by extensions ['colcon_meta']
[0.411s] Level 1:colcon.colcon_core.package_identification:_identify(training_data/lerobot/my_pusht/videos) by extension 'colcon_meta'
[0.411s] Level 1:colcon.colcon_core.package_identification:_identify(training_data/lerobot/my_pusht/videos) by extensions ['ros']
[0.411s] Level 1:colcon.colcon_core.package_identification:_identify(training_data/lerobot/my_pusht/videos) by extension 'ros'
[0.412s] Level 1:colcon.colcon_core.package_identification:_identify(training_data/lerobot/my_pusht/videos) by extensions ['cmake', 'python']
[0.412s] Level 1:colcon.colcon_core.package_identification:_identify(training_data/lerobot/my_pusht/videos) by extension 'cmake'
[0.412s] Level 1:colcon.colcon_core.package_identification:_identify(training_data/lerobot/my_pusht/videos) by extension 'python'
[0.412s] Level 1:colcon.colcon_core.package_identification:_identify(training_data/lerobot/my_pusht/videos) by extensions ['python_setup_py']
[0.412s] Level 1:colcon.colcon_core.package_identification:_identify(training_data/lerobot/my_pusht/videos) by extension 'python_setup_py'
[0.412s] Level 1:colcon.colcon_core.package_identification:_identify(training_data/lerobot/my_pusht/videos/chunk-000) by extensions ['ignore', 'ignore_ament_install']
[0.412s] Level 1:colcon.colcon_core.package_identification:_identify(training_data/lerobot/my_pusht/videos/chunk-000) by extension 'ignore'
[0.412s] Level 1:colcon.colcon_core.package_identification:_identify(training_data/lerobot/my_pusht/videos/chunk-000) by extension 'ignore_ament_install'
[0.412s] Level 1:colcon.colcon_core.package_identification:_identify(training_data/lerobot/my_pusht/videos/chunk-000) by extensions ['colcon_pkg']
[0.412s] Level 1:colcon.colcon_core.package_identification:_identify(training_data/lerobot/my_pusht/videos/chunk-000) by extension 'colcon_pkg'
[0.412s] Level 1:colcon.colcon_core.package_identification:_identify(training_data/lerobot/my_pusht/videos/chunk-000) by extensions ['colcon_meta']
[0.412s] Level 1:colcon.colcon_core.package_identification:_identify(training_data/lerobot/my_pusht/videos/chunk-000) by extension 'colcon_meta'
[0.412s] Level 1:colcon.colcon_core.package_identification:_identify(training_data/lerobot/my_pusht/videos/chunk-000) by extensions ['ros']
[0.412s] Level 1:colcon.colcon_core.package_identification:_identify(training_data/lerobot/my_pusht/videos/chunk-000) by extension 'ros'
[0.412s] Level 1:colcon.colcon_core.package_identification:_identify(training_data/lerobot/my_pusht/videos/chunk-000) by extensions ['cmake', 'python']
[0.412s] Level 1:colcon.colcon_core.package_identification:_identify(training_data/lerobot/my_pusht/videos/chunk-000) by extension 'cmake'
[0.412s] Level 1:colcon.colcon_core.package_identification:_identify(training_data/lerobot/my_pusht/videos/chunk-000) by extension 'python'
[0.412s] Level 1:colcon.colcon_core.package_identification:_identify(training_data/lerobot/my_pusht/videos/chunk-000) by extensions ['python_setup_py']
[0.412s] Level 1:colcon.colcon_core.package_identification:_identify(training_data/lerobot/my_pusht/videos/chunk-000) by extension 'python_setup_py'
[0.412s] Level 1:colcon.colcon_core.package_identification:_identify(training_data/lerobot/my_pusht/videos/chunk-000/observation.image) by extensions ['ignore', 'ignore_ament_install']
[0.412s] Level 1:colcon.colcon_core.package_identification:_identify(training_data/lerobot/my_pusht/videos/chunk-000/observation.image) by extension 'ignore'
[0.413s] Level 1:colcon.colcon_core.package_identification:_identify(training_data/lerobot/my_pusht/videos/chunk-000/observation.image) by extension 'ignore_ament_install'
[0.413s] Level 1:colcon.colcon_core.package_identification:_identify(training_data/lerobot/my_pusht/videos/chunk-000/observation.image) by extensions ['colcon_pkg']
[0.413s] Level 1:colcon.colcon_core.package_identification:_identify(training_data/lerobot/my_pusht/videos/chunk-000/observation.image) by extension 'colcon_pkg'
[0.413s] Level 1:colcon.colcon_core.package_identification:_identify(training_data/lerobot/my_pusht/videos/chunk-000/observation.image) by extensions ['colcon_meta']
[0.413s] Level 1:colcon.colcon_core.package_identification:_identify(training_data/lerobot/my_pusht/videos/chunk-000/observation.image) by extension 'colcon_meta'
[0.413s] Level 1:colcon.colcon_core.package_identification:_identify(training_data/lerobot/my_pusht/videos/chunk-000/observation.image) by extensions ['ros']
[0.413s] Level 1:colcon.colcon_core.package_identification:_identify(training_data/lerobot/my_pusht/videos/chunk-000/observation.image) by extension 'ros'
[0.413s] Level 1:colcon.colcon_core.package_identification:_identify(training_data/lerobot/my_pusht/videos/chunk-000/observation.image) by extensions ['cmake', 'python']
[0.413s] Level 1:colcon.colcon_core.package_identification:_identify(training_data/lerobot/my_pusht/videos/chunk-000/observation.image) by extension 'cmake'
[0.413s] Level 1:colcon.colcon_core.package_identification:_identify(training_data/lerobot/my_pusht/videos/chunk-000/observation.image) by extension 'python'
[0.413s] Level 1:colcon.colcon_core.package_identification:_identify(training_data/lerobot/my_pusht/videos/chunk-000/observation.image) by extensions ['python_setup_py']
[0.413s] Level 1:colcon.colcon_core.package_identification:_identify(training_data/lerobot/my_pusht/videos/chunk-000/observation.image) by extension 'python_setup_py'
[0.413s] Level 1:colcon.colcon_core.package_discovery:discover_packages(recursive) using defaults
[0.413s] Level 1:colcon.colcon_core.package_discovery:discover_packages(ignore) discover
[0.413s] Level 1:colcon.colcon_core.package_discovery:discover_packages(ignore) using defaults
[0.413s] Level 1:colcon.colcon_core.package_discovery:discover_packages(path) discover
[0.413s] Level 1:colcon.colcon_core.package_discovery:discover_packages(path) using defaults
[0.437s] Level 1:colcon.colcon_core.package_discovery:discover_packages(prefix_path) check parameters
[0.437s] Level 1:colcon.colcon_core.package_discovery:discover_packages(prefix_path) discover
[0.438s] WARNING:colcon.colcon_ros.prefix_path.ament:The path '/home/rajpurkar/Rahul/ur5_simulation/install/ur5_moveit_config' in the environment variable AMENT_PREFIX_PATH doesn't exist
[0.438s] WARNING:colcon.colcon_ros.prefix_path.ament:The path '/home/rajpurkar/Rahul/ur5_simulation/install/ur5_description' in the environment variable AMENT_PREFIX_PATH doesn't exist
[0.438s] WARNING:colcon.colcon_ros.prefix_path.ament:The path '/home/rajpurkar/Rahul/ur5_simulation/install/moveit_servo' in the environment variable AMENT_PREFIX_PATH doesn't exist
[0.438s] WARNING:colcon.colcon_ros.prefix_path.ament:The path '/home/rajpurkar/Rahul/ur5_simulation/install/data_collection' in the environment variable AMENT_PREFIX_PATH doesn't exist
[0.438s] WARNING:colcon.colcon_ros.prefix_path.catkin:The path '/home/rajpurkar/Rahul/ur5_simulation/install/ur5_moveit_config' in the environment variable CMAKE_PREFIX_PATH doesn't exist
[0.438s] WARNING:colcon.colcon_ros.prefix_path.catkin:The path '/home/rajpurkar/Rahul/ur5_simulation/install/ur5_description' in the environment variable CMAKE_PREFIX_PATH doesn't exist
[0.438s] WARNING:colcon.colcon_ros.prefix_path.catkin:The path '/home/rajpurkar/Rahul/ur5_simulation/install/moveit_servo' in the environment variable CMAKE_PREFIX_PATH doesn't exist
[0.439s] WARNING:colcon.colcon_ros.prefix_path.catkin:The path '/home/rajpurkar/Rahul/ur5_simulation/install/data_collection' in the environment variable CMAKE_PREFIX_PATH doesn't exist
[0.439s] DEBUG:colcon.colcon_installed_package_information.package_discovery:Found 0 installed packages in /home/rajpurkar/Rahul/ur5_simulation/install
[0.442s] DEBUG:colcon.colcon_installed_package_information.package_discovery:Found 468 installed packages in /opt/ros/humble
[0.444s] Level 1:colcon.colcon_core.package_discovery:discover_packages(prefix_path) using defaults
[0.508s] Level 5:colcon.colcon_core.verb:set package 'data_collection' build argument 'cmake_args' from command line to 'None'
[0.508s] Level 5:colcon.colcon_core.verb:set package 'data_collection' build argument 'cmake_target' from command line to 'None'
[0.508s] Level 5:colcon.colcon_core.verb:set package 'data_collection' build argument 'cmake_target_skip_unavailable' from command line to 'False'
[0.508s] Level 5:colcon.colcon_core.verb:set package 'data_collection' build argument 'cmake_clean_cache' from command line to 'False'
[0.509s] Level 5:colcon.colcon_core.verb:set package 'data_collection' build argument 'cmake_clean_first' from command line to 'False'
[0.509s] Level 5:colcon.colcon_core.verb:set package 'data_collection' build argument 'cmake_force_configure' from command line to 'False'
[0.509s] Level 5:colcon.colcon_core.verb:set package 'data_collection' build argument 'ament_cmake_args' from command line to 'None'
[0.509s] Level 5:colcon.colcon_core.verb:set package 'data_collection' build argument 'catkin_cmake_args' from command line to 'None'
[0.509s] Level 5:colcon.colcon_core.verb:set package 'data_collection' build argument 'catkin_skip_building_tests' from command line to 'False'
[0.509s] DEBUG:colcon.colcon_core.verb:Building package 'data_collection' with the following arguments: {'ament_cmake_args': None, 'build_base': '/home/rajpurkar/Rahul/ur5_simulation/build/data_collection', 'catkin_cmake_args': None, 'catkin_skip_building_tests': False, 'cmake_args': None, 'cmake_clean_cache': False, 'cmake_clean_first': False, 'cmake_force_configure': False, 'cmake_target': None, 'cmake_target_skip_unavailable': False, 'install_base': '/home/rajpurkar/Rahul/ur5_simulation/install/data_collection', 'merge_install': False, 'path': '/home/rajpurkar/Rahul/ur5_simulation/src/data_collection', 'symlink_install': False, 'test_result_base': None}
[0.509s] Level 5:colcon.colcon_core.verb:set package 'moveit_servo' build argument 'cmake_args' from command line to 'None'
[0.509s] Level 5:colcon.colcon_core.verb:set package 'moveit_servo' build argument 'cmake_target' from command line to 'None'
[0.509s] Level 5:colcon.colcon_core.verb:set package 'moveit_servo' build argument 'cmake_target_skip_unavailable' from command line to 'False'
[0.509s] Level 5:colcon.colcon_core.verb:set package 'moveit_servo' build argument 'cmake_clean_cache' from command line to 'False'
[0.509s] Level 5:colcon.colcon_core.verb:set package 'moveit_servo' build argument 'cmake_clean_first' from command line to 'False'
[0.509s] Level 5:colcon.colcon_core.verb:set package 'moveit_servo' build argument 'cmake_force_configure' from command line to 'False'
[0.509s] Level 5:colcon.colcon_core.verb:set package 'moveit_servo' build argument 'ament_cmake_args' from command line to 'None'
[0.509s] Level 5:colcon.colcon_core.verb:set package 'moveit_servo' build argument 'catkin_cmake_args' from command line to 'None'
[0.509s] Level 5:colcon.colcon_core.verb:set package 'moveit_servo' build argument 'catkin_skip_building_tests' from command line to 'False'
[0.510s] DEBUG:colcon.colcon_core.verb:Building package 'moveit_servo' with the following arguments: {'ament_cmake_args': None, 'build_base': '/home/rajpurkar/Rahul/ur5_simulation/build/moveit_servo', 'catkin_cmake_args': None, 'catkin_skip_building_tests': False, 'cmake_args': None, 'cmake_clean_cache': False, 'cmake_clean_first': False, 'cmake_force_configure': False, 'cmake_target': None, 'cmake_target_skip_unavailable': False, 'install_base': '/home/rajpurkar/Rahul/ur5_simulation/install/moveit_servo', 'merge_install': False, 'path': '/home/rajpurkar/Rahul/ur5_simulation/src/moveit_servo', 'symlink_install': False, 'test_result_base': None}
[0.510s] Level 5:colcon.colcon_core.verb:set package 'ur5_description' build argument 'cmake_args' from command line to 'None'
[0.510s] Level 5:colcon.colcon_core.verb:set package 'ur5_description' build argument 'cmake_target' from command line to 'None'
[0.510s] Level 5:colcon.colcon_core.verb:set package 'ur5_description' build argument 'cmake_target_skip_unavailable' from command line to 'False'
[0.510s] Level 5:colcon.colcon_core.verb:set package 'ur5_description' build argument 'cmake_clean_cache' from command line to 'False'
[0.510s] Level 5:colcon.colcon_core.verb:set package 'ur5_description' build argument 'cmake_clean_first' from command line to 'False'
[0.510s] Level 5:colcon.colcon_core.verb:set package 'ur5_description' build argument 'cmake_force_configure' from command line to 'False'
[0.510s] Level 5:colcon.colcon_core.verb:set package 'ur5_description' build argument 'ament_cmake_args' from command line to 'None'
[0.510s] Level 5:colcon.colcon_core.verb:set package 'ur5_description' build argument 'catkin_cmake_args' from command line to 'None'
[0.510s] Level 5:colcon.colcon_core.verb:set package 'ur5_description' build argument 'catkin_skip_building_tests' from command line to 'False'
[0.510s] DEBUG:colcon.colcon_core.verb:Building package 'ur5_description' with the following arguments: {'ament_cmake_args': None, 'build_base': '/home/rajpurkar/Rahul/ur5_simulation/build/ur5_description', 'catkin_cmake_args': None, 'catkin_skip_building_tests': False, 'cmake_args': None, 'cmake_clean_cache': False, 'cmake_clean_first': False, 'cmake_force_configure': False, 'cmake_target': None, 'cmake_target_skip_unavailable': False, 'install_base': '/home/rajpurkar/Rahul/ur5_simulation/install/ur5_description', 'merge_install': False, 'path': '/home/rajpurkar/Rahul/ur5_simulation/src/ur5_description', 'symlink_install': False, 'test_result_base': None}
[0.511s] Level 5:colcon.colcon_core.verb:set package 'ur5_moveit_config' build argument 'cmake_args' from command line to 'None'
[0.511s] Level 5:colcon.colcon_core.verb:set package 'ur5_moveit_config' build argument 'cmake_target' from command line to 'None'
[0.511s] Level 5:colcon.colcon_core.verb:set package 'ur5_moveit_config' build argument 'cmake_target_skip_unavailable' from command line to 'False'
[0.511s] Level 5:colcon.colcon_core.verb:set package 'ur5_moveit_config' build argument 'cmake_clean_cache' from command line to 'False'
[0.511s] Level 5:colcon.colcon_core.verb:set package 'ur5_moveit_config' build argument 'cmake_clean_first' from command line to 'False'
[0.511s] Level 5:colcon.colcon_core.verb:set package 'ur5_moveit_config' build argument 'cmake_force_configure' from command line to 'False'
[0.511s] Level 5:colcon.colcon_core.verb:set package 'ur5_moveit_config' build argument 'ament_cmake_args' from command line to 'None'
[0.511s] Level 5:colcon.colcon_core.verb:set package 'ur5_moveit_config' build argument 'catkin_cmake_args' from command line to 'None'
[0.511s] Level 5:colcon.colcon_core.verb:set package 'ur5_moveit_config' build argument 'catkin_skip_building_tests' from command line to 'False'
[0.511s] DEBUG:colcon.colcon_core.verb:Building package 'ur5_moveit_config' with the following arguments: {'ament_cmake_args': None, 'build_base': '/home/rajpurkar/Rahul/ur5_simulation/build/ur5_moveit_config', 'catkin_cmake_args': None, 'catkin_skip_building_tests': False, 'cmake_args': None, 'cmake_clean_cache': False, 'cmake_clean_first': False, 'cmake_force_configure': False, 'cmake_target': None, 'cmake_target_skip_unavailable': False, 'install_base': '/home/rajpurkar/Rahul/ur5_simulation/install/ur5_moveit_config', 'merge_install': False, 'path': '/home/rajpurkar/Rahul/ur5_simulation/src/ur5_moveit_config', 'symlink_install': False, 'test_result_base': None}
[0.511s] INFO:colcon.colcon_core.executor:Executing jobs using 'parallel' executor
[0.512s] DEBUG:colcon.colcon_parallel_executor.executor.parallel:run_until_complete
[0.512s] INFO:colcon.colcon_ros.task.ament_cmake.build:Building ROS package in '/home/rajpurkar/Rahul/ur5_simulation/src/ur5_description' with build type 'ament_cmake'
[0.513s] INFO:colcon.colcon_cmake.task.cmake.build:Building CMake package in '/home/rajpurkar/Rahul/ur5_simulation/src/ur5_description'
[0.514s] INFO:colcon.colcon_core.plugin_system:Skipping extension 'colcon_core.shell.bat': Not used on non-Windows systems
[0.515s] INFO:colcon.colcon_core.shell:Skip shell extension 'powershell' for command environment: Not usable outside of PowerShell
[0.515s] DEBUG:colcon.colcon_core.shell:Skip shell extension 'dsv' for command environment
[0.518s] INFO:colcon.colcon_ros.task.ament_cmake.build:Building ROS package in '/home/rajpurkar/Rahul/ur5_simulation/src/data_collection' with build type 'ament_cmake'
[0.518s] INFO:colcon.colcon_cmake.task.cmake.build:Building CMake package in '/home/rajpurkar/Rahul/ur5_simulation/src/data_collection'
[0.518s] INFO:colcon.colcon_core.shell:Skip shell extension 'powershell' for command environment: Not usable outside of PowerShell
[0.518s] DEBUG:colcon.colcon_core.shell:Skip shell extension 'dsv' for command environment
[0.523s] INFO:colcon.colcon_ros.task.ament_cmake.build:Building ROS package in '/home/rajpurkar/Rahul/ur5_simulation/src/moveit_servo' with build type 'ament_cmake'
[0.523s] INFO:colcon.colcon_cmake.task.cmake.build:Building CMake package in '/home/rajpurkar/Rahul/ur5_simulation/src/moveit_servo'
[0.523s] INFO:colcon.colcon_core.shell:Skip shell extension 'powershell' for command environment: Not usable outside of PowerShell
[0.523s] DEBUG:colcon.colcon_core.shell:Skip shell extension 'dsv' for command environment
[0.532s] DEBUG:colcon.colcon_core.event_handler.log_command:Invoking command in '/home/rajpurkar/Rahul/ur5_simulation/build/ur5_description': CMAKE_PREFIX_PATH=${CMAKE_PREFIX_PATH}:/opt/ros/humble /usr/bin/cmake /home/rajpurkar/Rahul/ur5_simulation/src/ur5_description -DCMAKE_INSTALL_PREFIX=/home/rajpurkar/Rahul/ur5_simulation/install/ur5_description
[0.536s] DEBUG:colcon.colcon_core.event_handler.log_command:Invoking command in '/home/rajpurkar/Rahul/ur5_simulation/build/data_collection': CMAKE_PREFIX_PATH=${CMAKE_PREFIX_PATH}:/opt/ros/humble /usr/bin/cmake /home/rajpurkar/Rahul/ur5_simulation/src/data_collection -DCMAKE_INSTALL_PREFIX=/home/rajpurkar/Rahul/ur5_simulation/install/data_collection
[0.540s] DEBUG:colcon.colcon_core.event_handler.log_command:Invoking command in '/home/rajpurkar/Rahul/ur5_simulation/build/moveit_servo': CMAKE_PREFIX_PATH=${CMAKE_PREFIX_PATH}:/opt/ros/humble /usr/bin/cmake /home/rajpurkar/Rahul/ur5_simulation/src/moveit_servo -DCMAKE_INSTALL_PREFIX=/home/rajpurkar/Rahul/ur5_simulation/install/moveit_servo
[1.201s] DEBUG:colcon.colcon_core.event_handler.log_command:Invoked command in '/home/rajpurkar/Rahul/ur5_simulation/build/data_collection' returned '0': CMAKE_PREFIX_PATH=${CMAKE_PREFIX_PATH}:/opt/ros/humble /usr/bin/cmake /home/rajpurkar/Rahul/ur5_simulation/src/data_collection -DCMAKE_INSTALL_PREFIX=/home/rajpurkar/Rahul/ur5_simulation/install/data_collection
[1.203s] DEBUG:colcon.colcon_core.event_handler.log_command:Invoking command in '/home/rajpurkar/Rahul/ur5_simulation/build/data_collection': CMAKE_PREFIX_PATH=${CMAKE_PREFIX_PATH}:/opt/ros/humble /usr/bin/cmake --build /home/rajpurkar/Rahul/ur5_simulation/build/data_collection -- -j16 -l16
[1.208s] DEBUG:colcon.colcon_core.event_handler.log_command:Invoked command in '/home/rajpurkar/Rahul/ur5_simulation/build/ur5_description' returned '0': CMAKE_PREFIX_PATH=${CMAKE_PREFIX_PATH}:/opt/ros/humble /usr/bin/cmake /home/rajpurkar/Rahul/ur5_simulation/src/ur5_description -DCMAKE_INSTALL_PREFIX=/home/rajpurkar/Rahul/ur5_simulation/install/ur5_description
[1.209s] DEBUG:colcon.colcon_core.event_handler.log_command:Invoking command in '/home/rajpurkar/Rahul/ur5_simulation/build/ur5_description': CMAKE_PREFIX_PATH=${CMAKE_PREFIX_PATH}:/opt/ros/humble /usr/bin/cmake --build /home/rajpurkar/Rahul/ur5_simulation/build/ur5_description -- -j16 -l16
[1.245s] DEBUG:colcon.colcon_core.event_handler.log_command:Invoked command in '/home/rajpurkar/Rahul/ur5_simulation/build/data_collection' returned '0': CMAKE_PREFIX_PATH=${CMAKE_PREFIX_PATH}:/opt/ros/humble /usr/bin/cmake --build /home/rajpurkar/Rahul/ur5_simulation/build/data_collection -- -j16 -l16
[1.254s] DEBUG:colcon.colcon_core.event_handler.log_command:Invoking command in '/home/rajpurkar/Rahul/ur5_simulation/build/data_collection': CMAKE_PREFIX_PATH=${CMAKE_PREFIX_PATH}:/opt/ros/humble /usr/bin/cmake --install /home/rajpurkar/Rahul/ur5_simulation/build/data_collection
[1.258s] DEBUG:colcon.colcon_core.event_handler.log_command:Invoked command in '/home/rajpurkar/Rahul/ur5_simulation/build/ur5_description' returned '0': CMAKE_PREFIX_PATH=${CMAKE_PREFIX_PATH}:/opt/ros/humble /usr/bin/cmake --build /home/rajpurkar/Rahul/ur5_simulation/build/ur5_description -- -j16 -l16
[1.259s] DEBUG:colcon.colcon_core.event_handler.log_command:Invoking command in '/home/rajpurkar/Rahul/ur5_simulation/build/ur5_description': CMAKE_PREFIX_PATH=${CMAKE_PREFIX_PATH}:/opt/ros/humble /usr/bin/cmake --install /home/rajpurkar/Rahul/ur5_simulation/build/ur5_description
[1.273s] Level 1:colcon.colcon_core.environment:create_environment_scripts_only(data_collection)
[1.274s] DEBUG:colcon.colcon_core.event_handler.log_command:Invoked command in '/home/rajpurkar/Rahul/ur5_simulation/build/data_collection' returned '0': CMAKE_PREFIX_PATH=${CMAKE_PREFIX_PATH}:/opt/ros/humble /usr/bin/cmake --install /home/rajpurkar/Rahul/ur5_simulation/build/data_collection
[1.278s] Level 1:colcon.colcon_core.environment:checking '/home/rajpurkar/Rahul/ur5_simulation/install/data_collection' for CMake module files
[1.280s] Level 1:colcon.colcon_core.environment:checking '/home/rajpurkar/Rahul/ur5_simulation/install/data_collection' for CMake config files
[1.281s] Level 1:colcon.colcon_core.shell:create_environment_hook('data_collection', 'cmake_prefix_path')
[1.281s] INFO:colcon.colcon_core.shell:Creating environment hook '/home/rajpurkar/Rahul/ur5_simulation/install/data_collection/share/data_collection/hook/cmake_prefix_path.ps1'
[1.282s] INFO:colcon.colcon_core.shell:Creating environment descriptor '/home/rajpurkar/Rahul/ur5_simulation/install/data_collection/share/data_collection/hook/cmake_prefix_path.dsv'
[1.284s] INFO:colcon.colcon_core.shell:Creating environment hook '/home/rajpurkar/Rahul/ur5_simulation/install/data_collection/share/data_collection/hook/cmake_prefix_path.sh'
[1.285s] Level 1:colcon.colcon_core.environment:checking '/home/rajpurkar/Rahul/ur5_simulation/install/data_collection/lib'
[1.286s] Level 1:colcon.colcon_core.environment:checking '/home/rajpurkar/Rahul/ur5_simulation/install/data_collection/bin'
[1.286s] Level 1:colcon.colcon_core.environment:checking '/home/rajpurkar/Rahul/ur5_simulation/install/data_collection/lib/pkgconfig/data_collection.pc'
[1.286s] Level 1:colcon.colcon_core.environment:checking '/home/rajpurkar/Rahul/ur5_simulation/install/data_collection/lib/python3.10/site-packages'
[1.286s] Level 1:colcon.colcon_core.environment:checking '/home/rajpurkar/Rahul/ur5_simulation/install/data_collection/bin'
[1.287s] INFO:colcon.colcon_core.shell:Creating package script '/home/rajpurkar/Rahul/ur5_simulation/install/data_collection/share/data_collection/package.ps1'
[1.288s] INFO:colcon.colcon_core.shell:Creating package descriptor '/home/rajpurkar/Rahul/ur5_simulation/install/data_collection/share/data_collection/package.dsv'
[1.289s] INFO:colcon.colcon_core.shell:Creating package script '/home/rajpurkar/Rahul/ur5_simulation/install/data_collection/share/data_collection/package.sh'
[1.290s] INFO:colcon.colcon_core.shell:Creating package script '/home/rajpurkar/Rahul/ur5_simulation/install/data_collection/share/data_collection/package.bash'
[1.291s] INFO:colcon.colcon_core.shell:Creating package script '/home/rajpurkar/Rahul/ur5_simulation/install/data_collection/share/data_collection/package.zsh'
[1.291s] Level 1:colcon.colcon_core.environment:create_file_with_runtime_dependencies(/home/rajpurkar/Rahul/ur5_simulation/install/data_collection/share/colcon-core/packages/data_collection)
[1.292s] Level 1:colcon.colcon_core.environment:create_environment_scripts_only(data_collection)
[1.292s] Level 1:colcon.colcon_core.environment:checking '/home/rajpurkar/Rahul/ur5_simulation/install/data_collection' for CMake module files
[1.292s] Level 1:colcon.colcon_core.environment:checking '/home/rajpurkar/Rahul/ur5_simulation/install/data_collection' for CMake config files
[1.293s] Level 1:colcon.colcon_core.shell:create_environment_hook('data_collection', 'cmake_prefix_path')
[1.293s] INFO:colcon.colcon_core.shell:Creating environment hook '/home/rajpurkar/Rahul/ur5_simulation/install/data_collection/share/data_collection/hook/cmake_prefix_path.ps1'
[1.293s] INFO:colcon.colcon_core.shell:Creating environment descriptor '/home/rajpurkar/Rahul/ur5_simulation/install/data_collection/share/data_collection/hook/cmake_prefix_path.dsv'
[1.294s] INFO:colcon.colcon_core.shell:Creating environment hook '/home/rajpurkar/Rahul/ur5_simulation/install/data_collection/share/data_collection/hook/cmake_prefix_path.sh'
[1.294s] Level 1:colcon.colcon_core.environment:checking '/home/rajpurkar/Rahul/ur5_simulation/install/data_collection/lib'
[1.295s] Level 1:colcon.colcon_core.environment:checking '/home/rajpurkar/Rahul/ur5_simulation/install/data_collection/bin'
[1.295s] Level 1:colcon.colcon_core.environment:checking '/home/rajpurkar/Rahul/ur5_simulation/install/data_collection/lib/pkgconfig/data_collection.pc'
[1.295s] Level 1:colcon.colcon_core.environment:checking '/home/rajpurkar/Rahul/ur5_simulation/install/data_collection/lib/python3.10/site-packages'
[1.295s] Level 1:colcon.colcon_core.environment:checking '/home/rajpurkar/Rahul/ur5_simulation/install/data_collection/bin'
[1.295s] INFO:colcon.colcon_core.shell:Creating package script '/home/rajpurkar/Rahul/ur5_simulation/install/data_collection/share/data_collection/package.ps1'
[1.296s] INFO:colcon.colcon_core.shell:Creating package descriptor '/home/rajpurkar/Rahul/ur5_simulation/install/data_collection/share/data_collection/package.dsv'
[1.296s] INFO:colcon.colcon_core.shell:Creating package script '/home/rajpurkar/Rahul/ur5_simulation/install/data_collection/share/data_collection/package.sh'
[1.297s] INFO:colcon.colcon_core.shell:Creating package script '/home/rajpurkar/Rahul/ur5_simulation/install/data_collection/share/data_collection/package.bash'
[1.297s] INFO:colcon.colcon_core.shell:Creating package script '/home/rajpurkar/Rahul/ur5_simulation/install/data_collection/share/data_collection/package.zsh'
[1.297s] Level 1:colcon.colcon_core.environment:create_file_with_runtime_dependencies(/home/rajpurkar/Rahul/ur5_simulation/install/data_collection/share/colcon-core/packages/data_collection)
[1.298s] Level 1:colcon.colcon_core.environment:create_environment_scripts_only(ur5_description)
[1.299s] Level 1:colcon.colcon_core.environment:checking '/home/rajpurkar/Rahul/ur5_simulation/install/ur5_description' for CMake module files
[1.299s] DEBUG:colcon.colcon_core.event_handler.log_command:Invoked command in '/home/rajpurkar/Rahul/ur5_simulation/build/ur5_description' returned '0': CMAKE_PREFIX_PATH=${CMAKE_PREFIX_PATH}:/opt/ros/humble /usr/bin/cmake --install /home/rajpurkar/Rahul/ur5_simulation/build/ur5_description
[1.299s] Level 1:colcon.colcon_core.environment:checking '/home/rajpurkar/Rahul/ur5_simulation/install/ur5_description' for CMake config files
[1.300s] Level 1:colcon.colcon_core.shell:create_environment_hook('ur5_description', 'cmake_prefix_path')
[1.300s] INFO:colcon.colcon_core.shell:Creating environment hook '/home/rajpurkar/Rahul/ur5_simulation/install/ur5_description/share/ur5_description/hook/cmake_prefix_path.ps1'
[1.300s] INFO:colcon.colcon_core.shell:Creating environment descriptor '/home/rajpurkar/Rahul/ur5_simulation/install/ur5_description/share/ur5_description/hook/cmake_prefix_path.dsv'
[1.301s] INFO:colcon.colcon_core.shell:Creating environment hook '/home/rajpurkar/Rahul/ur5_simulation/install/ur5_description/share/ur5_description/hook/cmake_prefix_path.sh'
[1.301s] Level 1:colcon.colcon_core.environment:checking '/home/rajpurkar/Rahul/ur5_simulation/install/ur5_description/bin'
[1.301s] Level 1:colcon.colcon_core.environment:checking '/home/rajpurkar/Rahul/ur5_simulation/install/ur5_description/lib/pkgconfig/ur5_description.pc'
[1.301s] Level 1:colcon.colcon_core.environment:checking '/home/rajpurkar/Rahul/ur5_simulation/install/ur5_description/lib/python3.10/site-packages'
[1.302s] Level 1:colcon.colcon_core.environment:checking '/home/rajpurkar/Rahul/ur5_simulation/install/ur5_description/bin'
[1.302s] INFO:colcon.colcon_core.shell:Creating package script '/home/rajpurkar/Rahul/ur5_simulation/install/ur5_description/share/ur5_description/package.ps1'
[1.302s] INFO:colcon.colcon_core.shell:Creating package descriptor '/home/rajpurkar/Rahul/ur5_simulation/install/ur5_description/share/ur5_description/package.dsv'
[1.303s] INFO:colcon.colcon_core.shell:Creating package script '/home/rajpurkar/Rahul/ur5_simulation/install/ur5_description/share/ur5_description/package.sh'
[1.303s] INFO:colcon.colcon_core.shell:Creating package script '/home/rajpurkar/Rahul/ur5_simulation/install/ur5_description/share/ur5_description/package.bash'
[1.303s] INFO:colcon.colcon_core.shell:Creating package script '/home/rajpurkar/Rahul/ur5_simulation/install/ur5_description/share/ur5_description/package.zsh'
[1.304s] Level 1:colcon.colcon_core.environment:create_file_with_runtime_dependencies(/home/rajpurkar/Rahul/ur5_simulation/install/ur5_description/share/colcon-core/packages/ur5_description)
[1.304s] Level 1:colcon.colcon_core.environment:create_environment_scripts_only(ur5_description)
[1.304s] Level 1:colcon.colcon_core.environment:checking '/home/rajpurkar/Rahul/ur5_simulation/install/ur5_description' for CMake module files
[1.305s] Level 1:colcon.colcon_core.environment:checking '/home/rajpurkar/Rahul/ur5_simulation/install/ur5_description' for CMake config files
[1.305s] Level 1:colcon.colcon_core.shell:create_environment_hook('ur5_description', 'cmake_prefix_path')
[1.305s] INFO:colcon.colcon_core.shell:Creating environment hook '/home/rajpurkar/Rahul/ur5_simulation/install/ur5_description/share/ur5_description/hook/cmake_prefix_path.ps1'
[1.306s] INFO:colcon.colcon_core.shell:Creating environment descriptor '/home/rajpurkar/Rahul/ur5_simulation/install/ur5_description/share/ur5_description/hook/cmake_prefix_path.dsv'
[1.306s] INFO:colcon.colcon_core.shell:Creating environment hook '/home/rajpurkar/Rahul/ur5_simulation/install/ur5_description/share/ur5_description/hook/cmake_prefix_path.sh'
[1.307s] Level 1:colcon.colcon_core.environment:checking '/home/rajpurkar/Rahul/ur5_simulation/install/ur5_description/bin'
[1.307s] Level 1:colcon.colcon_core.environment:checking '/home/rajpurkar/Rahul/ur5_simulation/install/ur5_description/lib/pkgconfig/ur5_description.pc'
[1.307s] Level 1:colcon.colcon_core.environment:checking '/home/rajpurkar/Rahul/ur5_simulation/install/ur5_description/lib/python3.10/site-packages'
[1.307s] Level 1:colcon.colcon_core.environment:checking '/home/rajpurkar/Rahul/ur5_simulation/install/ur5_description/bin'
[1.307s] INFO:colcon.colcon_core.shell:Creating package script '/home/rajpurkar/Rahul/ur5_simulation/install/ur5_description/share/ur5_description/package.ps1'
[1.308s] INFO:colcon.colcon_core.shell:Creating package descriptor '/home/rajpurkar/Rahul/ur5_simulation/install/ur5_description/share/ur5_description/package.dsv'
[1.308s] INFO:colcon.colcon_core.shell:Creating package script '/home/rajpurkar/Rahul/ur5_simulation/install/ur5_description/share/ur5_description/package.sh'
[1.309s] INFO:colcon.colcon_core.shell:Creating package script '/home/rajpurkar/Rahul/ur5_simulation/install/ur5_description/share/ur5_description/package.bash'
[1.309s] INFO:colcon.colcon_core.shell:Creating package script '/home/rajpurkar/Rahul/ur5_simulation/install/ur5_description/share/ur5_description/package.zsh'
[1.310s] Level 1:colcon.colcon_core.environment:create_file_with_runtime_dependencies(/home/rajpurkar/Rahul/ur5_simulation/install/ur5_description/share/colcon-core/packages/ur5_description)
[1.310s] INFO:colcon.colcon_ros.task.ament_cmake.build:Building ROS package in '/home/rajpurkar/Rahul/ur5_simulation/src/ur5_moveit_config' with build type 'ament_cmake'
[1.310s] INFO:colcon.colcon_cmake.task.cmake.build:Building CMake package in '/home/rajpurkar/Rahul/ur5_simulation/src/ur5_moveit_config'
[1.310s] INFO:colcon.colcon_core.shell:Skip shell extension 'powershell' for command environment: Not usable outside of PowerShell
[1.311s] DEBUG:colcon.colcon_core.shell:Skip shell extension 'dsv' for command environment
[1.320s] DEBUG:colcon.colcon_core.event_handler.log_command:Invoking command in '/home/rajpurkar/Rahul/ur5_simulation/build/ur5_moveit_config': CMAKE_PREFIX_PATH=/home/rajpurkar/Rahul/ur5_simulation/install/ur5_description:/home/rajpurkar/Rahul/ur5_simulation/install/ur5_moveit_config:/home/rajpurkar/Rahul/ur5_simulation/install/moveit_servo:/home/rajpurkar/Rahul/ur5_simulation/install/data_collection:/opt/ros/humble /usr/bin/cmake /home/rajpurkar/Rahul/ur5_simulation/src/ur5_moveit_config -DCMAKE_INSTALL_PREFIX=/home/rajpurkar/Rahul/ur5_simulation/install/ur5_moveit_config
[1.974s] DEBUG:colcon.colcon_core.event_handler.log_command:Invoked command in '/home/rajpurkar/Rahul/ur5_simulation/build/ur5_moveit_config' returned '0': CMAKE_PREFIX_PATH=/home/rajpurkar/Rahul/ur5_simulation/install/ur5_description:/home/rajpurkar/Rahul/ur5_simulation/install/ur5_moveit_config:/home/rajpurkar/Rahul/ur5_simulation/install/moveit_servo:/home/rajpurkar/Rahul/ur5_simulation/install/data_collection:/opt/ros/humble /usr/bin/cmake /home/rajpurkar/Rahul/ur5_simulation/src/ur5_moveit_config -DCMAKE_INSTALL_PREFIX=/home/rajpurkar/Rahul/ur5_simulation/install/ur5_moveit_config
[1.976s] DEBUG:colcon.colcon_core.event_handler.log_command:Invoking command in '/home/rajpurkar/Rahul/ur5_simulation/build/ur5_moveit_config': CMAKE_PREFIX_PATH=/home/rajpurkar/Rahul/ur5_simulation/install/ur5_description:/home/rajpurkar/Rahul/ur5_simulation/install/ur5_moveit_config:/home/rajpurkar/Rahul/ur5_simulation/install/moveit_servo:/home/rajpurkar/Rahul/ur5_simulation/install/data_collection:/opt/ros/humble /usr/bin/cmake --build /home/rajpurkar/Rahul/ur5_simulation/build/ur5_moveit_config -- -j16 -l16
[2.010s] DEBUG:colcon.colcon_core.event_handler.log_command:Invoked command in '/home/rajpurkar/Rahul/ur5_simulation/build/ur5_moveit_config' returned '0': CMAKE_PREFIX_PATH=/home/rajpurkar/Rahul/ur5_simulation/install/ur5_description:/home/rajpurkar/Rahul/ur5_simulation/install/ur5_moveit_config:/home/rajpurkar/Rahul/ur5_simulation/install/moveit_servo:/home/rajpurkar/Rahul/ur5_simulation/install/data_collection:/opt/ros/humble /usr/bin/cmake --build /home/rajpurkar/Rahul/ur5_simulation/build/ur5_moveit_config -- -j16 -l16
[2.011s] DEBUG:colcon.colcon_core.event_handler.log_command:Invoking command in '/home/rajpurkar/Rahul/ur5_simulation/build/ur5_moveit_config': CMAKE_PREFIX_PATH=/home/rajpurkar/Rahul/ur5_simulation/install/ur5_description:/home/rajpurkar/Rahul/ur5_simulation/install/ur5_moveit_config:/home/rajpurkar/Rahul/ur5_simulation/install/moveit_servo:/home/rajpurkar/Rahul/ur5_simulation/install/data_collection:/opt/ros/humble /usr/bin/cmake --install /home/rajpurkar/Rahul/ur5_simulation/build/ur5_moveit_config
[2.025s] Level 1:colcon.colcon_core.environment:create_environment_scripts_only(ur5_moveit_config)
[2.025s] Level 1:colcon.colcon_core.environment:checking '/home/rajpurkar/Rahul/ur5_simulation/install/ur5_moveit_config' for CMake module files
[2.026s] Level 1:colcon.colcon_core.environment:checking '/home/rajpurkar/Rahul/ur5_simulation/install/ur5_moveit_config' for CMake config files
[2.027s] Level 1:colcon.colcon_core.shell:create_environment_hook('ur5_moveit_config', 'cmake_prefix_path')
[2.027s] INFO:colcon.colcon_core.shell:Creating environment hook '/home/rajpurkar/Rahul/ur5_simulation/install/ur5_moveit_config/share/ur5_moveit_config/hook/cmake_prefix_path.ps1'
[2.027s] INFO:colcon.colcon_core.shell:Creating environment descriptor '/home/rajpurkar/Rahul/ur5_simulation/install/ur5_moveit_config/share/ur5_moveit_config/hook/cmake_prefix_path.dsv'
[2.028s] INFO:colcon.colcon_core.shell:Creating environment hook '/home/rajpurkar/Rahul/ur5_simulation/install/ur5_moveit_config/share/ur5_moveit_config/hook/cmake_prefix_path.sh'
[2.028s] Level 1:colcon.colcon_core.environment:checking '/home/rajpurkar/Rahul/ur5_simulation/install/ur5_moveit_config/bin'
[2.028s] Level 1:colcon.colcon_core.environment:checking '/home/rajpurkar/Rahul/ur5_simulation/install/ur5_moveit_config/lib/pkgconfig/ur5_moveit_config.pc'
[2.029s] Level 1:colcon.colcon_core.environment:checking '/home/rajpurkar/Rahul/ur5_simulation/install/ur5_moveit_config/lib/python3.10/site-packages'
[2.029s] Level 1:colcon.colcon_core.environment:checking '/home/rajpurkar/Rahul/ur5_simulation/install/ur5_moveit_config/bin'
[2.029s] INFO:colcon.colcon_core.shell:Creating package script '/home/rajpurkar/Rahul/ur5_simulation/install/ur5_moveit_config/share/ur5_moveit_config/package.ps1'
[2.030s] DEBUG:colcon.colcon_core.event_handler.log_command:Invoked command in '/home/rajpurkar/Rahul/ur5_simulation/build/ur5_moveit_config' returned '0': CMAKE_PREFIX_PATH=/home/rajpurkar/Rahul/ur5_simulation/install/ur5_description:/home/rajpurkar/Rahul/ur5_simulation/install/ur5_moveit_config:/home/rajpurkar/Rahul/ur5_simulation/install/moveit_servo:/home/rajpurkar/Rahul/ur5_simulation/install/data_collection:/opt/ros/humble /usr/bin/cmake --install /home/rajpurkar/Rahul/ur5_simulation/build/ur5_moveit_config
[2.030s] INFO:colcon.colcon_core.shell:Creating package descriptor '/home/rajpurkar/Rahul/ur5_simulation/install/ur5_moveit_config/share/ur5_moveit_config/package.dsv'
[2.031s] INFO:colcon.colcon_core.shell:Creating package script '/home/rajpurkar/Rahul/ur5_simulation/install/ur5_moveit_config/share/ur5_moveit_config/package.sh'
[2.031s] INFO:colcon.colcon_core.shell:Creating package script '/home/rajpurkar/Rahul/ur5_simulation/install/ur5_moveit_config/share/ur5_moveit_config/package.bash'
[2.032s] INFO:colcon.colcon_core.shell:Creating package script '/home/rajpurkar/Rahul/ur5_simulation/install/ur5_moveit_config/share/ur5_moveit_config/package.zsh'
[2.032s] Level 1:colcon.colcon_core.environment:create_file_with_runtime_dependencies(/home/rajpurkar/Rahul/ur5_simulation/install/ur5_moveit_config/share/colcon-core/packages/ur5_moveit_config)
[2.032s] Level 1:colcon.colcon_core.environment:create_environment_scripts_only(ur5_moveit_config)
[2.033s] Level 1:colcon.colcon_core.environment:checking '/home/rajpurkar/Rahul/ur5_simulation/install/ur5_moveit_config' for CMake module files
[2.033s] Level 1:colcon.colcon_core.environment:checking '/home/rajpurkar/Rahul/ur5_simulation/install/ur5_moveit_config' for CMake config files
[2.033s] Level 1:colcon.colcon_core.shell:create_environment_hook('ur5_moveit_config', 'cmake_prefix_path')
[2.033s] INFO:colcon.colcon_core.shell:Creating environment hook '/home/rajpurkar/Rahul/ur5_simulation/install/ur5_moveit_config/share/ur5_moveit_config/hook/cmake_prefix_path.ps1'
[2.034s] INFO:colcon.colcon_core.shell:Creating environment descriptor '/home/rajpurkar/Rahul/ur5_simulation/install/ur5_moveit_config/share/ur5_moveit_config/hook/cmake_prefix_path.dsv'
[2.034s] INFO:colcon.colcon_core.shell:Creating environment hook '/home/rajpurkar/Rahul/ur5_simulation/install/ur5_moveit_config/share/ur5_moveit_config/hook/cmake_prefix_path.sh'
[2.035s] Level 1:colcon.colcon_core.environment:checking '/home/rajpurkar/Rahul/ur5_simulation/install/ur5_moveit_config/bin'
[2.035s] Level 1:colcon.colcon_core.environment:checking '/home/rajpurkar/Rahul/ur5_simulation/install/ur5_moveit_config/lib/pkgconfig/ur5_moveit_config.pc'
[2.035s] Level 1:colcon.colcon_core.environment:checking '/home/rajpurkar/Rahul/ur5_simulation/install/ur5_moveit_config/lib/python3.10/site-packages'
[2.035s] Level 1:colcon.colcon_core.environment:checking '/home/rajpurkar/Rahul/ur5_simulation/install/ur5_moveit_config/bin'
[2.035s] INFO:colcon.colcon_core.shell:Creating package script '/home/rajpurkar/Rahul/ur5_simulation/install/ur5_moveit_config/share/ur5_moveit_config/package.ps1'
[2.036s] INFO:colcon.colcon_core.shell:Creating package descriptor '/home/rajpurkar/Rahul/ur5_simulation/install/ur5_moveit_config/share/ur5_moveit_config/package.dsv'
[2.036s] INFO:colcon.colcon_core.shell:Creating package script '/home/rajpurkar/Rahul/ur5_simulation/install/ur5_moveit_config/share/ur5_moveit_config/package.sh'
[2.037s] INFO:colcon.colcon_core.shell:Creating package script '/home/rajpurkar/Rahul/ur5_simulation/install/ur5_moveit_config/share/ur5_moveit_config/package.bash'
[2.037s] INFO:colcon.colcon_core.shell:Creating package script '/home/rajpurkar/Rahul/ur5_simulation/install/ur5_moveit_config/share/ur5_moveit_config/package.zsh'
[2.038s] Level 1:colcon.colcon_core.environment:create_file_with_runtime_dependencies(/home/rajpurkar/Rahul/ur5_simulation/install/ur5_moveit_config/share/colcon-core/packages/ur5_moveit_config)
[3.125s] DEBUG:colcon.colcon_core.event_handler.log_command:Invoked command in '/home/rajpurkar/Rahul/ur5_simulation/build/moveit_servo' returned '0': CMAKE_PREFIX_PATH=${CMAKE_PREFIX_PATH}:/opt/ros/humble /usr/bin/cmake /home/rajpurkar/Rahul/ur5_simulation/src/moveit_servo -DCMAKE_INSTALL_PREFIX=/home/rajpurkar/Rahul/ur5_simulation/install/moveit_servo
[3.126s] DEBUG:colcon.colcon_core.event_handler.log_command:Invoking command in '/home/rajpurkar/Rahul/ur5_simulation/build/moveit_servo': CMAKE_PREFIX_PATH=${CMAKE_PREFIX_PATH}:/opt/ros/humble /usr/bin/cmake --build /home/rajpurkar/Rahul/ur5_simulation/build/moveit_servo -- -j16 -l16
[131.301s] DEBUG:colcon.colcon_core.event_handler.log_command:Invoked command in '/home/rajpurkar/Rahul/ur5_simulation/build/moveit_servo' returned '0': CMAKE_PREFIX_PATH=${CMAKE_PREFIX_PATH}:/opt/ros/humble /usr/bin/cmake --build /home/rajpurkar/Rahul/ur5_simulation/build/moveit_servo -- -j16 -l16
[131.302s] DEBUG:colcon.colcon_core.event_handler.log_command:Invoking command in '/home/rajpurkar/Rahul/ur5_simulation/build/moveit_servo': CMAKE_PREFIX_PATH=${CMAKE_PREFIX_PATH}:/opt/ros/humble /usr/bin/cmake --install /home/rajpurkar/Rahul/ur5_simulation/build/moveit_servo
[131.322s] Level 1:colcon.colcon_core.environment:create_environment_scripts_only(moveit_servo)
[131.322s] Level 1:colcon.colcon_core.environment:checking '/home/rajpurkar/Rahul/ur5_simulation/install/moveit_servo' for CMake module files
[131.323s] DEBUG:colcon.colcon_core.event_handler.log_command:Invoked command in '/home/rajpurkar/Rahul/ur5_simulation/build/moveit_servo' returned '0': CMAKE_PREFIX_PATH=${CMAKE_PREFIX_PATH}:/opt/ros/humble /usr/bin/cmake --install /home/rajpurkar/Rahul/ur5_simulation/build/moveit_servo
[131.323s] Level 1:colcon.colcon_core.environment:checking '/home/rajpurkar/Rahul/ur5_simulation/install/moveit_servo' for CMake config files
[131.324s] Level 1:colcon.colcon_core.shell:create_environment_hook('moveit_servo', 'cmake_prefix_path')
[131.324s] INFO:colcon.colcon_core.shell:Creating environment hook '/home/rajpurkar/Rahul/ur5_simulation/install/moveit_servo/share/moveit_servo/hook/cmake_prefix_path.ps1'
[131.324s] INFO:colcon.colcon_core.shell:Creating environment descriptor '/home/rajpurkar/Rahul/ur5_simulation/install/moveit_servo/share/moveit_servo/hook/cmake_prefix_path.dsv'
[131.325s] INFO:colcon.colcon_core.shell:Creating environment hook '/home/rajpurkar/Rahul/ur5_simulation/install/moveit_servo/share/moveit_servo/hook/cmake_prefix_path.sh'
[131.325s] Level 1:colcon.colcon_core.environment:checking '/home/rajpurkar/Rahul/ur5_simulation/install/moveit_servo/lib'
[131.326s] Level 1:colcon.colcon_core.shell:create_environment_hook('moveit_servo', 'ld_library_path_lib')
[131.326s] INFO:colcon.colcon_core.shell:Creating environment hook '/home/rajpurkar/Rahul/ur5_simulation/install/moveit_servo/share/moveit_servo/hook/ld_library_path_lib.ps1'
[131.326s] INFO:colcon.colcon_core.shell:Creating environment descriptor '/home/rajpurkar/Rahul/ur5_simulation/install/moveit_servo/share/moveit_servo/hook/ld_library_path_lib.dsv'
[131.327s] INFO:colcon.colcon_core.shell:Creating environment hook '/home/rajpurkar/Rahul/ur5_simulation/install/moveit_servo/share/moveit_servo/hook/ld_library_path_lib.sh'
[131.327s] Level 1:colcon.colcon_core.environment:checking '/home/rajpurkar/Rahul/ur5_simulation/install/moveit_servo/bin'
[131.327s] Level 1:colcon.colcon_core.environment:checking '/home/rajpurkar/Rahul/ur5_simulation/install/moveit_servo/lib/pkgconfig/moveit_servo.pc'
[131.328s] Level 1:colcon.colcon_core.environment:checking '/home/rajpurkar/Rahul/ur5_simulation/install/moveit_servo/lib/python3.10/site-packages'
[131.328s] Level 1:colcon.colcon_core.environment:checking '/home/rajpurkar/Rahul/ur5_simulation/install/moveit_servo/bin'
[131.328s] INFO:colcon.colcon_core.shell:Creating package script '/home/rajpurkar/Rahul/ur5_simulation/install/moveit_servo/share/moveit_servo/package.ps1'
[131.329s] INFO:colcon.colcon_core.shell:Creating package descriptor '/home/rajpurkar/Rahul/ur5_simulation/install/moveit_servo/share/moveit_servo/package.dsv'
[131.329s] INFO:colcon.colcon_core.shell:Creating package script '/home/rajpurkar/Rahul/ur5_simulation/install/moveit_servo/share/moveit_servo/package.sh'
[131.330s] INFO:colcon.colcon_core.shell:Creating package script '/home/rajpurkar/Rahul/ur5_simulation/install/moveit_servo/share/moveit_servo/package.bash'
[131.330s] INFO:colcon.colcon_core.shell:Creating package script '/home/rajpurkar/Rahul/ur5_simulation/install/moveit_servo/share/moveit_servo/package.zsh'
[131.330s] Level 1:colcon.colcon_core.environment:create_file_with_runtime_dependencies(/home/rajpurkar/Rahul/ur5_simulation/install/moveit_servo/share/colcon-core/packages/moveit_servo)
[131.331s] Level 1:colcon.colcon_core.environment:create_environment_scripts_only(moveit_servo)
[131.331s] Level 1:colcon.colcon_core.environment:checking '/home/rajpurkar/Rahul/ur5_simulation/install/moveit_servo' for CMake module files
[131.331s] Level 1:colcon.colcon_core.environment:checking '/home/rajpurkar/Rahul/ur5_simulation/install/moveit_servo' for CMake config files
[131.331s] Level 1:colcon.colcon_core.shell:create_environment_hook('moveit_servo', 'cmake_prefix_path')
[131.332s] INFO:colcon.colcon_core.shell:Creating environment hook '/home/rajpurkar/Rahul/ur5_simulation/install/moveit_servo/share/moveit_servo/hook/cmake_prefix_path.ps1'
[131.332s] INFO:colcon.colcon_core.shell:Creating environment descriptor '/home/rajpurkar/Rahul/ur5_simulation/install/moveit_servo/share/moveit_servo/hook/cmake_prefix_path.dsv'
[131.332s] INFO:colcon.colcon_core.shell:Creating environment hook '/home/rajpurkar/Rahul/ur5_simulation/install/moveit_servo/share/moveit_servo/hook/cmake_prefix_path.sh'
[131.333s] Level 1:colcon.colcon_core.environment:checking '/home/rajpurkar/Rahul/ur5_simulation/install/moveit_servo/lib'
[131.333s] Level 1:colcon.colcon_core.shell:create_environment_hook('moveit_servo', 'ld_library_path_lib')
[131.333s] INFO:colcon.colcon_core.shell:Creating environment hook '/home/rajpurkar/Rahul/ur5_simulation/install/moveit_servo/share/moveit_servo/hook/ld_library_path_lib.ps1'
[131.333s] INFO:colcon.colcon_core.shell:Creating environment descriptor '/home/rajpurkar/Rahul/ur5_simulation/install/moveit_servo/share/moveit_servo/hook/ld_library_path_lib.dsv'
[131.334s] INFO:colcon.colcon_core.shell:Creating environment hook '/home/rajpurkar/Rahul/ur5_simulation/install/moveit_servo/share/moveit_servo/hook/ld_library_path_lib.sh'
[131.334s] Level 1:colcon.colcon_core.environment:checking '/home/rajpurkar/Rahul/ur5_simulation/install/moveit_servo/bin'
[131.334s] Level 1:colcon.colcon_core.environment:checking '/home/rajpurkar/Rahul/ur5_simulation/install/moveit_servo/lib/pkgconfig/moveit_servo.pc'
[131.334s] Level 1:colcon.colcon_core.environment:checking '/home/rajpurkar/Rahul/ur5_simulation/install/moveit_servo/lib/python3.10/site-packages'
[131.335s] Level 1:colcon.colcon_core.environment:checking '/home/rajpurkar/Rahul/ur5_simulation/install/moveit_servo/bin'
[131.335s] INFO:colcon.colcon_core.shell:Creating package script '/home/rajpurkar/Rahul/ur5_simulation/install/moveit_servo/share/moveit_servo/package.ps1'
[131.336s] INFO:colcon.colcon_core.shell:Creating package descriptor '/home/rajpurkar/Rahul/ur5_simulation/install/moveit_servo/share/moveit_servo/package.dsv'
[131.336s] INFO:colcon.colcon_core.shell:Creating package script '/home/rajpurkar/Rahul/ur5_simulation/install/moveit_servo/share/moveit_servo/package.sh'
[131.337s] INFO:colcon.colcon_core.shell:Creating package script '/home/rajpurkar/Rahul/ur5_simulation/install/moveit_servo/share/moveit_servo/package.bash'
[131.337s] INFO:colcon.colcon_core.shell:Creating package script '/home/rajpurkar/Rahul/ur5_simulation/install/moveit_servo/share/moveit_servo/package.zsh'
[131.338s] Level 1:colcon.colcon_core.environment:create_file_with_runtime_dependencies(/home/rajpurkar/Rahul/ur5_simulation/install/moveit_servo/share/colcon-core/packages/moveit_servo)
[131.338s] DEBUG:colcon.colcon_parallel_executor.executor.parallel:closing loop
[131.338s] DEBUG:colcon.colcon_parallel_executor.executor.parallel:loop closed
[131.338s] DEBUG:colcon.colcon_parallel_executor.executor.parallel:run_until_complete finished with '0'
[131.338s] DEBUG:colcon.colcon_core.event_reactor:joining thread
[131.345s] INFO:colcon.colcon_core.plugin_system:Skipping extension 'colcon_notification.desktop_notification.terminal_notifier': Not used on non-Darwin systems
[131.345s] INFO:colcon.colcon_core.plugin_system:Skipping extension 'colcon_notification.desktop_notification.win32': Not used on non-Windows systems
[131.345s] INFO:colcon.colcon_notification.desktop_notification:Sending desktop notification using 'notify2'
[131.367s] DEBUG:colcon.colcon_core.event_reactor:joined thread
[131.367s] INFO:colcon.colcon_core.shell:Creating prefix script '/home/rajpurkar/Rahul/ur5_simulation/install/local_setup.ps1'
[131.368s] INFO:colcon.colcon_core.shell:Creating prefix util module '/home/rajpurkar/Rahul/ur5_simulation/install/_local_setup_util_ps1.py'
[131.369s] INFO:colcon.colcon_core.shell:Creating prefix chain script '/home/rajpurkar/Rahul/ur5_simulation/install/setup.ps1'
[131.371s] INFO:colcon.colcon_core.shell:Creating prefix script '/home/rajpurkar/Rahul/ur5_simulation/install/local_setup.sh'
[131.371s] INFO:colcon.colcon_core.shell:Creating prefix util module '/home/rajpurkar/Rahul/ur5_simulation/install/_local_setup_util_sh.py'
[131.372s] INFO:colcon.colcon_core.shell:Creating prefix chain script '/home/rajpurkar/Rahul/ur5_simulation/install/setup.sh'
[131.373s] INFO:colcon.colcon_core.shell:Creating prefix script '/home/rajpurkar/Rahul/ur5_simulation/install/local_setup.bash'
[131.373s] INFO:colcon.colcon_core.shell:Creating prefix chain script '/home/rajpurkar/Rahul/ur5_simulation/install/setup.bash'
[131.375s] INFO:colcon.colcon_core.shell:Creating prefix script '/home/rajpurkar/Rahul/ur5_simulation/install/local_setup.zsh'
[131.375s] INFO:colcon.colcon_core.shell:Creating prefix chain script '/home/rajpurkar/Rahul/ur5_simulation/install/setup.zsh'
