[0.082s] DEBUG:colcon:Command line arguments: ['/usr/bin/colcon', 'build']
[0.082s] DEBUG:colcon:Parsed command line arguments: Namespace(log_base=None, log_level=None, verb_name='build', build_base='build', install_base='install', merge_install=False, symlink_install=False, test_result_base=None, continue_on_error=False, executor='parallel', parallel_workers=16, event_handlers=None, ignore_user_meta=False, metas=['./colcon.meta'], base_paths=['.'], packages_ignore=None, packages_ignore_regex=None, paths=None, packages_up_to=None, packages_up_to_regex=None, packages_above=None, packages_above_and_dependencies=None, packages_above_depth=None, packages_select_by_dep=None, packages_skip_by_dep=None, packages_skip_up_to=None, packages_select_build_failed=False, packages_skip_build_finished=False, packages_select_test_failures=False, packages_skip_test_passed=False, packages_select=None, packages_skip=None, packages_select_regex=None, packages_skip_regex=None, packages_start=None, packages_end=None, allow_overriding=[], cmake_args=None, cmake_target=None, cmake_target_skip_unavailable=False, cmake_clean_cache=False, cmake_clean_first=False, cmake_force_configure=False, ament_cmake_args=None, catkin_cmake_args=None, catkin_skip_building_tests=False, mixin_files=None, mixin=None, verb_parser=<colcon_mixin.mixin.mixin_argument.MixinArgumentDecorator object at 0x78f5c3523b80>, verb_extension=<colcon_core.verb.build.BuildVerb object at 0x78f5c36a5540>, main=<bound method BuildVerb.main of <colcon_core.verb.build.BuildVerb object at 0x78f5c36a5540>>, mixin_verb=('build',))
[0.243s] Level 1:colcon.colcon_core.package_discovery:discover_packages(colcon_meta) check parameters
[0.244s] Level 1:colcon.colcon_core.package_discovery:discover_packages(recursive) check parameters
[0.244s] Level 1:colcon.colcon_core.package_discovery:discover_packages(ignore) check parameters
[0.244s] Level 1:colcon.colcon_core.package_discovery:discover_packages(path) check parameters
[0.244s] Level 1:colcon.colcon_core.package_discovery:discover_packages(colcon_meta) discover
[0.244s] Level 1:colcon.colcon_core.package_discovery:discover_packages(recursive) discover
[0.244s] INFO:colcon.colcon_core.package_discovery:Crawling recursively for packages in '/home/rajpurkar/Rahul/ur5_simulation'
[0.244s] Level 1:colcon.colcon_core.package_identification:_identify(.) by extensions ['ignore', 'ignore_ament_install']
[0.244s] Level 1:colcon.colcon_core.package_identification:_identify(.) by extension 'ignore'
[0.244s] Level 1:colcon.colcon_core.package_identification:_identify(.) by extension 'ignore_ament_install'
[0.244s] Level 1:colcon.colcon_core.package_identification:_identify(.) by extensions ['colcon_pkg']
[0.244s] Level 1:colcon.colcon_core.package_identification:_identify(.) by extension 'colcon_pkg'
[0.244s] Level 1:colcon.colcon_core.package_identification:_identify(.) by extensions ['colcon_meta']
[0.244s] Level 1:colcon.colcon_core.package_identification:_identify(.) by extension 'colcon_meta'
[0.244s] Level 1:colcon.colcon_core.package_identification:_identify(.) by extensions ['ros']
[0.244s] Level 1:colcon.colcon_core.package_identification:_identify(.) by extension 'ros'
[0.257s] Level 1:colcon.colcon_core.package_identification:_identify(.) by extensions ['cmake', 'python']
[0.257s] Level 1:colcon.colcon_core.package_identification:_identify(.) by extension 'cmake'
[0.257s] Level 1:colcon.colcon_core.package_identification:_identify(.) by extension 'python'
[0.257s] Level 1:colcon.colcon_core.package_identification:_identify(.) by extensions ['python_setup_py']
[0.257s] Level 1:colcon.colcon_core.package_identification:_identify(.) by extension 'python_setup_py'
[0.257s] Level 1:colcon.colcon_core.package_identification:_identify(build) by extensions ['ignore', 'ignore_ament_install']
[0.257s] Level 1:colcon.colcon_core.package_identification:_identify(build) by extension 'ignore'
[0.257s] Level 1:colcon.colcon_core.package_identification:_identify(build) ignored
[0.257s] Level 1:colcon.colcon_core.package_identification:_identify(configuration) by extensions ['ignore', 'ignore_ament_install']
[0.257s] Level 1:colcon.colcon_core.package_identification:_identify(configuration) by extension 'ignore'
[0.257s] Level 1:colcon.colcon_core.package_identification:_identify(configuration) by extension 'ignore_ament_install'
[0.257s] Level 1:colcon.colcon_core.package_identification:_identify(configuration) by extensions ['colcon_pkg']
[0.257s] Level 1:colcon.colcon_core.package_identification:_identify(configuration) by extension 'colcon_pkg'
[0.257s] Level 1:colcon.colcon_core.package_identification:_identify(configuration) by extensions ['colcon_meta']
[0.257s] Level 1:colcon.colcon_core.package_identification:_identify(configuration) by extension 'colcon_meta'
[0.257s] Level 1:colcon.colcon_core.package_identification:_identify(configuration) by extensions ['ros']
[0.257s] Level 1:colcon.colcon_core.package_identification:_identify(configuration) by extension 'ros'
[0.257s] Level 1:colcon.colcon_core.package_identification:_identify(configuration) by extensions ['cmake', 'python']
[0.257s] Level 1:colcon.colcon_core.package_identification:_identify(configuration) by extension 'cmake'
[0.257s] Level 1:colcon.colcon_core.package_identification:_identify(configuration) by extension 'python'
[0.257s] Level 1:colcon.colcon_core.package_identification:_identify(configuration) by extensions ['python_setup_py']
[0.257s] Level 1:colcon.colcon_core.package_identification:_identify(configuration) by extension 'python_setup_py'
[0.258s] Level 1:colcon.colcon_core.package_identification:_identify(images) by extensions ['ignore', 'ignore_ament_install']
[0.258s] Level 1:colcon.colcon_core.package_identification:_identify(images) by extension 'ignore'
[0.258s] Level 1:colcon.colcon_core.package_identification:_identify(images) by extension 'ignore_ament_install'
[0.258s] Level 1:colcon.colcon_core.package_identification:_identify(images) by extensions ['colcon_pkg']
[0.258s] Level 1:colcon.colcon_core.package_identification:_identify(images) by extension 'colcon_pkg'
[0.258s] Level 1:colcon.colcon_core.package_identification:_identify(images) by extensions ['colcon_meta']
[0.258s] Level 1:colcon.colcon_core.package_identification:_identify(images) by extension 'colcon_meta'
[0.258s] Level 1:colcon.colcon_core.package_identification:_identify(images) by extensions ['ros']
[0.258s] Level 1:colcon.colcon_core.package_identification:_identify(images) by extension 'ros'
[0.258s] Level 1:colcon.colcon_core.package_identification:_identify(images) by extensions ['cmake', 'python']
[0.258s] Level 1:colcon.colcon_core.package_identification:_identify(images) by extension 'cmake'
[0.258s] Level 1:colcon.colcon_core.package_identification:_identify(images) by extension 'python'
[0.258s] Level 1:colcon.colcon_core.package_identification:_identify(images) by extensions ['python_setup_py']
[0.258s] Level 1:colcon.colcon_core.package_identification:_identify(images) by extension 'python_setup_py'
[0.258s] Level 1:colcon.colcon_core.package_identification:_identify(install) by extensions ['ignore', 'ignore_ament_install']
[0.258s] Level 1:colcon.colcon_core.package_identification:_identify(install) by extension 'ignore'
[0.258s] Level 1:colcon.colcon_core.package_identification:_identify(install) ignored
[0.258s] Level 1:colcon.colcon_core.package_identification:_identify(lerobot_related) by extensions ['ignore', 'ignore_ament_install']
[0.258s] Level 1:colcon.colcon_core.package_identification:_identify(lerobot_related) by extension 'ignore'
[0.258s] Level 1:colcon.colcon_core.package_identification:_identify(lerobot_related) by extension 'ignore_ament_install'
[0.258s] Level 1:colcon.colcon_core.package_identification:_identify(lerobot_related) by extensions ['colcon_pkg']
[0.258s] Level 1:colcon.colcon_core.package_identification:_identify(lerobot_related) by extension 'colcon_pkg'
[0.258s] Level 1:colcon.colcon_core.package_identification:_identify(lerobot_related) by extensions ['colcon_meta']
[0.258s] Level 1:colcon.colcon_core.package_identification:_identify(lerobot_related) by extension 'colcon_meta'
[0.258s] Level 1:colcon.colcon_core.package_identification:_identify(lerobot_related) by extensions ['ros']
[0.259s] Level 1:colcon.colcon_core.package_identification:_identify(lerobot_related) by extension 'ros'
[0.259s] Level 1:colcon.colcon_core.package_identification:_identify(lerobot_related) by extensions ['cmake', 'python']
[0.259s] Level 1:colcon.colcon_core.package_identification:_identify(lerobot_related) by extension 'cmake'
[0.259s] Level 1:colcon.colcon_core.package_identification:_identify(lerobot_related) by extension 'python'
[0.259s] Level 1:colcon.colcon_core.package_identification:_identify(lerobot_related) by extensions ['python_setup_py']
[0.259s] Level 1:colcon.colcon_core.package_identification:_identify(lerobot_related) by extension 'python_setup_py'
[0.259s] Level 1:colcon.colcon_core.package_identification:_identify(log) by extensions ['ignore', 'ignore_ament_install']
[0.259s] Level 1:colcon.colcon_core.package_identification:_identify(log) by extension 'ignore'
[0.259s] Level 1:colcon.colcon_core.package_identification:_identify(log) ignored
[0.259s] Level 1:colcon.colcon_core.package_identification:_identify(simple_table) by extensions ['ignore', 'ignore_ament_install']
[0.259s] Level 1:colcon.colcon_core.package_identification:_identify(simple_table) by extension 'ignore'
[0.259s] Level 1:colcon.colcon_core.package_identification:_identify(simple_table) by extension 'ignore_ament_install'
[0.259s] Level 1:colcon.colcon_core.package_identification:_identify(simple_table) by extensions ['colcon_pkg']
[0.259s] Level 1:colcon.colcon_core.package_identification:_identify(simple_table) by extension 'colcon_pkg'
[0.259s] Level 1:colcon.colcon_core.package_identification:_identify(simple_table) by extensions ['colcon_meta']
[0.259s] Level 1:colcon.colcon_core.package_identification:_identify(simple_table) by extension 'colcon_meta'
[0.259s] Level 1:colcon.colcon_core.package_identification:_identify(simple_table) by extensions ['ros']
[0.259s] Level 1:colcon.colcon_core.package_identification:_identify(simple_table) by extension 'ros'
[0.259s] Level 1:colcon.colcon_core.package_identification:_identify(simple_table) by extensions ['cmake', 'python']
[0.259s] Level 1:colcon.colcon_core.package_identification:_identify(simple_table) by extension 'cmake'
[0.259s] Level 1:colcon.colcon_core.package_identification:_identify(simple_table) by extension 'python'
[0.259s] Level 1:colcon.colcon_core.package_identification:_identify(simple_table) by extensions ['python_setup_py']
[0.259s] Level 1:colcon.colcon_core.package_identification:_identify(simple_table) by extension 'python_setup_py'
[0.260s] Level 1:colcon.colcon_core.package_identification:_identify(simple_table/simple_table) by extensions ['ignore', 'ignore_ament_install']
[0.260s] Level 1:colcon.colcon_core.package_identification:_identify(simple_table/simple_table) by extension 'ignore'
[0.260s] Level 1:colcon.colcon_core.package_identification:_identify(simple_table/simple_table) by extension 'ignore_ament_install'
[0.260s] Level 1:colcon.colcon_core.package_identification:_identify(simple_table/simple_table) by extensions ['colcon_pkg']
[0.260s] Level 1:colcon.colcon_core.package_identification:_identify(simple_table/simple_table) by extension 'colcon_pkg'
[0.260s] Level 1:colcon.colcon_core.package_identification:_identify(simple_table/simple_table) by extensions ['colcon_meta']
[0.260s] Level 1:colcon.colcon_core.package_identification:_identify(simple_table/simple_table) by extension 'colcon_meta'
[0.260s] Level 1:colcon.colcon_core.package_identification:_identify(simple_table/simple_table) by extensions ['ros']
[0.260s] Level 1:colcon.colcon_core.package_identification:_identify(simple_table/simple_table) by extension 'ros'
[0.260s] Level 1:colcon.colcon_core.package_identification:_identify(simple_table/simple_table) by extensions ['cmake', 'python']
[0.260s] Level 1:colcon.colcon_core.package_identification:_identify(simple_table/simple_table) by extension 'cmake'
[0.260s] Level 1:colcon.colcon_core.package_identification:_identify(simple_table/simple_table) by extension 'python'
[0.260s] Level 1:colcon.colcon_core.package_identification:_identify(simple_table/simple_table) by extensions ['python_setup_py']
[0.260s] Level 1:colcon.colcon_core.package_identification:_identify(simple_table/simple_table) by extension 'python_setup_py'
[0.260s] Level 1:colcon.colcon_core.package_identification:_identify(simple_table/simple_table/configuration) by extensions ['ignore', 'ignore_ament_install']
[0.260s] Level 1:colcon.colcon_core.package_identification:_identify(simple_table/simple_table/configuration) by extension 'ignore'
[0.260s] Level 1:colcon.colcon_core.package_identification:_identify(simple_table/simple_table/configuration) by extension 'ignore_ament_install'
[0.260s] Level 1:colcon.colcon_core.package_identification:_identify(simple_table/simple_table/configuration) by extensions ['colcon_pkg']
[0.260s] Level 1:colcon.colcon_core.package_identification:_identify(simple_table/simple_table/configuration) by extension 'colcon_pkg'
[0.260s] Level 1:colcon.colcon_core.package_identification:_identify(simple_table/simple_table/configuration) by extensions ['colcon_meta']
[0.260s] Level 1:colcon.colcon_core.package_identification:_identify(simple_table/simple_table/configuration) by extension 'colcon_meta'
[0.260s] Level 1:colcon.colcon_core.package_identification:_identify(simple_table/simple_table/configuration) by extensions ['ros']
[0.260s] Level 1:colcon.colcon_core.package_identification:_identify(simple_table/simple_table/configuration) by extension 'ros'
[0.260s] Level 1:colcon.colcon_core.package_identification:_identify(simple_table/simple_table/configuration) by extensions ['cmake', 'python']
[0.260s] Level 1:colcon.colcon_core.package_identification:_identify(simple_table/simple_table/configuration) by extension 'cmake'
[0.261s] Level 1:colcon.colcon_core.package_identification:_identify(simple_table/simple_table/configuration) by extension 'python'
[0.261s] Level 1:colcon.colcon_core.package_identification:_identify(simple_table/simple_table/configuration) by extensions ['python_setup_py']
[0.261s] Level 1:colcon.colcon_core.package_identification:_identify(simple_table/simple_table/configuration) by extension 'python_setup_py'
[0.261s] Level 1:colcon.colcon_core.package_identification:_identify(simple_table/simple_table/configuration/materials) by extensions ['ignore', 'ignore_ament_install']
[0.261s] Level 1:colcon.colcon_core.package_identification:_identify(simple_table/simple_table/configuration/materials) by extension 'ignore'
[0.261s] Level 1:colcon.colcon_core.package_identification:_identify(simple_table/simple_table/configuration/materials) by extension 'ignore_ament_install'
[0.261s] Level 1:colcon.colcon_core.package_identification:_identify(simple_table/simple_table/configuration/materials) by extensions ['colcon_pkg']
[0.261s] Level 1:colcon.colcon_core.package_identification:_identify(simple_table/simple_table/configuration/materials) by extension 'colcon_pkg'
[0.261s] Level 1:colcon.colcon_core.package_identification:_identify(simple_table/simple_table/configuration/materials) by extensions ['colcon_meta']
[0.261s] Level 1:colcon.colcon_core.package_identification:_identify(simple_table/simple_table/configuration/materials) by extension 'colcon_meta'
[0.261s] Level 1:colcon.colcon_core.package_identification:_identify(simple_table/simple_table/configuration/materials) by extensions ['ros']
[0.261s] Level 1:colcon.colcon_core.package_identification:_identify(simple_table/simple_table/configuration/materials) by extension 'ros'
[0.261s] Level 1:colcon.colcon_core.package_identification:_identify(simple_table/simple_table/configuration/materials) by extensions ['cmake', 'python']
[0.261s] Level 1:colcon.colcon_core.package_identification:_identify(simple_table/simple_table/configuration/materials) by extension 'cmake'
[0.261s] Level 1:colcon.colcon_core.package_identification:_identify(simple_table/simple_table/configuration/materials) by extension 'python'
[0.261s] Level 1:colcon.colcon_core.package_identification:_identify(simple_table/simple_table/configuration/materials) by extensions ['python_setup_py']
[0.261s] Level 1:colcon.colcon_core.package_identification:_identify(simple_table/simple_table/configuration/materials) by extension 'python_setup_py'
[0.261s] Level 1:colcon.colcon_core.package_identification:_identify(simple_table/simple_table/configuration/materials/textures) by extensions ['ignore', 'ignore_ament_install']
[0.261s] Level 1:colcon.colcon_core.package_identification:_identify(simple_table/simple_table/configuration/materials/textures) by extension 'ignore'
[0.261s] Level 1:colcon.colcon_core.package_identification:_identify(simple_table/simple_table/configuration/materials/textures) by extension 'ignore_ament_install'
[0.261s] Level 1:colcon.colcon_core.package_identification:_identify(simple_table/simple_table/configuration/materials/textures) by extensions ['colcon_pkg']
[0.261s] Level 1:colcon.colcon_core.package_identification:_identify(simple_table/simple_table/configuration/materials/textures) by extension 'colcon_pkg'
[0.261s] Level 1:colcon.colcon_core.package_identification:_identify(simple_table/simple_table/configuration/materials/textures) by extensions ['colcon_meta']
[0.261s] Level 1:colcon.colcon_core.package_identification:_identify(simple_table/simple_table/configuration/materials/textures) by extension 'colcon_meta'
[0.262s] Level 1:colcon.colcon_core.package_identification:_identify(simple_table/simple_table/configuration/materials/textures) by extensions ['ros']
[0.262s] Level 1:colcon.colcon_core.package_identification:_identify(simple_table/simple_table/configuration/materials/textures) by extension 'ros'
[0.262s] Level 1:colcon.colcon_core.package_identification:_identify(simple_table/simple_table/configuration/materials/textures) by extensions ['cmake', 'python']
[0.262s] Level 1:colcon.colcon_core.package_identification:_identify(simple_table/simple_table/configuration/materials/textures) by extension 'cmake'
[0.262s] Level 1:colcon.colcon_core.package_identification:_identify(simple_table/simple_table/configuration/materials/textures) by extension 'python'
[0.262s] Level 1:colcon.colcon_core.package_identification:_identify(simple_table/simple_table/configuration/materials/textures) by extensions ['python_setup_py']
[0.262s] Level 1:colcon.colcon_core.package_identification:_identify(simple_table/simple_table/configuration/materials/textures) by extension 'python_setup_py'
[0.262s] Level 1:colcon.colcon_core.package_identification:_identify(src) by extensions ['ignore', 'ignore_ament_install']
[0.262s] Level 1:colcon.colcon_core.package_identification:_identify(src) by extension 'ignore'
[0.262s] Level 1:colcon.colcon_core.package_identification:_identify(src) by extension 'ignore_ament_install'
[0.262s] Level 1:colcon.colcon_core.package_identification:_identify(src) by extensions ['colcon_pkg']
[0.262s] Level 1:colcon.colcon_core.package_identification:_identify(src) by extension 'colcon_pkg'
[0.262s] Level 1:colcon.colcon_core.package_identification:_identify(src) by extensions ['colcon_meta']
[0.262s] Level 1:colcon.colcon_core.package_identification:_identify(src) by extension 'colcon_meta'
[0.262s] Level 1:colcon.colcon_core.package_identification:_identify(src) by extensions ['ros']
[0.262s] Level 1:colcon.colcon_core.package_identification:_identify(src) by extension 'ros'
[0.262s] Level 1:colcon.colcon_core.package_identification:_identify(src) by extensions ['cmake', 'python']
[0.262s] Level 1:colcon.colcon_core.package_identification:_identify(src) by extension 'cmake'
[0.262s] Level 1:colcon.colcon_core.package_identification:_identify(src) by extension 'python'
[0.262s] Level 1:colcon.colcon_core.package_identification:_identify(src) by extensions ['python_setup_py']
[0.262s] Level 1:colcon.colcon_core.package_identification:_identify(src) by extension 'python_setup_py'
[0.262s] Level 1:colcon.colcon_core.package_identification:_identify(src/data_collection) by extensions ['ignore', 'ignore_ament_install']
[0.262s] Level 1:colcon.colcon_core.package_identification:_identify(src/data_collection) by extension 'ignore'
[0.262s] Level 1:colcon.colcon_core.package_identification:_identify(src/data_collection) by extension 'ignore_ament_install'
[0.262s] Level 1:colcon.colcon_core.package_identification:_identify(src/data_collection) by extensions ['colcon_pkg']
[0.262s] Level 1:colcon.colcon_core.package_identification:_identify(src/data_collection) by extension 'colcon_pkg'
[0.262s] Level 1:colcon.colcon_core.package_identification:_identify(src/data_collection) by extensions ['colcon_meta']
[0.262s] Level 1:colcon.colcon_core.package_identification:_identify(src/data_collection) by extension 'colcon_meta'
[0.263s] Level 1:colcon.colcon_core.package_identification:_identify(src/data_collection) by extensions ['ros']
[0.263s] Level 1:colcon.colcon_core.package_identification:_identify(src/data_collection) by extension 'ros'
[0.264s] DEBUG:colcon.colcon_core.package_identification:Package 'src/data_collection' with type 'ros.ament_cmake' and name 'data_collection'
[0.264s] Level 1:colcon.colcon_core.package_identification:_identify(src/moveit_servo) by extensions ['ignore', 'ignore_ament_install']
[0.264s] Level 1:colcon.colcon_core.package_identification:_identify(src/moveit_servo) by extension 'ignore'
[0.264s] Level 1:colcon.colcon_core.package_identification:_identify(src/moveit_servo) by extension 'ignore_ament_install'
[0.264s] Level 1:colcon.colcon_core.package_identification:_identify(src/moveit_servo) by extensions ['colcon_pkg']
[0.264s] Level 1:colcon.colcon_core.package_identification:_identify(src/moveit_servo) by extension 'colcon_pkg'
[0.265s] Level 1:colcon.colcon_core.package_identification:_identify(src/moveit_servo) by extensions ['colcon_meta']
[0.265s] Level 1:colcon.colcon_core.package_identification:_identify(src/moveit_servo) by extension 'colcon_meta'
[0.265s] Level 1:colcon.colcon_core.package_identification:_identify(src/moveit_servo) by extensions ['ros']
[0.265s] Level 1:colcon.colcon_core.package_identification:_identify(src/moveit_servo) by extension 'ros'
[0.266s] DEBUG:colcon.colcon_core.package_identification:Package 'src/moveit_servo' with type 'ros.ament_cmake' and name 'moveit_servo'
[0.266s] Level 1:colcon.colcon_core.package_identification:_identify(src/ur5_description) by extensions ['ignore', 'ignore_ament_install']
[0.266s] Level 1:colcon.colcon_core.package_identification:_identify(src/ur5_description) by extension 'ignore'
[0.266s] Level 1:colcon.colcon_core.package_identification:_identify(src/ur5_description) by extension 'ignore_ament_install'
[0.266s] Level 1:colcon.colcon_core.package_identification:_identify(src/ur5_description) by extensions ['colcon_pkg']
[0.266s] Level 1:colcon.colcon_core.package_identification:_identify(src/ur5_description) by extension 'colcon_pkg'
[0.266s] Level 1:colcon.colcon_core.package_identification:_identify(src/ur5_description) by extensions ['colcon_meta']
[0.266s] Level 1:colcon.colcon_core.package_identification:_identify(src/ur5_description) by extension 'colcon_meta'
[0.266s] Level 1:colcon.colcon_core.package_identification:_identify(src/ur5_description) by extensions ['ros']
[0.266s] Level 1:colcon.colcon_core.package_identification:_identify(src/ur5_description) by extension 'ros'
[0.267s] DEBUG:colcon.colcon_core.package_identification:Package 'src/ur5_description' with type 'ros.ament_cmake' and name 'ur5_description'
[0.267s] Level 1:colcon.colcon_core.package_identification:_identify(src/ur5_moveit_config) by extensions ['ignore', 'ignore_ament_install']
[0.267s] Level 1:colcon.colcon_core.package_identification:_identify(src/ur5_moveit_config) by extension 'ignore'
[0.267s] Level 1:colcon.colcon_core.package_identification:_identify(src/ur5_moveit_config) by extension 'ignore_ament_install'
[0.267s] Level 1:colcon.colcon_core.package_identification:_identify(src/ur5_moveit_config) by extensions ['colcon_pkg']
[0.267s] Level 1:colcon.colcon_core.package_identification:_identify(src/ur5_moveit_config) by extension 'colcon_pkg'
[0.267s] Level 1:colcon.colcon_core.package_identification:_identify(src/ur5_moveit_config) by extensions ['colcon_meta']
[0.267s] Level 1:colcon.colcon_core.package_identification:_identify(src/ur5_moveit_config) by extension 'colcon_meta'
[0.267s] Level 1:colcon.colcon_core.package_identification:_identify(src/ur5_moveit_config) by extensions ['ros']
[0.267s] Level 1:colcon.colcon_core.package_identification:_identify(src/ur5_moveit_config) by extension 'ros'
[0.268s] DEBUG:colcon.colcon_core.package_identification:Package 'src/ur5_moveit_config' with type 'ros.ament_cmake' and name 'ur5_moveit_config'
[0.268s] Level 1:colcon.colcon_core.package_identification:_identify(tbar) by extensions ['ignore', 'ignore_ament_install']
[0.268s] Level 1:colcon.colcon_core.package_identification:_identify(tbar) by extension 'ignore'
[0.268s] Level 1:colcon.colcon_core.package_identification:_identify(tbar) by extension 'ignore_ament_install'
[0.268s] Level 1:colcon.colcon_core.package_identification:_identify(tbar) by extensions ['colcon_pkg']
[0.268s] Level 1:colcon.colcon_core.package_identification:_identify(tbar) by extension 'colcon_pkg'
[0.268s] Level 1:colcon.colcon_core.package_identification:_identify(tbar) by extensions ['colcon_meta']
[0.268s] Level 1:colcon.colcon_core.package_identification:_identify(tbar) by extension 'colcon_meta'
[0.268s] Level 1:colcon.colcon_core.package_identification:_identify(tbar) by extensions ['ros']
[0.268s] Level 1:colcon.colcon_core.package_identification:_identify(tbar) by extension 'ros'
[0.268s] Level 1:colcon.colcon_core.package_identification:_identify(tbar) by extensions ['cmake', 'python']
[0.268s] Level 1:colcon.colcon_core.package_identification:_identify(tbar) by extension 'cmake'
[0.268s] Level 1:colcon.colcon_core.package_identification:_identify(tbar) by extension 'python'
[0.268s] Level 1:colcon.colcon_core.package_identification:_identify(tbar) by extensions ['python_setup_py']
[0.268s] Level 1:colcon.colcon_core.package_identification:_identify(tbar) by extension 'python_setup_py'
[0.268s] Level 1:colcon.colcon_core.package_identification:_identify(tbar/tbar) by extensions ['ignore', 'ignore_ament_install']
[0.268s] Level 1:colcon.colcon_core.package_identification:_identify(tbar/tbar) by extension 'ignore'
[0.268s] Level 1:colcon.colcon_core.package_identification:_identify(tbar/tbar) by extension 'ignore_ament_install'
[0.268s] Level 1:colcon.colcon_core.package_identification:_identify(tbar/tbar) by extensions ['colcon_pkg']
[0.268s] Level 1:colcon.colcon_core.package_identification:_identify(tbar/tbar) by extension 'colcon_pkg'
[0.268s] Level 1:colcon.colcon_core.package_identification:_identify(tbar/tbar) by extensions ['colcon_meta']
[0.268s] Level 1:colcon.colcon_core.package_identification:_identify(tbar/tbar) by extension 'colcon_meta'
[0.269s] Level 1:colcon.colcon_core.package_identification:_identify(tbar/tbar) by extensions ['ros']
[0.269s] Level 1:colcon.colcon_core.package_identification:_identify(tbar/tbar) by extension 'ros'
[0.269s] Level 1:colcon.colcon_core.package_identification:_identify(tbar/tbar) by extensions ['cmake', 'python']
[0.269s] Level 1:colcon.colcon_core.package_identification:_identify(tbar/tbar) by extension 'cmake'
[0.269s] Level 1:colcon.colcon_core.package_identification:_identify(tbar/tbar) by extension 'python'
[0.269s] Level 1:colcon.colcon_core.package_identification:_identify(tbar/tbar) by extensions ['python_setup_py']
[0.269s] Level 1:colcon.colcon_core.package_identification:_identify(tbar/tbar) by extension 'python_setup_py'
[0.269s] Level 1:colcon.colcon_core.package_identification:_identify(tbar/tbar/configuration) by extensions ['ignore', 'ignore_ament_install']
[0.269s] Level 1:colcon.colcon_core.package_identification:_identify(tbar/tbar/configuration) by extension 'ignore'
[0.269s] Level 1:colcon.colcon_core.package_identification:_identify(tbar/tbar/configuration) by extension 'ignore_ament_install'
[0.269s] Level 1:colcon.colcon_core.package_identification:_identify(tbar/tbar/configuration) by extensions ['colcon_pkg']
[0.269s] Level 1:colcon.colcon_core.package_identification:_identify(tbar/tbar/configuration) by extension 'colcon_pkg'
[0.269s] Level 1:colcon.colcon_core.package_identification:_identify(tbar/tbar/configuration) by extensions ['colcon_meta']
[0.269s] Level 1:colcon.colcon_core.package_identification:_identify(tbar/tbar/configuration) by extension 'colcon_meta'
[0.269s] Level 1:colcon.colcon_core.package_identification:_identify(tbar/tbar/configuration) by extensions ['ros']
[0.269s] Level 1:colcon.colcon_core.package_identification:_identify(tbar/tbar/configuration) by extension 'ros'
[0.269s] Level 1:colcon.colcon_core.package_identification:_identify(tbar/tbar/configuration) by extensions ['cmake', 'python']
[0.269s] Level 1:colcon.colcon_core.package_identification:_identify(tbar/tbar/configuration) by extension 'cmake'
[0.269s] Level 1:colcon.colcon_core.package_identification:_identify(tbar/tbar/configuration) by extension 'python'
[0.269s] Level 1:colcon.colcon_core.package_identification:_identify(tbar/tbar/configuration) by extensions ['python_setup_py']
[0.269s] Level 1:colcon.colcon_core.package_identification:_identify(tbar/tbar/configuration) by extension 'python_setup_py'
[0.269s] Level 1:colcon.colcon_core.package_identification:_identify(training_data) by extensions ['ignore', 'ignore_ament_install']
[0.269s] Level 1:colcon.colcon_core.package_identification:_identify(training_data) by extension 'ignore'
[0.269s] Level 1:colcon.colcon_core.package_identification:_identify(training_data) by extension 'ignore_ament_install'
[0.270s] Level 1:colcon.colcon_core.package_identification:_identify(training_data) by extensions ['colcon_pkg']
[0.270s] Level 1:colcon.colcon_core.package_identification:_identify(training_data) by extension 'colcon_pkg'
[0.270s] Level 1:colcon.colcon_core.package_identification:_identify(training_data) by extensions ['colcon_meta']
[0.270s] Level 1:colcon.colcon_core.package_identification:_identify(training_data) by extension 'colcon_meta'
[0.270s] Level 1:colcon.colcon_core.package_identification:_identify(training_data) by extensions ['ros']
[0.270s] Level 1:colcon.colcon_core.package_identification:_identify(training_data) by extension 'ros'
[0.270s] Level 1:colcon.colcon_core.package_identification:_identify(training_data) by extensions ['cmake', 'python']
[0.270s] Level 1:colcon.colcon_core.package_identification:_identify(training_data) by extension 'cmake'
[0.270s] Level 1:colcon.colcon_core.package_identification:_identify(training_data) by extension 'python'
[0.270s] Level 1:colcon.colcon_core.package_identification:_identify(training_data) by extensions ['python_setup_py']
[0.270s] Level 1:colcon.colcon_core.package_identification:_identify(training_data) by extension 'python_setup_py'
[0.270s] Level 1:colcon.colcon_core.package_identification:_identify(training_data/lerobot) by extensions ['ignore', 'ignore_ament_install']
[0.270s] Level 1:colcon.colcon_core.package_identification:_identify(training_data/lerobot) by extension 'ignore'
[0.270s] Level 1:colcon.colcon_core.package_identification:_identify(training_data/lerobot) by extension 'ignore_ament_install'
[0.270s] Level 1:colcon.colcon_core.package_identification:_identify(training_data/lerobot) by extensions ['colcon_pkg']
[0.270s] Level 1:colcon.colcon_core.package_identification:_identify(training_data/lerobot) by extension 'colcon_pkg'
[0.270s] Level 1:colcon.colcon_core.package_identification:_identify(training_data/lerobot) by extensions ['colcon_meta']
[0.270s] Level 1:colcon.colcon_core.package_identification:_identify(training_data/lerobot) by extension 'colcon_meta'
[0.270s] Level 1:colcon.colcon_core.package_identification:_identify(training_data/lerobot) by extensions ['ros']
[0.270s] Level 1:colcon.colcon_core.package_identification:_identify(training_data/lerobot) by extension 'ros'
[0.270s] Level 1:colcon.colcon_core.package_identification:_identify(training_data/lerobot) by extensions ['cmake', 'python']
[0.270s] Level 1:colcon.colcon_core.package_identification:_identify(training_data/lerobot) by extension 'cmake'
[0.270s] Level 1:colcon.colcon_core.package_identification:_identify(training_data/lerobot) by extension 'python'
[0.270s] Level 1:colcon.colcon_core.package_identification:_identify(training_data/lerobot) by extensions ['python_setup_py']
[0.270s] Level 1:colcon.colcon_core.package_identification:_identify(training_data/lerobot) by extension 'python_setup_py'
[0.270s] Level 1:colcon.colcon_core.package_identification:_identify(training_data/lerobot/my_pusht) by extensions ['ignore', 'ignore_ament_install']
[0.270s] Level 1:colcon.colcon_core.package_identification:_identify(training_data/lerobot/my_pusht) by extension 'ignore'
[0.271s] Level 1:colcon.colcon_core.package_identification:_identify(training_data/lerobot/my_pusht) by extension 'ignore_ament_install'
[0.271s] Level 1:colcon.colcon_core.package_identification:_identify(training_data/lerobot/my_pusht) by extensions ['colcon_pkg']
[0.271s] Level 1:colcon.colcon_core.package_identification:_identify(training_data/lerobot/my_pusht) by extension 'colcon_pkg'
[0.271s] Level 1:colcon.colcon_core.package_identification:_identify(training_data/lerobot/my_pusht) by extensions ['colcon_meta']
[0.271s] Level 1:colcon.colcon_core.package_identification:_identify(training_data/lerobot/my_pusht) by extension 'colcon_meta'
[0.271s] Level 1:colcon.colcon_core.package_identification:_identify(training_data/lerobot/my_pusht) by extensions ['ros']
[0.271s] Level 1:colcon.colcon_core.package_identification:_identify(training_data/lerobot/my_pusht) by extension 'ros'
[0.271s] Level 1:colcon.colcon_core.package_identification:_identify(training_data/lerobot/my_pusht) by extensions ['cmake', 'python']
[0.271s] Level 1:colcon.colcon_core.package_identification:_identify(training_data/lerobot/my_pusht) by extension 'cmake'
[0.271s] Level 1:colcon.colcon_core.package_identification:_identify(training_data/lerobot/my_pusht) by extension 'python'
[0.271s] Level 1:colcon.colcon_core.package_identification:_identify(training_data/lerobot/my_pusht) by extensions ['python_setup_py']
[0.271s] Level 1:colcon.colcon_core.package_identification:_identify(training_data/lerobot/my_pusht) by extension 'python_setup_py'
[0.271s] Level 1:colcon.colcon_core.package_identification:_identify(training_data/lerobot/my_pusht/data) by extensions ['ignore', 'ignore_ament_install']
[0.271s] Level 1:colcon.colcon_core.package_identification:_identify(training_data/lerobot/my_pusht/data) by extension 'ignore'
[0.271s] Level 1:colcon.colcon_core.package_identification:_identify(training_data/lerobot/my_pusht/data) by extension 'ignore_ament_install'
[0.271s] Level 1:colcon.colcon_core.package_identification:_identify(training_data/lerobot/my_pusht/data) by extensions ['colcon_pkg']
[0.271s] Level 1:colcon.colcon_core.package_identification:_identify(training_data/lerobot/my_pusht/data) by extension 'colcon_pkg'
[0.271s] Level 1:colcon.colcon_core.package_identification:_identify(training_data/lerobot/my_pusht/data) by extensions ['colcon_meta']
[0.271s] Level 1:colcon.colcon_core.package_identification:_identify(training_data/lerobot/my_pusht/data) by extension 'colcon_meta'
[0.271s] Level 1:colcon.colcon_core.package_identification:_identify(training_data/lerobot/my_pusht/data) by extensions ['ros']
[0.271s] Level 1:colcon.colcon_core.package_identification:_identify(training_data/lerobot/my_pusht/data) by extension 'ros'
[0.271s] Level 1:colcon.colcon_core.package_identification:_identify(training_data/lerobot/my_pusht/data) by extensions ['cmake', 'python']
[0.271s] Level 1:colcon.colcon_core.package_identification:_identify(training_data/lerobot/my_pusht/data) by extension 'cmake'
[0.271s] Level 1:colcon.colcon_core.package_identification:_identify(training_data/lerobot/my_pusht/data) by extension 'python'
[0.271s] Level 1:colcon.colcon_core.package_identification:_identify(training_data/lerobot/my_pusht/data) by extensions ['python_setup_py']
[0.271s] Level 1:colcon.colcon_core.package_identification:_identify(training_data/lerobot/my_pusht/data) by extension 'python_setup_py'
[0.271s] Level 1:colcon.colcon_core.package_identification:_identify(training_data/lerobot/my_pusht/data/chunk-000) by extensions ['ignore', 'ignore_ament_install']
[0.272s] Level 1:colcon.colcon_core.package_identification:_identify(training_data/lerobot/my_pusht/data/chunk-000) by extension 'ignore'
[0.272s] Level 1:colcon.colcon_core.package_identification:_identify(training_data/lerobot/my_pusht/data/chunk-000) by extension 'ignore_ament_install'
[0.272s] Level 1:colcon.colcon_core.package_identification:_identify(training_data/lerobot/my_pusht/data/chunk-000) by extensions ['colcon_pkg']
[0.272s] Level 1:colcon.colcon_core.package_identification:_identify(training_data/lerobot/my_pusht/data/chunk-000) by extension 'colcon_pkg'
[0.272s] Level 1:colcon.colcon_core.package_identification:_identify(training_data/lerobot/my_pusht/data/chunk-000) by extensions ['colcon_meta']
[0.272s] Level 1:colcon.colcon_core.package_identification:_identify(training_data/lerobot/my_pusht/data/chunk-000) by extension 'colcon_meta'
[0.272s] Level 1:colcon.colcon_core.package_identification:_identify(training_data/lerobot/my_pusht/data/chunk-000) by extensions ['ros']
[0.272s] Level 1:colcon.colcon_core.package_identification:_identify(training_data/lerobot/my_pusht/data/chunk-000) by extension 'ros'
[0.272s] Level 1:colcon.colcon_core.package_identification:_identify(training_data/lerobot/my_pusht/data/chunk-000) by extensions ['cmake', 'python']
[0.272s] Level 1:colcon.colcon_core.package_identification:_identify(training_data/lerobot/my_pusht/data/chunk-000) by extension 'cmake'
[0.272s] Level 1:colcon.colcon_core.package_identification:_identify(training_data/lerobot/my_pusht/data/chunk-000) by extension 'python'
[0.272s] Level 1:colcon.colcon_core.package_identification:_identify(training_data/lerobot/my_pusht/data/chunk-000) by extensions ['python_setup_py']
[0.272s] Level 1:colcon.colcon_core.package_identification:_identify(training_data/lerobot/my_pusht/data/chunk-000) by extension 'python_setup_py'
[0.272s] Level 1:colcon.colcon_core.package_identification:_identify(training_data/lerobot/my_pusht/meta) by extensions ['ignore', 'ignore_ament_install']
[0.272s] Level 1:colcon.colcon_core.package_identification:_identify(training_data/lerobot/my_pusht/meta) by extension 'ignore'
[0.272s] Level 1:colcon.colcon_core.package_identification:_identify(training_data/lerobot/my_pusht/meta) by extension 'ignore_ament_install'
[0.272s] Level 1:colcon.colcon_core.package_identification:_identify(training_data/lerobot/my_pusht/meta) by extensions ['colcon_pkg']
[0.272s] Level 1:colcon.colcon_core.package_identification:_identify(training_data/lerobot/my_pusht/meta) by extension 'colcon_pkg'
[0.272s] Level 1:colcon.colcon_core.package_identification:_identify(training_data/lerobot/my_pusht/meta) by extensions ['colcon_meta']
[0.272s] Level 1:colcon.colcon_core.package_identification:_identify(training_data/lerobot/my_pusht/meta) by extension 'colcon_meta'
[0.272s] Level 1:colcon.colcon_core.package_identification:_identify(training_data/lerobot/my_pusht/meta) by extensions ['ros']
[0.272s] Level 1:colcon.colcon_core.package_identification:_identify(training_data/lerobot/my_pusht/meta) by extension 'ros'
[0.272s] Level 1:colcon.colcon_core.package_identification:_identify(training_data/lerobot/my_pusht/meta) by extensions ['cmake', 'python']
[0.272s] Level 1:colcon.colcon_core.package_identification:_identify(training_data/lerobot/my_pusht/meta) by extension 'cmake'
[0.272s] Level 1:colcon.colcon_core.package_identification:_identify(training_data/lerobot/my_pusht/meta) by extension 'python'
[0.272s] Level 1:colcon.colcon_core.package_identification:_identify(training_data/lerobot/my_pusht/meta) by extensions ['python_setup_py']
[0.272s] Level 1:colcon.colcon_core.package_identification:_identify(training_data/lerobot/my_pusht/meta) by extension 'python_setup_py'
[0.273s] Level 1:colcon.colcon_core.package_identification:_identify(training_data/lerobot/my_pusht/videos) by extensions ['ignore', 'ignore_ament_install']
[0.273s] Level 1:colcon.colcon_core.package_identification:_identify(training_data/lerobot/my_pusht/videos) by extension 'ignore'
[0.273s] Level 1:colcon.colcon_core.package_identification:_identify(training_data/lerobot/my_pusht/videos) by extension 'ignore_ament_install'
[0.273s] Level 1:colcon.colcon_core.package_identification:_identify(training_data/lerobot/my_pusht/videos) by extensions ['colcon_pkg']
[0.273s] Level 1:colcon.colcon_core.package_identification:_identify(training_data/lerobot/my_pusht/videos) by extension 'colcon_pkg'
[0.273s] Level 1:colcon.colcon_core.package_identification:_identify(training_data/lerobot/my_pusht/videos) by extensions ['colcon_meta']
[0.273s] Level 1:colcon.colcon_core.package_identification:_identify(training_data/lerobot/my_pusht/videos) by extension 'colcon_meta'
[0.273s] Level 1:colcon.colcon_core.package_identification:_identify(training_data/lerobot/my_pusht/videos) by extensions ['ros']
[0.273s] Level 1:colcon.colcon_core.package_identification:_identify(training_data/lerobot/my_pusht/videos) by extension 'ros'
[0.273s] Level 1:colcon.colcon_core.package_identification:_identify(training_data/lerobot/my_pusht/videos) by extensions ['cmake', 'python']
[0.273s] Level 1:colcon.colcon_core.package_identification:_identify(training_data/lerobot/my_pusht/videos) by extension 'cmake'
[0.273s] Level 1:colcon.colcon_core.package_identification:_identify(training_data/lerobot/my_pusht/videos) by extension 'python'
[0.273s] Level 1:colcon.colcon_core.package_identification:_identify(training_data/lerobot/my_pusht/videos) by extensions ['python_setup_py']
[0.273s] Level 1:colcon.colcon_core.package_identification:_identify(training_data/lerobot/my_pusht/videos) by extension 'python_setup_py'
[0.273s] Level 1:colcon.colcon_core.package_identification:_identify(training_data/lerobot/my_pusht/videos/chunk-000) by extensions ['ignore', 'ignore_ament_install']
[0.273s] Level 1:colcon.colcon_core.package_identification:_identify(training_data/lerobot/my_pusht/videos/chunk-000) by extension 'ignore'
[0.273s] Level 1:colcon.colcon_core.package_identification:_identify(training_data/lerobot/my_pusht/videos/chunk-000) by extension 'ignore_ament_install'
[0.273s] Level 1:colcon.colcon_core.package_identification:_identify(training_data/lerobot/my_pusht/videos/chunk-000) by extensions ['colcon_pkg']
[0.273s] Level 1:colcon.colcon_core.package_identification:_identify(training_data/lerobot/my_pusht/videos/chunk-000) by extension 'colcon_pkg'
[0.273s] Level 1:colcon.colcon_core.package_identification:_identify(training_data/lerobot/my_pusht/videos/chunk-000) by extensions ['colcon_meta']
[0.273s] Level 1:colcon.colcon_core.package_identification:_identify(training_data/lerobot/my_pusht/videos/chunk-000) by extension 'colcon_meta'
[0.273s] Level 1:colcon.colcon_core.package_identification:_identify(training_data/lerobot/my_pusht/videos/chunk-000) by extensions ['ros']
[0.273s] Level 1:colcon.colcon_core.package_identification:_identify(training_data/lerobot/my_pusht/videos/chunk-000) by extension 'ros'
[0.273s] Level 1:colcon.colcon_core.package_identification:_identify(training_data/lerobot/my_pusht/videos/chunk-000) by extensions ['cmake', 'python']
[0.273s] Level 1:colcon.colcon_core.package_identification:_identify(training_data/lerobot/my_pusht/videos/chunk-000) by extension 'cmake'
[0.273s] Level 1:colcon.colcon_core.package_identification:_identify(training_data/lerobot/my_pusht/videos/chunk-000) by extension 'python'
[0.274s] Level 1:colcon.colcon_core.package_identification:_identify(training_data/lerobot/my_pusht/videos/chunk-000) by extensions ['python_setup_py']
[0.274s] Level 1:colcon.colcon_core.package_identification:_identify(training_data/lerobot/my_pusht/videos/chunk-000) by extension 'python_setup_py'
[0.274s] Level 1:colcon.colcon_core.package_identification:_identify(training_data/lerobot/my_pusht/videos/chunk-000/observation.image) by extensions ['ignore', 'ignore_ament_install']
[0.274s] Level 1:colcon.colcon_core.package_identification:_identify(training_data/lerobot/my_pusht/videos/chunk-000/observation.image) by extension 'ignore'
[0.274s] Level 1:colcon.colcon_core.package_identification:_identify(training_data/lerobot/my_pusht/videos/chunk-000/observation.image) by extension 'ignore_ament_install'
[0.274s] Level 1:colcon.colcon_core.package_identification:_identify(training_data/lerobot/my_pusht/videos/chunk-000/observation.image) by extensions ['colcon_pkg']
[0.274s] Level 1:colcon.colcon_core.package_identification:_identify(training_data/lerobot/my_pusht/videos/chunk-000/observation.image) by extension 'colcon_pkg'
[0.274s] Level 1:colcon.colcon_core.package_identification:_identify(training_data/lerobot/my_pusht/videos/chunk-000/observation.image) by extensions ['colcon_meta']
[0.274s] Level 1:colcon.colcon_core.package_identification:_identify(training_data/lerobot/my_pusht/videos/chunk-000/observation.image) by extension 'colcon_meta'
[0.274s] Level 1:colcon.colcon_core.package_identification:_identify(training_data/lerobot/my_pusht/videos/chunk-000/observation.image) by extensions ['ros']
[0.274s] Level 1:colcon.colcon_core.package_identification:_identify(training_data/lerobot/my_pusht/videos/chunk-000/observation.image) by extension 'ros'
[0.274s] Level 1:colcon.colcon_core.package_identification:_identify(training_data/lerobot/my_pusht/videos/chunk-000/observation.image) by extensions ['cmake', 'python']
[0.274s] Level 1:colcon.colcon_core.package_identification:_identify(training_data/lerobot/my_pusht/videos/chunk-000/observation.image) by extension 'cmake'
[0.274s] Level 1:colcon.colcon_core.package_identification:_identify(training_data/lerobot/my_pusht/videos/chunk-000/observation.image) by extension 'python'
[0.274s] Level 1:colcon.colcon_core.package_identification:_identify(training_data/lerobot/my_pusht/videos/chunk-000/observation.image) by extensions ['python_setup_py']
[0.274s] Level 1:colcon.colcon_core.package_identification:_identify(training_data/lerobot/my_pusht/videos/chunk-000/observation.image) by extension 'python_setup_py'
[0.274s] Level 1:colcon.colcon_core.package_discovery:discover_packages(recursive) using defaults
[0.274s] Level 1:colcon.colcon_core.package_discovery:discover_packages(ignore) discover
[0.274s] Level 1:colcon.colcon_core.package_discovery:discover_packages(ignore) using defaults
[0.274s] Level 1:colcon.colcon_core.package_discovery:discover_packages(path) discover
[0.274s] Level 1:colcon.colcon_core.package_discovery:discover_packages(path) using defaults
[0.289s] Level 1:colcon.colcon_core.package_discovery:discover_packages(prefix_path) check parameters
[0.289s] Level 1:colcon.colcon_core.package_discovery:discover_packages(prefix_path) discover
[0.290s] DEBUG:colcon.colcon_installed_package_information.package_discovery:Found 4 installed packages in /home/rajpurkar/Rahul/ur5_simulation/install
[0.291s] DEBUG:colcon.colcon_installed_package_information.package_discovery:Found 468 installed packages in /opt/ros/humble
[0.293s] Level 1:colcon.colcon_core.package_discovery:discover_packages(prefix_path) using defaults
[0.332s] Level 5:colcon.colcon_core.verb:set package 'data_collection' build argument 'cmake_args' from command line to 'None'
[0.332s] Level 5:colcon.colcon_core.verb:set package 'data_collection' build argument 'cmake_target' from command line to 'None'
[0.332s] Level 5:colcon.colcon_core.verb:set package 'data_collection' build argument 'cmake_target_skip_unavailable' from command line to 'False'
[0.332s] Level 5:colcon.colcon_core.verb:set package 'data_collection' build argument 'cmake_clean_cache' from command line to 'False'
[0.332s] Level 5:colcon.colcon_core.verb:set package 'data_collection' build argument 'cmake_clean_first' from command line to 'False'
[0.332s] Level 5:colcon.colcon_core.verb:set package 'data_collection' build argument 'cmake_force_configure' from command line to 'False'
[0.332s] Level 5:colcon.colcon_core.verb:set package 'data_collection' build argument 'ament_cmake_args' from command line to 'None'
[0.332s] Level 5:colcon.colcon_core.verb:set package 'data_collection' build argument 'catkin_cmake_args' from command line to 'None'
[0.332s] Level 5:colcon.colcon_core.verb:set package 'data_collection' build argument 'catkin_skip_building_tests' from command line to 'False'
[0.332s] DEBUG:colcon.colcon_core.verb:Building package 'data_collection' with the following arguments: {'ament_cmake_args': None, 'build_base': '/home/rajpurkar/Rahul/ur5_simulation/build/data_collection', 'catkin_cmake_args': None, 'catkin_skip_building_tests': False, 'cmake_args': None, 'cmake_clean_cache': False, 'cmake_clean_first': False, 'cmake_force_configure': False, 'cmake_target': None, 'cmake_target_skip_unavailable': False, 'install_base': '/home/rajpurkar/Rahul/ur5_simulation/install/data_collection', 'merge_install': False, 'path': '/home/rajpurkar/Rahul/ur5_simulation/src/data_collection', 'symlink_install': False, 'test_result_base': None}
[0.333s] Level 5:colcon.colcon_core.verb:set package 'moveit_servo' build argument 'cmake_args' from command line to 'None'
[0.333s] Level 5:colcon.colcon_core.verb:set package 'moveit_servo' build argument 'cmake_target' from command line to 'None'
[0.333s] Level 5:colcon.colcon_core.verb:set package 'moveit_servo' build argument 'cmake_target_skip_unavailable' from command line to 'False'
[0.333s] Level 5:colcon.colcon_core.verb:set package 'moveit_servo' build argument 'cmake_clean_cache' from command line to 'False'
[0.333s] Level 5:colcon.colcon_core.verb:set package 'moveit_servo' build argument 'cmake_clean_first' from command line to 'False'
[0.333s] Level 5:colcon.colcon_core.verb:set package 'moveit_servo' build argument 'cmake_force_configure' from command line to 'False'
[0.333s] Level 5:colcon.colcon_core.verb:set package 'moveit_servo' build argument 'ament_cmake_args' from command line to 'None'
[0.333s] Level 5:colcon.colcon_core.verb:set package 'moveit_servo' build argument 'catkin_cmake_args' from command line to 'None'
[0.333s] Level 5:colcon.colcon_core.verb:set package 'moveit_servo' build argument 'catkin_skip_building_tests' from command line to 'False'
[0.333s] DEBUG:colcon.colcon_core.verb:Building package 'moveit_servo' with the following arguments: {'ament_cmake_args': None, 'build_base': '/home/rajpurkar/Rahul/ur5_simulation/build/moveit_servo', 'catkin_cmake_args': None, 'catkin_skip_building_tests': False, 'cmake_args': None, 'cmake_clean_cache': False, 'cmake_clean_first': False, 'cmake_force_configure': False, 'cmake_target': None, 'cmake_target_skip_unavailable': False, 'install_base': '/home/rajpurkar/Rahul/ur5_simulation/install/moveit_servo', 'merge_install': False, 'path': '/home/rajpurkar/Rahul/ur5_simulation/src/moveit_servo', 'symlink_install': False, 'test_result_base': None}
[0.333s] Level 5:colcon.colcon_core.verb:set package 'ur5_description' build argument 'cmake_args' from command line to 'None'
[0.333s] Level 5:colcon.colcon_core.verb:set package 'ur5_description' build argument 'cmake_target' from command line to 'None'
[0.333s] Level 5:colcon.colcon_core.verb:set package 'ur5_description' build argument 'cmake_target_skip_unavailable' from command line to 'False'
[0.333s] Level 5:colcon.colcon_core.verb:set package 'ur5_description' build argument 'cmake_clean_cache' from command line to 'False'
[0.333s] Level 5:colcon.colcon_core.verb:set package 'ur5_description' build argument 'cmake_clean_first' from command line to 'False'
[0.333s] Level 5:colcon.colcon_core.verb:set package 'ur5_description' build argument 'cmake_force_configure' from command line to 'False'
[0.333s] Level 5:colcon.colcon_core.verb:set package 'ur5_description' build argument 'ament_cmake_args' from command line to 'None'
[0.333s] Level 5:colcon.colcon_core.verb:set package 'ur5_description' build argument 'catkin_cmake_args' from command line to 'None'
[0.333s] Level 5:colcon.colcon_core.verb:set package 'ur5_description' build argument 'catkin_skip_building_tests' from command line to 'False'
[0.333s] DEBUG:colcon.colcon_core.verb:Building package 'ur5_description' with the following arguments: {'ament_cmake_args': None, 'build_base': '/home/rajpurkar/Rahul/ur5_simulation/build/ur5_description', 'catkin_cmake_args': None, 'catkin_skip_building_tests': False, 'cmake_args': None, 'cmake_clean_cache': False, 'cmake_clean_first': False, 'cmake_force_configure': False, 'cmake_target': None, 'cmake_target_skip_unavailable': False, 'install_base': '/home/rajpurkar/Rahul/ur5_simulation/install/ur5_description', 'merge_install': False, 'path': '/home/rajpurkar/Rahul/ur5_simulation/src/ur5_description', 'symlink_install': False, 'test_result_base': None}
[0.334s] Level 5:colcon.colcon_core.verb:set package 'ur5_moveit_config' build argument 'cmake_args' from command line to 'None'
[0.334s] Level 5:colcon.colcon_core.verb:set package 'ur5_moveit_config' build argument 'cmake_target' from command line to 'None'
[0.334s] Level 5:colcon.colcon_core.verb:set package 'ur5_moveit_config' build argument 'cmake_target_skip_unavailable' from command line to 'False'
[0.334s] Level 5:colcon.colcon_core.verb:set package 'ur5_moveit_config' build argument 'cmake_clean_cache' from command line to 'False'
[0.334s] Level 5:colcon.colcon_core.verb:set package 'ur5_moveit_config' build argument 'cmake_clean_first' from command line to 'False'
[0.334s] Level 5:colcon.colcon_core.verb:set package 'ur5_moveit_config' build argument 'cmake_force_configure' from command line to 'False'
[0.334s] Level 5:colcon.colcon_core.verb:set package 'ur5_moveit_config' build argument 'ament_cmake_args' from command line to 'None'
[0.334s] Level 5:colcon.colcon_core.verb:set package 'ur5_moveit_config' build argument 'catkin_cmake_args' from command line to 'None'
[0.334s] Level 5:colcon.colcon_core.verb:set package 'ur5_moveit_config' build argument 'catkin_skip_building_tests' from command line to 'False'
[0.334s] DEBUG:colcon.colcon_core.verb:Building package 'ur5_moveit_config' with the following arguments: {'ament_cmake_args': None, 'build_base': '/home/rajpurkar/Rahul/ur5_simulation/build/ur5_moveit_config', 'catkin_cmake_args': None, 'catkin_skip_building_tests': False, 'cmake_args': None, 'cmake_clean_cache': False, 'cmake_clean_first': False, 'cmake_force_configure': False, 'cmake_target': None, 'cmake_target_skip_unavailable': False, 'install_base': '/home/rajpurkar/Rahul/ur5_simulation/install/ur5_moveit_config', 'merge_install': False, 'path': '/home/rajpurkar/Rahul/ur5_simulation/src/ur5_moveit_config', 'symlink_install': False, 'test_result_base': None}
[0.334s] INFO:colcon.colcon_core.executor:Executing jobs using 'parallel' executor
[0.335s] DEBUG:colcon.colcon_parallel_executor.executor.parallel:run_until_complete
[0.335s] INFO:colcon.colcon_ros.task.ament_cmake.build:Building ROS package in '/home/rajpurkar/Rahul/ur5_simulation/src/ur5_description' with build type 'ament_cmake'
[0.335s] INFO:colcon.colcon_cmake.task.cmake.build:Building CMake package in '/home/rajpurkar/Rahul/ur5_simulation/src/ur5_description'
[0.336s] INFO:colcon.colcon_core.plugin_system:Skipping extension 'colcon_core.shell.bat': Not used on non-Windows systems
[0.337s] INFO:colcon.colcon_core.shell:Skip shell extension 'powershell' for command environment: Not usable outside of PowerShell
[0.337s] DEBUG:colcon.colcon_core.shell:Skip shell extension 'dsv' for command environment
[0.339s] INFO:colcon.colcon_ros.task.ament_cmake.build:Building ROS package in '/home/rajpurkar/Rahul/ur5_simulation/src/data_collection' with build type 'ament_cmake'
[0.339s] INFO:colcon.colcon_cmake.task.cmake.build:Building CMake package in '/home/rajpurkar/Rahul/ur5_simulation/src/data_collection'
[0.340s] INFO:colcon.colcon_core.shell:Skip shell extension 'powershell' for command environment: Not usable outside of PowerShell
[0.340s] DEBUG:colcon.colcon_core.shell:Skip shell extension 'dsv' for command environment
[0.342s] INFO:colcon.colcon_ros.task.ament_cmake.build:Building ROS package in '/home/rajpurkar/Rahul/ur5_simulation/src/moveit_servo' with build type 'ament_cmake'
[0.342s] INFO:colcon.colcon_cmake.task.cmake.build:Building CMake package in '/home/rajpurkar/Rahul/ur5_simulation/src/moveit_servo'
[0.343s] INFO:colcon.colcon_core.shell:Skip shell extension 'powershell' for command environment: Not usable outside of PowerShell
[0.343s] DEBUG:colcon.colcon_core.shell:Skip shell extension 'dsv' for command environment
[0.349s] DEBUG:colcon.colcon_core.event_handler.log_command:Invoking command in '/home/rajpurkar/Rahul/ur5_simulation/build/ur5_description': CMAKE_PREFIX_PATH=${CMAKE_PREFIX_PATH}:/opt/ros/humble /usr/bin/cmake --build /home/rajpurkar/Rahul/ur5_simulation/build/ur5_description -- -j16 -l16
[0.351s] DEBUG:colcon.colcon_core.event_handler.log_command:Invoking command in '/home/rajpurkar/Rahul/ur5_simulation/build/data_collection': CMAKE_PREFIX_PATH=${CMAKE_PREFIX_PATH}:/opt/ros/humble /usr/bin/cmake --build /home/rajpurkar/Rahul/ur5_simulation/build/data_collection -- -j16 -l16
[0.353s] DEBUG:colcon.colcon_core.event_handler.log_command:Invoking command in '/home/rajpurkar/Rahul/ur5_simulation/build/moveit_servo': CMAKE_PREFIX_PATH=${CMAKE_PREFIX_PATH}:/opt/ros/humble /usr/bin/cmake --build /home/rajpurkar/Rahul/ur5_simulation/build/moveit_servo -- -j16 -l16
[0.373s] DEBUG:colcon.colcon_core.event_handler.log_command:Invoked command in '/home/rajpurkar/Rahul/ur5_simulation/build/ur5_description' returned '0': CMAKE_PREFIX_PATH=${CMAKE_PREFIX_PATH}:/opt/ros/humble /usr/bin/cmake --build /home/rajpurkar/Rahul/ur5_simulation/build/ur5_description -- -j16 -l16
[0.380s] DEBUG:colcon.colcon_core.event_handler.log_command:Invoking command in '/home/rajpurkar/Rahul/ur5_simulation/build/ur5_description': CMAKE_PREFIX_PATH=${CMAKE_PREFIX_PATH}:/opt/ros/humble /usr/bin/cmake --install /home/rajpurkar/Rahul/ur5_simulation/build/ur5_description
[0.381s] DEBUG:colcon.colcon_core.event_handler.log_command:Invoked command in '/home/rajpurkar/Rahul/ur5_simulation/build/data_collection' returned '0': CMAKE_PREFIX_PATH=${CMAKE_PREFIX_PATH}:/opt/ros/humble /usr/bin/cmake --build /home/rajpurkar/Rahul/ur5_simulation/build/data_collection -- -j16 -l16
[0.382s] DEBUG:colcon.colcon_core.event_handler.log_command:Invoking command in '/home/rajpurkar/Rahul/ur5_simulation/build/data_collection': CMAKE_PREFIX_PATH=${CMAKE_PREFIX_PATH}:/opt/ros/humble /usr/bin/cmake --install /home/rajpurkar/Rahul/ur5_simulation/build/data_collection
[0.388s] Level 1:colcon.colcon_core.environment:create_environment_scripts_only(ur5_description)
[0.393s] DEBUG:colcon.colcon_core.event_handler.log_command:Invoked command in '/home/rajpurkar/Rahul/ur5_simulation/build/ur5_description' returned '0': CMAKE_PREFIX_PATH=${CMAKE_PREFIX_PATH}:/opt/ros/humble /usr/bin/cmake --install /home/rajpurkar/Rahul/ur5_simulation/build/ur5_description
[0.394s] Level 1:colcon.colcon_core.environment:checking '/home/rajpurkar/Rahul/ur5_simulation/install/ur5_description' for CMake module files
[0.395s] Level 1:colcon.colcon_core.environment:checking '/home/rajpurkar/Rahul/ur5_simulation/install/ur5_description' for CMake config files
[0.395s] Level 1:colcon.colcon_core.shell:create_environment_hook('ur5_description', 'cmake_prefix_path')
[0.395s] INFO:colcon.colcon_core.shell:Creating environment hook '/home/rajpurkar/Rahul/ur5_simulation/install/ur5_description/share/ur5_description/hook/cmake_prefix_path.ps1'
[0.395s] INFO:colcon.colcon_core.shell:Creating environment descriptor '/home/rajpurkar/Rahul/ur5_simulation/install/ur5_description/share/ur5_description/hook/cmake_prefix_path.dsv'
[0.396s] INFO:colcon.colcon_core.shell:Creating environment hook '/home/rajpurkar/Rahul/ur5_simulation/install/ur5_description/share/ur5_description/hook/cmake_prefix_path.sh'
[0.397s] Level 1:colcon.colcon_core.environment:checking '/home/rajpurkar/Rahul/ur5_simulation/install/ur5_description/bin'
[0.397s] Level 1:colcon.colcon_core.environment:checking '/home/rajpurkar/Rahul/ur5_simulation/install/ur5_description/lib/pkgconfig/ur5_description.pc'
[0.397s] Level 1:colcon.colcon_core.environment:checking '/home/rajpurkar/Rahul/ur5_simulation/install/ur5_description/lib/python3.10/site-packages'
[0.397s] Level 1:colcon.colcon_core.environment:checking '/home/rajpurkar/Rahul/ur5_simulation/install/ur5_description/bin'
[0.397s] INFO:colcon.colcon_core.shell:Creating package script '/home/rajpurkar/Rahul/ur5_simulation/install/ur5_description/share/ur5_description/package.ps1'
[0.398s] INFO:colcon.colcon_core.shell:Creating package descriptor '/home/rajpurkar/Rahul/ur5_simulation/install/ur5_description/share/ur5_description/package.dsv'
[0.398s] INFO:colcon.colcon_core.shell:Creating package script '/home/rajpurkar/Rahul/ur5_simulation/install/ur5_description/share/ur5_description/package.sh'
[0.399s] INFO:colcon.colcon_core.shell:Creating package script '/home/rajpurkar/Rahul/ur5_simulation/install/ur5_description/share/ur5_description/package.bash'
[0.399s] INFO:colcon.colcon_core.shell:Creating package script '/home/rajpurkar/Rahul/ur5_simulation/install/ur5_description/share/ur5_description/package.zsh'
[0.400s] Level 1:colcon.colcon_core.environment:create_file_with_runtime_dependencies(/home/rajpurkar/Rahul/ur5_simulation/install/ur5_description/share/colcon-core/packages/ur5_description)
[0.400s] Level 1:colcon.colcon_core.environment:create_environment_scripts_only(ur5_description)
[0.400s] Level 1:colcon.colcon_core.environment:checking '/home/rajpurkar/Rahul/ur5_simulation/install/ur5_description' for CMake module files
[0.401s] Level 1:colcon.colcon_core.environment:checking '/home/rajpurkar/Rahul/ur5_simulation/install/ur5_description' for CMake config files
[0.401s] Level 1:colcon.colcon_core.shell:create_environment_hook('ur5_description', 'cmake_prefix_path')
[0.401s] INFO:colcon.colcon_core.shell:Creating environment hook '/home/rajpurkar/Rahul/ur5_simulation/install/ur5_description/share/ur5_description/hook/cmake_prefix_path.ps1'
[0.402s] INFO:colcon.colcon_core.shell:Creating environment descriptor '/home/rajpurkar/Rahul/ur5_simulation/install/ur5_description/share/ur5_description/hook/cmake_prefix_path.dsv'
[0.402s] INFO:colcon.colcon_core.shell:Creating environment hook '/home/rajpurkar/Rahul/ur5_simulation/install/ur5_description/share/ur5_description/hook/cmake_prefix_path.sh'
[0.402s] Level 1:colcon.colcon_core.environment:checking '/home/rajpurkar/Rahul/ur5_simulation/install/ur5_description/bin'
[0.402s] Level 1:colcon.colcon_core.environment:checking '/home/rajpurkar/Rahul/ur5_simulation/install/ur5_description/lib/pkgconfig/ur5_description.pc'
[0.402s] Level 1:colcon.colcon_core.environment:checking '/home/rajpurkar/Rahul/ur5_simulation/install/ur5_description/lib/python3.10/site-packages'
[0.403s] Level 1:colcon.colcon_core.environment:checking '/home/rajpurkar/Rahul/ur5_simulation/install/ur5_description/bin'
[0.403s] INFO:colcon.colcon_core.shell:Creating package script '/home/rajpurkar/Rahul/ur5_simulation/install/ur5_description/share/ur5_description/package.ps1'
[0.403s] INFO:colcon.colcon_core.shell:Creating package descriptor '/home/rajpurkar/Rahul/ur5_simulation/install/ur5_description/share/ur5_description/package.dsv'
[0.404s] INFO:colcon.colcon_core.shell:Creating package script '/home/rajpurkar/Rahul/ur5_simulation/install/ur5_description/share/ur5_description/package.sh'
[0.404s] INFO:colcon.colcon_core.shell:Creating package script '/home/rajpurkar/Rahul/ur5_simulation/install/ur5_description/share/ur5_description/package.bash'
[0.404s] INFO:colcon.colcon_core.shell:Creating package script '/home/rajpurkar/Rahul/ur5_simulation/install/ur5_description/share/ur5_description/package.zsh'
[0.405s] Level 1:colcon.colcon_core.environment:create_file_with_runtime_dependencies(/home/rajpurkar/Rahul/ur5_simulation/install/ur5_description/share/colcon-core/packages/ur5_description)
[0.405s] INFO:colcon.colcon_ros.task.ament_cmake.build:Building ROS package in '/home/rajpurkar/Rahul/ur5_simulation/src/ur5_moveit_config' with build type 'ament_cmake'
[0.405s] INFO:colcon.colcon_cmake.task.cmake.build:Building CMake package in '/home/rajpurkar/Rahul/ur5_simulation/src/ur5_moveit_config'
[0.405s] INFO:colcon.colcon_core.shell:Skip shell extension 'powershell' for command environment: Not usable outside of PowerShell
[0.405s] DEBUG:colcon.colcon_core.shell:Skip shell extension 'dsv' for command environment
[0.409s] Level 1:colcon.colcon_core.environment:create_environment_scripts_only(data_collection)
[0.409s] Level 1:colcon.colcon_core.environment:checking '/home/rajpurkar/Rahul/ur5_simulation/install/data_collection' for CMake module files
[0.410s] DEBUG:colcon.colcon_core.event_handler.log_command:Invoked command in '/home/rajpurkar/Rahul/ur5_simulation/build/data_collection' returned '0': CMAKE_PREFIX_PATH=${CMAKE_PREFIX_PATH}:/opt/ros/humble /usr/bin/cmake --install /home/rajpurkar/Rahul/ur5_simulation/build/data_collection
[0.410s] Level 1:colcon.colcon_core.environment:checking '/home/rajpurkar/Rahul/ur5_simulation/install/data_collection' for CMake config files
[0.410s] Level 1:colcon.colcon_core.shell:create_environment_hook('data_collection', 'cmake_prefix_path')
[0.410s] INFO:colcon.colcon_core.shell:Creating environment hook '/home/rajpurkar/Rahul/ur5_simulation/install/data_collection/share/data_collection/hook/cmake_prefix_path.ps1'
[0.411s] INFO:colcon.colcon_core.shell:Creating environment descriptor '/home/rajpurkar/Rahul/ur5_simulation/install/data_collection/share/data_collection/hook/cmake_prefix_path.dsv'
[0.411s] INFO:colcon.colcon_core.shell:Creating environment hook '/home/rajpurkar/Rahul/ur5_simulation/install/data_collection/share/data_collection/hook/cmake_prefix_path.sh'
[0.411s] Level 1:colcon.colcon_core.environment:checking '/home/rajpurkar/Rahul/ur5_simulation/install/data_collection/lib'
[0.412s] Level 1:colcon.colcon_core.environment:checking '/home/rajpurkar/Rahul/ur5_simulation/install/data_collection/bin'
[0.412s] Level 1:colcon.colcon_core.environment:checking '/home/rajpurkar/Rahul/ur5_simulation/install/data_collection/lib/pkgconfig/data_collection.pc'
[0.412s] Level 1:colcon.colcon_core.environment:checking '/home/rajpurkar/Rahul/ur5_simulation/install/data_collection/lib/python3.10/site-packages'
[0.412s] Level 1:colcon.colcon_core.environment:checking '/home/rajpurkar/Rahul/ur5_simulation/install/data_collection/bin'
[0.413s] INFO:colcon.colcon_core.shell:Creating package script '/home/rajpurkar/Rahul/ur5_simulation/install/data_collection/share/data_collection/package.ps1'
[0.413s] INFO:colcon.colcon_core.shell:Creating package descriptor '/home/rajpurkar/Rahul/ur5_simulation/install/data_collection/share/data_collection/package.dsv'
[0.413s] INFO:colcon.colcon_core.shell:Creating package script '/home/rajpurkar/Rahul/ur5_simulation/install/data_collection/share/data_collection/package.sh'
[0.414s] INFO:colcon.colcon_core.shell:Creating package script '/home/rajpurkar/Rahul/ur5_simulation/install/data_collection/share/data_collection/package.bash'
[0.414s] INFO:colcon.colcon_core.shell:Creating package script '/home/rajpurkar/Rahul/ur5_simulation/install/data_collection/share/data_collection/package.zsh'
[0.414s] Level 1:colcon.colcon_core.environment:create_file_with_runtime_dependencies(/home/rajpurkar/Rahul/ur5_simulation/install/data_collection/share/colcon-core/packages/data_collection)
[0.414s] Level 1:colcon.colcon_core.environment:create_environment_scripts_only(data_collection)
[0.415s] Level 1:colcon.colcon_core.environment:checking '/home/rajpurkar/Rahul/ur5_simulation/install/data_collection' for CMake module files
[0.415s] Level 1:colcon.colcon_core.environment:checking '/home/rajpurkar/Rahul/ur5_simulation/install/data_collection' for CMake config files
[0.415s] Level 1:colcon.colcon_core.shell:create_environment_hook('data_collection', 'cmake_prefix_path')
[0.415s] INFO:colcon.colcon_core.shell:Creating environment hook '/home/rajpurkar/Rahul/ur5_simulation/install/data_collection/share/data_collection/hook/cmake_prefix_path.ps1'
[0.416s] INFO:colcon.colcon_core.shell:Creating environment descriptor '/home/rajpurkar/Rahul/ur5_simulation/install/data_collection/share/data_collection/hook/cmake_prefix_path.dsv'
[0.416s] INFO:colcon.colcon_core.shell:Creating environment hook '/home/rajpurkar/Rahul/ur5_simulation/install/data_collection/share/data_collection/hook/cmake_prefix_path.sh'
[0.416s] Level 1:colcon.colcon_core.environment:checking '/home/rajpurkar/Rahul/ur5_simulation/install/data_collection/lib'
[0.416s] Level 1:colcon.colcon_core.environment:checking '/home/rajpurkar/Rahul/ur5_simulation/install/data_collection/bin'
[0.416s] Level 1:colcon.colcon_core.environment:checking '/home/rajpurkar/Rahul/ur5_simulation/install/data_collection/lib/pkgconfig/data_collection.pc'
[0.417s] Level 1:colcon.colcon_core.environment:checking '/home/rajpurkar/Rahul/ur5_simulation/install/data_collection/lib/python3.10/site-packages'
[0.417s] Level 1:colcon.colcon_core.environment:checking '/home/rajpurkar/Rahul/ur5_simulation/install/data_collection/bin'
[0.417s] INFO:colcon.colcon_core.shell:Creating package script '/home/rajpurkar/Rahul/ur5_simulation/install/data_collection/share/data_collection/package.ps1'
[0.418s] INFO:colcon.colcon_core.shell:Creating package descriptor '/home/rajpurkar/Rahul/ur5_simulation/install/data_collection/share/data_collection/package.dsv'
[0.418s] INFO:colcon.colcon_core.shell:Creating package script '/home/rajpurkar/Rahul/ur5_simulation/install/data_collection/share/data_collection/package.sh'
[0.418s] INFO:colcon.colcon_core.shell:Creating package script '/home/rajpurkar/Rahul/ur5_simulation/install/data_collection/share/data_collection/package.bash'
[0.419s] INFO:colcon.colcon_core.shell:Creating package script '/home/rajpurkar/Rahul/ur5_simulation/install/data_collection/share/data_collection/package.zsh'
[0.419s] Level 1:colcon.colcon_core.environment:create_file_with_runtime_dependencies(/home/rajpurkar/Rahul/ur5_simulation/install/data_collection/share/colcon-core/packages/data_collection)
[0.422s] DEBUG:colcon.colcon_core.event_handler.log_command:Invoking command in '/home/rajpurkar/Rahul/ur5_simulation/build/ur5_moveit_config': CMAKE_PREFIX_PATH=/home/rajpurkar/Rahul/ur5_simulation/install/ur5_description:/home/rajpurkar/Rahul/ur5_simulation/install/ur5_moveit_config:/home/rajpurkar/Rahul/ur5_simulation/install/moveit_servo:/home/rajpurkar/Rahul/ur5_simulation/install/data_collection:/opt/ros/humble /usr/bin/cmake --build /home/rajpurkar/Rahul/ur5_simulation/build/ur5_moveit_config -- -j16 -l16
[0.446s] DEBUG:colcon.colcon_core.event_handler.log_command:Invoked command in '/home/rajpurkar/Rahul/ur5_simulation/build/ur5_moveit_config' returned '0': CMAKE_PREFIX_PATH=/home/rajpurkar/Rahul/ur5_simulation/install/ur5_description:/home/rajpurkar/Rahul/ur5_simulation/install/ur5_moveit_config:/home/rajpurkar/Rahul/ur5_simulation/install/moveit_servo:/home/rajpurkar/Rahul/ur5_simulation/install/data_collection:/opt/ros/humble /usr/bin/cmake --build /home/rajpurkar/Rahul/ur5_simulation/build/ur5_moveit_config -- -j16 -l16
[0.447s] DEBUG:colcon.colcon_core.event_handler.log_command:Invoking command in '/home/rajpurkar/Rahul/ur5_simulation/build/ur5_moveit_config': CMAKE_PREFIX_PATH=/home/rajpurkar/Rahul/ur5_simulation/install/ur5_description:/home/rajpurkar/Rahul/ur5_simulation/install/ur5_moveit_config:/home/rajpurkar/Rahul/ur5_simulation/install/moveit_servo:/home/rajpurkar/Rahul/ur5_simulation/install/data_collection:/opt/ros/humble /usr/bin/cmake --install /home/rajpurkar/Rahul/ur5_simulation/build/ur5_moveit_config
[0.455s] Level 1:colcon.colcon_core.environment:create_environment_scripts_only(ur5_moveit_config)
[0.455s] Level 1:colcon.colcon_core.environment:checking '/home/rajpurkar/Rahul/ur5_simulation/install/ur5_moveit_config' for CMake module files
[0.455s] DEBUG:colcon.colcon_core.event_handler.log_command:Invoked command in '/home/rajpurkar/Rahul/ur5_simulation/build/ur5_moveit_config' returned '0': CMAKE_PREFIX_PATH=/home/rajpurkar/Rahul/ur5_simulation/install/ur5_description:/home/rajpurkar/Rahul/ur5_simulation/install/ur5_moveit_config:/home/rajpurkar/Rahul/ur5_simulation/install/moveit_servo:/home/rajpurkar/Rahul/ur5_simulation/install/data_collection:/opt/ros/humble /usr/bin/cmake --install /home/rajpurkar/Rahul/ur5_simulation/build/ur5_moveit_config
[0.456s] Level 1:colcon.colcon_core.environment:checking '/home/rajpurkar/Rahul/ur5_simulation/install/ur5_moveit_config' for CMake config files
[0.456s] Level 1:colcon.colcon_core.shell:create_environment_hook('ur5_moveit_config', 'cmake_prefix_path')
[0.457s] INFO:colcon.colcon_core.shell:Creating environment hook '/home/rajpurkar/Rahul/ur5_simulation/install/ur5_moveit_config/share/ur5_moveit_config/hook/cmake_prefix_path.ps1'
[0.457s] INFO:colcon.colcon_core.shell:Creating environment descriptor '/home/rajpurkar/Rahul/ur5_simulation/install/ur5_moveit_config/share/ur5_moveit_config/hook/cmake_prefix_path.dsv'
[0.458s] INFO:colcon.colcon_core.shell:Creating environment hook '/home/rajpurkar/Rahul/ur5_simulation/install/ur5_moveit_config/share/ur5_moveit_config/hook/cmake_prefix_path.sh'
[0.459s] Level 1:colcon.colcon_core.environment:checking '/home/rajpurkar/Rahul/ur5_simulation/install/ur5_moveit_config/bin'
[0.459s] Level 1:colcon.colcon_core.environment:checking '/home/rajpurkar/Rahul/ur5_simulation/install/ur5_moveit_config/lib/pkgconfig/ur5_moveit_config.pc'
[0.459s] Level 1:colcon.colcon_core.environment:checking '/home/rajpurkar/Rahul/ur5_simulation/install/ur5_moveit_config/lib/python3.10/site-packages'
[0.459s] Level 1:colcon.colcon_core.environment:checking '/home/rajpurkar/Rahul/ur5_simulation/install/ur5_moveit_config/bin'
[0.460s] INFO:colcon.colcon_core.shell:Creating package script '/home/rajpurkar/Rahul/ur5_simulation/install/ur5_moveit_config/share/ur5_moveit_config/package.ps1'
[0.460s] INFO:colcon.colcon_core.shell:Creating package descriptor '/home/rajpurkar/Rahul/ur5_simulation/install/ur5_moveit_config/share/ur5_moveit_config/package.dsv'
[0.460s] INFO:colcon.colcon_core.shell:Creating package script '/home/rajpurkar/Rahul/ur5_simulation/install/ur5_moveit_config/share/ur5_moveit_config/package.sh'
[0.461s] INFO:colcon.colcon_core.shell:Creating package script '/home/rajpurkar/Rahul/ur5_simulation/install/ur5_moveit_config/share/ur5_moveit_config/package.bash'
[0.461s] INFO:colcon.colcon_core.shell:Creating package script '/home/rajpurkar/Rahul/ur5_simulation/install/ur5_moveit_config/share/ur5_moveit_config/package.zsh'
[0.462s] Level 1:colcon.colcon_core.environment:create_file_with_runtime_dependencies(/home/rajpurkar/Rahul/ur5_simulation/install/ur5_moveit_config/share/colcon-core/packages/ur5_moveit_config)
[0.462s] Level 1:colcon.colcon_core.environment:create_environment_scripts_only(ur5_moveit_config)
[0.463s] Level 1:colcon.colcon_core.environment:checking '/home/rajpurkar/Rahul/ur5_simulation/install/ur5_moveit_config' for CMake module files
[0.463s] Level 1:colcon.colcon_core.environment:checking '/home/rajpurkar/Rahul/ur5_simulation/install/ur5_moveit_config' for CMake config files
[0.463s] Level 1:colcon.colcon_core.shell:create_environment_hook('ur5_moveit_config', 'cmake_prefix_path')
[0.464s] INFO:colcon.colcon_core.shell:Creating environment hook '/home/rajpurkar/Rahul/ur5_simulation/install/ur5_moveit_config/share/ur5_moveit_config/hook/cmake_prefix_path.ps1'
[0.464s] INFO:colcon.colcon_core.shell:Creating environment descriptor '/home/rajpurkar/Rahul/ur5_simulation/install/ur5_moveit_config/share/ur5_moveit_config/hook/cmake_prefix_path.dsv'
[0.465s] INFO:colcon.colcon_core.shell:Creating environment hook '/home/rajpurkar/Rahul/ur5_simulation/install/ur5_moveit_config/share/ur5_moveit_config/hook/cmake_prefix_path.sh'
[0.465s] Level 1:colcon.colcon_core.environment:checking '/home/rajpurkar/Rahul/ur5_simulation/install/ur5_moveit_config/bin'
[0.465s] Level 1:colcon.colcon_core.environment:checking '/home/rajpurkar/Rahul/ur5_simulation/install/ur5_moveit_config/lib/pkgconfig/ur5_moveit_config.pc'
[0.465s] Level 1:colcon.colcon_core.environment:checking '/home/rajpurkar/Rahul/ur5_simulation/install/ur5_moveit_config/lib/python3.10/site-packages'
[0.466s] Level 1:colcon.colcon_core.environment:checking '/home/rajpurkar/Rahul/ur5_simulation/install/ur5_moveit_config/bin'
[0.466s] INFO:colcon.colcon_core.shell:Creating package script '/home/rajpurkar/Rahul/ur5_simulation/install/ur5_moveit_config/share/ur5_moveit_config/package.ps1'
[0.467s] INFO:colcon.colcon_core.shell:Creating package descriptor '/home/rajpurkar/Rahul/ur5_simulation/install/ur5_moveit_config/share/ur5_moveit_config/package.dsv'
[0.467s] INFO:colcon.colcon_core.shell:Creating package script '/home/rajpurkar/Rahul/ur5_simulation/install/ur5_moveit_config/share/ur5_moveit_config/package.sh'
[0.468s] INFO:colcon.colcon_core.shell:Creating package script '/home/rajpurkar/Rahul/ur5_simulation/install/ur5_moveit_config/share/ur5_moveit_config/package.bash'
[0.468s] INFO:colcon.colcon_core.shell:Creating package script '/home/rajpurkar/Rahul/ur5_simulation/install/ur5_moveit_config/share/ur5_moveit_config/package.zsh'
[0.468s] Level 1:colcon.colcon_core.environment:create_file_with_runtime_dependencies(/home/rajpurkar/Rahul/ur5_simulation/install/ur5_moveit_config/share/colcon-core/packages/ur5_moveit_config)
[0.491s] DEBUG:colcon.colcon_core.event_handler.log_command:Invoked command in '/home/rajpurkar/Rahul/ur5_simulation/build/moveit_servo' returned '0': CMAKE_PREFIX_PATH=${CMAKE_PREFIX_PATH}:/opt/ros/humble /usr/bin/cmake --build /home/rajpurkar/Rahul/ur5_simulation/build/moveit_servo -- -j16 -l16
[0.492s] DEBUG:colcon.colcon_core.event_handler.log_command:Invoking command in '/home/rajpurkar/Rahul/ur5_simulation/build/moveit_servo': CMAKE_PREFIX_PATH=${CMAKE_PREFIX_PATH}:/opt/ros/humble /usr/bin/cmake --install /home/rajpurkar/Rahul/ur5_simulation/build/moveit_servo
[0.501s] Level 1:colcon.colcon_core.environment:create_environment_scripts_only(moveit_servo)
[0.501s] Level 1:colcon.colcon_core.environment:checking '/home/rajpurkar/Rahul/ur5_simulation/install/moveit_servo' for CMake module files
[0.502s] DEBUG:colcon.colcon_core.event_handler.log_command:Invoked command in '/home/rajpurkar/Rahul/ur5_simulation/build/moveit_servo' returned '0': CMAKE_PREFIX_PATH=${CMAKE_PREFIX_PATH}:/opt/ros/humble /usr/bin/cmake --install /home/rajpurkar/Rahul/ur5_simulation/build/moveit_servo
[0.502s] Level 1:colcon.colcon_core.environment:checking '/home/rajpurkar/Rahul/ur5_simulation/install/moveit_servo' for CMake config files
[0.503s] Level 1:colcon.colcon_core.shell:create_environment_hook('moveit_servo', 'cmake_prefix_path')
[0.503s] INFO:colcon.colcon_core.shell:Creating environment hook '/home/rajpurkar/Rahul/ur5_simulation/install/moveit_servo/share/moveit_servo/hook/cmake_prefix_path.ps1'
[0.503s] INFO:colcon.colcon_core.shell:Creating environment descriptor '/home/rajpurkar/Rahul/ur5_simulation/install/moveit_servo/share/moveit_servo/hook/cmake_prefix_path.dsv'
[0.504s] INFO:colcon.colcon_core.shell:Creating environment hook '/home/rajpurkar/Rahul/ur5_simulation/install/moveit_servo/share/moveit_servo/hook/cmake_prefix_path.sh'
[0.504s] Level 1:colcon.colcon_core.environment:checking '/home/rajpurkar/Rahul/ur5_simulation/install/moveit_servo/lib'
[0.504s] Level 1:colcon.colcon_core.shell:create_environment_hook('moveit_servo', 'ld_library_path_lib')
[0.505s] INFO:colcon.colcon_core.shell:Creating environment hook '/home/rajpurkar/Rahul/ur5_simulation/install/moveit_servo/share/moveit_servo/hook/ld_library_path_lib.ps1'
[0.505s] INFO:colcon.colcon_core.shell:Creating environment descriptor '/home/rajpurkar/Rahul/ur5_simulation/install/moveit_servo/share/moveit_servo/hook/ld_library_path_lib.dsv'
[0.505s] INFO:colcon.colcon_core.shell:Creating environment hook '/home/rajpurkar/Rahul/ur5_simulation/install/moveit_servo/share/moveit_servo/hook/ld_library_path_lib.sh'
[0.506s] Level 1:colcon.colcon_core.environment:checking '/home/rajpurkar/Rahul/ur5_simulation/install/moveit_servo/bin'
[0.506s] Level 1:colcon.colcon_core.environment:checking '/home/rajpurkar/Rahul/ur5_simulation/install/moveit_servo/lib/pkgconfig/moveit_servo.pc'
[0.506s] Level 1:colcon.colcon_core.environment:checking '/home/rajpurkar/Rahul/ur5_simulation/install/moveit_servo/lib/python3.10/site-packages'
[0.507s] Level 1:colcon.colcon_core.environment:checking '/home/rajpurkar/Rahul/ur5_simulation/install/moveit_servo/bin'
[0.507s] INFO:colcon.colcon_core.shell:Creating package script '/home/rajpurkar/Rahul/ur5_simulation/install/moveit_servo/share/moveit_servo/package.ps1'
[0.507s] INFO:colcon.colcon_core.shell:Creating package descriptor '/home/rajpurkar/Rahul/ur5_simulation/install/moveit_servo/share/moveit_servo/package.dsv'
[0.508s] INFO:colcon.colcon_core.shell:Creating package script '/home/rajpurkar/Rahul/ur5_simulation/install/moveit_servo/share/moveit_servo/package.sh'
[0.508s] INFO:colcon.colcon_core.shell:Creating package script '/home/rajpurkar/Rahul/ur5_simulation/install/moveit_servo/share/moveit_servo/package.bash'
[0.509s] INFO:colcon.colcon_core.shell:Creating package script '/home/rajpurkar/Rahul/ur5_simulation/install/moveit_servo/share/moveit_servo/package.zsh'
[0.509s] Level 1:colcon.colcon_core.environment:create_file_with_runtime_dependencies(/home/rajpurkar/Rahul/ur5_simulation/install/moveit_servo/share/colcon-core/packages/moveit_servo)
[0.510s] Level 1:colcon.colcon_core.environment:create_environment_scripts_only(moveit_servo)
[0.510s] Level 1:colcon.colcon_core.environment:checking '/home/rajpurkar/Rahul/ur5_simulation/install/moveit_servo' for CMake module files
[0.511s] Level 1:colcon.colcon_core.environment:checking '/home/rajpurkar/Rahul/ur5_simulation/install/moveit_servo' for CMake config files
[0.511s] Level 1:colcon.colcon_core.shell:create_environment_hook('moveit_servo', 'cmake_prefix_path')
[0.511s] INFO:colcon.colcon_core.shell:Creating environment hook '/home/rajpurkar/Rahul/ur5_simulation/install/moveit_servo/share/moveit_servo/hook/cmake_prefix_path.ps1'
[0.511s] INFO:colcon.colcon_core.shell:Creating environment descriptor '/home/rajpurkar/Rahul/ur5_simulation/install/moveit_servo/share/moveit_servo/hook/cmake_prefix_path.dsv'
[0.512s] INFO:colcon.colcon_core.shell:Creating environment hook '/home/rajpurkar/Rahul/ur5_simulation/install/moveit_servo/share/moveit_servo/hook/cmake_prefix_path.sh'
[0.512s] Level 1:colcon.colcon_core.environment:checking '/home/rajpurkar/Rahul/ur5_simulation/install/moveit_servo/lib'
[0.512s] Level 1:colcon.colcon_core.shell:create_environment_hook('moveit_servo', 'ld_library_path_lib')
[0.513s] INFO:colcon.colcon_core.shell:Creating environment hook '/home/rajpurkar/Rahul/ur5_simulation/install/moveit_servo/share/moveit_servo/hook/ld_library_path_lib.ps1'
[0.513s] INFO:colcon.colcon_core.shell:Creating environment descriptor '/home/rajpurkar/Rahul/ur5_simulation/install/moveit_servo/share/moveit_servo/hook/ld_library_path_lib.dsv'
[0.513s] INFO:colcon.colcon_core.shell:Creating environment hook '/home/rajpurkar/Rahul/ur5_simulation/install/moveit_servo/share/moveit_servo/hook/ld_library_path_lib.sh'
[0.514s] Level 1:colcon.colcon_core.environment:checking '/home/rajpurkar/Rahul/ur5_simulation/install/moveit_servo/bin'
[0.514s] Level 1:colcon.colcon_core.environment:checking '/home/rajpurkar/Rahul/ur5_simulation/install/moveit_servo/lib/pkgconfig/moveit_servo.pc'
[0.514s] Level 1:colcon.colcon_core.environment:checking '/home/rajpurkar/Rahul/ur5_simulation/install/moveit_servo/lib/python3.10/site-packages'
[0.514s] Level 1:colcon.colcon_core.environment:checking '/home/rajpurkar/Rahul/ur5_simulation/install/moveit_servo/bin'
[0.515s] INFO:colcon.colcon_core.shell:Creating package script '/home/rajpurkar/Rahul/ur5_simulation/install/moveit_servo/share/moveit_servo/package.ps1'
[0.515s] INFO:colcon.colcon_core.shell:Creating package descriptor '/home/rajpurkar/Rahul/ur5_simulation/install/moveit_servo/share/moveit_servo/package.dsv'
[0.516s] INFO:colcon.colcon_core.shell:Creating package script '/home/rajpurkar/Rahul/ur5_simulation/install/moveit_servo/share/moveit_servo/package.sh'
[0.516s] INFO:colcon.colcon_core.shell:Creating package script '/home/rajpurkar/Rahul/ur5_simulation/install/moveit_servo/share/moveit_servo/package.bash'
[0.517s] INFO:colcon.colcon_core.shell:Creating package script '/home/rajpurkar/Rahul/ur5_simulation/install/moveit_servo/share/moveit_servo/package.zsh'
[0.517s] Level 1:colcon.colcon_core.environment:create_file_with_runtime_dependencies(/home/rajpurkar/Rahul/ur5_simulation/install/moveit_servo/share/colcon-core/packages/moveit_servo)
[0.517s] DEBUG:colcon.colcon_parallel_executor.executor.parallel:closing loop
[0.518s] DEBUG:colcon.colcon_parallel_executor.executor.parallel:loop closed
[0.518s] DEBUG:colcon.colcon_parallel_executor.executor.parallel:run_until_complete finished with '0'
[0.518s] DEBUG:colcon.colcon_core.event_reactor:joining thread
[0.521s] INFO:colcon.colcon_core.plugin_system:Skipping extension 'colcon_notification.desktop_notification.terminal_notifier': Not used on non-Darwin systems
[0.521s] INFO:colcon.colcon_core.plugin_system:Skipping extension 'colcon_notification.desktop_notification.win32': Not used on non-Windows systems
[0.522s] INFO:colcon.colcon_notification.desktop_notification:Sending desktop notification using 'notify2'
[0.544s] DEBUG:colcon.colcon_core.event_reactor:joined thread
[0.544s] INFO:colcon.colcon_core.shell:Creating prefix script '/home/rajpurkar/Rahul/ur5_simulation/install/local_setup.ps1'
[0.545s] INFO:colcon.colcon_core.shell:Creating prefix util module '/home/rajpurkar/Rahul/ur5_simulation/install/_local_setup_util_ps1.py'
[0.546s] INFO:colcon.colcon_core.shell:Creating prefix chain script '/home/rajpurkar/Rahul/ur5_simulation/install/setup.ps1'
[0.547s] INFO:colcon.colcon_core.shell:Creating prefix script '/home/rajpurkar/Rahul/ur5_simulation/install/local_setup.sh'
[0.547s] INFO:colcon.colcon_core.shell:Creating prefix util module '/home/rajpurkar/Rahul/ur5_simulation/install/_local_setup_util_sh.py'
[0.548s] INFO:colcon.colcon_core.shell:Creating prefix chain script '/home/rajpurkar/Rahul/ur5_simulation/install/setup.sh'
[0.548s] INFO:colcon.colcon_core.shell:Creating prefix script '/home/rajpurkar/Rahul/ur5_simulation/install/local_setup.bash'
[0.549s] INFO:colcon.colcon_core.shell:Creating prefix chain script '/home/rajpurkar/Rahul/ur5_simulation/install/setup.bash'
[0.550s] INFO:colcon.colcon_core.shell:Creating prefix script '/home/rajpurkar/Rahul/ur5_simulation/install/local_setup.zsh'
[0.550s] INFO:colcon.colcon_core.shell:Creating prefix chain script '/home/rajpurkar/Rahul/ur5_simulation/install/setup.zsh'
