[0.016s] Invoking command in '/home/rajpurkar/Rahul/ur5_simulation/build/ur5_moveit_config': AMENT_PREFIX_PATH=/home/rajpurkar/Rahul/ur5_simulation/install/ur5_description:${AMENT_PREFIX_PATH} CMAKE_PREFIX_PATH=/home/rajpurkar/Rahul/ur5_simulation/install/ur5_description:/opt/ros/humble /usr/bin/cmake --build /home/rajpurkar/Rahul/ur5_simulation/build/ur5_moveit_config -- -j16 -l16
[0.043s] Invoked command in '/home/rajpurkar/Rahul/ur5_simulation/build/ur5_moveit_config' returned '0': AMENT_PREFIX_PATH=/home/rajpurkar/Rahul/ur5_simulation/install/ur5_description:${AMENT_PREFIX_PATH} CMAKE_PREFIX_PATH=/home/rajpurkar/Rahul/ur5_simulation/install/ur5_description:/opt/ros/humble /usr/bin/cmake --build /home/rajpurkar/Rahul/ur5_simulation/build/ur5_moveit_config -- -j16 -l16
[0.044s] Invoking command in '/home/rajpurkar/Rahul/ur5_simulation/build/ur5_moveit_config': AMENT_PREFIX_PATH=/home/rajpurkar/Rahul/ur5_simulation/install/ur5_description:${AMENT_PREFIX_PATH} CMAKE_PREFIX_PATH=/home/rajpurkar/Rahul/ur5_simulation/install/ur5_description:/opt/ros/humble /usr/bin/cmake --install /home/rajpurkar/Rahul/ur5_simulation/build/ur5_moveit_config
[0.049s] -- Install configuration: ""
[0.050s] -- Up-to-date: /home/rajpurkar/Rahul/ur5_simulation/install/ur5_moveit_config/share/ament_index/resource_index/package_run_dependencies/ur5_moveit_config
[0.050s] -- Up-to-date: /home/rajpurkar/Rahul/ur5_simulation/install/ur5_moveit_config/share/ament_index/resource_index/parent_prefix_path/ur5_moveit_config
[0.050s] -- Up-to-date: /home/rajpurkar/Rahul/ur5_simulation/install/ur5_moveit_config/share/ur5_moveit_config/environment/ament_prefix_path.sh
[0.050s] -- Up-to-date: /home/rajpurkar/Rahul/ur5_simulation/install/ur5_moveit_config/share/ur5_moveit_config/environment/ament_prefix_path.dsv
[0.050s] -- Up-to-date: /home/rajpurkar/Rahul/ur5_simulation/install/ur5_moveit_config/share/ur5_moveit_config/environment/path.sh
[0.050s] -- Up-to-date: /home/rajpurkar/Rahul/ur5_simulation/install/ur5_moveit_config/share/ur5_moveit_config/environment/path.dsv
[0.050s] -- Up-to-date: /home/rajpurkar/Rahul/ur5_simulation/install/ur5_moveit_config/share/ur5_moveit_config/local_setup.bash
[0.050s] -- Up-to-date: /home/rajpurkar/Rahul/ur5_simulation/install/ur5_moveit_config/share/ur5_moveit_config/local_setup.sh
[0.050s] -- Up-to-date: /home/rajpurkar/Rahul/ur5_simulation/install/ur5_moveit_config/share/ur5_moveit_config/local_setup.zsh
[0.051s] -- Up-to-date: /home/rajpurkar/Rahul/ur5_simulation/install/ur5_moveit_config/share/ur5_moveit_config/local_setup.dsv
[0.051s] -- Installing: /home/rajpurkar/Rahul/ur5_simulation/install/ur5_moveit_config/share/ur5_moveit_config/package.dsv
[0.051s] -- Up-to-date: /home/rajpurkar/Rahul/ur5_simulation/install/ur5_moveit_config/share/ament_index/resource_index/packages/ur5_moveit_config
[0.051s] -- Up-to-date: /home/rajpurkar/Rahul/ur5_simulation/install/ur5_moveit_config/share/ur5_moveit_config/cmake/ur5_moveit_configConfig.cmake
[0.051s] -- Up-to-date: /home/rajpurkar/Rahul/ur5_simulation/install/ur5_moveit_config/share/ur5_moveit_config/cmake/ur5_moveit_configConfig-version.cmake
[0.051s] -- Up-to-date: /home/rajpurkar/Rahul/ur5_simulation/install/ur5_moveit_config/share/ur5_moveit_config/package.xml
[0.051s] -- Up-to-date: /home/rajpurkar/Rahul/ur5_simulation/install/ur5_moveit_config/share/ur5_moveit_config/launch
[0.051s] -- Up-to-date: /home/rajpurkar/Rahul/ur5_simulation/install/ur5_moveit_config/share/ur5_moveit_config/launch/arm_joy_control.launch.py
[0.051s] -- Up-to-date: /home/rajpurkar/Rahul/ur5_simulation/install/ur5_moveit_config/share/ur5_moveit_config/launch/rsp.launch.py
[0.051s] -- Up-to-date: /home/rajpurkar/Rahul/ur5_simulation/install/ur5_moveit_config/share/ur5_moveit_config/launch/moveit_rviz.launch.py
[0.051s] -- Up-to-date: /home/rajpurkar/Rahul/ur5_simulation/install/ur5_moveit_config/share/ur5_moveit_config/launch/static_virtual_joint_tfs.launch.py
[0.051s] -- Up-to-date: /home/rajpurkar/Rahul/ur5_simulation/install/ur5_moveit_config/share/ur5_moveit_config/launch/arm_diffusion_control.launch.py
[0.052s] -- Up-to-date: /home/rajpurkar/Rahul/ur5_simulation/install/ur5_moveit_config/share/ur5_moveit_config/launch/spawn_controllers.launch.py
[0.052s] -- Up-to-date: /home/rajpurkar/Rahul/ur5_simulation/install/ur5_moveit_config/share/ur5_moveit_config/launch/warehouse_db.launch.py
[0.052s] -- Up-to-date: /home/rajpurkar/Rahul/ur5_simulation/install/ur5_moveit_config/share/ur5_moveit_config/launch/demo.launch.py
[0.052s] -- Up-to-date: /home/rajpurkar/Rahul/ur5_simulation/install/ur5_moveit_config/share/ur5_moveit_config/launch/setup_assistant.launch.py
[0.052s] -- Up-to-date: /home/rajpurkar/Rahul/ur5_simulation/install/ur5_moveit_config/share/ur5_moveit_config/launch/move_group.launch.py
[0.052s] -- Up-to-date: /home/rajpurkar/Rahul/ur5_simulation/install/ur5_moveit_config/share/ur5_moveit_config/config
[0.052s] -- Up-to-date: /home/rajpurkar/Rahul/ur5_simulation/install/ur5_moveit_config/share/ur5_moveit_config/config/initial_positions.yaml
[0.052s] -- Up-to-date: /home/rajpurkar/Rahul/ur5_simulation/install/ur5_moveit_config/share/ur5_moveit_config/config/ur5_simulated_config.yaml
[0.052s] -- Up-to-date: /home/rajpurkar/Rahul/ur5_simulation/install/ur5_moveit_config/share/ur5_moveit_config/config/arm_joy_control_rviz_config.rviz
[0.052s] -- Up-to-date: /home/rajpurkar/Rahul/ur5_simulation/install/ur5_moveit_config/share/ur5_moveit_config/config/ros2_controllers.yaml
[0.052s] -- Up-to-date: /home/rajpurkar/Rahul/ur5_simulation/install/ur5_moveit_config/share/ur5_moveit_config/config/moveit_controllers.yaml
[0.052s] -- Up-to-date: /home/rajpurkar/Rahul/ur5_simulation/install/ur5_moveit_config/share/ur5_moveit_config/config/kinematics.yaml
[0.052s] -- Up-to-date: /home/rajpurkar/Rahul/ur5_simulation/install/ur5_moveit_config/share/ur5_moveit_config/config/ur5.srdf
[0.052s] -- Up-to-date: /home/rajpurkar/Rahul/ur5_simulation/install/ur5_moveit_config/share/ur5_moveit_config/config/ur5.urdf.xacro
[0.052s] -- Up-to-date: /home/rajpurkar/Rahul/ur5_simulation/install/ur5_moveit_config/share/ur5_moveit_config/config/pilz_cartesian_limits.yaml
[0.052s] -- Up-to-date: /home/rajpurkar/Rahul/ur5_simulation/install/ur5_moveit_config/share/ur5_moveit_config/config/joint_limits.yaml
[0.052s] -- Up-to-date: /home/rajpurkar/Rahul/ur5_simulation/install/ur5_moveit_config/share/ur5_moveit_config/config/ur5.ros2_control.xacro
[0.052s] -- Up-to-date: /home/rajpurkar/Rahul/ur5_simulation/install/ur5_moveit_config/share/ur5_moveit_config/config/moveit.rviz
[0.052s] -- Up-to-date: /home/rajpurkar/Rahul/ur5_simulation/install/ur5_moveit_config/share/ur5_moveit_config/.setup_assistant
[0.054s] Invoked command in '/home/rajpurkar/Rahul/ur5_simulation/build/ur5_moveit_config' returned '0': AMENT_PREFIX_PATH=/home/rajpurkar/Rahul/ur5_simulation/install/ur5_description:${AMENT_PREFIX_PATH} CMAKE_PREFIX_PATH=/home/rajpurkar/Rahul/ur5_simulation/install/ur5_description:/opt/ros/humble /usr/bin/cmake --install /home/rajpurkar/Rahul/ur5_simulation/build/ur5_moveit_config
