[0.011s] Invoking command in '/home/rajpurkar/Rahul/ur5_simulation/build/moveit_servo': CMAKE_PREFIX_PATH=${CMAKE_PREFIX_PATH}:/opt/ros/humble /usr/bin/cmake --build /home/rajpurkar/Rahul/ur5_simulation/build/moveit_servo -- -j16 -l16
[0.050s] [  6%] Built target gtest_main
[0.051s] [ 12%] Built target gtest
[0.051s] [ 18%] Built target fake_command_publisher
[0.051s] [ 24%] Built target servo_controller_input
[0.058s] [ 33%] Built target moveit_servo_lib_parameters
[0.083s] [ 45%] Built target test_servo_integration
[0.083s] [ 45%] Built target test_servo_collision
[0.090s] [ 63%] Built target moveit_servo_lib
[0.115s] [ 81%] Built target servo_calcs_unit_tests
[0.116s] [ 81%] Built target pose_tracking
[0.116s] [ 81%] Built target servo_node
[0.141s] [100%] Built target test_servo_pose_tracking
[0.141s] [100%] Built target servo_pose_tracking_demo
[0.141s] [100%] Built target servo_node_main
[0.148s] Invoked command in '/home/rajpurkar/Rahul/ur5_simulation/build/moveit_servo' returned '0': CMAKE_PREFIX_PATH=${CMAKE_PREFIX_PATH}:/opt/ros/humble /usr/bin/cmake --build /home/rajpurkar/Rahul/ur5_simulation/build/moveit_servo -- -j16 -l16
[0.149s] Invoking command in '/home/rajpurkar/Rahul/ur5_simulation/build/moveit_servo': CMAKE_PREFIX_PATH=${CMAKE_PREFIX_PATH}:/opt/ros/humble /usr/bin/cmake --install /home/rajpurkar/Rahul/ur5_simulation/build/moveit_servo
[0.154s] -- Install configuration: "Release"
[0.154s] -- Up-to-date: /home/rajpurkar/Rahul/ur5_simulation/install/moveit_servo/lib/libmoveit_servo_lib.so.2.5.7
[0.154s] -- Up-to-date: /home/rajpurkar/Rahul/ur5_simulation/install/moveit_servo/lib/libmoveit_servo_lib.so
[0.155s] -- Up-to-date: /home/rajpurkar/Rahul/ur5_simulation/install/moveit_servo/lib/libmoveit_servo_lib_parameters.so.2.5.7
[0.155s] -- Up-to-date: /home/rajpurkar/Rahul/ur5_simulation/install/moveit_servo/lib/libmoveit_servo_lib_parameters.so
[0.155s] -- Up-to-date: /home/rajpurkar/Rahul/ur5_simulation/install/moveit_servo/lib/libpose_tracking.so
[0.155s] -- Up-to-date: /home/rajpurkar/Rahul/ur5_simulation/install/moveit_servo/lib/libservo_node.so
[0.155s] -- Up-to-date: /home/rajpurkar/Rahul/ur5_simulation/install/moveit_servo/lib/libservo_controller_input.so
[0.155s] -- Up-to-date: /home/rajpurkar/Rahul/ur5_simulation/install/moveit_servo/lib/moveit_servo/servo_node_main
[0.155s] -- Up-to-date: /home/rajpurkar/Rahul/ur5_simulation/install/moveit_servo/lib/moveit_servo/servo_pose_tracking_demo
[0.156s] -- Up-to-date: /home/rajpurkar/Rahul/ur5_simulation/install/moveit_servo/lib/moveit_servo/fake_command_publisher
[0.156s] -- Up-to-date: /home/rajpurkar/Rahul/ur5_simulation/install/moveit_servo/include
[0.156s] -- Up-to-date: /home/rajpurkar/Rahul/ur5_simulation/install/moveit_servo/include/moveit_servo
[0.156s] -- Up-to-date: /home/rajpurkar/Rahul/ur5_simulation/install/moveit_servo/include/moveit_servo/parameter_descriptor_builder.hpp
[0.156s] -- Up-to-date: /home/rajpurkar/Rahul/ur5_simulation/install/moveit_servo/include/moveit_servo/collision_check.h
[0.156s] -- Up-to-date: /home/rajpurkar/Rahul/ur5_simulation/install/moveit_servo/include/moveit_servo/servo_calcs.h
[0.156s] -- Up-to-date: /home/rajpurkar/Rahul/ur5_simulation/install/moveit_servo/include/moveit_servo/utilities.h
[0.156s] -- Up-to-date: /home/rajpurkar/Rahul/ur5_simulation/install/moveit_servo/include/moveit_servo/pose_tracking.h
[0.156s] -- Up-to-date: /home/rajpurkar/Rahul/ur5_simulation/install/moveit_servo/include/moveit_servo/servo_parameters.h
[0.156s] -- Up-to-date: /home/rajpurkar/Rahul/ur5_simulation/install/moveit_servo/include/moveit_servo/servo_node.h
[0.156s] -- Up-to-date: /home/rajpurkar/Rahul/ur5_simulation/install/moveit_servo/include/moveit_servo/servo.h
[0.156s] -- Up-to-date: /home/rajpurkar/Rahul/ur5_simulation/install/moveit_servo/include/moveit_servo/servo_server.h
[0.156s] -- Up-to-date: /home/rajpurkar/Rahul/ur5_simulation/install/moveit_servo/include/moveit_servo/enforce_limits.hpp
[0.157s] -- Up-to-date: /home/rajpurkar/Rahul/ur5_simulation/install/moveit_servo/include/moveit_servo/status_codes.h
[0.157s] -- Up-to-date: /home/rajpurkar/Rahul/ur5_simulation/install/moveit_servo/include/moveit_servo/make_shared_from_pool.h
[0.157s] -- Up-to-date: /home/rajpurkar/Rahul/ur5_simulation/install/moveit_servo/share/moveit_servo/launch
[0.157s] -- Up-to-date: /home/rajpurkar/Rahul/ur5_simulation/install/moveit_servo/share/moveit_servo/launch/pose_tracking_example.launch.py
[0.157s] -- Up-to-date: /home/rajpurkar/Rahul/ur5_simulation/install/moveit_servo/share/moveit_servo/launch/servo_example.launch.py
[0.157s] -- Up-to-date: /home/rajpurkar/Rahul/ur5_simulation/install/moveit_servo/share/moveit_servo/config
[0.157s] -- Up-to-date: /home/rajpurkar/Rahul/ur5_simulation/install/moveit_servo/share/moveit_servo/config/demo_rviz_pose_tracking.rviz
[0.157s] -- Up-to-date: /home/rajpurkar/Rahul/ur5_simulation/install/moveit_servo/share/moveit_servo/config/panda_simulated_config_pose_tracking.yaml
[0.157s] -- Up-to-date: /home/rajpurkar/Rahul/ur5_simulation/install/moveit_servo/share/moveit_servo/config/panda_simulated_config.yaml
[0.157s] -- Up-to-date: /home/rajpurkar/Rahul/ur5_simulation/install/moveit_servo/share/moveit_servo/config/pose_tracking_settings.yaml
[0.157s] -- Up-to-date: /home/rajpurkar/Rahul/ur5_simulation/install/moveit_servo/share/moveit_servo/config/demo_rviz_config.rviz
[0.157s] -- Up-to-date: /home/rajpurkar/Rahul/ur5_simulation/install/moveit_servo/share/moveit_servo/environment/library_path.sh
[0.157s] -- Up-to-date: /home/rajpurkar/Rahul/ur5_simulation/install/moveit_servo/share/moveit_servo/environment/library_path.dsv
[0.157s] -- Up-to-date: /home/rajpurkar/Rahul/ur5_simulation/install/moveit_servo/share/ament_index/resource_index/package_run_dependencies/moveit_servo
[0.157s] -- Up-to-date: /home/rajpurkar/Rahul/ur5_simulation/install/moveit_servo/share/ament_index/resource_index/parent_prefix_path/moveit_servo
[0.157s] -- Up-to-date: /home/rajpurkar/Rahul/ur5_simulation/install/moveit_servo/share/moveit_servo/environment/ament_prefix_path.sh
[0.157s] -- Up-to-date: /home/rajpurkar/Rahul/ur5_simulation/install/moveit_servo/share/moveit_servo/environment/ament_prefix_path.dsv
[0.157s] -- Up-to-date: /home/rajpurkar/Rahul/ur5_simulation/install/moveit_servo/share/moveit_servo/environment/path.sh
[0.157s] -- Up-to-date: /home/rajpurkar/Rahul/ur5_simulation/install/moveit_servo/share/moveit_servo/environment/path.dsv
[0.158s] -- Up-to-date: /home/rajpurkar/Rahul/ur5_simulation/install/moveit_servo/share/moveit_servo/local_setup.bash
[0.158s] -- Up-to-date: /home/rajpurkar/Rahul/ur5_simulation/install/moveit_servo/share/moveit_servo/local_setup.sh
[0.158s] -- Up-to-date: /home/rajpurkar/Rahul/ur5_simulation/install/moveit_servo/share/moveit_servo/local_setup.zsh
[0.158s] -- Up-to-date: /home/rajpurkar/Rahul/ur5_simulation/install/moveit_servo/share/moveit_servo/local_setup.dsv
[0.158s] -- Installing: /home/rajpurkar/Rahul/ur5_simulation/install/moveit_servo/share/moveit_servo/package.dsv
[0.158s] -- Up-to-date: /home/rajpurkar/Rahul/ur5_simulation/install/moveit_servo/share/ament_index/resource_index/packages/moveit_servo
[0.158s] -- Up-to-date: /home/rajpurkar/Rahul/ur5_simulation/install/moveit_servo/share/ament_index/resource_index/rclcpp_components/moveit_servo
[0.158s] -- Up-to-date: /home/rajpurkar/Rahul/ur5_simulation/install/moveit_servo/share/moveit_servo/cmake/export_moveit_servoExport.cmake
[0.158s] -- Up-to-date: /home/rajpurkar/Rahul/ur5_simulation/install/moveit_servo/share/moveit_servo/cmake/export_moveit_servoExport-release.cmake
[0.158s] -- Up-to-date: /home/rajpurkar/Rahul/ur5_simulation/install/moveit_servo/share/moveit_servo/cmake/ament_cmake_export_targets-extras.cmake
[0.158s] -- Up-to-date: /home/rajpurkar/Rahul/ur5_simulation/install/moveit_servo/share/moveit_servo/cmake/ament_cmake_export_dependencies-extras.cmake
[0.158s] -- Up-to-date: /home/rajpurkar/Rahul/ur5_simulation/install/moveit_servo/share/moveit_servo/cmake/moveit_servoConfig.cmake
[0.158s] -- Up-to-date: /home/rajpurkar/Rahul/ur5_simulation/install/moveit_servo/share/moveit_servo/cmake/moveit_servoConfig-version.cmake
[0.158s] -- Up-to-date: /home/rajpurkar/Rahul/ur5_simulation/install/moveit_servo/share/moveit_servo/package.xml
[0.159s] Invoked command in '/home/rajpurkar/Rahul/ur5_simulation/build/moveit_servo' returned '0': CMAKE_PREFIX_PATH=${CMAKE_PREFIX_PATH}:/opt/ros/humble /usr/bin/cmake --install /home/rajpurkar/Rahul/ur5_simulation/build/moveit_servo
