-- Install configuration: ""
-- Up-to-date: /home/rajpurkar/Rahul/ur5_simulation/install/data_collection/share/data_collection//scripts
-- Installing: /home/rajpurkar/Rahul/ur5_simulation/install/data_collection/share/data_collection//scripts/data_collection.py
-- Up-to-date: /home/rajpurkar/Rahul/ur5_simulation/install/data_collection/share/data_collection//scripts/my_pusht
-- Up-to-date: /home/rajpurkar/Rahul/ur5_simulation/install/data_collection/share/data_collection//scripts/my_pusht/videos
-- Up-to-date: /home/rajpurkar/Rahul/ur5_simulation/install/data_collection/share/data_collection//scripts/my_pusht/videos/chunk_000
-- Up-to-date: /home/rajpurkar/Rahul/ur5_simulation/install/data_collection/share/data_collection//scripts/my_pusht/videos/chunk_000/observation.images.state
-- Up-to-date: /home/rajpurkar/Rahul/ur5_simulation/install/data_collection/share/data_collection//scripts/my_pusht/videos/chunk_000/observation.images.state/episode_000001.mp4
-- Up-to-date: /home/rajpurkar/Rahul/ur5_simulation/install/data_collection/share/data_collection//scripts/my_pusht/videos/chunk_000/observation.images.state/episode_000000.mp4
-- Up-to-date: /home/rajpurkar/Rahul/ur5_simulation/install/data_collection/share/data_collection//scripts/my_pusht/videos/chunk_000/observation.images.top
-- Up-to-date: /home/rajpurkar/Rahul/ur5_simulation/install/data_collection/share/data_collection//scripts/my_pusht/videos/chunk_000/observation.images.top/episode_000001.mp4
-- Up-to-date: /home/rajpurkar/Rahul/ur5_simulation/install/data_collection/share/data_collection//scripts/my_pusht/videos/chunk_000/observation.images.top/episode_000000.mp4
-- Up-to-date: /home/rajpurkar/Rahul/ur5_simulation/install/data_collection/share/data_collection//scripts/my_pusht/videos/chunk_000/observation.images.wrist
-- Up-to-date: /home/rajpurkar/Rahul/ur5_simulation/install/data_collection/share/data_collection//scripts/my_pusht/videos/chunk_000/observation.images.wrist/episode_000001.mp4
-- Up-to-date: /home/rajpurkar/Rahul/ur5_simulation/install/data_collection/share/data_collection//scripts/my_pusht/videos/chunk_000/observation.images.wrist/episode_000000.mp4
-- Up-to-date: /home/rajpurkar/Rahul/ur5_simulation/install/data_collection/share/data_collection//scripts/my_pusht/data
-- Up-to-date: /home/rajpurkar/Rahul/ur5_simulation/install/data_collection/share/data_collection//scripts/my_pusht/data/chunk_000
-- Up-to-date: /home/rajpurkar/Rahul/ur5_simulation/install/data_collection/share/data_collection//scripts/my_pusht/data/chunk_000/episode_000000.parquet
-- Up-to-date: /home/rajpurkar/Rahul/ur5_simulation/install/data_collection/share/data_collection//scripts/my_pusht/data/chunk_000/episode_000001.parquet
-- Installing: /home/rajpurkar/Rahul/ur5_simulation/install/data_collection/lib/data_collection/data_collection.py
-- Up-to-date: /home/rajpurkar/Rahul/ur5_simulation/install/data_collection/share/ament_index/resource_index/package_run_dependencies/data_collection
-- Up-to-date: /home/rajpurkar/Rahul/ur5_simulation/install/data_collection/share/ament_index/resource_index/parent_prefix_path/data_collection
-- Up-to-date: /home/rajpurkar/Rahul/ur5_simulation/install/data_collection/share/data_collection/environment/ament_prefix_path.sh
-- Up-to-date: /home/rajpurkar/Rahul/ur5_simulation/install/data_collection/share/data_collection/environment/ament_prefix_path.dsv
-- Up-to-date: /home/rajpurkar/Rahul/ur5_simulation/install/data_collection/share/data_collection/environment/path.sh
-- Up-to-date: /home/rajpurkar/Rahul/ur5_simulation/install/data_collection/share/data_collection/environment/path.dsv
-- Up-to-date: /home/rajpurkar/Rahul/ur5_simulation/install/data_collection/share/data_collection/local_setup.bash
-- Up-to-date: /home/rajpurkar/Rahul/ur5_simulation/install/data_collection/share/data_collection/local_setup.sh
-- Up-to-date: /home/rajpurkar/Rahul/ur5_simulation/install/data_collection/share/data_collection/local_setup.zsh
-- Up-to-date: /home/rajpurkar/Rahul/ur5_simulation/install/data_collection/share/data_collection/local_setup.dsv
-- Installing: /home/rajpurkar/Rahul/ur5_simulation/install/data_collection/share/data_collection/package.dsv
-- Up-to-date: /home/rajpurkar/Rahul/ur5_simulation/install/data_collection/share/ament_index/resource_index/packages/data_collection
-- Up-to-date: /home/rajpurkar/Rahul/ur5_simulation/install/data_collection/share/data_collection/cmake/data_collectionConfig.cmake
-- Up-to-date: /home/rajpurkar/Rahul/ur5_simulation/install/data_collection/share/data_collection/cmake/data_collectionConfig-version.cmake
-- Up-to-date: /home/rajpurkar/Rahul/ur5_simulation/install/data_collection/share/data_collection/package.xml
