[0.153s] DEBUG:colcon:Command line arguments: ['/usr/bin/colcon', 'list', '-p', '--base-paths', '/home/rajpurkar/Rahul/ur5_simulation']
[0.153s] DEBUG:colcon:Parsed command line arguments: Namespace(log_base=None, log_level=None, verb_name='list', build_base='build', ignore_user_meta=False, metas=['./colcon.meta'], base_paths=['/home/rajpurkar/Rahul/ur5_simulation'], packages_ignore=None, packages_ignore_regex=None, paths=None, packages_up_to=None, packages_up_to_regex=None, packages_above=None, packages_above_and_dependencies=None, packages_above_depth=None, packages_select_by_dep=None, packages_skip_by_dep=None, packages_skip_up_to=None, packages_select_build_failed=False, packages_skip_build_finished=False, packages_select_test_failures=False, packages_skip_test_passed=False, packages_select=None, packages_skip=None, packages_select_regex=None, packages_skip_regex=None, packages_start=None, packages_end=None, allow_overriding=[], topological_order=False, names_only=False, paths_only=True, topological_graph=False, topological_graph_dot=False, topological_graph_density=False, topological_graph_legend=False, topological_graph_dot_cluster=False, topological_graph_dot_include_skipped=False, mixin_files=None, mixin=None, verb_parser=<colcon_mixin.mixin.mixin_argument.MixinArgumentDecorator object at 0x71d6a7e67f70>, verb_extension=<colcon_package_information.verb.list.ListVerb object at 0x71d6a7e18550>, main=<bound method ListVerb.main of <colcon_package_information.verb.list.ListVerb object at 0x71d6a7e18550>>, mixin_verb=('list',))
[0.494s] Level 1:colcon.colcon_core.package_discovery:discover_packages(colcon_meta) check parameters
[0.494s] Level 1:colcon.colcon_core.package_discovery:discover_packages(recursive) check parameters
[0.495s] Level 1:colcon.colcon_core.package_discovery:discover_packages(ignore) check parameters
[0.495s] Level 1:colcon.colcon_core.package_discovery:discover_packages(path) check parameters
[0.495s] Level 1:colcon.colcon_core.package_discovery:discover_packages(recursive) discover
[0.495s] INFO:colcon.colcon_core.package_discovery:Crawling recursively for packages in '/home/rajpurkar/Rahul/ur5_simulation'
[0.495s] Level 1:colcon.colcon_core.package_identification:_identify(/home/rajpurkar/Rahul/ur5_simulation) by extensions ['ignore', 'ignore_ament_install']
[0.495s] Level 1:colcon.colcon_core.package_identification:_identify(/home/rajpurkar/Rahul/ur5_simulation) by extension 'ignore'
[0.495s] Level 1:colcon.colcon_core.package_identification:_identify(/home/rajpurkar/Rahul/ur5_simulation) by extension 'ignore_ament_install'
[0.496s] Level 1:colcon.colcon_core.package_identification:_identify(/home/rajpurkar/Rahul/ur5_simulation) by extensions ['colcon_pkg']
[0.496s] Level 1:colcon.colcon_core.package_identification:_identify(/home/rajpurkar/Rahul/ur5_simulation) by extension 'colcon_pkg'
[0.496s] Level 1:colcon.colcon_core.package_identification:_identify(/home/rajpurkar/Rahul/ur5_simulation) by extensions ['colcon_meta']
[0.496s] Level 1:colcon.colcon_core.package_identification:_identify(/home/rajpurkar/Rahul/ur5_simulation) by extension 'colcon_meta'
[0.496s] Level 1:colcon.colcon_core.package_identification:_identify(/home/rajpurkar/Rahul/ur5_simulation) by extensions ['ros']
[0.496s] Level 1:colcon.colcon_core.package_identification:_identify(/home/rajpurkar/Rahul/ur5_simulation) by extension 'ros'
[0.517s] Level 1:colcon.colcon_core.package_identification:_identify(/home/rajpurkar/Rahul/ur5_simulation) by extensions ['cmake', 'python']
[0.517s] Level 1:colcon.colcon_core.package_identification:_identify(/home/rajpurkar/Rahul/ur5_simulation) by extension 'cmake'
[0.517s] Level 1:colcon.colcon_core.package_identification:_identify(/home/rajpurkar/Rahul/ur5_simulation) by extension 'python'
[0.517s] Level 1:colcon.colcon_core.package_identification:_identify(/home/rajpurkar/Rahul/ur5_simulation) by extensions ['python_setup_py']
[0.517s] Level 1:colcon.colcon_core.package_identification:_identify(/home/rajpurkar/Rahul/ur5_simulation) by extension 'python_setup_py'
[0.517s] Level 1:colcon.colcon_core.package_identification:_identify(/home/rajpurkar/Rahul/ur5_simulation/build) by extensions ['ignore', 'ignore_ament_install']
[0.517s] Level 1:colcon.colcon_core.package_identification:_identify(/home/rajpurkar/Rahul/ur5_simulation/build) by extension 'ignore'
[0.517s] Level 1:colcon.colcon_core.package_identification:_identify(/home/rajpurkar/Rahul/ur5_simulation/build) ignored
[0.518s] Level 1:colcon.colcon_core.package_identification:_identify(/home/rajpurkar/Rahul/ur5_simulation/configuration) by extensions ['ignore', 'ignore_ament_install']
[0.518s] Level 1:colcon.colcon_core.package_identification:_identify(/home/rajpurkar/Rahul/ur5_simulation/configuration) by extension 'ignore'
[0.518s] Level 1:colcon.colcon_core.package_identification:_identify(/home/rajpurkar/Rahul/ur5_simulation/configuration) by extension 'ignore_ament_install'
[0.518s] Level 1:colcon.colcon_core.package_identification:_identify(/home/rajpurkar/Rahul/ur5_simulation/configuration) by extensions ['colcon_pkg']
[0.518s] Level 1:colcon.colcon_core.package_identification:_identify(/home/rajpurkar/Rahul/ur5_simulation/configuration) by extension 'colcon_pkg'
[0.518s] Level 1:colcon.colcon_core.package_identification:_identify(/home/rajpurkar/Rahul/ur5_simulation/configuration) by extensions ['colcon_meta']
[0.518s] Level 1:colcon.colcon_core.package_identification:_identify(/home/rajpurkar/Rahul/ur5_simulation/configuration) by extension 'colcon_meta'
[0.518s] Level 1:colcon.colcon_core.package_identification:_identify(/home/rajpurkar/Rahul/ur5_simulation/configuration) by extensions ['ros']
[0.518s] Level 1:colcon.colcon_core.package_identification:_identify(/home/rajpurkar/Rahul/ur5_simulation/configuration) by extension 'ros'
[0.519s] Level 1:colcon.colcon_core.package_identification:_identify(/home/rajpurkar/Rahul/ur5_simulation/configuration) by extensions ['cmake', 'python']
[0.519s] Level 1:colcon.colcon_core.package_identification:_identify(/home/rajpurkar/Rahul/ur5_simulation/configuration) by extension 'cmake'
[0.519s] Level 1:colcon.colcon_core.package_identification:_identify(/home/rajpurkar/Rahul/ur5_simulation/configuration) by extension 'python'
[0.519s] Level 1:colcon.colcon_core.package_identification:_identify(/home/rajpurkar/Rahul/ur5_simulation/configuration) by extensions ['python_setup_py']
[0.519s] Level 1:colcon.colcon_core.package_identification:_identify(/home/rajpurkar/Rahul/ur5_simulation/configuration) by extension 'python_setup_py'
[0.519s] Level 1:colcon.colcon_core.package_identification:_identify(/home/rajpurkar/Rahul/ur5_simulation/images) by extensions ['ignore', 'ignore_ament_install']
[0.519s] Level 1:colcon.colcon_core.package_identification:_identify(/home/rajpurkar/Rahul/ur5_simulation/images) by extension 'ignore'
[0.519s] Level 1:colcon.colcon_core.package_identification:_identify(/home/rajpurkar/Rahul/ur5_simulation/images) by extension 'ignore_ament_install'
[0.519s] Level 1:colcon.colcon_core.package_identification:_identify(/home/rajpurkar/Rahul/ur5_simulation/images) by extensions ['colcon_pkg']
[0.519s] Level 1:colcon.colcon_core.package_identification:_identify(/home/rajpurkar/Rahul/ur5_simulation/images) by extension 'colcon_pkg'
[0.520s] Level 1:colcon.colcon_core.package_identification:_identify(/home/rajpurkar/Rahul/ur5_simulation/images) by extensions ['colcon_meta']
[0.520s] Level 1:colcon.colcon_core.package_identification:_identify(/home/rajpurkar/Rahul/ur5_simulation/images) by extension 'colcon_meta'
[0.520s] Level 1:colcon.colcon_core.package_identification:_identify(/home/rajpurkar/Rahul/ur5_simulation/images) by extensions ['ros']
[0.520s] Level 1:colcon.colcon_core.package_identification:_identify(/home/rajpurkar/Rahul/ur5_simulation/images) by extension 'ros'
[0.520s] Level 1:colcon.colcon_core.package_identification:_identify(/home/rajpurkar/Rahul/ur5_simulation/images) by extensions ['cmake', 'python']
[0.520s] Level 1:colcon.colcon_core.package_identification:_identify(/home/rajpurkar/Rahul/ur5_simulation/images) by extension 'cmake'
[0.520s] Level 1:colcon.colcon_core.package_identification:_identify(/home/rajpurkar/Rahul/ur5_simulation/images) by extension 'python'
[0.520s] Level 1:colcon.colcon_core.package_identification:_identify(/home/rajpurkar/Rahul/ur5_simulation/images) by extensions ['python_setup_py']
[0.520s] Level 1:colcon.colcon_core.package_identification:_identify(/home/rajpurkar/Rahul/ur5_simulation/images) by extension 'python_setup_py'
[0.520s] Level 1:colcon.colcon_core.package_identification:_identify(/home/rajpurkar/Rahul/ur5_simulation/install) by extensions ['ignore', 'ignore_ament_install']
[0.521s] Level 1:colcon.colcon_core.package_identification:_identify(/home/rajpurkar/Rahul/ur5_simulation/install) by extension 'ignore'
[0.521s] Level 1:colcon.colcon_core.package_identification:_identify(/home/rajpurkar/Rahul/ur5_simulation/install) ignored
[0.521s] Level 1:colcon.colcon_core.package_identification:_identify(/home/rajpurkar/Rahul/ur5_simulation/lerobot_related) by extensions ['ignore', 'ignore_ament_install']
[0.521s] Level 1:colcon.colcon_core.package_identification:_identify(/home/rajpurkar/Rahul/ur5_simulation/lerobot_related) by extension 'ignore'
[0.521s] Level 1:colcon.colcon_core.package_identification:_identify(/home/rajpurkar/Rahul/ur5_simulation/lerobot_related) by extension 'ignore_ament_install'
[0.521s] Level 1:colcon.colcon_core.package_identification:_identify(/home/rajpurkar/Rahul/ur5_simulation/lerobot_related) by extensions ['colcon_pkg']
[0.521s] Level 1:colcon.colcon_core.package_identification:_identify(/home/rajpurkar/Rahul/ur5_simulation/lerobot_related) by extension 'colcon_pkg'
[0.522s] Level 1:colcon.colcon_core.package_identification:_identify(/home/rajpurkar/Rahul/ur5_simulation/lerobot_related) by extensions ['colcon_meta']
[0.522s] Level 1:colcon.colcon_core.package_identification:_identify(/home/rajpurkar/Rahul/ur5_simulation/lerobot_related) by extension 'colcon_meta'
[0.522s] Level 1:colcon.colcon_core.package_identification:_identify(/home/rajpurkar/Rahul/ur5_simulation/lerobot_related) by extensions ['ros']
[0.522s] Level 1:colcon.colcon_core.package_identification:_identify(/home/rajpurkar/Rahul/ur5_simulation/lerobot_related) by extension 'ros'
[0.522s] Level 1:colcon.colcon_core.package_identification:_identify(/home/rajpurkar/Rahul/ur5_simulation/lerobot_related) by extensions ['cmake', 'python']
[0.522s] Level 1:colcon.colcon_core.package_identification:_identify(/home/rajpurkar/Rahul/ur5_simulation/lerobot_related) by extension 'cmake'
[0.522s] Level 1:colcon.colcon_core.package_identification:_identify(/home/rajpurkar/Rahul/ur5_simulation/lerobot_related) by extension 'python'
[0.522s] Level 1:colcon.colcon_core.package_identification:_identify(/home/rajpurkar/Rahul/ur5_simulation/lerobot_related) by extensions ['python_setup_py']
[0.522s] Level 1:colcon.colcon_core.package_identification:_identify(/home/rajpurkar/Rahul/ur5_simulation/lerobot_related) by extension 'python_setup_py'
[0.522s] Level 1:colcon.colcon_core.package_identification:_identify(/home/rajpurkar/Rahul/ur5_simulation/log) by extensions ['ignore', 'ignore_ament_install']
[0.523s] Level 1:colcon.colcon_core.package_identification:_identify(/home/rajpurkar/Rahul/ur5_simulation/log) by extension 'ignore'
[0.523s] Level 1:colcon.colcon_core.package_identification:_identify(/home/rajpurkar/Rahul/ur5_simulation/log) ignored
[0.523s] Level 1:colcon.colcon_core.package_identification:_identify(/home/rajpurkar/Rahul/ur5_simulation/simple_table) by extensions ['ignore', 'ignore_ament_install']
[0.523s] Level 1:colcon.colcon_core.package_identification:_identify(/home/rajpurkar/Rahul/ur5_simulation/simple_table) by extension 'ignore'
[0.523s] Level 1:colcon.colcon_core.package_identification:_identify(/home/rajpurkar/Rahul/ur5_simulation/simple_table) by extension 'ignore_ament_install'
[0.523s] Level 1:colcon.colcon_core.package_identification:_identify(/home/rajpurkar/Rahul/ur5_simulation/simple_table) by extensions ['colcon_pkg']
[0.523s] Level 1:colcon.colcon_core.package_identification:_identify(/home/rajpurkar/Rahul/ur5_simulation/simple_table) by extension 'colcon_pkg'
[0.523s] Level 1:colcon.colcon_core.package_identification:_identify(/home/rajpurkar/Rahul/ur5_simulation/simple_table) by extensions ['colcon_meta']
[0.523s] Level 1:colcon.colcon_core.package_identification:_identify(/home/rajpurkar/Rahul/ur5_simulation/simple_table) by extension 'colcon_meta'
[0.524s] Level 1:colcon.colcon_core.package_identification:_identify(/home/rajpurkar/Rahul/ur5_simulation/simple_table) by extensions ['ros']
[0.524s] Level 1:colcon.colcon_core.package_identification:_identify(/home/rajpurkar/Rahul/ur5_simulation/simple_table) by extension 'ros'
[0.524s] Level 1:colcon.colcon_core.package_identification:_identify(/home/rajpurkar/Rahul/ur5_simulation/simple_table) by extensions ['cmake', 'python']
[0.524s] Level 1:colcon.colcon_core.package_identification:_identify(/home/rajpurkar/Rahul/ur5_simulation/simple_table) by extension 'cmake'
[0.524s] Level 1:colcon.colcon_core.package_identification:_identify(/home/rajpurkar/Rahul/ur5_simulation/simple_table) by extension 'python'
[0.524s] Level 1:colcon.colcon_core.package_identification:_identify(/home/rajpurkar/Rahul/ur5_simulation/simple_table) by extensions ['python_setup_py']
[0.524s] Level 1:colcon.colcon_core.package_identification:_identify(/home/rajpurkar/Rahul/ur5_simulation/simple_table) by extension 'python_setup_py'
[0.524s] Level 1:colcon.colcon_core.package_identification:_identify(/home/rajpurkar/Rahul/ur5_simulation/simple_table/simple_table) by extensions ['ignore', 'ignore_ament_install']
[0.524s] Level 1:colcon.colcon_core.package_identification:_identify(/home/rajpurkar/Rahul/ur5_simulation/simple_table/simple_table) by extension 'ignore'
[0.525s] Level 1:colcon.colcon_core.package_identification:_identify(/home/rajpurkar/Rahul/ur5_simulation/simple_table/simple_table) by extension 'ignore_ament_install'
[0.525s] Level 1:colcon.colcon_core.package_identification:_identify(/home/rajpurkar/Rahul/ur5_simulation/simple_table/simple_table) by extensions ['colcon_pkg']
[0.525s] Level 1:colcon.colcon_core.package_identification:_identify(/home/rajpurkar/Rahul/ur5_simulation/simple_table/simple_table) by extension 'colcon_pkg'
[0.525s] Level 1:colcon.colcon_core.package_identification:_identify(/home/rajpurkar/Rahul/ur5_simulation/simple_table/simple_table) by extensions ['colcon_meta']
[0.525s] Level 1:colcon.colcon_core.package_identification:_identify(/home/rajpurkar/Rahul/ur5_simulation/simple_table/simple_table) by extension 'colcon_meta'
[0.525s] Level 1:colcon.colcon_core.package_identification:_identify(/home/rajpurkar/Rahul/ur5_simulation/simple_table/simple_table) by extensions ['ros']
[0.525s] Level 1:colcon.colcon_core.package_identification:_identify(/home/rajpurkar/Rahul/ur5_simulation/simple_table/simple_table) by extension 'ros'
[0.525s] Level 1:colcon.colcon_core.package_identification:_identify(/home/rajpurkar/Rahul/ur5_simulation/simple_table/simple_table) by extensions ['cmake', 'python']
[0.525s] Level 1:colcon.colcon_core.package_identification:_identify(/home/rajpurkar/Rahul/ur5_simulation/simple_table/simple_table) by extension 'cmake'
[0.526s] Level 1:colcon.colcon_core.package_identification:_identify(/home/rajpurkar/Rahul/ur5_simulation/simple_table/simple_table) by extension 'python'
[0.526s] Level 1:colcon.colcon_core.package_identification:_identify(/home/rajpurkar/Rahul/ur5_simulation/simple_table/simple_table) by extensions ['python_setup_py']
[0.526s] Level 1:colcon.colcon_core.package_identification:_identify(/home/rajpurkar/Rahul/ur5_simulation/simple_table/simple_table) by extension 'python_setup_py'
[0.526s] Level 1:colcon.colcon_core.package_identification:_identify(/home/rajpurkar/Rahul/ur5_simulation/simple_table/simple_table/configuration) by extensions ['ignore', 'ignore_ament_install']
[0.526s] Level 1:colcon.colcon_core.package_identification:_identify(/home/rajpurkar/Rahul/ur5_simulation/simple_table/simple_table/configuration) by extension 'ignore'
[0.526s] Level 1:colcon.colcon_core.package_identification:_identify(/home/rajpurkar/Rahul/ur5_simulation/simple_table/simple_table/configuration) by extension 'ignore_ament_install'
[0.526s] Level 1:colcon.colcon_core.package_identification:_identify(/home/rajpurkar/Rahul/ur5_simulation/simple_table/simple_table/configuration) by extensions ['colcon_pkg']
[0.526s] Level 1:colcon.colcon_core.package_identification:_identify(/home/rajpurkar/Rahul/ur5_simulation/simple_table/simple_table/configuration) by extension 'colcon_pkg'
[0.527s] Level 1:colcon.colcon_core.package_identification:_identify(/home/rajpurkar/Rahul/ur5_simulation/simple_table/simple_table/configuration) by extensions ['colcon_meta']
[0.527s] Level 1:colcon.colcon_core.package_identification:_identify(/home/rajpurkar/Rahul/ur5_simulation/simple_table/simple_table/configuration) by extension 'colcon_meta'
[0.527s] Level 1:colcon.colcon_core.package_identification:_identify(/home/rajpurkar/Rahul/ur5_simulation/simple_table/simple_table/configuration) by extensions ['ros']
[0.527s] Level 1:colcon.colcon_core.package_identification:_identify(/home/rajpurkar/Rahul/ur5_simulation/simple_table/simple_table/configuration) by extension 'ros'
[0.527s] Level 1:colcon.colcon_core.package_identification:_identify(/home/rajpurkar/Rahul/ur5_simulation/simple_table/simple_table/configuration) by extensions ['cmake', 'python']
[0.527s] Level 1:colcon.colcon_core.package_identification:_identify(/home/rajpurkar/Rahul/ur5_simulation/simple_table/simple_table/configuration) by extension 'cmake'
[0.527s] Level 1:colcon.colcon_core.package_identification:_identify(/home/rajpurkar/Rahul/ur5_simulation/simple_table/simple_table/configuration) by extension 'python'
[0.527s] Level 1:colcon.colcon_core.package_identification:_identify(/home/rajpurkar/Rahul/ur5_simulation/simple_table/simple_table/configuration) by extensions ['python_setup_py']
[0.527s] Level 1:colcon.colcon_core.package_identification:_identify(/home/rajpurkar/Rahul/ur5_simulation/simple_table/simple_table/configuration) by extension 'python_setup_py'
[0.528s] Level 1:colcon.colcon_core.package_identification:_identify(/home/rajpurkar/Rahul/ur5_simulation/simple_table/simple_table/configuration/materials) by extensions ['ignore', 'ignore_ament_install']
[0.528s] Level 1:colcon.colcon_core.package_identification:_identify(/home/rajpurkar/Rahul/ur5_simulation/simple_table/simple_table/configuration/materials) by extension 'ignore'
[0.528s] Level 1:colcon.colcon_core.package_identification:_identify(/home/rajpurkar/Rahul/ur5_simulation/simple_table/simple_table/configuration/materials) by extension 'ignore_ament_install'
[0.528s] Level 1:colcon.colcon_core.package_identification:_identify(/home/rajpurkar/Rahul/ur5_simulation/simple_table/simple_table/configuration/materials) by extensions ['colcon_pkg']
[0.528s] Level 1:colcon.colcon_core.package_identification:_identify(/home/rajpurkar/Rahul/ur5_simulation/simple_table/simple_table/configuration/materials) by extension 'colcon_pkg'
[0.528s] Level 1:colcon.colcon_core.package_identification:_identify(/home/rajpurkar/Rahul/ur5_simulation/simple_table/simple_table/configuration/materials) by extensions ['colcon_meta']
[0.528s] Level 1:colcon.colcon_core.package_identification:_identify(/home/rajpurkar/Rahul/ur5_simulation/simple_table/simple_table/configuration/materials) by extension 'colcon_meta'
[0.528s] Level 1:colcon.colcon_core.package_identification:_identify(/home/rajpurkar/Rahul/ur5_simulation/simple_table/simple_table/configuration/materials) by extensions ['ros']
[0.528s] Level 1:colcon.colcon_core.package_identification:_identify(/home/rajpurkar/Rahul/ur5_simulation/simple_table/simple_table/configuration/materials) by extension 'ros'
[0.529s] Level 1:colcon.colcon_core.package_identification:_identify(/home/rajpurkar/Rahul/ur5_simulation/simple_table/simple_table/configuration/materials) by extensions ['cmake', 'python']
[0.529s] Level 1:colcon.colcon_core.package_identification:_identify(/home/rajpurkar/Rahul/ur5_simulation/simple_table/simple_table/configuration/materials) by extension 'cmake'
[0.529s] Level 1:colcon.colcon_core.package_identification:_identify(/home/rajpurkar/Rahul/ur5_simulation/simple_table/simple_table/configuration/materials) by extension 'python'
[0.529s] Level 1:colcon.colcon_core.package_identification:_identify(/home/rajpurkar/Rahul/ur5_simulation/simple_table/simple_table/configuration/materials) by extensions ['python_setup_py']
[0.529s] Level 1:colcon.colcon_core.package_identification:_identify(/home/rajpurkar/Rahul/ur5_simulation/simple_table/simple_table/configuration/materials) by extension 'python_setup_py'
[0.529s] Level 1:colcon.colcon_core.package_identification:_identify(/home/rajpurkar/Rahul/ur5_simulation/simple_table/simple_table/configuration/materials/textures) by extensions ['ignore', 'ignore_ament_install']
[0.529s] Level 1:colcon.colcon_core.package_identification:_identify(/home/rajpurkar/Rahul/ur5_simulation/simple_table/simple_table/configuration/materials/textures) by extension 'ignore'
[0.529s] Level 1:colcon.colcon_core.package_identification:_identify(/home/rajpurkar/Rahul/ur5_simulation/simple_table/simple_table/configuration/materials/textures) by extension 'ignore_ament_install'
[0.530s] Level 1:colcon.colcon_core.package_identification:_identify(/home/rajpurkar/Rahul/ur5_simulation/simple_table/simple_table/configuration/materials/textures) by extensions ['colcon_pkg']
[0.530s] Level 1:colcon.colcon_core.package_identification:_identify(/home/rajpurkar/Rahul/ur5_simulation/simple_table/simple_table/configuration/materials/textures) by extension 'colcon_pkg'
[0.530s] Level 1:colcon.colcon_core.package_identification:_identify(/home/rajpurkar/Rahul/ur5_simulation/simple_table/simple_table/configuration/materials/textures) by extensions ['colcon_meta']
[0.530s] Level 1:colcon.colcon_core.package_identification:_identify(/home/rajpurkar/Rahul/ur5_simulation/simple_table/simple_table/configuration/materials/textures) by extension 'colcon_meta'
[0.530s] Level 1:colcon.colcon_core.package_identification:_identify(/home/rajpurkar/Rahul/ur5_simulation/simple_table/simple_table/configuration/materials/textures) by extensions ['ros']
[0.530s] Level 1:colcon.colcon_core.package_identification:_identify(/home/rajpurkar/Rahul/ur5_simulation/simple_table/simple_table/configuration/materials/textures) by extension 'ros'
[0.530s] Level 1:colcon.colcon_core.package_identification:_identify(/home/rajpurkar/Rahul/ur5_simulation/simple_table/simple_table/configuration/materials/textures) by extensions ['cmake', 'python']
[0.531s] Level 1:colcon.colcon_core.package_identification:_identify(/home/rajpurkar/Rahul/ur5_simulation/simple_table/simple_table/configuration/materials/textures) by extension 'cmake'
[0.531s] Level 1:colcon.colcon_core.package_identification:_identify(/home/rajpurkar/Rahul/ur5_simulation/simple_table/simple_table/configuration/materials/textures) by extension 'python'
[0.531s] Level 1:colcon.colcon_core.package_identification:_identify(/home/rajpurkar/Rahul/ur5_simulation/simple_table/simple_table/configuration/materials/textures) by extensions ['python_setup_py']
[0.531s] Level 1:colcon.colcon_core.package_identification:_identify(/home/rajpurkar/Rahul/ur5_simulation/simple_table/simple_table/configuration/materials/textures) by extension 'python_setup_py'
[0.531s] Level 1:colcon.colcon_core.package_identification:_identify(/home/rajpurkar/Rahul/ur5_simulation/src) by extensions ['ignore', 'ignore_ament_install']
[0.532s] Level 1:colcon.colcon_core.package_identification:_identify(/home/rajpurkar/Rahul/ur5_simulation/src) by extension 'ignore'
[0.532s] Level 1:colcon.colcon_core.package_identification:_identify(/home/rajpurkar/Rahul/ur5_simulation/src) by extension 'ignore_ament_install'
[0.532s] Level 1:colcon.colcon_core.package_identification:_identify(/home/rajpurkar/Rahul/ur5_simulation/src) by extensions ['colcon_pkg']
[0.532s] Level 1:colcon.colcon_core.package_identification:_identify(/home/rajpurkar/Rahul/ur5_simulation/src) by extension 'colcon_pkg'
[0.532s] Level 1:colcon.colcon_core.package_identification:_identify(/home/rajpurkar/Rahul/ur5_simulation/src) by extensions ['colcon_meta']
[0.532s] Level 1:colcon.colcon_core.package_identification:_identify(/home/rajpurkar/Rahul/ur5_simulation/src) by extension 'colcon_meta'
[0.532s] Level 1:colcon.colcon_core.package_identification:_identify(/home/rajpurkar/Rahul/ur5_simulation/src) by extensions ['ros']
[0.532s] Level 1:colcon.colcon_core.package_identification:_identify(/home/rajpurkar/Rahul/ur5_simulation/src) by extension 'ros'
[0.533s] Level 1:colcon.colcon_core.package_identification:_identify(/home/rajpurkar/Rahul/ur5_simulation/src) by extensions ['cmake', 'python']
[0.533s] Level 1:colcon.colcon_core.package_identification:_identify(/home/rajpurkar/Rahul/ur5_simulation/src) by extension 'cmake'
[0.533s] Level 1:colcon.colcon_core.package_identification:_identify(/home/rajpurkar/Rahul/ur5_simulation/src) by extension 'python'
[0.533s] Level 1:colcon.colcon_core.package_identification:_identify(/home/rajpurkar/Rahul/ur5_simulation/src) by extensions ['python_setup_py']
[0.533s] Level 1:colcon.colcon_core.package_identification:_identify(/home/rajpurkar/Rahul/ur5_simulation/src) by extension 'python_setup_py'
[0.533s] Level 1:colcon.colcon_core.package_identification:_identify(/home/rajpurkar/Rahul/ur5_simulation/src/data_collection) by extensions ['ignore', 'ignore_ament_install']
[0.534s] Level 1:colcon.colcon_core.package_identification:_identify(/home/rajpurkar/Rahul/ur5_simulation/src/data_collection) by extension 'ignore'
[0.534s] Level 1:colcon.colcon_core.package_identification:_identify(/home/rajpurkar/Rahul/ur5_simulation/src/data_collection) by extension 'ignore_ament_install'
[0.534s] Level 1:colcon.colcon_core.package_identification:_identify(/home/rajpurkar/Rahul/ur5_simulation/src/data_collection) by extensions ['colcon_pkg']
[0.534s] Level 1:colcon.colcon_core.package_identification:_identify(/home/rajpurkar/Rahul/ur5_simulation/src/data_collection) by extension 'colcon_pkg'
[0.534s] Level 1:colcon.colcon_core.package_identification:_identify(/home/rajpurkar/Rahul/ur5_simulation/src/data_collection) by extensions ['colcon_meta']
[0.534s] Level 1:colcon.colcon_core.package_identification:_identify(/home/rajpurkar/Rahul/ur5_simulation/src/data_collection) by extension 'colcon_meta'
[0.534s] Level 1:colcon.colcon_core.package_identification:_identify(/home/rajpurkar/Rahul/ur5_simulation/src/data_collection) by extensions ['ros']
[0.534s] Level 1:colcon.colcon_core.package_identification:_identify(/home/rajpurkar/Rahul/ur5_simulation/src/data_collection) by extension 'ros'
[0.540s] DEBUG:colcon.colcon_core.package_identification:Package '/home/rajpurkar/Rahul/ur5_simulation/src/data_collection' with type 'ros.ament_cmake' and name 'data_collection'
[0.540s] Level 1:colcon.colcon_core.package_identification:_identify(/home/rajpurkar/Rahul/ur5_simulation/src/moveit_servo) by extensions ['ignore', 'ignore_ament_install']
[0.541s] Level 1:colcon.colcon_core.package_identification:_identify(/home/rajpurkar/Rahul/ur5_simulation/src/moveit_servo) by extension 'ignore'
[0.541s] Level 1:colcon.colcon_core.package_identification:_identify(/home/rajpurkar/Rahul/ur5_simulation/src/moveit_servo) by extension 'ignore_ament_install'
[0.541s] Level 1:colcon.colcon_core.package_identification:_identify(/home/rajpurkar/Rahul/ur5_simulation/src/moveit_servo) by extensions ['colcon_pkg']
[0.541s] Level 1:colcon.colcon_core.package_identification:_identify(/home/rajpurkar/Rahul/ur5_simulation/src/moveit_servo) by extension 'colcon_pkg'
[0.541s] Level 1:colcon.colcon_core.package_identification:_identify(/home/rajpurkar/Rahul/ur5_simulation/src/moveit_servo) by extensions ['colcon_meta']
[0.541s] Level 1:colcon.colcon_core.package_identification:_identify(/home/rajpurkar/Rahul/ur5_simulation/src/moveit_servo) by extension 'colcon_meta'
[0.541s] Level 1:colcon.colcon_core.package_identification:_identify(/home/rajpurkar/Rahul/ur5_simulation/src/moveit_servo) by extensions ['ros']
[0.541s] Level 1:colcon.colcon_core.package_identification:_identify(/home/rajpurkar/Rahul/ur5_simulation/src/moveit_servo) by extension 'ros'
[0.546s] DEBUG:colcon.colcon_core.package_identification:Package '/home/rajpurkar/Rahul/ur5_simulation/src/moveit_servo' with type 'ros.ament_cmake' and name 'moveit_servo'
[0.547s] Level 1:colcon.colcon_core.package_identification:_identify(/home/rajpurkar/Rahul/ur5_simulation/src/ur5_description) by extensions ['ignore', 'ignore_ament_install']
[0.547s] Level 1:colcon.colcon_core.package_identification:_identify(/home/rajpurkar/Rahul/ur5_simulation/src/ur5_description) by extension 'ignore'
[0.547s] Level 1:colcon.colcon_core.package_identification:_identify(/home/rajpurkar/Rahul/ur5_simulation/src/ur5_description) by extension 'ignore_ament_install'
[0.547s] Level 1:colcon.colcon_core.package_identification:_identify(/home/rajpurkar/Rahul/ur5_simulation/src/ur5_description) by extensions ['colcon_pkg']
[0.547s] Level 1:colcon.colcon_core.package_identification:_identify(/home/rajpurkar/Rahul/ur5_simulation/src/ur5_description) by extension 'colcon_pkg'
[0.547s] Level 1:colcon.colcon_core.package_identification:_identify(/home/rajpurkar/Rahul/ur5_simulation/src/ur5_description) by extensions ['colcon_meta']
[0.547s] Level 1:colcon.colcon_core.package_identification:_identify(/home/rajpurkar/Rahul/ur5_simulation/src/ur5_description) by extension 'colcon_meta'
[0.547s] Level 1:colcon.colcon_core.package_identification:_identify(/home/rajpurkar/Rahul/ur5_simulation/src/ur5_description) by extensions ['ros']
[0.548s] Level 1:colcon.colcon_core.package_identification:_identify(/home/rajpurkar/Rahul/ur5_simulation/src/ur5_description) by extension 'ros'
[0.549s] DEBUG:colcon.colcon_core.package_identification:Package '/home/rajpurkar/Rahul/ur5_simulation/src/ur5_description' with type 'ros.ament_cmake' and name 'ur5_description'
[0.549s] Level 1:colcon.colcon_core.package_identification:_identify(/home/rajpurkar/Rahul/ur5_simulation/src/ur5_moveit_config) by extensions ['ignore', 'ignore_ament_install']
[0.549s] Level 1:colcon.colcon_core.package_identification:_identify(/home/rajpurkar/Rahul/ur5_simulation/src/ur5_moveit_config) by extension 'ignore'
[0.549s] Level 1:colcon.colcon_core.package_identification:_identify(/home/rajpurkar/Rahul/ur5_simulation/src/ur5_moveit_config) by extension 'ignore_ament_install'
[0.549s] Level 1:colcon.colcon_core.package_identification:_identify(/home/rajpurkar/Rahul/ur5_simulation/src/ur5_moveit_config) by extensions ['colcon_pkg']
[0.549s] Level 1:colcon.colcon_core.package_identification:_identify(/home/rajpurkar/Rahul/ur5_simulation/src/ur5_moveit_config) by extension 'colcon_pkg'
[0.550s] Level 1:colcon.colcon_core.package_identification:_identify(/home/rajpurkar/Rahul/ur5_simulation/src/ur5_moveit_config) by extensions ['colcon_meta']
[0.550s] Level 1:colcon.colcon_core.package_identification:_identify(/home/rajpurkar/Rahul/ur5_simulation/src/ur5_moveit_config) by extension 'colcon_meta'
[0.550s] Level 1:colcon.colcon_core.package_identification:_identify(/home/rajpurkar/Rahul/ur5_simulation/src/ur5_moveit_config) by extensions ['ros']
[0.550s] Level 1:colcon.colcon_core.package_identification:_identify(/home/rajpurkar/Rahul/ur5_simulation/src/ur5_moveit_config) by extension 'ros'
[0.552s] DEBUG:colcon.colcon_core.package_identification:Package '/home/rajpurkar/Rahul/ur5_simulation/src/ur5_moveit_config' with type 'ros.ament_cmake' and name 'ur5_moveit_config'
[0.552s] Level 1:colcon.colcon_core.package_identification:_identify(/home/rajpurkar/Rahul/ur5_simulation/tbar) by extensions ['ignore', 'ignore_ament_install']
[0.552s] Level 1:colcon.colcon_core.package_identification:_identify(/home/rajpurkar/Rahul/ur5_simulation/tbar) by extension 'ignore'
[0.552s] Level 1:colcon.colcon_core.package_identification:_identify(/home/rajpurkar/Rahul/ur5_simulation/tbar) by extension 'ignore_ament_install'
[0.552s] Level 1:colcon.colcon_core.package_identification:_identify(/home/rajpurkar/Rahul/ur5_simulation/tbar) by extensions ['colcon_pkg']
[0.552s] Level 1:colcon.colcon_core.package_identification:_identify(/home/rajpurkar/Rahul/ur5_simulation/tbar) by extension 'colcon_pkg'
[0.552s] Level 1:colcon.colcon_core.package_identification:_identify(/home/rajpurkar/Rahul/ur5_simulation/tbar) by extensions ['colcon_meta']
[0.553s] Level 1:colcon.colcon_core.package_identification:_identify(/home/rajpurkar/Rahul/ur5_simulation/tbar) by extension 'colcon_meta'
[0.553s] Level 1:colcon.colcon_core.package_identification:_identify(/home/rajpurkar/Rahul/ur5_simulation/tbar) by extensions ['ros']
[0.553s] Level 1:colcon.colcon_core.package_identification:_identify(/home/rajpurkar/Rahul/ur5_simulation/tbar) by extension 'ros'
[0.553s] Level 1:colcon.colcon_core.package_identification:_identify(/home/rajpurkar/Rahul/ur5_simulation/tbar) by extensions ['cmake', 'python']
[0.553s] Level 1:colcon.colcon_core.package_identification:_identify(/home/rajpurkar/Rahul/ur5_simulation/tbar) by extension 'cmake'
[0.553s] Level 1:colcon.colcon_core.package_identification:_identify(/home/rajpurkar/Rahul/ur5_simulation/tbar) by extension 'python'
[0.553s] Level 1:colcon.colcon_core.package_identification:_identify(/home/rajpurkar/Rahul/ur5_simulation/tbar) by extensions ['python_setup_py']
[0.553s] Level 1:colcon.colcon_core.package_identification:_identify(/home/rajpurkar/Rahul/ur5_simulation/tbar) by extension 'python_setup_py'
[0.553s] Level 1:colcon.colcon_core.package_identification:_identify(/home/rajpurkar/Rahul/ur5_simulation/tbar/tbar) by extensions ['ignore', 'ignore_ament_install']
[0.554s] Level 1:colcon.colcon_core.package_identification:_identify(/home/rajpurkar/Rahul/ur5_simulation/tbar/tbar) by extension 'ignore'
[0.554s] Level 1:colcon.colcon_core.package_identification:_identify(/home/rajpurkar/Rahul/ur5_simulation/tbar/tbar) by extension 'ignore_ament_install'
[0.554s] Level 1:colcon.colcon_core.package_identification:_identify(/home/rajpurkar/Rahul/ur5_simulation/tbar/tbar) by extensions ['colcon_pkg']
[0.554s] Level 1:colcon.colcon_core.package_identification:_identify(/home/rajpurkar/Rahul/ur5_simulation/tbar/tbar) by extension 'colcon_pkg'
[0.554s] Level 1:colcon.colcon_core.package_identification:_identify(/home/rajpurkar/Rahul/ur5_simulation/tbar/tbar) by extensions ['colcon_meta']
[0.554s] Level 1:colcon.colcon_core.package_identification:_identify(/home/rajpurkar/Rahul/ur5_simulation/tbar/tbar) by extension 'colcon_meta'
[0.554s] Level 1:colcon.colcon_core.package_identification:_identify(/home/rajpurkar/Rahul/ur5_simulation/tbar/tbar) by extensions ['ros']
[0.554s] Level 1:colcon.colcon_core.package_identification:_identify(/home/rajpurkar/Rahul/ur5_simulation/tbar/tbar) by extension 'ros'
[0.554s] Level 1:colcon.colcon_core.package_identification:_identify(/home/rajpurkar/Rahul/ur5_simulation/tbar/tbar) by extensions ['cmake', 'python']
[0.555s] Level 1:colcon.colcon_core.package_identification:_identify(/home/rajpurkar/Rahul/ur5_simulation/tbar/tbar) by extension 'cmake'
[0.555s] Level 1:colcon.colcon_core.package_identification:_identify(/home/rajpurkar/Rahul/ur5_simulation/tbar/tbar) by extension 'python'
[0.555s] Level 1:colcon.colcon_core.package_identification:_identify(/home/rajpurkar/Rahul/ur5_simulation/tbar/tbar) by extensions ['python_setup_py']
[0.555s] Level 1:colcon.colcon_core.package_identification:_identify(/home/rajpurkar/Rahul/ur5_simulation/tbar/tbar) by extension 'python_setup_py'
[0.555s] Level 1:colcon.colcon_core.package_identification:_identify(/home/rajpurkar/Rahul/ur5_simulation/tbar/tbar/configuration) by extensions ['ignore', 'ignore_ament_install']
[0.555s] Level 1:colcon.colcon_core.package_identification:_identify(/home/rajpurkar/Rahul/ur5_simulation/tbar/tbar/configuration) by extension 'ignore'
[0.555s] Level 1:colcon.colcon_core.package_identification:_identify(/home/rajpurkar/Rahul/ur5_simulation/tbar/tbar/configuration) by extension 'ignore_ament_install'
[0.555s] Level 1:colcon.colcon_core.package_identification:_identify(/home/rajpurkar/Rahul/ur5_simulation/tbar/tbar/configuration) by extensions ['colcon_pkg']
[0.555s] Level 1:colcon.colcon_core.package_identification:_identify(/home/rajpurkar/Rahul/ur5_simulation/tbar/tbar/configuration) by extension 'colcon_pkg'
[0.556s] Level 1:colcon.colcon_core.package_identification:_identify(/home/rajpurkar/Rahul/ur5_simulation/tbar/tbar/configuration) by extensions ['colcon_meta']
[0.556s] Level 1:colcon.colcon_core.package_identification:_identify(/home/rajpurkar/Rahul/ur5_simulation/tbar/tbar/configuration) by extension 'colcon_meta'
[0.556s] Level 1:colcon.colcon_core.package_identification:_identify(/home/rajpurkar/Rahul/ur5_simulation/tbar/tbar/configuration) by extensions ['ros']
[0.556s] Level 1:colcon.colcon_core.package_identification:_identify(/home/rajpurkar/Rahul/ur5_simulation/tbar/tbar/configuration) by extension 'ros'
[0.556s] Level 1:colcon.colcon_core.package_identification:_identify(/home/rajpurkar/Rahul/ur5_simulation/tbar/tbar/configuration) by extensions ['cmake', 'python']
[0.556s] Level 1:colcon.colcon_core.package_identification:_identify(/home/rajpurkar/Rahul/ur5_simulation/tbar/tbar/configuration) by extension 'cmake'
[0.556s] Level 1:colcon.colcon_core.package_identification:_identify(/home/rajpurkar/Rahul/ur5_simulation/tbar/tbar/configuration) by extension 'python'
[0.556s] Level 1:colcon.colcon_core.package_identification:_identify(/home/rajpurkar/Rahul/ur5_simulation/tbar/tbar/configuration) by extensions ['python_setup_py']
[0.556s] Level 1:colcon.colcon_core.package_identification:_identify(/home/rajpurkar/Rahul/ur5_simulation/tbar/tbar/configuration) by extension 'python_setup_py'
[0.557s] Level 1:colcon.colcon_core.package_identification:_identify(/home/rajpurkar/Rahul/ur5_simulation/training_data) by extensions ['ignore', 'ignore_ament_install']
[0.557s] Level 1:colcon.colcon_core.package_identification:_identify(/home/rajpurkar/Rahul/ur5_simulation/training_data) by extension 'ignore'
[0.557s] Level 1:colcon.colcon_core.package_identification:_identify(/home/rajpurkar/Rahul/ur5_simulation/training_data) by extension 'ignore_ament_install'
[0.557s] Level 1:colcon.colcon_core.package_identification:_identify(/home/rajpurkar/Rahul/ur5_simulation/training_data) by extensions ['colcon_pkg']
[0.557s] Level 1:colcon.colcon_core.package_identification:_identify(/home/rajpurkar/Rahul/ur5_simulation/training_data) by extension 'colcon_pkg'
[0.557s] Level 1:colcon.colcon_core.package_identification:_identify(/home/rajpurkar/Rahul/ur5_simulation/training_data) by extensions ['colcon_meta']
[0.557s] Level 1:colcon.colcon_core.package_identification:_identify(/home/rajpurkar/Rahul/ur5_simulation/training_data) by extension 'colcon_meta'
[0.557s] Level 1:colcon.colcon_core.package_identification:_identify(/home/rajpurkar/Rahul/ur5_simulation/training_data) by extensions ['ros']
[0.557s] Level 1:colcon.colcon_core.package_identification:_identify(/home/rajpurkar/Rahul/ur5_simulation/training_data) by extension 'ros'
[0.558s] Level 1:colcon.colcon_core.package_identification:_identify(/home/rajpurkar/Rahul/ur5_simulation/training_data) by extensions ['cmake', 'python']
[0.558s] Level 1:colcon.colcon_core.package_identification:_identify(/home/rajpurkar/Rahul/ur5_simulation/training_data) by extension 'cmake'
[0.558s] Level 1:colcon.colcon_core.package_identification:_identify(/home/rajpurkar/Rahul/ur5_simulation/training_data) by extension 'python'
[0.558s] Level 1:colcon.colcon_core.package_identification:_identify(/home/rajpurkar/Rahul/ur5_simulation/training_data) by extensions ['python_setup_py']
[0.558s] Level 1:colcon.colcon_core.package_identification:_identify(/home/rajpurkar/Rahul/ur5_simulation/training_data) by extension 'python_setup_py'
[0.558s] Level 1:colcon.colcon_core.package_identification:_identify(/home/rajpurkar/Rahul/ur5_simulation/training_data/lerobot) by extensions ['ignore', 'ignore_ament_install']
[0.558s] Level 1:colcon.colcon_core.package_identification:_identify(/home/rajpurkar/Rahul/ur5_simulation/training_data/lerobot) by extension 'ignore'
[0.558s] Level 1:colcon.colcon_core.package_identification:_identify(/home/rajpurkar/Rahul/ur5_simulation/training_data/lerobot) by extension 'ignore_ament_install'
[0.559s] Level 1:colcon.colcon_core.package_identification:_identify(/home/rajpurkar/Rahul/ur5_simulation/training_data/lerobot) by extensions ['colcon_pkg']
[0.559s] Level 1:colcon.colcon_core.package_identification:_identify(/home/rajpurkar/Rahul/ur5_simulation/training_data/lerobot) by extension 'colcon_pkg'
[0.559s] Level 1:colcon.colcon_core.package_identification:_identify(/home/rajpurkar/Rahul/ur5_simulation/training_data/lerobot) by extensions ['colcon_meta']
[0.559s] Level 1:colcon.colcon_core.package_identification:_identify(/home/rajpurkar/Rahul/ur5_simulation/training_data/lerobot) by extension 'colcon_meta'
[0.559s] Level 1:colcon.colcon_core.package_identification:_identify(/home/rajpurkar/Rahul/ur5_simulation/training_data/lerobot) by extensions ['ros']
[0.559s] Level 1:colcon.colcon_core.package_identification:_identify(/home/rajpurkar/Rahul/ur5_simulation/training_data/lerobot) by extension 'ros'
[0.559s] Level 1:colcon.colcon_core.package_identification:_identify(/home/rajpurkar/Rahul/ur5_simulation/training_data/lerobot) by extensions ['cmake', 'python']
[0.559s] Level 1:colcon.colcon_core.package_identification:_identify(/home/rajpurkar/Rahul/ur5_simulation/training_data/lerobot) by extension 'cmake'
[0.559s] Level 1:colcon.colcon_core.package_identification:_identify(/home/rajpurkar/Rahul/ur5_simulation/training_data/lerobot) by extension 'python'
[0.559s] Level 1:colcon.colcon_core.package_identification:_identify(/home/rajpurkar/Rahul/ur5_simulation/training_data/lerobot) by extensions ['python_setup_py']
[0.559s] Level 1:colcon.colcon_core.package_identification:_identify(/home/rajpurkar/Rahul/ur5_simulation/training_data/lerobot) by extension 'python_setup_py'
[0.560s] Level 1:colcon.colcon_core.package_identification:_identify(/home/rajpurkar/Rahul/ur5_simulation/training_data/lerobot/my_pusht) by extensions ['ignore', 'ignore_ament_install']
[0.560s] Level 1:colcon.colcon_core.package_identification:_identify(/home/rajpurkar/Rahul/ur5_simulation/training_data/lerobot/my_pusht) by extension 'ignore'
[0.560s] Level 1:colcon.colcon_core.package_identification:_identify(/home/rajpurkar/Rahul/ur5_simulation/training_data/lerobot/my_pusht) by extension 'ignore_ament_install'
[0.560s] Level 1:colcon.colcon_core.package_identification:_identify(/home/rajpurkar/Rahul/ur5_simulation/training_data/lerobot/my_pusht) by extensions ['colcon_pkg']
[0.560s] Level 1:colcon.colcon_core.package_identification:_identify(/home/rajpurkar/Rahul/ur5_simulation/training_data/lerobot/my_pusht) by extension 'colcon_pkg'
[0.561s] Level 1:colcon.colcon_core.package_identification:_identify(/home/rajpurkar/Rahul/ur5_simulation/training_data/lerobot/my_pusht) by extensions ['colcon_meta']
[0.561s] Level 1:colcon.colcon_core.package_identification:_identify(/home/rajpurkar/Rahul/ur5_simulation/training_data/lerobot/my_pusht) by extension 'colcon_meta'
[0.561s] Level 1:colcon.colcon_core.package_identification:_identify(/home/rajpurkar/Rahul/ur5_simulation/training_data/lerobot/my_pusht) by extensions ['ros']
[0.561s] Level 1:colcon.colcon_core.package_identification:_identify(/home/rajpurkar/Rahul/ur5_simulation/training_data/lerobot/my_pusht) by extension 'ros'
[0.561s] Level 1:colcon.colcon_core.package_identification:_identify(/home/rajpurkar/Rahul/ur5_simulation/training_data/lerobot/my_pusht) by extensions ['cmake', 'python']
[0.561s] Level 1:colcon.colcon_core.package_identification:_identify(/home/rajpurkar/Rahul/ur5_simulation/training_data/lerobot/my_pusht) by extension 'cmake'
[0.561s] Level 1:colcon.colcon_core.package_identification:_identify(/home/rajpurkar/Rahul/ur5_simulation/training_data/lerobot/my_pusht) by extension 'python'
[0.561s] Level 1:colcon.colcon_core.package_identification:_identify(/home/rajpurkar/Rahul/ur5_simulation/training_data/lerobot/my_pusht) by extensions ['python_setup_py']
[0.561s] Level 1:colcon.colcon_core.package_identification:_identify(/home/rajpurkar/Rahul/ur5_simulation/training_data/lerobot/my_pusht) by extension 'python_setup_py'
[0.562s] Level 1:colcon.colcon_core.package_identification:_identify(/home/rajpurkar/Rahul/ur5_simulation/training_data/lerobot/my_pusht/data) by extensions ['ignore', 'ignore_ament_install']
[0.562s] Level 1:colcon.colcon_core.package_identification:_identify(/home/rajpurkar/Rahul/ur5_simulation/training_data/lerobot/my_pusht/data) by extension 'ignore'
[0.562s] Level 1:colcon.colcon_core.package_identification:_identify(/home/rajpurkar/Rahul/ur5_simulation/training_data/lerobot/my_pusht/data) by extension 'ignore_ament_install'
[0.562s] Level 1:colcon.colcon_core.package_identification:_identify(/home/rajpurkar/Rahul/ur5_simulation/training_data/lerobot/my_pusht/data) by extensions ['colcon_pkg']
[0.562s] Level 1:colcon.colcon_core.package_identification:_identify(/home/rajpurkar/Rahul/ur5_simulation/training_data/lerobot/my_pusht/data) by extension 'colcon_pkg'
[0.562s] Level 1:colcon.colcon_core.package_identification:_identify(/home/rajpurkar/Rahul/ur5_simulation/training_data/lerobot/my_pusht/data) by extensions ['colcon_meta']
[0.562s] Level 1:colcon.colcon_core.package_identification:_identify(/home/rajpurkar/Rahul/ur5_simulation/training_data/lerobot/my_pusht/data) by extension 'colcon_meta'
[0.562s] Level 1:colcon.colcon_core.package_identification:_identify(/home/rajpurkar/Rahul/ur5_simulation/training_data/lerobot/my_pusht/data) by extensions ['ros']
[0.562s] Level 1:colcon.colcon_core.package_identification:_identify(/home/rajpurkar/Rahul/ur5_simulation/training_data/lerobot/my_pusht/data) by extension 'ros'
[0.562s] Level 1:colcon.colcon_core.package_identification:_identify(/home/rajpurkar/Rahul/ur5_simulation/training_data/lerobot/my_pusht/data) by extensions ['cmake', 'python']
[0.563s] Level 1:colcon.colcon_core.package_identification:_identify(/home/rajpurkar/Rahul/ur5_simulation/training_data/lerobot/my_pusht/data) by extension 'cmake'
[0.563s] Level 1:colcon.colcon_core.package_identification:_identify(/home/rajpurkar/Rahul/ur5_simulation/training_data/lerobot/my_pusht/data) by extension 'python'
[0.563s] Level 1:colcon.colcon_core.package_identification:_identify(/home/rajpurkar/Rahul/ur5_simulation/training_data/lerobot/my_pusht/data) by extensions ['python_setup_py']
[0.563s] Level 1:colcon.colcon_core.package_identification:_identify(/home/rajpurkar/Rahul/ur5_simulation/training_data/lerobot/my_pusht/data) by extension 'python_setup_py'
[0.563s] Level 1:colcon.colcon_core.package_identification:_identify(/home/rajpurkar/Rahul/ur5_simulation/training_data/lerobot/my_pusht/data/chunk-000) by extensions ['ignore', 'ignore_ament_install']
[0.563s] Level 1:colcon.colcon_core.package_identification:_identify(/home/rajpurkar/Rahul/ur5_simulation/training_data/lerobot/my_pusht/data/chunk-000) by extension 'ignore'
[0.563s] Level 1:colcon.colcon_core.package_identification:_identify(/home/rajpurkar/Rahul/ur5_simulation/training_data/lerobot/my_pusht/data/chunk-000) by extension 'ignore_ament_install'
[0.563s] Level 1:colcon.colcon_core.package_identification:_identify(/home/rajpurkar/Rahul/ur5_simulation/training_data/lerobot/my_pusht/data/chunk-000) by extensions ['colcon_pkg']
[0.564s] Level 1:colcon.colcon_core.package_identification:_identify(/home/rajpurkar/Rahul/ur5_simulation/training_data/lerobot/my_pusht/data/chunk-000) by extension 'colcon_pkg'
[0.564s] Level 1:colcon.colcon_core.package_identification:_identify(/home/rajpurkar/Rahul/ur5_simulation/training_data/lerobot/my_pusht/data/chunk-000) by extensions ['colcon_meta']
[0.564s] Level 1:colcon.colcon_core.package_identification:_identify(/home/rajpurkar/Rahul/ur5_simulation/training_data/lerobot/my_pusht/data/chunk-000) by extension 'colcon_meta'
[0.564s] Level 1:colcon.colcon_core.package_identification:_identify(/home/rajpurkar/Rahul/ur5_simulation/training_data/lerobot/my_pusht/data/chunk-000) by extensions ['ros']
[0.564s] Level 1:colcon.colcon_core.package_identification:_identify(/home/rajpurkar/Rahul/ur5_simulation/training_data/lerobot/my_pusht/data/chunk-000) by extension 'ros'
[0.564s] Level 1:colcon.colcon_core.package_identification:_identify(/home/rajpurkar/Rahul/ur5_simulation/training_data/lerobot/my_pusht/data/chunk-000) by extensions ['cmake', 'python']
[0.564s] Level 1:colcon.colcon_core.package_identification:_identify(/home/rajpurkar/Rahul/ur5_simulation/training_data/lerobot/my_pusht/data/chunk-000) by extension 'cmake'
[0.564s] Level 1:colcon.colcon_core.package_identification:_identify(/home/rajpurkar/Rahul/ur5_simulation/training_data/lerobot/my_pusht/data/chunk-000) by extension 'python'
[0.564s] Level 1:colcon.colcon_core.package_identification:_identify(/home/rajpurkar/Rahul/ur5_simulation/training_data/lerobot/my_pusht/data/chunk-000) by extensions ['python_setup_py']
[0.564s] Level 1:colcon.colcon_core.package_identification:_identify(/home/rajpurkar/Rahul/ur5_simulation/training_data/lerobot/my_pusht/data/chunk-000) by extension 'python_setup_py'
[0.565s] Level 1:colcon.colcon_core.package_identification:_identify(/home/rajpurkar/Rahul/ur5_simulation/training_data/lerobot/my_pusht/meta) by extensions ['ignore', 'ignore_ament_install']
[0.565s] Level 1:colcon.colcon_core.package_identification:_identify(/home/rajpurkar/Rahul/ur5_simulation/training_data/lerobot/my_pusht/meta) by extension 'ignore'
[0.565s] Level 1:colcon.colcon_core.package_identification:_identify(/home/rajpurkar/Rahul/ur5_simulation/training_data/lerobot/my_pusht/meta) by extension 'ignore_ament_install'
[0.565s] Level 1:colcon.colcon_core.package_identification:_identify(/home/rajpurkar/Rahul/ur5_simulation/training_data/lerobot/my_pusht/meta) by extensions ['colcon_pkg']
[0.565s] Level 1:colcon.colcon_core.package_identification:_identify(/home/rajpurkar/Rahul/ur5_simulation/training_data/lerobot/my_pusht/meta) by extension 'colcon_pkg'
[0.565s] Level 1:colcon.colcon_core.package_identification:_identify(/home/rajpurkar/Rahul/ur5_simulation/training_data/lerobot/my_pusht/meta) by extensions ['colcon_meta']
[0.565s] Level 1:colcon.colcon_core.package_identification:_identify(/home/rajpurkar/Rahul/ur5_simulation/training_data/lerobot/my_pusht/meta) by extension 'colcon_meta'
[0.566s] Level 1:colcon.colcon_core.package_identification:_identify(/home/rajpurkar/Rahul/ur5_simulation/training_data/lerobot/my_pusht/meta) by extensions ['ros']
[0.566s] Level 1:colcon.colcon_core.package_identification:_identify(/home/rajpurkar/Rahul/ur5_simulation/training_data/lerobot/my_pusht/meta) by extension 'ros'
[0.566s] Level 1:colcon.colcon_core.package_identification:_identify(/home/rajpurkar/Rahul/ur5_simulation/training_data/lerobot/my_pusht/meta) by extensions ['cmake', 'python']
[0.566s] Level 1:colcon.colcon_core.package_identification:_identify(/home/rajpurkar/Rahul/ur5_simulation/training_data/lerobot/my_pusht/meta) by extension 'cmake'
[0.566s] Level 1:colcon.colcon_core.package_identification:_identify(/home/rajpurkar/Rahul/ur5_simulation/training_data/lerobot/my_pusht/meta) by extension 'python'
[0.566s] Level 1:colcon.colcon_core.package_identification:_identify(/home/rajpurkar/Rahul/ur5_simulation/training_data/lerobot/my_pusht/meta) by extensions ['python_setup_py']
[0.566s] Level 1:colcon.colcon_core.package_identification:_identify(/home/rajpurkar/Rahul/ur5_simulation/training_data/lerobot/my_pusht/meta) by extension 'python_setup_py'
[0.567s] Level 1:colcon.colcon_core.package_identification:_identify(/home/rajpurkar/Rahul/ur5_simulation/training_data/lerobot/my_pusht/videos) by extensions ['ignore', 'ignore_ament_install']
[0.567s] Level 1:colcon.colcon_core.package_identification:_identify(/home/rajpurkar/Rahul/ur5_simulation/training_data/lerobot/my_pusht/videos) by extension 'ignore'
[0.567s] Level 1:colcon.colcon_core.package_identification:_identify(/home/rajpurkar/Rahul/ur5_simulation/training_data/lerobot/my_pusht/videos) by extension 'ignore_ament_install'
[0.567s] Level 1:colcon.colcon_core.package_identification:_identify(/home/rajpurkar/Rahul/ur5_simulation/training_data/lerobot/my_pusht/videos) by extensions ['colcon_pkg']
[0.567s] Level 1:colcon.colcon_core.package_identification:_identify(/home/rajpurkar/Rahul/ur5_simulation/training_data/lerobot/my_pusht/videos) by extension 'colcon_pkg'
[0.567s] Level 1:colcon.colcon_core.package_identification:_identify(/home/rajpurkar/Rahul/ur5_simulation/training_data/lerobot/my_pusht/videos) by extensions ['colcon_meta']
[0.567s] Level 1:colcon.colcon_core.package_identification:_identify(/home/rajpurkar/Rahul/ur5_simulation/training_data/lerobot/my_pusht/videos) by extension 'colcon_meta'
[0.568s] Level 1:colcon.colcon_core.package_identification:_identify(/home/rajpurkar/Rahul/ur5_simulation/training_data/lerobot/my_pusht/videos) by extensions ['ros']
[0.568s] Level 1:colcon.colcon_core.package_identification:_identify(/home/rajpurkar/Rahul/ur5_simulation/training_data/lerobot/my_pusht/videos) by extension 'ros'
[0.568s] Level 1:colcon.colcon_core.package_identification:_identify(/home/rajpurkar/Rahul/ur5_simulation/training_data/lerobot/my_pusht/videos) by extensions ['cmake', 'python']
[0.568s] Level 1:colcon.colcon_core.package_identification:_identify(/home/rajpurkar/Rahul/ur5_simulation/training_data/lerobot/my_pusht/videos) by extension 'cmake'
[0.568s] Level 1:colcon.colcon_core.package_identification:_identify(/home/rajpurkar/Rahul/ur5_simulation/training_data/lerobot/my_pusht/videos) by extension 'python'
[0.568s] Level 1:colcon.colcon_core.package_identification:_identify(/home/rajpurkar/Rahul/ur5_simulation/training_data/lerobot/my_pusht/videos) by extensions ['python_setup_py']
[0.568s] Level 1:colcon.colcon_core.package_identification:_identify(/home/rajpurkar/Rahul/ur5_simulation/training_data/lerobot/my_pusht/videos) by extension 'python_setup_py'
[0.569s] Level 1:colcon.colcon_core.package_identification:_identify(/home/rajpurkar/Rahul/ur5_simulation/training_data/lerobot/my_pusht/videos/chunk-000) by extensions ['ignore', 'ignore_ament_install']
[0.569s] Level 1:colcon.colcon_core.package_identification:_identify(/home/rajpurkar/Rahul/ur5_simulation/training_data/lerobot/my_pusht/videos/chunk-000) by extension 'ignore'
[0.569s] Level 1:colcon.colcon_core.package_identification:_identify(/home/rajpurkar/Rahul/ur5_simulation/training_data/lerobot/my_pusht/videos/chunk-000) by extension 'ignore_ament_install'
[0.569s] Level 1:colcon.colcon_core.package_identification:_identify(/home/rajpurkar/Rahul/ur5_simulation/training_data/lerobot/my_pusht/videos/chunk-000) by extensions ['colcon_pkg']
[0.569s] Level 1:colcon.colcon_core.package_identification:_identify(/home/rajpurkar/Rahul/ur5_simulation/training_data/lerobot/my_pusht/videos/chunk-000) by extension 'colcon_pkg'
[0.569s] Level 1:colcon.colcon_core.package_identification:_identify(/home/rajpurkar/Rahul/ur5_simulation/training_data/lerobot/my_pusht/videos/chunk-000) by extensions ['colcon_meta']
[0.569s] Level 1:colcon.colcon_core.package_identification:_identify(/home/rajpurkar/Rahul/ur5_simulation/training_data/lerobot/my_pusht/videos/chunk-000) by extension 'colcon_meta'
[0.569s] Level 1:colcon.colcon_core.package_identification:_identify(/home/rajpurkar/Rahul/ur5_simulation/training_data/lerobot/my_pusht/videos/chunk-000) by extensions ['ros']
[0.569s] Level 1:colcon.colcon_core.package_identification:_identify(/home/rajpurkar/Rahul/ur5_simulation/training_data/lerobot/my_pusht/videos/chunk-000) by extension 'ros'
[0.569s] Level 1:colcon.colcon_core.package_identification:_identify(/home/rajpurkar/Rahul/ur5_simulation/training_data/lerobot/my_pusht/videos/chunk-000) by extensions ['cmake', 'python']
[0.570s] Level 1:colcon.colcon_core.package_identification:_identify(/home/rajpurkar/Rahul/ur5_simulation/training_data/lerobot/my_pusht/videos/chunk-000) by extension 'cmake'
[0.570s] Level 1:colcon.colcon_core.package_identification:_identify(/home/rajpurkar/Rahul/ur5_simulation/training_data/lerobot/my_pusht/videos/chunk-000) by extension 'python'
[0.570s] Level 1:colcon.colcon_core.package_identification:_identify(/home/rajpurkar/Rahul/ur5_simulation/training_data/lerobot/my_pusht/videos/chunk-000) by extensions ['python_setup_py']
[0.570s] Level 1:colcon.colcon_core.package_identification:_identify(/home/rajpurkar/Rahul/ur5_simulation/training_data/lerobot/my_pusht/videos/chunk-000) by extension 'python_setup_py'
[0.570s] Level 1:colcon.colcon_core.package_identification:_identify(/home/rajpurkar/Rahul/ur5_simulation/training_data/lerobot/my_pusht/videos/chunk-000/observation.image) by extensions ['ignore', 'ignore_ament_install']
[0.570s] Level 1:colcon.colcon_core.package_identification:_identify(/home/rajpurkar/Rahul/ur5_simulation/training_data/lerobot/my_pusht/videos/chunk-000/observation.image) by extension 'ignore'
[0.570s] Level 1:colcon.colcon_core.package_identification:_identify(/home/rajpurkar/Rahul/ur5_simulation/training_data/lerobot/my_pusht/videos/chunk-000/observation.image) by extension 'ignore_ament_install'
[0.570s] Level 1:colcon.colcon_core.package_identification:_identify(/home/rajpurkar/Rahul/ur5_simulation/training_data/lerobot/my_pusht/videos/chunk-000/observation.image) by extensions ['colcon_pkg']
[0.570s] Level 1:colcon.colcon_core.package_identification:_identify(/home/rajpurkar/Rahul/ur5_simulation/training_data/lerobot/my_pusht/videos/chunk-000/observation.image) by extension 'colcon_pkg'
[0.571s] Level 1:colcon.colcon_core.package_identification:_identify(/home/rajpurkar/Rahul/ur5_simulation/training_data/lerobot/my_pusht/videos/chunk-000/observation.image) by extensions ['colcon_meta']
[0.571s] Level 1:colcon.colcon_core.package_identification:_identify(/home/rajpurkar/Rahul/ur5_simulation/training_data/lerobot/my_pusht/videos/chunk-000/observation.image) by extension 'colcon_meta'
[0.571s] Level 1:colcon.colcon_core.package_identification:_identify(/home/rajpurkar/Rahul/ur5_simulation/training_data/lerobot/my_pusht/videos/chunk-000/observation.image) by extensions ['ros']
[0.571s] Level 1:colcon.colcon_core.package_identification:_identify(/home/rajpurkar/Rahul/ur5_simulation/training_data/lerobot/my_pusht/videos/chunk-000/observation.image) by extension 'ros'
[0.571s] Level 1:colcon.colcon_core.package_identification:_identify(/home/rajpurkar/Rahul/ur5_simulation/training_data/lerobot/my_pusht/videos/chunk-000/observation.image) by extensions ['cmake', 'python']
[0.571s] Level 1:colcon.colcon_core.package_identification:_identify(/home/rajpurkar/Rahul/ur5_simulation/training_data/lerobot/my_pusht/videos/chunk-000/observation.image) by extension 'cmake'
[0.571s] Level 1:colcon.colcon_core.package_identification:_identify(/home/rajpurkar/Rahul/ur5_simulation/training_data/lerobot/my_pusht/videos/chunk-000/observation.image) by extension 'python'
[0.572s] Level 1:colcon.colcon_core.package_identification:_identify(/home/rajpurkar/Rahul/ur5_simulation/training_data/lerobot/my_pusht/videos/chunk-000/observation.image) by extensions ['python_setup_py']
[0.572s] Level 1:colcon.colcon_core.package_identification:_identify(/home/rajpurkar/Rahul/ur5_simulation/training_data/lerobot/my_pusht/videos/chunk-000/observation.image) by extension 'python_setup_py'
[0.572s] Level 1:colcon.colcon_core.package_discovery:discover_packages(recursive) using defaults
