[0.005s] Invoking command in '/home/rajpurkar/Rahul/UR5-BarAlign-RL-Isaac-sim/ur5_simulation/build/ur5_moveit_config': AMENT_PREFIX_PATH=/home/rajpurkar/Rahul/UR5-BarAlign-RL-Isaac-sim/ur5_simulation/install/ur5_description:${AMENT_PREFIX_PATH} CMAKE_PREFIX_PATH=/home/rajpurkar/Rahul/UR5-BarAlign-RL-Isaac-sim/ur5_simulation/install/ur5_description:/opt/ros/humble /usr/bin/cmake /home/rajpurkar/Rahul/UR5-BarAlign-RL-Isaac-sim/ur5_simulation/src/ur5_moveit_config -DCMAKE_INSTALL_PREFIX=/home/rajpurkar/Rahul/UR5-BarAlign-RL-Isaac-sim/ur5_simulation/install/ur5_moveit_config
[0.039s] -- The C compiler identification is GNU 11.4.0
[0.074s] -- The CXX compiler identification is GNU 11.4.0
[0.079s] -- Detecting C compiler ABI info
[0.122s] -- Detecting C compiler ABI info - done
[0.128s] -- Check for working C compiler: /usr/bin/cc - skipped
[0.128s] -- Detecting C compile features
[0.129s] -- Detecting C compile features - done
[0.131s] -- Detecting CXX compiler ABI info
[0.182s] -- Detecting CXX compiler ABI info - done
[0.187s] -- Check for working CXX compiler: /usr/bin/c++ - skipped
[0.188s] -- Detecting CXX compile features
[0.188s] -- Detecting CXX compile features - done
[0.190s] -- Found ament_cmake: 1.3.11 (/opt/ros/humble/share/ament_cmake/cmake)
[0.293s] -- Found Python3: /usr/bin/python3 (found version "3.10.12") found components: Interpreter 
[0.414s] -- Configuring done
[0.416s] -- Generating done
[0.417s] -- Build files have been written to: /home/rajpurkar/Rahul/UR5-BarAlign-RL-Isaac-sim/ur5_simulation/build/ur5_moveit_config
[0.420s] Invoked command in '/home/rajpurkar/Rahul/UR5-BarAlign-RL-Isaac-sim/ur5_simulation/build/ur5_moveit_config' returned '0': AMENT_PREFIX_PATH=/home/rajpurkar/Rahul/UR5-BarAlign-RL-Isaac-sim/ur5_simulation/install/ur5_description:${AMENT_PREFIX_PATH} CMAKE_PREFIX_PATH=/home/rajpurkar/Rahul/UR5-BarAlign-RL-Isaac-sim/ur5_simulation/install/ur5_description:/opt/ros/humble /usr/bin/cmake /home/rajpurkar/Rahul/UR5-BarAlign-RL-Isaac-sim/ur5_simulation/src/ur5_moveit_config -DCMAKE_INSTALL_PREFIX=/home/rajpurkar/Rahul/UR5-BarAlign-RL-Isaac-sim/ur5_simulation/install/ur5_moveit_config
[0.421s] Invoking command in '/home/rajpurkar/Rahul/UR5-BarAlign-RL-Isaac-sim/ur5_simulation/build/ur5_moveit_config': AMENT_PREFIX_PATH=/home/rajpurkar/Rahul/UR5-BarAlign-RL-Isaac-sim/ur5_simulation/install/ur5_description:${AMENT_PREFIX_PATH} CMAKE_PREFIX_PATH=/home/rajpurkar/Rahul/UR5-BarAlign-RL-Isaac-sim/ur5_simulation/install/ur5_description:/opt/ros/humble /usr/bin/cmake --build /home/rajpurkar/Rahul/UR5-BarAlign-RL-Isaac-sim/ur5_simulation/build/ur5_moveit_config -- -j16 -l16
[0.444s] Invoked command in '/home/rajpurkar/Rahul/UR5-BarAlign-RL-Isaac-sim/ur5_simulation/build/ur5_moveit_config' returned '0': AMENT_PREFIX_PATH=/home/rajpurkar/Rahul/UR5-BarAlign-RL-Isaac-sim/ur5_simulation/install/ur5_description:${AMENT_PREFIX_PATH} CMAKE_PREFIX_PATH=/home/rajpurkar/Rahul/UR5-BarAlign-RL-Isaac-sim/ur5_simulation/install/ur5_description:/opt/ros/humble /usr/bin/cmake --build /home/rajpurkar/Rahul/UR5-BarAlign-RL-Isaac-sim/ur5_simulation/build/ur5_moveit_config -- -j16 -l16
[0.446s] Invoking command in '/home/rajpurkar/Rahul/UR5-BarAlign-RL-Isaac-sim/ur5_simulation/build/ur5_moveit_config': AMENT_PREFIX_PATH=/home/rajpurkar/Rahul/UR5-BarAlign-RL-Isaac-sim/ur5_simulation/install/ur5_description:${AMENT_PREFIX_PATH} CMAKE_PREFIX_PATH=/home/rajpurkar/Rahul/UR5-BarAlign-RL-Isaac-sim/ur5_simulation/install/ur5_description:/opt/ros/humble /usr/bin/cmake --install /home/rajpurkar/Rahul/UR5-BarAlign-RL-Isaac-sim/ur5_simulation/build/ur5_moveit_config
[0.451s] -- Install configuration: ""
[0.451s] -- Installing: /home/rajpurkar/Rahul/UR5-BarAlign-RL-Isaac-sim/ur5_simulation/install/ur5_moveit_config/share/ament_index/resource_index/package_run_dependencies/ur5_moveit_config
[0.451s] -- Installing: /home/rajpurkar/Rahul/UR5-BarAlign-RL-Isaac-sim/ur5_simulation/install/ur5_moveit_config/share/ament_index/resource_index/parent_prefix_path/ur5_moveit_config
[0.451s] -- Installing: /home/rajpurkar/Rahul/UR5-BarAlign-RL-Isaac-sim/ur5_simulation/install/ur5_moveit_config/share/ur5_moveit_config/environment/ament_prefix_path.sh
[0.451s] -- Installing: /home/rajpurkar/Rahul/UR5-BarAlign-RL-Isaac-sim/ur5_simulation/install/ur5_moveit_config/share/ur5_moveit_config/environment/ament_prefix_path.dsv
[0.451s] -- Installing: /home/rajpurkar/Rahul/UR5-BarAlign-RL-Isaac-sim/ur5_simulation/install/ur5_moveit_config/share/ur5_moveit_config/environment/path.sh
[0.451s] -- Installing: /home/rajpurkar/Rahul/UR5-BarAlign-RL-Isaac-sim/ur5_simulation/install/ur5_moveit_config/share/ur5_moveit_config/environment/path.dsv
[0.451s] -- Installing: /home/rajpurkar/Rahul/UR5-BarAlign-RL-Isaac-sim/ur5_simulation/install/ur5_moveit_config/share/ur5_moveit_config/local_setup.bash
[0.451s] -- Installing: /home/rajpurkar/Rahul/UR5-BarAlign-RL-Isaac-sim/ur5_simulation/install/ur5_moveit_config/share/ur5_moveit_config/local_setup.sh
[0.451s] -- Installing: /home/rajpurkar/Rahul/UR5-BarAlign-RL-Isaac-sim/ur5_simulation/install/ur5_moveit_config/share/ur5_moveit_config/local_setup.zsh
[0.451s] -- Installing: /home/rajpurkar/Rahul/UR5-BarAlign-RL-Isaac-sim/ur5_simulation/install/ur5_moveit_config/share/ur5_moveit_config/local_setup.dsv
[0.452s] -- Installing: /home/rajpurkar/Rahul/UR5-BarAlign-RL-Isaac-sim/ur5_simulation/install/ur5_moveit_config/share/ur5_moveit_config/package.dsv
[0.452s] -- Installing: /home/rajpurkar/Rahul/UR5-BarAlign-RL-Isaac-sim/ur5_simulation/install/ur5_moveit_config/share/ament_index/resource_index/packages/ur5_moveit_config
[0.452s] -- Installing: /home/rajpurkar/Rahul/UR5-BarAlign-RL-Isaac-sim/ur5_simulation/install/ur5_moveit_config/share/ur5_moveit_config/cmake/ur5_moveit_configConfig.cmake
[0.452s] -- Installing: /home/rajpurkar/Rahul/UR5-BarAlign-RL-Isaac-sim/ur5_simulation/install/ur5_moveit_config/share/ur5_moveit_config/cmake/ur5_moveit_configConfig-version.cmake
[0.452s] -- Installing: /home/rajpurkar/Rahul/UR5-BarAlign-RL-Isaac-sim/ur5_simulation/install/ur5_moveit_config/share/ur5_moveit_config/package.xml
[0.452s] -- Installing: /home/rajpurkar/Rahul/UR5-BarAlign-RL-Isaac-sim/ur5_simulation/install/ur5_moveit_config/share/ur5_moveit_config/launch
[0.452s] -- Installing: /home/rajpurkar/Rahul/UR5-BarAlign-RL-Isaac-sim/ur5_simulation/install/ur5_moveit_config/share/ur5_moveit_config/launch/arm_joy_control.launch.py
[0.452s] -- Installing: /home/rajpurkar/Rahul/UR5-BarAlign-RL-Isaac-sim/ur5_simulation/install/ur5_moveit_config/share/ur5_moveit_config/launch/rsp.launch.py
[0.452s] -- Installing: /home/rajpurkar/Rahul/UR5-BarAlign-RL-Isaac-sim/ur5_simulation/install/ur5_moveit_config/share/ur5_moveit_config/launch/moveit_rviz.launch.py
[0.452s] -- Installing: /home/rajpurkar/Rahul/UR5-BarAlign-RL-Isaac-sim/ur5_simulation/install/ur5_moveit_config/share/ur5_moveit_config/launch/static_virtual_joint_tfs.launch.py
[0.452s] -- Installing: /home/rajpurkar/Rahul/UR5-BarAlign-RL-Isaac-sim/ur5_simulation/install/ur5_moveit_config/share/ur5_moveit_config/launch/arm_diffusion_control.launch.py
[0.452s] -- Installing: /home/rajpurkar/Rahul/UR5-BarAlign-RL-Isaac-sim/ur5_simulation/install/ur5_moveit_config/share/ur5_moveit_config/launch/spawn_controllers.launch.py
[0.452s] -- Installing: /home/rajpurkar/Rahul/UR5-BarAlign-RL-Isaac-sim/ur5_simulation/install/ur5_moveit_config/share/ur5_moveit_config/launch/warehouse_db.launch.py
[0.453s] -- Installing: /home/rajpurkar/Rahul/UR5-BarAlign-RL-Isaac-sim/ur5_simulation/install/ur5_moveit_config/share/ur5_moveit_config/launch/demo.launch.py
[0.453s] -- Installing: /home/rajpurkar/Rahul/UR5-BarAlign-RL-Isaac-sim/ur5_simulation/install/ur5_moveit_config/share/ur5_moveit_config/launch/setup_assistant.launch.py
[0.453s] -- Installing: /home/rajpurkar/Rahul/UR5-BarAlign-RL-Isaac-sim/ur5_simulation/install/ur5_moveit_config/share/ur5_moveit_config/launch/move_group.launch.py
[0.453s] -- Installing: /home/rajpurkar/Rahul/UR5-BarAlign-RL-Isaac-sim/ur5_simulation/install/ur5_moveit_config/share/ur5_moveit_config/config
[0.453s] -- Installing: /home/rajpurkar/Rahul/UR5-BarAlign-RL-Isaac-sim/ur5_simulation/install/ur5_moveit_config/share/ur5_moveit_config/config/initial_positions.yaml
[0.453s] -- Installing: /home/rajpurkar/Rahul/UR5-BarAlign-RL-Isaac-sim/ur5_simulation/install/ur5_moveit_config/share/ur5_moveit_config/config/ur5_simulated_config.yaml
[0.453s] -- Installing: /home/rajpurkar/Rahul/UR5-BarAlign-RL-Isaac-sim/ur5_simulation/install/ur5_moveit_config/share/ur5_moveit_config/config/arm_joy_control_rviz_config.rviz
[0.453s] -- Installing: /home/rajpurkar/Rahul/UR5-BarAlign-RL-Isaac-sim/ur5_simulation/install/ur5_moveit_config/share/ur5_moveit_config/config/ros2_controllers.yaml
[0.453s] -- Installing: /home/rajpurkar/Rahul/UR5-BarAlign-RL-Isaac-sim/ur5_simulation/install/ur5_moveit_config/share/ur5_moveit_config/config/moveit_controllers.yaml
[0.453s] -- Installing: /home/rajpurkar/Rahul/UR5-BarAlign-RL-Isaac-sim/ur5_simulation/install/ur5_moveit_config/share/ur5_moveit_config/config/kinematics.yaml
[0.454s] -- Installing: /home/rajpurkar/Rahul/UR5-BarAlign-RL-Isaac-sim/ur5_simulation/install/ur5_moveit_config/share/ur5_moveit_config/config/ur5.srdf
[0.454s] -- Installing: /home/rajpurkar/Rahul/UR5-BarAlign-RL-Isaac-sim/ur5_simulation/install/ur5_moveit_config/share/ur5_moveit_config/config/ur5.urdf.xacro
[0.454s] -- Installing: /home/rajpurkar/Rahul/UR5-BarAlign-RL-Isaac-sim/ur5_simulation/install/ur5_moveit_config/share/ur5_moveit_config/config/pilz_cartesian_limits.yaml
[0.454s] -- Installing: /home/rajpurkar/Rahul/UR5-BarAlign-RL-Isaac-sim/ur5_simulation/install/ur5_moveit_config/share/ur5_moveit_config/config/joint_limits.yaml
[0.454s] -- Installing: /home/rajpurkar/Rahul/UR5-BarAlign-RL-Isaac-sim/ur5_simulation/install/ur5_moveit_config/share/ur5_moveit_config/config/ur5.ros2_control.xacro
[0.455s] -- Installing: /home/rajpurkar/Rahul/UR5-BarAlign-RL-Isaac-sim/ur5_simulation/install/ur5_moveit_config/share/ur5_moveit_config/config/moveit.rviz
[0.455s] -- Installing: /home/rajpurkar/Rahul/UR5-BarAlign-RL-Isaac-sim/ur5_simulation/install/ur5_moveit_config/share/ur5_moveit_config/.setup_assistant
[0.457s] Invoked command in '/home/rajpurkar/Rahul/UR5-BarAlign-RL-Isaac-sim/ur5_simulation/build/ur5_moveit_config' returned '0': AMENT_PREFIX_PATH=/home/rajpurkar/Rahul/UR5-BarAlign-RL-Isaac-sim/ur5_simulation/install/ur5_description:${AMENT_PREFIX_PATH} CMAKE_PREFIX_PATH=/home/rajpurkar/Rahul/UR5-BarAlign-RL-Isaac-sim/ur5_simulation/install/ur5_description:/opt/ros/humble /usr/bin/cmake --install /home/rajpurkar/Rahul/UR5-BarAlign-RL-Isaac-sim/ur5_simulation/build/ur5_moveit_config
