[0.030s] Invoking command in '/home/rajpurkar/Rahul/ur5_simulation/build/moveit_servo': CMAKE_PREFIX_PATH=${CMAKE_PREFIX_PATH}:/opt/ros/humble /usr/bin/cmake --build /home/rajpurkar/Rahul/ur5_simulation/build/moveit_servo -- -j16 -l16
[0.079s] [35m[1mConsolidate compiler generated dependencies of target gtest[0m
[0.079s] [35m[1mConsolidate compiler generated dependencies of target fake_command_publisher[0m
[0.080s] [35m[1mConsolidate compiler generated dependencies of target moveit_servo_lib_parameters[0m
[0.081s] [35m[1mConsolidate compiler generated dependencies of target servo_controller_input[0m
[0.083s] [35m[1mConsolidate compiler generated dependencies of target gtest_main[0m
[0.116s] [  6%] Built target gtest
[0.117s] [ 12%] Built target gtest_main
[0.117s] [ 18%] Built target fake_command_publisher
[0.130s] [ 24%] Built target servo_controller_input
[0.140s] [ 33%] Built target moveit_servo_lib_parameters
[0.157s] [35m[1mConsolidate compiler generated dependencies of target test_servo_collision[0m
[0.157s] [35m[1mConsolidate compiler generated dependencies of target test_servo_integration[0m
[0.164s] [35m[1mConsolidate compiler generated dependencies of target moveit_servo_lib[0m
[0.198s] [ 39%] Built target test_servo_integration
[0.211s] [ 45%] Built target test_servo_collision
[0.230s] [ 63%] Built target moveit_servo_lib
[0.255s] [35m[1mConsolidate compiler generated dependencies of target servo_node[0m
[0.255s] [35m[1mConsolidate compiler generated dependencies of target servo_calcs_unit_tests[0m
[0.255s] [35m[1mConsolidate compiler generated dependencies of target pose_tracking[0m
[0.292s] [ 75%] Built target servo_calcs_unit_tests
[0.293s] [ 75%] Built target pose_tracking
[0.294s] [ 81%] Built target servo_node
[0.313s] [35m[1mConsolidate compiler generated dependencies of target test_servo_pose_tracking[0m
[0.313s] [35m[1mConsolidate compiler generated dependencies of target servo_node_main[0m
[0.314s] [35m[1mConsolidate compiler generated dependencies of target servo_pose_tracking_demo[0m
[0.356s] [ 87%] Built target servo_node_main
[0.356s] [ 93%] Built target servo_pose_tracking_demo
[0.359s] [100%] Built target test_servo_pose_tracking
[0.371s] Invoked command in '/home/rajpurkar/Rahul/ur5_simulation/build/moveit_servo' returned '0': CMAKE_PREFIX_PATH=${CMAKE_PREFIX_PATH}:/opt/ros/humble /usr/bin/cmake --build /home/rajpurkar/Rahul/ur5_simulation/build/moveit_servo -- -j16 -l16
[0.373s] Invoking command in '/home/rajpurkar/Rahul/ur5_simulation/build/moveit_servo': CMAKE_PREFIX_PATH=${CMAKE_PREFIX_PATH}:/opt/ros/humble /usr/bin/cmake --install /home/rajpurkar/Rahul/ur5_simulation/build/moveit_servo
[0.381s] -- Install configuration: "Release"
[0.381s] -- Up-to-date: /home/rajpurkar/Rahul/ur5_simulation/install/moveit_servo/lib/libmoveit_servo_lib.so.2.5.7
[0.382s] -- Up-to-date: /home/rajpurkar/Rahul/ur5_simulation/install/moveit_servo/lib/libmoveit_servo_lib.so
[0.382s] -- Up-to-date: /home/rajpurkar/Rahul/ur5_simulation/install/moveit_servo/lib/libmoveit_servo_lib_parameters.so.2.5.7
[0.382s] -- Up-to-date: /home/rajpurkar/Rahul/ur5_simulation/install/moveit_servo/lib/libmoveit_servo_lib_parameters.so
[0.382s] -- Up-to-date: /home/rajpurkar/Rahul/ur5_simulation/install/moveit_servo/lib/libpose_tracking.so
[0.382s] -- Up-to-date: /home/rajpurkar/Rahul/ur5_simulation/install/moveit_servo/lib/libservo_node.so
[0.383s] -- Up-to-date: /home/rajpurkar/Rahul/ur5_simulation/install/moveit_servo/lib/libservo_controller_input.so
[0.383s] -- Up-to-date: /home/rajpurkar/Rahul/ur5_simulation/install/moveit_servo/lib/moveit_servo/servo_node_main
[0.383s] -- Up-to-date: /home/rajpurkar/Rahul/ur5_simulation/install/moveit_servo/lib/moveit_servo/servo_pose_tracking_demo
[0.384s] -- Up-to-date: /home/rajpurkar/Rahul/ur5_simulation/install/moveit_servo/lib/moveit_servo/fake_command_publisher
[0.384s] -- Up-to-date: /home/rajpurkar/Rahul/ur5_simulation/install/moveit_servo/include
[0.384s] -- Up-to-date: /home/rajpurkar/Rahul/ur5_simulation/install/moveit_servo/include/moveit_servo
[0.385s] -- Up-to-date: /home/rajpurkar/Rahul/ur5_simulation/install/moveit_servo/include/moveit_servo/parameter_descriptor_builder.hpp
[0.385s] -- Up-to-date: /home/rajpurkar/Rahul/ur5_simulation/install/moveit_servo/include/moveit_servo/collision_check.h
[0.385s] -- Up-to-date: /home/rajpurkar/Rahul/ur5_simulation/install/moveit_servo/include/moveit_servo/servo_calcs.h
[0.385s] -- Up-to-date: /home/rajpurkar/Rahul/ur5_simulation/install/moveit_servo/include/moveit_servo/utilities.h
[0.385s] -- Up-to-date: /home/rajpurkar/Rahul/ur5_simulation/install/moveit_servo/include/moveit_servo/pose_tracking.h
[0.385s] -- Up-to-date: /home/rajpurkar/Rahul/ur5_simulation/install/moveit_servo/include/moveit_servo/servo_parameters.h
[0.385s] -- Up-to-date: /home/rajpurkar/Rahul/ur5_simulation/install/moveit_servo/include/moveit_servo/servo_node.h
[0.385s] -- Up-to-date: /home/rajpurkar/Rahul/ur5_simulation/install/moveit_servo/include/moveit_servo/servo.h
[0.386s] -- Up-to-date: /home/rajpurkar/Rahul/ur5_simulation/install/moveit_servo/include/moveit_servo/servo_server.h
[0.386s] -- Up-to-date: /home/rajpurkar/Rahul/ur5_simulation/install/moveit_servo/include/moveit_servo/enforce_limits.hpp
[0.386s] -- Up-to-date: /home/rajpurkar/Rahul/ur5_simulation/install/moveit_servo/include/moveit_servo/status_codes.h
[0.386s] -- Up-to-date: /home/rajpurkar/Rahul/ur5_simulation/install/moveit_servo/include/moveit_servo/make_shared_from_pool.h
[0.386s] -- Up-to-date: /home/rajpurkar/Rahul/ur5_simulation/install/moveit_servo/share/moveit_servo/launch
[0.386s] -- Up-to-date: /home/rajpurkar/Rahul/ur5_simulation/install/moveit_servo/share/moveit_servo/launch/pose_tracking_example.launch.py
[0.386s] -- Up-to-date: /home/rajpurkar/Rahul/ur5_simulation/install/moveit_servo/share/moveit_servo/launch/servo_example.launch.py
[0.386s] -- Up-to-date: /home/rajpurkar/Rahul/ur5_simulation/install/moveit_servo/share/moveit_servo/config
[0.386s] -- Up-to-date: /home/rajpurkar/Rahul/ur5_simulation/install/moveit_servo/share/moveit_servo/config/demo_rviz_pose_tracking.rviz
[0.386s] -- Up-to-date: /home/rajpurkar/Rahul/ur5_simulation/install/moveit_servo/share/moveit_servo/config/panda_simulated_config_pose_tracking.yaml
[0.387s] -- Up-to-date: /home/rajpurkar/Rahul/ur5_simulation/install/moveit_servo/share/moveit_servo/config/panda_simulated_config.yaml
[0.387s] -- Up-to-date: /home/rajpurkar/Rahul/ur5_simulation/install/moveit_servo/share/moveit_servo/config/pose_tracking_settings.yaml
[0.387s] -- Up-to-date: /home/rajpurkar/Rahul/ur5_simulation/install/moveit_servo/share/moveit_servo/config/demo_rviz_config.rviz
[0.387s] -- Up-to-date: /home/rajpurkar/Rahul/ur5_simulation/install/moveit_servo/share/moveit_servo/environment/library_path.sh
[0.387s] -- Up-to-date: /home/rajpurkar/Rahul/ur5_simulation/install/moveit_servo/share/moveit_servo/environment/library_path.dsv
[0.388s] -- Up-to-date: /home/rajpurkar/Rahul/ur5_simulation/install/moveit_servo/share/ament_index/resource_index/package_run_dependencies/moveit_servo
[0.388s] -- Up-to-date: /home/rajpurkar/Rahul/ur5_simulation/install/moveit_servo/share/ament_index/resource_index/parent_prefix_path/moveit_servo
[0.388s] -- Up-to-date: /home/rajpurkar/Rahul/ur5_simulation/install/moveit_servo/share/moveit_servo/environment/ament_prefix_path.sh
[0.388s] -- Up-to-date: /home/rajpurkar/Rahul/ur5_simulation/install/moveit_servo/share/moveit_servo/environment/ament_prefix_path.dsv
[0.388s] -- Up-to-date: /home/rajpurkar/Rahul/ur5_simulation/install/moveit_servo/share/moveit_servo/environment/path.sh
[0.389s] -- Up-to-date: /home/rajpurkar/Rahul/ur5_simulation/install/moveit_servo/share/moveit_servo/environment/path.dsv
[0.389s] -- Up-to-date: /home/rajpurkar/Rahul/ur5_simulation/install/moveit_servo/share/moveit_servo/local_setup.bash
[0.389s] -- Up-to-date: /home/rajpurkar/Rahul/ur5_simulation/install/moveit_servo/share/moveit_servo/local_setup.sh
[0.389s] -- Up-to-date: /home/rajpurkar/Rahul/ur5_simulation/install/moveit_servo/share/moveit_servo/local_setup.zsh
[0.389s] -- Up-to-date: /home/rajpurkar/Rahul/ur5_simulation/install/moveit_servo/share/moveit_servo/local_setup.dsv
[0.389s] -- Installing: /home/rajpurkar/Rahul/ur5_simulation/install/moveit_servo/share/moveit_servo/package.dsv
[0.389s] -- Up-to-date: /home/rajpurkar/Rahul/ur5_simulation/install/moveit_servo/share/ament_index/resource_index/packages/moveit_servo
[0.389s] -- Up-to-date: /home/rajpurkar/Rahul/ur5_simulation/install/moveit_servo/share/ament_index/resource_index/rclcpp_components/moveit_servo
[0.389s] -- Up-to-date: /home/rajpurkar/Rahul/ur5_simulation/install/moveit_servo/share/moveit_servo/cmake/export_moveit_servoExport.cmake
[0.389s] -- Up-to-date: /home/rajpurkar/Rahul/ur5_simulation/install/moveit_servo/share/moveit_servo/cmake/export_moveit_servoExport-release.cmake
[0.389s] -- Up-to-date: /home/rajpurkar/Rahul/ur5_simulation/install/moveit_servo/share/moveit_servo/cmake/ament_cmake_export_targets-extras.cmake
[0.389s] -- Up-to-date: /home/rajpurkar/Rahul/ur5_simulation/install/moveit_servo/share/moveit_servo/cmake/ament_cmake_export_dependencies-extras.cmake
[0.390s] -- Up-to-date: /home/rajpurkar/Rahul/ur5_simulation/install/moveit_servo/share/moveit_servo/cmake/moveit_servoConfig.cmake
[0.390s] -- Up-to-date: /home/rajpurkar/Rahul/ur5_simulation/install/moveit_servo/share/moveit_servo/cmake/moveit_servoConfig-version.cmake
[0.393s] -- Up-to-date: /home/rajpurkar/Rahul/ur5_simulation/install/moveit_servo/share/moveit_servo/package.xml
[0.393s] Invoked command in '/home/rajpurkar/Rahul/ur5_simulation/build/moveit_servo' returned '0': CMAKE_PREFIX_PATH=${CMAKE_PREFIX_PATH}:/opt/ros/humble /usr/bin/cmake --install /home/rajpurkar/Rahul/ur5_simulation/build/moveit_servo
