[0.010s] Invoking command in '/home/rajpurkar/Rahul/ur5_simulation/build/moveit_servo': CMAKE_PREFIX_PATH=${CMAKE_PREFIX_PATH}:/opt/ros/humble PS1=(isaac) \[\e]0;\u@\h: \w\a\]${debian_chroot:+($debian_chroot)}\[\033[01;32m\]\u@\h\[\033[00m\]:\[\033[01;34m\]\w\[\033[00m\]\$ /usr/bin/cmake --build /home/rajpurkar/Rahul/ur5_simulation/build/moveit_servo -- -j16 -l16
[0.052s] [  6%] Built target gtest
[0.052s] [ 12%] Built target gtest_main
[0.052s] [ 18%] Built target fake_command_publisher
[0.052s] [ 24%] Built target servo_controller_input
[0.058s] [ 33%] Built target moveit_servo_lib_parameters
[0.085s] [ 39%] Built target test_servo_collision
[0.086s] [ 45%] Built target test_servo_integration
[0.095s] [ 63%] Built target moveit_servo_lib
[0.121s] [ 78%] Built target pose_tracking
[0.122s] [ 78%] Built target servo_node
[0.122s] [ 81%] Built target servo_calcs_unit_tests
[0.147s] [ 93%] Built target servo_pose_tracking_demo
[0.147s] [ 93%] Built target test_servo_pose_tracking
[0.171s] [100%] Built target servo_node_main
[0.179s] Invoked command in '/home/rajpurkar/Rahul/ur5_simulation/build/moveit_servo' returned '0': CMAKE_PREFIX_PATH=${CMAKE_PREFIX_PATH}:/opt/ros/humble PS1=(isaac) \[\e]0;\u@\h: \w\a\]${debian_chroot:+($debian_chroot)}\[\033[01;32m\]\u@\h\[\033[00m\]:\[\033[01;34m\]\w\[\033[00m\]\$ /usr/bin/cmake --build /home/rajpurkar/Rahul/ur5_simulation/build/moveit_servo -- -j16 -l16
[0.180s] Invoking command in '/home/rajpurkar/Rahul/ur5_simulation/build/moveit_servo': CMAKE_PREFIX_PATH=${CMAKE_PREFIX_PATH}:/opt/ros/humble PS1=(isaac) \[\e]0;\u@\h: \w\a\]${debian_chroot:+($debian_chroot)}\[\033[01;32m\]\u@\h\[\033[00m\]:\[\033[01;34m\]\w\[\033[00m\]\$ /usr/bin/cmake --install /home/rajpurkar/Rahul/ur5_simulation/build/moveit_servo
[0.185s] -- Install configuration: "Release"
[0.185s] -- Up-to-date: /home/rajpurkar/Rahul/ur5_simulation/install/moveit_servo/lib/libmoveit_servo_lib.so.2.5.7
[0.185s] -- Up-to-date: /home/rajpurkar/Rahul/ur5_simulation/install/moveit_servo/lib/libmoveit_servo_lib.so
[0.185s] -- Up-to-date: /home/rajpurkar/Rahul/ur5_simulation/install/moveit_servo/lib/libmoveit_servo_lib_parameters.so.2.5.7
[0.185s] -- Up-to-date: /home/rajpurkar/Rahul/ur5_simulation/install/moveit_servo/lib/libmoveit_servo_lib_parameters.so
[0.185s] -- Up-to-date: /home/rajpurkar/Rahul/ur5_simulation/install/moveit_servo/lib/libpose_tracking.so
[0.186s] -- Up-to-date: /home/rajpurkar/Rahul/ur5_simulation/install/moveit_servo/lib/libservo_node.so
[0.186s] -- Up-to-date: /home/rajpurkar/Rahul/ur5_simulation/install/moveit_servo/lib/libservo_controller_input.so
[0.186s] -- Up-to-date: /home/rajpurkar/Rahul/ur5_simulation/install/moveit_servo/lib/moveit_servo/servo_node_main
[0.186s] -- Up-to-date: /home/rajpurkar/Rahul/ur5_simulation/install/moveit_servo/lib/moveit_servo/servo_pose_tracking_demo
[0.186s] -- Up-to-date: /home/rajpurkar/Rahul/ur5_simulation/install/moveit_servo/lib/moveit_servo/fake_command_publisher
[0.186s] -- Up-to-date: /home/rajpurkar/Rahul/ur5_simulation/install/moveit_servo/include
[0.187s] -- Up-to-date: /home/rajpurkar/Rahul/ur5_simulation/install/moveit_servo/include/moveit_servo
[0.187s] -- Up-to-date: /home/rajpurkar/Rahul/ur5_simulation/install/moveit_servo/include/moveit_servo/parameter_descriptor_builder.hpp
[0.187s] -- Up-to-date: /home/rajpurkar/Rahul/ur5_simulation/install/moveit_servo/include/moveit_servo/collision_check.h
[0.187s] -- Up-to-date: /home/rajpurkar/Rahul/ur5_simulation/install/moveit_servo/include/moveit_servo/servo_calcs.h
[0.187s] -- Up-to-date: /home/rajpurkar/Rahul/ur5_simulation/install/moveit_servo/include/moveit_servo/utilities.h
[0.187s] -- Up-to-date: /home/rajpurkar/Rahul/ur5_simulation/install/moveit_servo/include/moveit_servo/pose_tracking.h
[0.187s] -- Up-to-date: /home/rajpurkar/Rahul/ur5_simulation/install/moveit_servo/include/moveit_servo/servo_parameters.h
[0.187s] -- Up-to-date: /home/rajpurkar/Rahul/ur5_simulation/install/moveit_servo/include/moveit_servo/servo_node.h
[0.187s] -- Up-to-date: /home/rajpurkar/Rahul/ur5_simulation/install/moveit_servo/include/moveit_servo/servo.h
[0.187s] -- Up-to-date: /home/rajpurkar/Rahul/ur5_simulation/install/moveit_servo/include/moveit_servo/servo_server.h
[0.187s] -- Up-to-date: /home/rajpurkar/Rahul/ur5_simulation/install/moveit_servo/include/moveit_servo/enforce_limits.hpp
[0.187s] -- Up-to-date: /home/rajpurkar/Rahul/ur5_simulation/install/moveit_servo/include/moveit_servo/status_codes.h
[0.187s] -- Up-to-date: /home/rajpurkar/Rahul/ur5_simulation/install/moveit_servo/include/moveit_servo/make_shared_from_pool.h
[0.187s] -- Up-to-date: /home/rajpurkar/Rahul/ur5_simulation/install/moveit_servo/share/moveit_servo/launch
[0.187s] -- Up-to-date: /home/rajpurkar/Rahul/ur5_simulation/install/moveit_servo/share/moveit_servo/launch/pose_tracking_example.launch.py
[0.187s] -- Up-to-date: /home/rajpurkar/Rahul/ur5_simulation/install/moveit_servo/share/moveit_servo/launch/servo_example.launch.py
[0.187s] -- Up-to-date: /home/rajpurkar/Rahul/ur5_simulation/install/moveit_servo/share/moveit_servo/config
[0.188s] -- Up-to-date: /home/rajpurkar/Rahul/ur5_simulation/install/moveit_servo/share/moveit_servo/config/demo_rviz_pose_tracking.rviz
[0.188s] -- Up-to-date: /home/rajpurkar/Rahul/ur5_simulation/install/moveit_servo/share/moveit_servo/config/panda_simulated_config_pose_tracking.yaml
[0.188s] -- Up-to-date: /home/rajpurkar/Rahul/ur5_simulation/install/moveit_servo/share/moveit_servo/config/panda_simulated_config.yaml
[0.188s] -- Up-to-date: /home/rajpurkar/Rahul/ur5_simulation/install/moveit_servo/share/moveit_servo/config/pose_tracking_settings.yaml
[0.188s] -- Up-to-date: /home/rajpurkar/Rahul/ur5_simulation/install/moveit_servo/share/moveit_servo/config/demo_rviz_config.rviz
[0.188s] -- Up-to-date: /home/rajpurkar/Rahul/ur5_simulation/install/moveit_servo/share/moveit_servo/environment/library_path.sh
[0.188s] -- Up-to-date: /home/rajpurkar/Rahul/ur5_simulation/install/moveit_servo/share/moveit_servo/environment/library_path.dsv
[0.188s] -- Up-to-date: /home/rajpurkar/Rahul/ur5_simulation/install/moveit_servo/share/ament_index/resource_index/package_run_dependencies/moveit_servo
[0.188s] -- Up-to-date: /home/rajpurkar/Rahul/ur5_simulation/install/moveit_servo/share/ament_index/resource_index/parent_prefix_path/moveit_servo
[0.188s] -- Up-to-date: /home/rajpurkar/Rahul/ur5_simulation/install/moveit_servo/share/moveit_servo/environment/ament_prefix_path.sh
[0.188s] -- Up-to-date: /home/rajpurkar/Rahul/ur5_simulation/install/moveit_servo/share/moveit_servo/environment/ament_prefix_path.dsv
[0.188s] -- Up-to-date: /home/rajpurkar/Rahul/ur5_simulation/install/moveit_servo/share/moveit_servo/environment/path.sh
[0.188s] -- Up-to-date: /home/rajpurkar/Rahul/ur5_simulation/install/moveit_servo/share/moveit_servo/environment/path.dsv
[0.188s] -- Up-to-date: /home/rajpurkar/Rahul/ur5_simulation/install/moveit_servo/share/moveit_servo/local_setup.bash
[0.188s] -- Up-to-date: /home/rajpurkar/Rahul/ur5_simulation/install/moveit_servo/share/moveit_servo/local_setup.sh
[0.188s] -- Up-to-date: /home/rajpurkar/Rahul/ur5_simulation/install/moveit_servo/share/moveit_servo/local_setup.zsh
[0.188s] -- Up-to-date: /home/rajpurkar/Rahul/ur5_simulation/install/moveit_servo/share/moveit_servo/local_setup.dsv
[0.188s] -- Installing: /home/rajpurkar/Rahul/ur5_simulation/install/moveit_servo/share/moveit_servo/package.dsv
[0.188s] -- Up-to-date: /home/rajpurkar/Rahul/ur5_simulation/install/moveit_servo/share/ament_index/resource_index/packages/moveit_servo
[0.188s] -- Up-to-date: /home/rajpurkar/Rahul/ur5_simulation/install/moveit_servo/share/ament_index/resource_index/rclcpp_components/moveit_servo
[0.189s] -- Up-to-date: /home/rajpurkar/Rahul/ur5_simulation/install/moveit_servo/share/moveit_servo/cmake/export_moveit_servoExport.cmake
[0.189s] -- Up-to-date: /home/rajpurkar/Rahul/ur5_simulation/install/moveit_servo/share/moveit_servo/cmake/export_moveit_servoExport-release.cmake
[0.189s] -- Up-to-date: /home/rajpurkar/Rahul/ur5_simulation/install/moveit_servo/share/moveit_servo/cmake/ament_cmake_export_targets-extras.cmake
[0.189s] -- Up-to-date: /home/rajpurkar/Rahul/ur5_simulation/install/moveit_servo/share/moveit_servo/cmake/ament_cmake_export_dependencies-extras.cmake
[0.189s] -- Up-to-date: /home/rajpurkar/Rahul/ur5_simulation/install/moveit_servo/share/moveit_servo/cmake/moveit_servoConfig.cmake
[0.189s] -- Up-to-date: /home/rajpurkar/Rahul/ur5_simulation/install/moveit_servo/share/moveit_servo/cmake/moveit_servoConfig-version.cmake
[0.189s] -- Up-to-date: /home/rajpurkar/Rahul/ur5_simulation/install/moveit_servo/share/moveit_servo/package.xml
[0.190s] Invoked command in '/home/rajpurkar/Rahul/ur5_simulation/build/moveit_servo' returned '0': CMAKE_PREFIX_PATH=${CMAKE_PREFIX_PATH}:/opt/ros/humble PS1=(isaac) \[\e]0;\u@\h: \w\a\]${debian_chroot:+($debian_chroot)}\[\033[01;32m\]\u@\h\[\033[00m\]:\[\033[01;34m\]\w\[\033[00m\]\$ /usr/bin/cmake --install /home/rajpurkar/Rahul/ur5_simulation/build/moveit_servo
